{
  "stats": {
    "suites": 13,
    "tests": 34,
    "passes": 34,
    "pending": 0,
    "failures": 0,
    "start": "2022-07-21T16:37:20.759Z",
    "end": "2022-07-21T16:37:45.056Z",
    "duration": 24297,
    "testsRegistered": 34,
    "passPercent": 100,
    "pendingPercent": 0,
    "other": 0,
    "hasOther": false,
    "skipped": 0,
    "hasSkipped": false
  },
  "results": [
    {
      "uuid": "d574c9e5-5bf3-45ca-a316-6055221abc64",
      "title": "",
      "fullFile": "cypress/integration/24-36-recipe_detail_spec.js",
      "file": "cypress/integration/24-36-recipe_detail_spec.js",
      "beforeHooks": [],
      "afterHooks": [],
      "tests": [],
      "suites": [
        {
          "uuid": "03721938-ed81-4bc6-b1cb-a71a0291b953",
          "title": "24 - Realize uma request para a API passando o `id` da receita que deve estar disponível nos parâmetros da URL",
          "fullFile": "",
          "file": "",
          "beforeHooks": [],
          "afterHooks": [],
          "tests": [
            {
              "title": "Verifica se a requisição para a API de comidas foi realizada",
              "fullTitle": "24 - Realize uma request para a API passando o `id` da receita que deve estar disponível nos parâmetros da URL Verifica se a requisição para a API de comidas foi realizada",
              "timedOut": null,
              "duration": 888,
              "state": "passed",
              "speed": "fast",
              "pass": true,
              "fail": false,
              "pending": false,
              "context": null,
              "code": "cy.visit('http://localhost:3000/foods/52771', {\n  onBeforeLoad(win) {\n    cy.spy(win, 'fetch');\n  }\n});\ncy.window().its('fetch').should('be.calledWith', 'https://www.themealdb.com/api/json/v1/1/lookup.php?i=52771');",
              "err": {},
              "uuid": "09767172-aa4e-4337-a7ed-3880781e71d2",
              "parentUUID": "03721938-ed81-4bc6-b1cb-a71a0291b953",
              "isHook": false,
              "skipped": false
            },
            {
              "title": "Verifica se a requisição para a API de bebidas foi realizada",
              "fullTitle": "24 - Realize uma request para a API passando o `id` da receita que deve estar disponível nos parâmetros da URL Verifica se a requisição para a API de bebidas foi realizada",
              "timedOut": null,
              "duration": 136,
              "state": "passed",
              "speed": "fast",
              "pass": true,
              "fail": false,
              "pending": false,
              "context": null,
              "code": "cy.visit('http://localhost:3000/drinks/178319', {\n  onBeforeLoad(win) {\n    cy.spy(win, 'fetch');\n  }\n});\ncy.window().its('fetch').should('be.calledWith', 'https://www.thecocktaildb.com/api/json/v1/1/lookup.php?i=178319');",
              "err": {},
              "uuid": "8614bd88-b1d5-4905-a337-6cfe47b75253",
              "parentUUID": "03721938-ed81-4bc6-b1cb-a71a0291b953",
              "isHook": false,
              "skipped": false
            }
          ],
          "suites": [],
          "passes": [
            "09767172-aa4e-4337-a7ed-3880781e71d2",
            "8614bd88-b1d5-4905-a337-6cfe47b75253"
          ],
          "failures": [],
          "pending": [],
          "skipped": [],
          "duration": 1024,
          "root": false,
          "rootEmpty": false,
          "_timeout": 2000
        },
        {
          "uuid": "d6044f52-121c-4467-8a1f-7bd5e38b57af",
          "title": "25 - Desenvolva a tela de modo que contenha uma imagem da receita, o título, a categoria em caso de comidas e se é ou não alcoólico em caso de bebidas, uma lista de ingredientes seguidos pelas quantidades, instruções, um vídeo do youtube \"embedado\" e recomendações",
          "fullFile": "",
          "file": "",
          "beforeHooks": [],
          "afterHooks": [],
          "tests": [
            {
              "title": "Verifica se os elementos descritos no protótipo existem na tela de detalhes de comida",
              "fullTitle": "25 - Desenvolva a tela de modo que contenha uma imagem da receita, o título, a categoria em caso de comidas e se é ou não alcoólico em caso de bebidas, uma lista de ingredientes seguidos pelas quantidades, instruções, um vídeo do youtube \"embedado\" e recomendações Verifica se os elementos descritos no protótipo existem na tela de detalhes de comida",
              "timedOut": null,
              "duration": 3640,
              "state": "passed",
              "speed": "fast",
              "pass": true,
              "fail": false,
              "pending": false,
              "context": null,
              "code": "cy.visit('http://localhost:3000/foods/52771', {\n  onBeforeLoad(win) {\n    win.fetch = fetchMock;\n  }\n});\ncy.get('[data-testid=\"recipe-photo\"]').should('have.prop', 'tagName').should('eq', 'IMG');\ncy.get('[data-testid=\"recipe-title\"]').contains('Spicy Arrabiata Penne');\ncy.get('[data-testid=\"recipe-category\"]').contains('Vegetarian');\ncy.get('[data-testid=\"0-ingredient-name-and-measure\"]').contains('penne rigate');\ncy.get('[data-testid=\"0-ingredient-name-and-measure\"]').contains('1 pound');\ncy.get('[data-testid=\"1-ingredient-name-and-measure\"]').contains('olive oil');\ncy.get('[data-testid=\"1-ingredient-name-and-measure\"]').contains('1/4 cup');\ncy.get('[data-testid=\"2-ingredient-name-and-measure\"]').contains('garlic');\ncy.get('[data-testid=\"2-ingredient-name-and-measure\"]').contains('3 cloves');\ncy.get('[data-testid=\"3-ingredient-name-and-measure\"]').contains('chopped tomatoes');\ncy.get('[data-testid=\"3-ingredient-name-and-measure\"]').contains('1 tin');\ncy.get('[data-testid=\"4-ingredient-name-and-measure\"]').contains('red chile flakes');\ncy.get('[data-testid=\"4-ingredient-name-and-measure\"]').contains('1/2 teaspoon');\ncy.get('[data-testid=\"5-ingredient-name-and-measure\"]').contains('italian seasoning');\ncy.get('[data-testid=\"5-ingredient-name-and-measure\"]').contains('1/2 teaspoon');\ncy.get('[data-testid=\"6-ingredient-name-and-measure\"]').contains('basil');\ncy.get('[data-testid=\"6-ingredient-name-and-measure\"]').contains('6 leaves');\ncy.get('[data-testid=\"7-ingredient-name-and-measure\"]').contains('Parmigiano-Reggiano');\ncy.get('[data-testid=\"7-ingredient-name-and-measure\"]').contains('spinkling');\ncy.get('[data-testid=\"instructions\"]').contains(oneMeal.meals[0].strInstructions);\ncy.get('[data-testid=\"video\"]').should('exist');\ncy.get('[data-testid*=\"recomendation-card\"]').should('exist');",
              "err": {},
              "uuid": "e7da0f8f-fd1d-4800-9ced-1a17b4058f8b",
              "parentUUID": "d6044f52-121c-4467-8a1f-7bd5e38b57af",
              "isHook": false,
              "skipped": false
            },
            {
              "title": "A tela de comida possui todos os atributos data-testid",
              "fullTitle": "25 - Desenvolva a tela de modo que contenha uma imagem da receita, o título, a categoria em caso de comidas e se é ou não alcoólico em caso de bebidas, uma lista de ingredientes seguidos pelas quantidades, instruções, um vídeo do youtube \"embedado\" e recomendações A tela de comida possui todos os atributos data-testid",
              "timedOut": null,
              "duration": 719,
              "state": "passed",
              "speed": "fast",
              "pass": true,
              "fail": false,
              "pending": false,
              "context": null,
              "code": "cy.visit('http://localhost:3000/foods/52771', {\n  onBeforeLoad(win) {\n    win.fetch = fetchMock;\n  }\n});\ncy.get('[data-testid=\"recipe-photo\"]');\ncy.get('[data-testid=\"recipe-title\"]');\ncy.get('[data-testid=\"recipe-category\"]');\ncy.get('[data-testid=\"0-ingredient-name-and-measure\"]');\ncy.get('[data-testid=\"instructions\"]');\ncy.get('[data-testid=\"video\"]');\ncy.get('[data-testid=\"0-recomendation-card\"]');",
              "err": {},
              "uuid": "48cfa551-2da6-4493-a572-49952dea7bd8",
              "parentUUID": "d6044f52-121c-4467-8a1f-7bd5e38b57af",
              "isHook": false,
              "skipped": false
            },
            {
              "title": "Verifica se os elementos descritos no protótipo existem na tela de detalhes de bebida",
              "fullTitle": "25 - Desenvolva a tela de modo que contenha uma imagem da receita, o título, a categoria em caso de comidas e se é ou não alcoólico em caso de bebidas, uma lista de ingredientes seguidos pelas quantidades, instruções, um vídeo do youtube \"embedado\" e recomendações Verifica se os elementos descritos no protótipo existem na tela de detalhes de bebida",
              "timedOut": null,
              "duration": 1084,
              "state": "passed",
              "speed": "fast",
              "pass": true,
              "fail": false,
              "pending": false,
              "context": null,
              "code": "cy.visit('http://localhost:3000/drinks/178319', {\n  onBeforeLoad(win) {\n    win.fetch = fetchMock;\n  }\n});\ncy.get('[data-testid=\"recipe-photo\"]').should('have.prop', 'tagName').should('eq', 'IMG');\ncy.get('[data-testid=\"recipe-title\"]').contains('Aquamarine');\ncy.get('[data-testid=\"recipe-category\"]').contains('Alcoholic');\ncy.get('[data-testid=\"0-ingredient-name-and-measure\"]').contains('Hpnotiq');\ncy.get('[data-testid=\"0-ingredient-name-and-measure\"]').contains('2 oz');\ncy.get('[data-testid=\"1-ingredient-name-and-measure\"]').contains('Pineapple Juice');\ncy.get('[data-testid=\"1-ingredient-name-and-measure\"]').contains('1 oz');\ncy.get('[data-testid=\"2-ingredient-name-and-measure\"]').contains('Banana Liqueur');\ncy.get('[data-testid=\"2-ingredient-name-and-measure\"]').contains('1 oz');\ncy.get('[data-testid=\"instructions\"]').contains(oneDrink.drinks[0].strInstructions);\ncy.get('[data-testid*=\"recomendation-card\"]').should('exist');",
              "err": {},
              "uuid": "88db455c-5e41-4e9c-9275-a2f0c4e1ad9f",
              "parentUUID": "d6044f52-121c-4467-8a1f-7bd5e38b57af",
              "isHook": false,
              "skipped": false
            },
            {
              "title": "A tela de bebidas possui todos os atributos data-testid",
              "fullTitle": "25 - Desenvolva a tela de modo que contenha uma imagem da receita, o título, a categoria em caso de comidas e se é ou não alcoólico em caso de bebidas, uma lista de ingredientes seguidos pelas quantidades, instruções, um vídeo do youtube \"embedado\" e recomendações A tela de bebidas possui todos os atributos data-testid",
              "timedOut": null,
              "duration": 131,
              "state": "passed",
              "speed": "fast",
              "pass": true,
              "fail": false,
              "pending": false,
              "context": null,
              "code": "cy.visit('http://localhost:3000/drinks/178319', {\n  onBeforeLoad(win) {\n    win.fetch = fetchMock;\n  }\n});\ncy.get('[data-testid=\"recipe-photo\"]');\ncy.get('[data-testid=\"recipe-title\"]');\ncy.get('[data-testid=\"recipe-category\"]');\ncy.get('[data-testid=\"0-ingredient-name-and-measure\"]');\ncy.get('[data-testid=\"instructions\"]');\ncy.get('[data-testid=\"0-recomendation-card\"]');",
              "err": {},
              "uuid": "3eb188e5-ff7c-4f14-86f8-ca28392b61a3",
              "parentUUID": "d6044f52-121c-4467-8a1f-7bd5e38b57af",
              "isHook": false,
              "skipped": false
            }
          ],
          "suites": [],
          "passes": [
            "e7da0f8f-fd1d-4800-9ced-1a17b4058f8b",
            "48cfa551-2da6-4493-a572-49952dea7bd8",
            "88db455c-5e41-4e9c-9275-a2f0c4e1ad9f",
            "3eb188e5-ff7c-4f14-86f8-ca28392b61a3"
          ],
          "failures": [],
          "pending": [],
          "skipped": [],
          "duration": 5574,
          "root": false,
          "rootEmpty": false,
          "_timeout": 2000
        },
        {
          "uuid": "7299443c-ea30-485e-b9bf-96ecf5a38968",
          "title": "26 - Implemente as recomendações. Para receitas de comida, a recomendação deverá ser bebida, já para as receitas de bebida a recomendação deverá ser comida",
          "fullFile": "",
          "file": "",
          "beforeHooks": [],
          "afterHooks": [],
          "tests": [
            {
              "title": "Verifica se a requisição para a API de bebidas foi realizada",
              "fullTitle": "26 - Implemente as recomendações. Para receitas de comida, a recomendação deverá ser bebida, já para as receitas de bebida a recomendação deverá ser comida Verifica se a requisição para a API de bebidas foi realizada",
              "timedOut": null,
              "duration": 919,
              "state": "passed",
              "speed": "fast",
              "pass": true,
              "fail": false,
              "pending": false,
              "context": null,
              "code": "cy.visit('http://localhost:3000/foods/52771', {\n  onBeforeLoad(win) {\n    cy.spy(win, 'fetch');\n  }\n});\ncy.window().its('fetch').should('be.calledWith', 'https://www.thecocktaildb.com/api/json/v1/1/search.php?s=');",
              "err": {},
              "uuid": "4f16cdfb-a174-455a-bccc-c87084c23a04",
              "parentUUID": "7299443c-ea30-485e-b9bf-96ecf5a38968",
              "isHook": false,
              "skipped": false
            },
            {
              "title": "Verifica se a requisição para a API de comidas foi realizada",
              "fullTitle": "26 - Implemente as recomendações. Para receitas de comida, a recomendação deverá ser bebida, já para as receitas de bebida a recomendação deverá ser comida Verifica se a requisição para a API de comidas foi realizada",
              "timedOut": null,
              "duration": 141,
              "state": "passed",
              "speed": "fast",
              "pass": true,
              "fail": false,
              "pending": false,
              "context": null,
              "code": "cy.visit('http://localhost:3000/drinks/178319', {\n  onBeforeLoad(win) {\n    cy.spy(win, 'fetch');\n  }\n});\ncy.window().its('fetch').should('be.calledWith', 'https://www.themealdb.com/api/json/v1/1/search.php?s=');",
              "err": {},
              "uuid": "d4205f53-7729-459f-a4e1-66508f27494d",
              "parentUUID": "7299443c-ea30-485e-b9bf-96ecf5a38968",
              "isHook": false,
              "skipped": false
            }
          ],
          "suites": [],
          "passes": [
            "4f16cdfb-a174-455a-bccc-c87084c23a04",
            "d4205f53-7729-459f-a4e1-66508f27494d"
          ],
          "failures": [],
          "pending": [],
          "skipped": [],
          "duration": 1060,
          "root": false,
          "rootEmpty": false,
          "_timeout": 2000
        },
        {
          "uuid": "a968207a-161c-49a8-8bb3-aa0cfb3c10ac",
          "title": "27 - Implemente os 6 cards de recomendação, mostrando apenas 2. O scroll é horizontal, similar a um `carousel`",
          "fullFile": "",
          "file": "",
          "beforeHooks": [],
          "afterHooks": [],
          "tests": [
            {
              "title": "Verifica se existem todas as recomendações na tela de detalhes de uma comida",
              "fullTitle": "27 - Implemente os 6 cards de recomendação, mostrando apenas 2. O scroll é horizontal, similar a um `carousel` Verifica se existem todas as recomendações na tela de detalhes de uma comida",
              "timedOut": null,
              "duration": 1578,
              "state": "passed",
              "speed": "fast",
              "pass": true,
              "fail": false,
              "pending": false,
              "context": null,
              "code": "cy.visit('http://localhost:3000/foods/52771', {\n  onBeforeLoad(win) {\n    win.fetch = fetchMock;\n  }\n});\ncy.get('[data-testid*=\"recomendation-card\"]').should('have.length', 6);\ncy.get('[data-testid=\"0-recomendation-card\"]').should('exist').and('be.visible');\ncy.get('[data-testid=\"0-recomendation-title\"]').contains('GG');\ncy.get('[data-testid=\"1-recomendation-card\"]').should('exist').and('be.visible');\ncy.get('[data-testid=\"1-recomendation-title\"]').contains('A1');\ncy.get('[data-testid=\"2-recomendation-card\"]').should('exist').and('not.be.visible');\ncy.get('[data-testid=\"2-recomendation-title\"]').contains('ABC');\ncy.get('[data-testid=\"3-recomendation-card\"]').should('exist').and('not.be.visible');\ncy.get('[data-testid=\"3-recomendation-title\"]').contains('Kir');\ncy.get('[data-testid=\"4-recomendation-card\"]').should('exist').and('not.be.visible');\ncy.get('[data-testid=\"4-recomendation-title\"]').contains('747');\ncy.get('[data-testid=\"5-recomendation-card\"]').should('exist').and('not.be.visible');\ncy.get('[data-testid=\"5-recomendation-title\"]').contains('252');",
              "err": {},
              "uuid": "5c48a755-21a4-4534-a4c6-7e76bf95134a",
              "parentUUID": "a968207a-161c-49a8-8bb3-aa0cfb3c10ac",
              "isHook": false,
              "skipped": false
            },
            {
              "title": "Verifica se existem todas as recomendações na tela de detalhes de uma bebida",
              "fullTitle": "27 - Implemente os 6 cards de recomendação, mostrando apenas 2. O scroll é horizontal, similar a um `carousel` Verifica se existem todas as recomendações na tela de detalhes de uma bebida",
              "timedOut": null,
              "duration": 207,
              "state": "passed",
              "speed": "fast",
              "pass": true,
              "fail": false,
              "pending": false,
              "context": null,
              "code": "cy.visit('http://localhost:3000/drinks/178319', {\n  onBeforeLoad(win) {\n    win.fetch = fetchMock;\n  }\n});\ncy.get('[data-testid*=\"recomendation-card\"]').should('have.length', 6);\ncy.get('[data-testid=\"0-recomendation-card\"]').should('exist').and('be.visible');\ncy.get('[data-testid=\"0-recomendation-title\"]').contains('Corba');\ncy.get('[data-testid=\"1-recomendation-card\"]').should('exist').and('be.visible');\ncy.get('[data-testid=\"1-recomendation-title\"]').contains('Kumpir');\ncy.get('[data-testid=\"2-recomendation-card\"]').should('exist').and('not.be.visible');\ncy.get('[data-testid=\"2-recomendation-title\"]').contains('Dal fry');\ncy.get('[data-testid=\"3-recomendation-card\"]').should('exist').and('not.be.visible');\ncy.get('[data-testid=\"3-recomendation-title\"]').contains('Poutine');\ncy.get('[data-testid=\"4-recomendation-card\"]').should('exist').and('not.be.visible');\ncy.get('[data-testid=\"4-recomendation-title\"]').contains('Lasagne');\ncy.get('[data-testid=\"5-recomendation-card\"]').should('exist').and('not.be.visible');\ncy.get('[data-testid=\"5-recomendation-title\"]').contains('Timbits');",
              "err": {},
              "uuid": "39d486f7-7774-4467-a8d0-afd2e95bee99",
              "parentUUID": "a968207a-161c-49a8-8bb3-aa0cfb3c10ac",
              "isHook": false,
              "skipped": false
            }
          ],
          "suites": [],
          "passes": [
            "5c48a755-21a4-4534-a4c6-7e76bf95134a",
            "39d486f7-7774-4467-a8d0-afd2e95bee99"
          ],
          "failures": [],
          "pending": [],
          "skipped": [],
          "duration": 1785,
          "root": false,
          "rootEmpty": false,
          "_timeout": 2000
        },
        {
          "uuid": "cbff667e-ac23-4b0b-b066-9a8f5e43a3a7",
          "title": "28 - Desenvolva um botão de nome \"Start Recipe\" que deve ficar fixo na parte de baixo da tela o tempo todo",
          "fullFile": "",
          "file": "",
          "beforeHooks": [],
          "afterHooks": [],
          "tests": [
            {
              "title": "Verifica posicionamento do botão na tela de detalhes de comida",
              "fullTitle": "28 - Desenvolva um botão de nome \"Start Recipe\" que deve ficar fixo na parte de baixo da tela o tempo todo Verifica posicionamento do botão na tela de detalhes de comida",
              "timedOut": null,
              "duration": 665,
              "state": "passed",
              "speed": "fast",
              "pass": true,
              "fail": false,
              "pending": false,
              "context": null,
              "code": "cy.visit('http://localhost:3000/foods/52771', {\n  onBeforeLoad(win) {\n    win.fetch = fetchMock;\n  }\n});\ncy.get('[data-testid=\"start-recipe-btn\"]').should('have.css', 'position', 'fixed').and('have.css', 'bottom', '0px');",
              "err": {},
              "uuid": "9f5f5cc5-9518-4593-a61c-94824919c7e0",
              "parentUUID": "cbff667e-ac23-4b0b-b066-9a8f5e43a3a7",
              "isHook": false,
              "skipped": false
            },
            {
              "title": "Verifica posicionamento do botão na tela de detalhes de bebida",
              "fullTitle": "28 - Desenvolva um botão de nome \"Start Recipe\" que deve ficar fixo na parte de baixo da tela o tempo todo Verifica posicionamento do botão na tela de detalhes de bebida",
              "timedOut": null,
              "duration": 180,
              "state": "passed",
              "speed": "fast",
              "pass": true,
              "fail": false,
              "pending": false,
              "context": null,
              "code": "cy.visit('http://localhost:3000/drinks/178319', {\n  onBeforeLoad(win) {\n    win.fetch = fetchMock;\n  }\n});\ncy.get('[data-testid=\"start-recipe-btn\"]').should('have.css', 'position', 'fixed').and('have.css', 'bottom', '0px');",
              "err": {},
              "uuid": "fb21f0bc-b93a-4e28-8d5f-89e4e662d1c5",
              "parentUUID": "cbff667e-ac23-4b0b-b066-9a8f5e43a3a7",
              "isHook": false,
              "skipped": false
            }
          ],
          "suites": [],
          "passes": [
            "9f5f5cc5-9518-4593-a61c-94824919c7e0",
            "fb21f0bc-b93a-4e28-8d5f-89e4e662d1c5"
          ],
          "failures": [],
          "pending": [],
          "skipped": [],
          "duration": 845,
          "root": false,
          "rootEmpty": false,
          "_timeout": 2000
        },
        {
          "uuid": "d38a6761-6df8-4a79-8521-c67fbd81480a",
          "title": "29 - Implemente a solução de forma que, caso a receita já tenha sido feita, o botão \"Start Recipe\" desapareça",
          "fullFile": "",
          "file": "",
          "beforeHooks": [],
          "afterHooks": [],
          "tests": [
            {
              "title": "Verifica se botão de iniciar receita não é visível na tela de detalhes de uma comida",
              "fullTitle": "29 - Implemente a solução de forma que, caso a receita já tenha sido feita, o botão \"Start Recipe\" desapareça Verifica se botão de iniciar receita não é visível na tela de detalhes de uma comida",
              "timedOut": null,
              "duration": 1325,
              "state": "passed",
              "speed": "fast",
              "pass": true,
              "fail": false,
              "pending": false,
              "context": null,
              "code": "cy.visit('http://localhost:3000/foods/52771', {\n  onBeforeLoad(win) {\n    const doneRecipes = [{\n      \"id\": \"52771\",\n      \"type\": \"food\",\n      \"nationality\": \"Italian\",\n      \"category\": \"Vegetarian\",\n      \"alcoholicOrNot\": \"\",\n      \"name\": \"Spicy Arrabiata Penne\",\n      \"image\": \"https://www.themealdb.com/images/media/meals/ustsqw1468250014.jpg\",\n      \"doneDate\": \"22/6/2020\",\n      \"tags\": [\"Pasta\", \"Curry\"]\n    }];\n    localStorage.setItem('doneRecipes', JSON.stringify(doneRecipes));\n    win.fetch = fetchMock;\n  }\n});\ncy.get('[data-testid=\"start-recipe-btn\"]').should('not.exist');",
              "err": {},
              "uuid": "98edae9a-8f65-42be-8a42-3f73e23e5c97",
              "parentUUID": "d38a6761-6df8-4a79-8521-c67fbd81480a",
              "isHook": false,
              "skipped": false
            },
            {
              "title": "Verifica se botão de iniciar receita não é visível na tela de detalhes de uma bebida",
              "fullTitle": "29 - Implemente a solução de forma que, caso a receita já tenha sido feita, o botão \"Start Recipe\" desapareça Verifica se botão de iniciar receita não é visível na tela de detalhes de uma bebida",
              "timedOut": null,
              "duration": 156,
              "state": "passed",
              "speed": "fast",
              "pass": true,
              "fail": false,
              "pending": false,
              "context": null,
              "code": "cy.visit('http://localhost:3000/drinks/178319', {\n  onBeforeLoad(win) {\n    const doneRecipes = [{\n      \"id\": \"178319\",\n      \"type\": \"drink\",\n      \"nationality\": \"\",\n      \"category\": \"Cocktail\",\n      \"alcoholicOrNot\": \"Alcoholic\",\n      \"name\": \"Aquamarine\",\n      \"image\": \"https://www.thecocktaildb.com/images/media/drink/zvsre31572902738.jpg\",\n      \"doneDate\": \"23/6/2020\",\n      \"tags\": []\n    }];\n    localStorage.setItem('doneRecipes', JSON.stringify(doneRecipes));\n    win.fetch = fetchMock;\n  }\n});\ncy.get('[data-testid=\"start-recipe-btn\"]').should('not.exist');",
              "err": {},
              "uuid": "89f505de-4da3-4929-af7d-c081371ab712",
              "parentUUID": "d38a6761-6df8-4a79-8521-c67fbd81480a",
              "isHook": false,
              "skipped": false
            },
            {
              "title": "Verifica a cobertura de 45% da Tela de Detalhes da Receita",
              "fullTitle": "29 - Implemente a solução de forma que, caso a receita já tenha sido feita, o botão \"Start Recipe\" desapareça Verifica a cobertura de 45% da Tela de Detalhes da Receita",
              "timedOut": null,
              "duration": 27,
              "state": "passed",
              "speed": "fast",
              "pass": true,
              "fail": false,
              "pending": false,
              "context": null,
              "code": "cy.task('getCoverage', getId()).its('RecipeDetails.functions.pct').should('be.gte', 45.00);\ncy.task('getCoverage', getId()).its('RecipeDetails.lines.pct').should('be.gte', 45.00);\ncy.task('getCoverage', getId()).its('RecipeDetails.branches.pct').should('be.gte', 45.00);",
              "err": {},
              "uuid": "367111a7-f53c-4573-96c7-c77a28f73b56",
              "parentUUID": "d38a6761-6df8-4a79-8521-c67fbd81480a",
              "isHook": false,
              "skipped": false
            }
          ],
          "suites": [],
          "passes": [
            "98edae9a-8f65-42be-8a42-3f73e23e5c97",
            "89f505de-4da3-4929-af7d-c081371ab712",
            "367111a7-f53c-4573-96c7-c77a28f73b56"
          ],
          "failures": [],
          "pending": [],
          "skipped": [],
          "duration": 1508,
          "root": false,
          "rootEmpty": false,
          "_timeout": 2000
        },
        {
          "uuid": "dce1fd1d-f5de-43b0-a7a0-a611983e2780",
          "title": "30 - Implemente a solução de modo que, caso a receita tenha sido iniciada mas não finalizada, o texto do botão deve ser \"Continue Recipe\"",
          "fullFile": "",
          "file": "",
          "beforeHooks": [],
          "afterHooks": [],
          "tests": [
            {
              "title": "Verifica botão de \"Continue Recipe\" na tela de detalhes de uma comida",
              "fullTitle": "30 - Implemente a solução de modo que, caso a receita tenha sido iniciada mas não finalizada, o texto do botão deve ser \"Continue Recipe\" Verifica botão de \"Continue Recipe\" na tela de detalhes de uma comida",
              "timedOut": null,
              "duration": 762,
              "state": "passed",
              "speed": "fast",
              "pass": true,
              "fail": false,
              "pending": false,
              "context": null,
              "code": "cy.visit('http://localhost:3000/foods/52771', {\n  onBeforeLoad(win) {\n    const inProgressRecipes = {\n      meals: {\n        52771: []\n      }\n    };\n    localStorage.setItem('inProgressRecipes', JSON.stringify(inProgressRecipes));\n    win.fetch = fetchMock;\n  }\n});\ncy.get('[data-testid=\"start-recipe-btn\"]').contains('Continue Recipe');",
              "err": {},
              "uuid": "16555e98-83c6-43ee-9098-2562f3cdedfa",
              "parentUUID": "dce1fd1d-f5de-43b0-a7a0-a611983e2780",
              "isHook": false,
              "skipped": false
            },
            {
              "title": "Verifica botão de \"Continue Recipe\" na tela de detalhes de uma bebida",
              "fullTitle": "30 - Implemente a solução de modo que, caso a receita tenha sido iniciada mas não finalizada, o texto do botão deve ser \"Continue Recipe\" Verifica botão de \"Continue Recipe\" na tela de detalhes de uma bebida",
              "timedOut": null,
              "duration": 158,
              "state": "passed",
              "speed": "fast",
              "pass": true,
              "fail": false,
              "pending": false,
              "context": null,
              "code": "cy.visit('http://localhost:3000/drinks/178319', {\n  onBeforeLoad(win) {\n    const inProgressRecipes = {\n      cocktails: {\n        178319: []\n      }\n    };\n    localStorage.setItem('inProgressRecipes', JSON.stringify(inProgressRecipes));\n    win.fetch = fetchMock;\n  }\n});\ncy.get('[data-testid=\"start-recipe-btn\"]').contains('Continue Recipe');",
              "err": {},
              "uuid": "5de36389-0342-4384-a37e-72656bf8e8cc",
              "parentUUID": "dce1fd1d-f5de-43b0-a7a0-a611983e2780",
              "isHook": false,
              "skipped": false
            }
          ],
          "suites": [],
          "passes": [
            "16555e98-83c6-43ee-9098-2562f3cdedfa",
            "5de36389-0342-4384-a37e-72656bf8e8cc"
          ],
          "failures": [],
          "pending": [],
          "skipped": [],
          "duration": 920,
          "root": false,
          "rootEmpty": false,
          "_timeout": 2000
        },
        {
          "uuid": "3b9c114e-2328-47ec-bd6c-5e8f96203368",
          "title": "31 - Redirecione a pessoa usuária caso o botão \"Start Recipe\" seja clicado, a rota deve mudar para a tela de receita em progresso",
          "fullFile": "",
          "file": "",
          "beforeHooks": [],
          "afterHooks": [],
          "tests": [
            {
              "title": "Redireciona para tela de receita da comida em progresso",
              "fullTitle": "31 - Redirecione a pessoa usuária caso o botão \"Start Recipe\" seja clicado, a rota deve mudar para a tela de receita em progresso Redireciona para tela de receita da comida em progresso",
              "timedOut": null,
              "duration": 1497,
              "state": "passed",
              "speed": "fast",
              "pass": true,
              "fail": false,
              "pending": false,
              "context": null,
              "code": "cy.visit('http://localhost:3000/foods/52771', {\n  onBeforeLoad(win) {\n    win.fetch = fetchMock;\n  }\n});\ncy.get('[data-testid=\"start-recipe-btn\"]').click();\ncy.location().should(loc => expect(loc.pathname).to.eq('/foods/52771/in-progress'));",
              "err": {},
              "uuid": "d9717e75-3cbd-4b9e-bd6b-878eb8fa784b",
              "parentUUID": "3b9c114e-2328-47ec-bd6c-5e8f96203368",
              "isHook": false,
              "skipped": false
            },
            {
              "title": "Redireciona para tela de receita da bebida em progresso",
              "fullTitle": "31 - Redirecione a pessoa usuária caso o botão \"Start Recipe\" seja clicado, a rota deve mudar para a tela de receita em progresso Redireciona para tela de receita da bebida em progresso",
              "timedOut": null,
              "duration": 222,
              "state": "passed",
              "speed": "fast",
              "pass": true,
              "fail": false,
              "pending": false,
              "context": null,
              "code": "cy.visit('http://localhost:3000/drinks/178319', {\n  onBeforeLoad(win) {\n    win.fetch = fetchMock;\n  }\n});\ncy.get('[data-testid=\"start-recipe-btn\"]').click();\ncy.location().should(loc => expect(loc.pathname).to.eq('/drinks/178319/in-progress'));",
              "err": {},
              "uuid": "e47581e4-ae77-431c-b74a-79879fde3adc",
              "parentUUID": "3b9c114e-2328-47ec-bd6c-5e8f96203368",
              "isHook": false,
              "skipped": false
            }
          ],
          "suites": [],
          "passes": [
            "d9717e75-3cbd-4b9e-bd6b-878eb8fa784b",
            "e47581e4-ae77-431c-b74a-79879fde3adc"
          ],
          "failures": [],
          "pending": [],
          "skipped": [],
          "duration": 1719,
          "root": false,
          "rootEmpty": false,
          "_timeout": 2000
        },
        {
          "uuid": "c4b15d44-2aca-4d6c-9dd2-f6f25d1c093a",
          "title": "32 - Implemente um botão de compartilhar e um de favoritar a receita",
          "fullFile": "",
          "file": "",
          "beforeHooks": [],
          "afterHooks": [],
          "tests": [
            {
              "title": "Verifica se os botões estão disponíveis na tela de detalhes de uma comida",
              "fullTitle": "32 - Implemente um botão de compartilhar e um de favoritar a receita Verifica se os botões estão disponíveis na tela de detalhes de uma comida",
              "timedOut": null,
              "duration": 673,
              "state": "passed",
              "speed": "fast",
              "pass": true,
              "fail": false,
              "pending": false,
              "context": null,
              "code": "cy.visit('http://localhost:3000/foods/52771', {\n  onBeforeLoad(win) {\n    win.fetch = fetchMock;\n  }\n});\ncy.get('[data-testid=\"share-btn\"]').should('exist');\ncy.get('[data-testid=\"favorite-btn\"]').should('exist');",
              "err": {},
              "uuid": "e5194f45-dffb-4a8c-9ecd-ba4847b53746",
              "parentUUID": "c4b15d44-2aca-4d6c-9dd2-f6f25d1c093a",
              "isHook": false,
              "skipped": false
            },
            {
              "title": "Verifica se os botões estão disponíveis na tela de detalhes de uma bebida",
              "fullTitle": "32 - Implemente um botão de compartilhar e um de favoritar a receita Verifica se os botões estão disponíveis na tela de detalhes de uma bebida",
              "timedOut": null,
              "duration": 207,
              "state": "passed",
              "speed": "fast",
              "pass": true,
              "fail": false,
              "pending": false,
              "context": null,
              "code": "cy.visit('http://localhost:3000/drinks/178319', {\n  onBeforeLoad(win) {\n    win.fetch = fetchMock;\n  }\n});\ncy.get('[data-testid=\"share-btn\"]').should('exist');\ncy.get('[data-testid=\"favorite-btn\"]').should('exist');",
              "err": {},
              "uuid": "a0967a54-21e8-4187-af94-c39d49d2d88f",
              "parentUUID": "c4b15d44-2aca-4d6c-9dd2-f6f25d1c093a",
              "isHook": false,
              "skipped": false
            }
          ],
          "suites": [],
          "passes": [
            "e5194f45-dffb-4a8c-9ecd-ba4847b53746",
            "a0967a54-21e8-4187-af94-c39d49d2d88f"
          ],
          "failures": [],
          "pending": [],
          "skipped": [],
          "duration": 880,
          "root": false,
          "rootEmpty": false,
          "_timeout": 2000
        },
        {
          "uuid": "1a00585c-c5d8-4016-8b46-6cfca51bb053",
          "title": "33 - Implemente a solução de forma que, ao clicar no botão de compartilhar, o link da receita dentro do app deve ser copiado para o clipboard e uma mensagem avisando que o link foi copiado deve aparecer",
          "fullFile": "",
          "file": "",
          "beforeHooks": [],
          "afterHooks": [],
          "tests": [
            {
              "title": "Verifica a mensagem \"Link copied!\" e se o link da receita da comida foi copiado para o clipboard",
              "fullTitle": "33 - Implemente a solução de forma que, ao clicar no botão de compartilhar, o link da receita dentro do app deve ser copiado para o clipboard e uma mensagem avisando que o link foi copiado deve aparecer Verifica a mensagem \"Link copied!\" e se o link da receita da comida foi copiado para o clipboard",
              "timedOut": null,
              "duration": 1447,
              "state": "passed",
              "speed": "fast",
              "pass": true,
              "fail": false,
              "pending": false,
              "context": null,
              "code": "cy.visit('http://localhost:3000/foods/52771', {\n  onBeforeLoad(win) {\n    win.fetch = fetchMock;\n    cy.stub(win.navigator.clipboard, 'writeText').resolves('URL').as('clipboard');\n  }\n});\ncy.get('[data-testid=\"share-btn\"]').click();\ncy.contains('Link copied!');\ncy.get('@clipboard').should('be.calledWithExactly', `http://localhost:3000/foods/52771`);",
              "err": {},
              "uuid": "cc2934f7-cdf2-44f9-b397-f5fb4daa9fd4",
              "parentUUID": "1a00585c-c5d8-4016-8b46-6cfca51bb053",
              "isHook": false,
              "skipped": false
            },
            {
              "title": "Verifica a mensagem \"Link copied!\" e se o link da receita da bebida foi copiado para o clipboard",
              "fullTitle": "33 - Implemente a solução de forma que, ao clicar no botão de compartilhar, o link da receita dentro do app deve ser copiado para o clipboard e uma mensagem avisando que o link foi copiado deve aparecer Verifica a mensagem \"Link copied!\" e se o link da receita da bebida foi copiado para o clipboard",
              "timedOut": null,
              "duration": 280,
              "state": "passed",
              "speed": "fast",
              "pass": true,
              "fail": false,
              "pending": false,
              "context": null,
              "code": "cy.visit('http://localhost:3000/drinks/178319', {\n  onBeforeLoad(win) {\n    win.fetch = fetchMock;\n    cy.stub(win.navigator.clipboard, 'writeText').resolves('URL').as('clipboard');\n  }\n});\ncy.get('[data-testid=\"share-btn\"]').click();\ncy.contains('Link copied!');\ncy.get('@clipboard').should('be.calledWithExactly', `http://localhost:3000/drinks/178319`);",
              "err": {},
              "uuid": "8ef2b72c-3a83-423a-8518-b66aeac6ced6",
              "parentUUID": "1a00585c-c5d8-4016-8b46-6cfca51bb053",
              "isHook": false,
              "skipped": false
            }
          ],
          "suites": [],
          "passes": [
            "cc2934f7-cdf2-44f9-b397-f5fb4daa9fd4",
            "8ef2b72c-3a83-423a-8518-b66aeac6ced6"
          ],
          "failures": [],
          "pending": [],
          "skipped": [],
          "duration": 1727,
          "root": false,
          "rootEmpty": false,
          "_timeout": 2000
        },
        {
          "uuid": "c495b6b8-42a4-4d6d-a33b-625a44c2447e",
          "title": "34 - Salve as receitas favoritas no `localStorage` na chave `favoriteRecipes`",
          "fullFile": "",
          "file": "",
          "beforeHooks": [],
          "afterHooks": [],
          "tests": [
            {
              "title": "Verifica se após favoritar receita de uma comida, ela é salva corretamente no localStorage",
              "fullTitle": "34 - Salve as receitas favoritas no `localStorage` na chave `favoriteRecipes` Verifica se após favoritar receita de uma comida, ela é salva corretamente no localStorage",
              "timedOut": null,
              "duration": 805,
              "state": "passed",
              "speed": "fast",
              "pass": true,
              "fail": false,
              "pending": false,
              "context": null,
              "code": "cy.visit('http://localhost:3000/foods/52771', {\n  onBeforeLoad(win) {\n    win.fetch = fetchMock;\n  }\n});\ncy.get('[data-testid=\"favorite-btn\"]').click().then(() => {\n  const favoriteRecipes = JSON.parse(localStorage.getItem('favoriteRecipes'));\n  const expectedFavoriteRecipes = [{\n    id: '52771',\n    type: 'food',\n    nationality: 'Italian',\n    category: 'Vegetarian',\n    alcoholicOrNot: '',\n    name: 'Spicy Arrabiata Penne',\n    image: 'https://www.themealdb.com/images/media/meals/ustsqw1468250014.jpg'\n  }];\n  expect(favoriteRecipes).to.deep.eq(expectedFavoriteRecipes);\n});",
              "err": {},
              "uuid": "ee5b0b71-9870-4a81-bdd4-99d993c17240",
              "parentUUID": "c495b6b8-42a4-4d6d-a33b-625a44c2447e",
              "isHook": false,
              "skipped": false
            },
            {
              "title": "Verifica se após favoritar receita de uma bebida, ela é salva corretamente no localStorage",
              "fullTitle": "34 - Salve as receitas favoritas no `localStorage` na chave `favoriteRecipes` Verifica se após favoritar receita de uma bebida, ela é salva corretamente no localStorage",
              "timedOut": null,
              "duration": 284,
              "state": "passed",
              "speed": "fast",
              "pass": true,
              "fail": false,
              "pending": false,
              "context": null,
              "code": "cy.visit('http://localhost:3000/drinks/178319', {\n  onBeforeLoad(win) {\n    win.fetch = fetchMock;\n  }\n});\ncy.get('[data-testid=\"favorite-btn\"]').click().then(() => {\n  const favoriteRecipes = JSON.parse(localStorage.getItem('favoriteRecipes'));\n  const expectedFavoriteRecipes = [{\n    id: '178319',\n    type: 'drink',\n    nationality: '',\n    category: 'Cocktail',\n    alcoholicOrNot: 'Alcoholic',\n    name: 'Aquamarine',\n    image: 'https://www.thecocktaildb.com/images/media/drink/zvsre31572902738.jpg'\n  }];\n  expect(favoriteRecipes).to.deep.eq(expectedFavoriteRecipes);\n});",
              "err": {},
              "uuid": "c1aaa60e-00e4-4df7-85ff-746f78c0edd4",
              "parentUUID": "c495b6b8-42a4-4d6d-a33b-625a44c2447e",
              "isHook": false,
              "skipped": false
            }
          ],
          "suites": [],
          "passes": [
            "ee5b0b71-9870-4a81-bdd4-99d993c17240",
            "c1aaa60e-00e4-4df7-85ff-746f78c0edd4"
          ],
          "failures": [],
          "pending": [],
          "skipped": [],
          "duration": 1089,
          "root": false,
          "rootEmpty": false,
          "_timeout": 2000
        },
        {
          "uuid": "18757654-1e5b-4424-946d-807d340fac70",
          "title": "35 - Implemente o ícone do coração (favorito) de modo que: deve vir preenchido caso a receita esteja favoritada e \"despreenchido\" caso contrário",
          "fullFile": "",
          "file": "",
          "beforeHooks": [],
          "afterHooks": [],
          "tests": [
            {
              "title": "Verifica se a comida favoritada vem com o coração preenchido",
              "fullTitle": "35 - Implemente o ícone do coração (favorito) de modo que: deve vir preenchido caso a receita esteja favoritada e \"despreenchido\" caso contrário Verifica se a comida favoritada vem com o coração preenchido",
              "timedOut": null,
              "duration": 720,
              "state": "passed",
              "speed": "fast",
              "pass": true,
              "fail": false,
              "pending": false,
              "context": null,
              "code": "cy.visit('http://localhost:3000/foods/52771', {\n  onBeforeLoad(win) {\n    const favoriteRecipes = [{\n      \"id\": \"52771\",\n      \"type\": \"food\",\n      \"nationality\": \"Italian\",\n      \"category\": \"Vegetarian\",\n      \"alcoholicOrNot\": \"\",\n      \"name\": \"Spicy Arrabiata Penne\",\n      \"image\": \"https://www.themealdb.com/images/media/meals/ustsqw1468250014.jpg\"\n    }];\n    localStorage.setItem('favoriteRecipes', JSON.stringify(favoriteRecipes));\n    win.fetch = fetchMock;\n  }\n});\ncy.get('[data-testid=\"favorite-btn\"]').should('have.attr', 'src').should('include', 'blackHeartIcon');",
              "err": {},
              "uuid": "34dc4a51-9128-44cf-8288-0ca44a4a5060",
              "parentUUID": "18757654-1e5b-4424-946d-807d340fac70",
              "isHook": false,
              "skipped": false
            },
            {
              "title": "Verifica se a comida não favoritada vem com o coração \"despreenchido\"",
              "fullTitle": "35 - Implemente o ícone do coração (favorito) de modo que: deve vir preenchido caso a receita esteja favoritada e \"despreenchido\" caso contrário Verifica se a comida não favoritada vem com o coração \"despreenchido\"",
              "timedOut": null,
              "duration": 757,
              "state": "passed",
              "speed": "fast",
              "pass": true,
              "fail": false,
              "pending": false,
              "context": null,
              "code": "cy.visit('http://localhost:3000/foods/52771', {\n  onBeforeLoad(win) {\n    win.fetch = fetchMock;\n  }\n});\ncy.get('[data-testid=\"favorite-btn\"]').should('have.attr', 'src').should('include', 'whiteHeartIcon');",
              "err": {},
              "uuid": "d95c977c-7821-42c9-865d-bd37d88729b6",
              "parentUUID": "18757654-1e5b-4424-946d-807d340fac70",
              "isHook": false,
              "skipped": false
            },
            {
              "title": "Verifica se a bebida favoritada vem com o coração preenchido",
              "fullTitle": "35 - Implemente o ícone do coração (favorito) de modo que: deve vir preenchido caso a receita esteja favoritada e \"despreenchido\" caso contrário Verifica se a bebida favoritada vem com o coração preenchido",
              "timedOut": null,
              "duration": 212,
              "state": "passed",
              "speed": "fast",
              "pass": true,
              "fail": false,
              "pending": false,
              "context": null,
              "code": "cy.visit('http://localhost:3000/drinks/178319', {\n  onBeforeLoad(win) {\n    const favoriteRecipes = [{\n      \"id\": \"178319\",\n      \"type\": \"drink\",\n      \"nationality\": \"\",\n      \"category\": \"Cocktail\",\n      \"alcoholicOrNot\": \"Alcoholic\",\n      \"name\": \"Aquamarine\",\n      \"image\": \"https://www.thecocktaildb.com/images/media/drink/zvsre31572902738.jpg\"\n    }];\n    localStorage.setItem('favoriteRecipes', JSON.stringify(favoriteRecipes));\n    win.fetch = fetchMock;\n  }\n});\ncy.get('[data-testid=\"favorite-btn\"]').should('have.attr', 'src').should('include', 'blackHeartIcon');",
              "err": {},
              "uuid": "2a17d617-0a84-4d6c-b633-efe5734c5885",
              "parentUUID": "18757654-1e5b-4424-946d-807d340fac70",
              "isHook": false,
              "skipped": false
            },
            {
              "title": "Verifica se a bebida não favoritada vem com o coração \"despreenchido\"",
              "fullTitle": "35 - Implemente o ícone do coração (favorito) de modo que: deve vir preenchido caso a receita esteja favoritada e \"despreenchido\" caso contrário Verifica se a bebida não favoritada vem com o coração \"despreenchido\"",
              "timedOut": null,
              "duration": 137,
              "state": "passed",
              "speed": "fast",
              "pass": true,
              "fail": false,
              "pending": false,
              "context": null,
              "code": "cy.visit('http://localhost:3000/drinks/178319', {\n  onBeforeLoad(win) {\n    win.fetch = fetchMock;\n  }\n});\ncy.get('[data-testid=\"favorite-btn\"]').should('have.attr', 'src').should('include', 'whiteHeartIcon');",
              "err": {},
              "uuid": "42fca263-51b7-4028-89fe-1f9381663bd1",
              "parentUUID": "18757654-1e5b-4424-946d-807d340fac70",
              "isHook": false,
              "skipped": false
            }
          ],
          "suites": [],
          "passes": [
            "34dc4a51-9128-44cf-8288-0ca44a4a5060",
            "d95c977c-7821-42c9-865d-bd37d88729b6",
            "2a17d617-0a84-4d6c-b633-efe5734c5885",
            "42fca263-51b7-4028-89fe-1f9381663bd1"
          ],
          "failures": [],
          "pending": [],
          "skipped": [],
          "duration": 1826,
          "root": false,
          "rootEmpty": false,
          "_timeout": 2000
        },
        {
          "uuid": "8f462e19-ece9-4fc5-b43f-55276576dd84",
          "title": "36 - Implemente a lógica no botão de favoritar. Caso seja clicado, o ícone do coração deve mudar seu estado atual, caso esteja preenchido deve mudar para \"despreenchido\" e vice-versa",
          "fullFile": "",
          "file": "",
          "beforeHooks": [],
          "afterHooks": [],
          "tests": [
            {
              "title": "Favorita a comida",
              "fullTitle": "36 - Implemente a lógica no botão de favoritar. Caso seja clicado, o ícone do coração deve mudar seu estado atual, caso esteja preenchido deve mudar para \"despreenchido\" e vice-versa Favorita a comida",
              "timedOut": null,
              "duration": 807,
              "state": "passed",
              "speed": "fast",
              "pass": true,
              "fail": false,
              "pending": false,
              "context": null,
              "code": "cy.visit('http://localhost:3000/foods/52771', {\n  onBeforeLoad(win) {\n    win.fetch = fetchMock;\n  }\n});\ncy.get('[data-testid=\"favorite-btn\"]').should('have.attr', 'src').should('include', 'whiteHeartIcon');\ncy.get('[data-testid=\"favorite-btn\"]').click();\ncy.get('[data-testid=\"favorite-btn\"]').should('have.attr', 'src').should('include', 'blackHeartIcon');",
              "err": {},
              "uuid": "461872da-6dda-475c-8ba1-1b46a5ccbb87",
              "parentUUID": "8f462e19-ece9-4fc5-b43f-55276576dd84",
              "isHook": false,
              "skipped": false
            },
            {
              "title": "Desfavorita a comida",
              "fullTitle": "36 - Implemente a lógica no botão de favoritar. Caso seja clicado, o ícone do coração deve mudar seu estado atual, caso esteja preenchido deve mudar para \"despreenchido\" e vice-versa Desfavorita a comida",
              "timedOut": null,
              "duration": 1451,
              "state": "passed",
              "speed": "fast",
              "pass": true,
              "fail": false,
              "pending": false,
              "context": null,
              "code": "cy.visit('http://localhost:3000/foods/52771', {\n  onBeforeLoad(win) {\n    const favoriteRecipes = [{\n      \"id\": \"52771\",\n      \"type\": \"food\",\n      \"nationality\": \"Italian\",\n      \"category\": \"Vegetarian\",\n      \"alcoholicOrNot\": \"\",\n      \"name\": \"Spicy Arrabiata Penne\",\n      \"image\": \"https://www.themealdb.com/images/media/meals/ustsqw1468250014.jpg\"\n    }];\n    localStorage.setItem('favoriteRecipes', JSON.stringify(favoriteRecipes));\n    win.fetch = fetchMock;\n  }\n});\ncy.get('[data-testid=\"favorite-btn\"]').should('have.attr', 'src').should('include', 'blackHeartIcon');\ncy.get('[data-testid=\"favorite-btn\"]').click();\ncy.get('[data-testid=\"favorite-btn\"]').should('have.attr', 'src').should('include', 'whiteHeartIcon');",
              "err": {},
              "uuid": "d1cba8bc-7895-4643-95c5-4b1629e3a0f4",
              "parentUUID": "8f462e19-ece9-4fc5-b43f-55276576dd84",
              "isHook": false,
              "skipped": false
            },
            {
              "title": "Favorita a bebida",
              "fullTitle": "36 - Implemente a lógica no botão de favoritar. Caso seja clicado, o ícone do coração deve mudar seu estado atual, caso esteja preenchido deve mudar para \"despreenchido\" e vice-versa Favorita a bebida",
              "timedOut": null,
              "duration": 255,
              "state": "passed",
              "speed": "fast",
              "pass": true,
              "fail": false,
              "pending": false,
              "context": null,
              "code": "cy.visit('http://localhost:3000/drinks/178319', {\n  onBeforeLoad(win) {\n    win.fetch = fetchMock;\n  }\n});\ncy.get('[data-testid=\"favorite-btn\"]').should('have.attr', 'src').should('include', 'whiteHeartIcon');\ncy.get('[data-testid=\"favorite-btn\"]').click();\ncy.get('[data-testid=\"favorite-btn\"]').should('have.attr', 'src').should('include', 'blackHeartIcon');",
              "err": {},
              "uuid": "a5c292e0-ee20-462d-8d3a-967f2c473786",
              "parentUUID": "8f462e19-ece9-4fc5-b43f-55276576dd84",
              "isHook": false,
              "skipped": false
            },
            {
              "title": "Desfavorita a bebida",
              "fullTitle": "36 - Implemente a lógica no botão de favoritar. Caso seja clicado, o ícone do coração deve mudar seu estado atual, caso esteja preenchido deve mudar para \"despreenchido\" e vice-versa Desfavorita a bebida",
              "timedOut": null,
              "duration": 235,
              "state": "passed",
              "speed": "fast",
              "pass": true,
              "fail": false,
              "pending": false,
              "context": null,
              "code": "cy.visit('http://localhost:3000/drinks/178319', {\n  onBeforeLoad(win) {\n    const favoriteRecipes = [{\n      \"id\": \"178319\",\n      \"type\": \"drink\",\n      \"category\": \"Cocktail\",\n      \"alcoholicOrNot\": \"Alcoholic\",\n      \"name\": \"Aquamarine\",\n      \"image\": \"https://www.thecocktaildb.com/images/media/drink/zvsre31572902738.jpg\"\n    }];\n    localStorage.setItem('favoriteRecipes', JSON.stringify(favoriteRecipes));\n    win.fetch = fetchMock;\n  }\n});\ncy.get('[data-testid=\"favorite-btn\"]').should('have.attr', 'src').should('include', 'blackHeartIcon');\ncy.get('[data-testid=\"favorite-btn\"]').click();\ncy.get('[data-testid=\"favorite-btn\"]').should('have.attr', 'src').should('include', 'whiteHeartIcon');",
              "err": {},
              "uuid": "db8f2ddf-5e79-4641-bcab-46b370bb612e",
              "parentUUID": "8f462e19-ece9-4fc5-b43f-55276576dd84",
              "isHook": false,
              "skipped": false
            },
            {
              "title": "Verifica a cobertura de 90% da Tela de Detalhes da Receita",
              "fullTitle": "36 - Implemente a lógica no botão de favoritar. Caso seja clicado, o ícone do coração deve mudar seu estado atual, caso esteja preenchido deve mudar para \"despreenchido\" e vice-versa Verifica a cobertura de 90% da Tela de Detalhes da Receita",
              "timedOut": null,
              "duration": 36,
              "state": "passed",
              "speed": "fast",
              "pass": true,
              "fail": false,
              "pending": false,
              "context": null,
              "code": "cy.task('getCoverage', getId()).its('RecipeDetails.functions.pct').should('be.gte', 90.00);\ncy.task('getCoverage', getId()).its('RecipeDetails.lines.pct').should('be.gte', 90.00);\ncy.task('getCoverage', getId()).its('RecipeDetails.branches.pct').should('be.gte', 90.00);",
              "err": {},
              "uuid": "5690710b-f3e2-4803-bfa8-11d292a17c0b",
              "parentUUID": "8f462e19-ece9-4fc5-b43f-55276576dd84",
              "isHook": false,
              "skipped": false
            }
          ],
          "suites": [],
          "passes": [
            "461872da-6dda-475c-8ba1-1b46a5ccbb87",
            "d1cba8bc-7895-4643-95c5-4b1629e3a0f4",
            "a5c292e0-ee20-462d-8d3a-967f2c473786",
            "db8f2ddf-5e79-4641-bcab-46b370bb612e",
            "5690710b-f3e2-4803-bfa8-11d292a17c0b"
          ],
          "failures": [],
          "pending": [],
          "skipped": [],
          "duration": 2784,
          "root": false,
          "rootEmpty": false,
          "_timeout": 2000
        }
      ],
      "passes": [],
      "failures": [],
      "pending": [],
      "skipped": [],
      "duration": 0,
      "root": true,
      "rootEmpty": true,
      "_timeout": 2000
    }
  ],
  "meta": {
    "mocha": {
      "version": "7.0.1"
    },
    "mochawesome": {
      "options": {
        "quiet": false,
        "reportFilename": "mochawesome",
        "saveHtml": false,
        "saveJson": true,
        "consoleReporter": "spec",
        "useInlineDiffs": false,
        "code": true
      },
      "version": "6.3.1"
    },
    "marge": {
      "options": {
        "id": "default",
        "reportDir": "cypress/reports",
        "overwrite": false,
        "html": false,
        "json": true
      },
      "version": "5.2.0"
    }
  }
}