{
  "stats": {
    "suites": 3,
    "tests": 16,
    "passes": 16,
    "pending": 0,
    "failures": 0,
    "start": "2022-07-21T16:37:00.106Z",
    "end": "2022-07-21T16:37:03.877Z",
    "duration": 3771,
    "testsRegistered": 16,
    "passPercent": 100,
    "pendingPercent": 0,
    "other": 0,
    "hasOther": false,
    "skipped": 0,
    "hasSkipped": false
  },
  "results": [
    {
      "uuid": "d39e8322-002f-47ee-9d95-8ed5b6b4f823",
      "title": "",
      "fullFile": "cypress/integration/16-18-footer_spec.js",
      "file": "cypress/integration/16-18-footer_spec.js",
      "beforeHooks": [],
      "afterHooks": [],
      "tests": [],
      "suites": [
        {
          "uuid": "fb1537fb-e2ec-4c5b-b0c2-e83c684970b6",
          "title": "16 - Implemente o menu inferior posicionando-o de forma fixa e contendo 2 ícones: um para comidas e outro para bebidas",
          "fullFile": "",
          "file": "",
          "beforeHooks": [],
          "afterHooks": [],
          "tests": [
            {
              "title": "O menu inferior existe e contém os ícones corretos",
              "fullTitle": "16 - Implemente o menu inferior posicionando-o de forma fixa e contendo 2 ícones: um para comidas e outro para bebidas O menu inferior existe e contém os ícones corretos",
              "timedOut": null,
              "duration": 449,
              "state": "passed",
              "speed": "fast",
              "pass": true,
              "fail": false,
              "pending": false,
              "context": null,
              "code": "cy.visit('http://localhost:3000/foods');\ncy.get('[data-testid=\"footer\"]');\ncy.get('[data-testid=\"drinks-bottom-btn\"]').should('have.attr', 'src').should('include', 'drinkIcon');\ncy.get('[data-testid=\"food-bottom-btn\"]').should('have.attr', 'src').should('include', 'mealIcon');",
              "err": {},
              "uuid": "ac3f6d55-53ba-4949-bccc-487711443623",
              "parentUUID": "fb1537fb-e2ec-4c5b-b0c2-e83c684970b6",
              "isHook": false,
              "skipped": false
            },
            {
              "title": "O menu inferior deve ficar fixado sempre ao final da página",
              "fullTitle": "16 - Implemente o menu inferior posicionando-o de forma fixa e contendo 2 ícones: um para comidas e outro para bebidas O menu inferior deve ficar fixado sempre ao final da página",
              "timedOut": null,
              "duration": 142,
              "state": "passed",
              "speed": "fast",
              "pass": true,
              "fail": false,
              "pending": false,
              "context": null,
              "code": "cy.visit('http://localhost:3000/foods');\ncy.get('[data-testid=\"footer\"]').should('have.css', 'position', 'fixed');\ncy.get('[data-testid=\"footer\"]').should('have.css', 'bottom', '0px');",
              "err": {},
              "uuid": "3ef657d7-38bf-46d6-a07a-86ab6ca266d5",
              "parentUUID": "fb1537fb-e2ec-4c5b-b0c2-e83c684970b6",
              "isHook": false,
              "skipped": false
            },
            {
              "title": "Verifica a cobertura de 45% do Componente Footer",
              "fullTitle": "16 - Implemente o menu inferior posicionando-o de forma fixa e contendo 2 ícones: um para comidas e outro para bebidas Verifica a cobertura de 45% do Componente Footer",
              "timedOut": null,
              "duration": 29,
              "state": "passed",
              "speed": "fast",
              "pass": true,
              "fail": false,
              "pending": false,
              "context": null,
              "code": "cy.task('getCoverage', getId()).its('Footer.functions.pct').should('be.gte', 45.00);\ncy.task('getCoverage', getId()).its('Footer.lines.pct').should('be.gte', 45.00);\ncy.task('getCoverage', getId()).its('Footer.branches.pct').should('be.gte', 45.00);",
              "err": {},
              "uuid": "887502ab-5c83-40ab-978f-0940c4eb1654",
              "parentUUID": "fb1537fb-e2ec-4c5b-b0c2-e83c684970b6",
              "isHook": false,
              "skipped": false
            }
          ],
          "suites": [],
          "passes": [
            "ac3f6d55-53ba-4949-bccc-487711443623",
            "3ef657d7-38bf-46d6-a07a-86ab6ca266d5",
            "887502ab-5c83-40ab-978f-0940c4eb1654"
          ],
          "failures": [],
          "pending": [],
          "skipped": [],
          "duration": 620,
          "root": false,
          "rootEmpty": false,
          "_timeout": 2000
        },
        {
          "uuid": "f72cfda9-3e44-4fe2-95c3-7a7599c7c5e3",
          "title": "17 - Exiba o menu inferior apenas nas telas indicadas pelo protótipo",
          "fullFile": "",
          "file": "",
          "beforeHooks": [],
          "afterHooks": [],
          "tests": [
            {
              "title": "Rota \"/\": não deve ter footer",
              "fullTitle": "17 - Exiba o menu inferior apenas nas telas indicadas pelo protótipo Rota \"/\": não deve ter footer",
              "timedOut": null,
              "duration": 311,
              "state": "passed",
              "speed": "fast",
              "pass": true,
              "fail": false,
              "pending": false,
              "context": null,
              "code": "cy.visit('http://localhost:3000/');\nhasNoFooter();",
              "err": {},
              "uuid": "30556dcc-833d-47b2-b232-be73c923b86d",
              "parentUUID": "f72cfda9-3e44-4fe2-95c3-7a7599c7c5e3",
              "isHook": false,
              "skipped": false
            },
            {
              "title": "Rota \"/foods\": deve ter footer",
              "fullTitle": "17 - Exiba o menu inferior apenas nas telas indicadas pelo protótipo Rota \"/foods\": deve ter footer",
              "timedOut": null,
              "duration": 113,
              "state": "passed",
              "speed": "fast",
              "pass": true,
              "fail": false,
              "pending": false,
              "context": null,
              "code": "cy.visit('http://localhost:3000/foods');\nhasFooter();",
              "err": {},
              "uuid": "117b18c1-e825-4cfc-9239-9751f8083e7e",
              "parentUUID": "f72cfda9-3e44-4fe2-95c3-7a7599c7c5e3",
              "isHook": false,
              "skipped": false
            },
            {
              "title": "Rota \"/drinks\": deve ter footer",
              "fullTitle": "17 - Exiba o menu inferior apenas nas telas indicadas pelo protótipo Rota \"/drinks\": deve ter footer",
              "timedOut": null,
              "duration": 107,
              "state": "passed",
              "speed": "fast",
              "pass": true,
              "fail": false,
              "pending": false,
              "context": null,
              "code": "cy.visit('http://localhost:3000/drinks');\nhasFooter();",
              "err": {},
              "uuid": "4681a876-3b20-4364-88de-a29be5db0f28",
              "parentUUID": "f72cfda9-3e44-4fe2-95c3-7a7599c7c5e3",
              "isHook": false,
              "skipped": false
            },
            {
              "title": "Rota \"foods/{id-da-receita}\": não deve ter footer",
              "fullTitle": "17 - Exiba o menu inferior apenas nas telas indicadas pelo protótipo Rota \"foods/{id-da-receita}\": não deve ter footer",
              "timedOut": null,
              "duration": 627,
              "state": "passed",
              "speed": "fast",
              "pass": true,
              "fail": false,
              "pending": false,
              "context": null,
              "code": "cy.visit('http://localhost:3000/foods/52771');\nhasNoFooter();",
              "err": {},
              "uuid": "4f739213-1cfc-4402-bbd7-51fae5d5ccc2",
              "parentUUID": "f72cfda9-3e44-4fe2-95c3-7a7599c7c5e3",
              "isHook": false,
              "skipped": false
            },
            {
              "title": "Rota \"drinks/{id-da-receita}\": não deve ter footer",
              "fullTitle": "17 - Exiba o menu inferior apenas nas telas indicadas pelo protótipo Rota \"drinks/{id-da-receita}\": não deve ter footer",
              "timedOut": null,
              "duration": 112,
              "state": "passed",
              "speed": "fast",
              "pass": true,
              "fail": false,
              "pending": false,
              "context": null,
              "code": "cy.visit('http://localhost:3000/drinks/178319');\nhasNoFooter();",
              "err": {},
              "uuid": "c2cec963-065e-4e88-a127-04c4e0213d69",
              "parentUUID": "f72cfda9-3e44-4fe2-95c3-7a7599c7c5e3",
              "isHook": false,
              "skipped": false
            },
            {
              "title": "Rota \"/foods/{id-da-receita}/in-progress\": não deve ter footer",
              "fullTitle": "17 - Exiba o menu inferior apenas nas telas indicadas pelo protótipo Rota \"/foods/{id-da-receita}/in-progress\": não deve ter footer",
              "timedOut": null,
              "duration": 141,
              "state": "passed",
              "speed": "fast",
              "pass": true,
              "fail": false,
              "pending": false,
              "context": null,
              "code": "cy.visit('http://localhost:3000/foods/52771/in-progress');\nhasNoFooter();",
              "err": {},
              "uuid": "57fbeb4b-d1f0-4c6f-a7e2-ced5203f8cc3",
              "parentUUID": "f72cfda9-3e44-4fe2-95c3-7a7599c7c5e3",
              "isHook": false,
              "skipped": false
            },
            {
              "title": "Rota \"/drinks/{id-da-receita}/in-progress\": não deve ter footer",
              "fullTitle": "17 - Exiba o menu inferior apenas nas telas indicadas pelo protótipo Rota \"/drinks/{id-da-receita}/in-progress\": não deve ter footer",
              "timedOut": null,
              "duration": 119,
              "state": "passed",
              "speed": "fast",
              "pass": true,
              "fail": false,
              "pending": false,
              "context": null,
              "code": "cy.visit('http://localhost:3000/drinks/178319/in-progress');\nhasNoFooter();",
              "err": {},
              "uuid": "b73846e9-9e94-4a86-a12d-3a2fa137d71b",
              "parentUUID": "f72cfda9-3e44-4fe2-95c3-7a7599c7c5e3",
              "isHook": false,
              "skipped": false
            },
            {
              "title": "Rota \"/profile\": deve ter footer",
              "fullTitle": "17 - Exiba o menu inferior apenas nas telas indicadas pelo protótipo Rota \"/profile\": deve ter footer",
              "timedOut": null,
              "duration": 111,
              "state": "passed",
              "speed": "fast",
              "pass": true,
              "fail": false,
              "pending": false,
              "context": null,
              "code": "cy.visit('http://localhost:3000/profile');\nhasFooter();",
              "err": {},
              "uuid": "d138adc7-39bf-4409-b5f5-71cbe5064cfc",
              "parentUUID": "f72cfda9-3e44-4fe2-95c3-7a7599c7c5e3",
              "isHook": false,
              "skipped": false
            },
            {
              "title": "Rota \"/done-recipes\": não deve ter footer",
              "fullTitle": "17 - Exiba o menu inferior apenas nas telas indicadas pelo protótipo Rota \"/done-recipes\": não deve ter footer",
              "timedOut": null,
              "duration": 103,
              "state": "passed",
              "speed": "fast",
              "pass": true,
              "fail": false,
              "pending": false,
              "context": null,
              "code": "cy.visit('http://localhost:3000/done-recipes');\nhasNoFooter();",
              "err": {},
              "uuid": "173bd0a5-181c-4f21-a6e0-da1475315243",
              "parentUUID": "f72cfda9-3e44-4fe2-95c3-7a7599c7c5e3",
              "isHook": false,
              "skipped": false
            },
            {
              "title": "Rota \"/favorite-recipes\": não deve ter footer",
              "fullTitle": "17 - Exiba o menu inferior apenas nas telas indicadas pelo protótipo Rota \"/favorite-recipes\": não deve ter footer",
              "timedOut": null,
              "duration": 107,
              "state": "passed",
              "speed": "fast",
              "pass": true,
              "fail": false,
              "pending": false,
              "context": null,
              "code": "cy.visit('http://localhost:3000/favorite-recipes');\nhasNoFooter();",
              "err": {},
              "uuid": "73c60402-3bb2-47f0-ab42-c806f5e3587d",
              "parentUUID": "f72cfda9-3e44-4fe2-95c3-7a7599c7c5e3",
              "isHook": false,
              "skipped": false
            }
          ],
          "suites": [],
          "passes": [
            "30556dcc-833d-47b2-b232-be73c923b86d",
            "117b18c1-e825-4cfc-9239-9751f8083e7e",
            "4681a876-3b20-4364-88de-a29be5db0f28",
            "4f739213-1cfc-4402-bbd7-51fae5d5ccc2",
            "c2cec963-065e-4e88-a127-04c4e0213d69",
            "57fbeb4b-d1f0-4c6f-a7e2-ced5203f8cc3",
            "b73846e9-9e94-4a86-a12d-3a2fa137d71b",
            "d138adc7-39bf-4409-b5f5-71cbe5064cfc",
            "173bd0a5-181c-4f21-a6e0-da1475315243",
            "73c60402-3bb2-47f0-ab42-c806f5e3587d"
          ],
          "failures": [],
          "pending": [],
          "skipped": [],
          "duration": 1851,
          "root": false,
          "rootEmpty": false,
          "_timeout": 2000
        },
        {
          "uuid": "f089c9d6-f7ce-40c7-8b7b-d5eb347d5fc3",
          "title": "18 - Redirecione a pessoa usuária para a tela correta ao clicar em cada ícone no menu inferior",
          "fullFile": "",
          "file": "",
          "beforeHooks": [],
          "afterHooks": [],
          "tests": [
            {
              "title": "Redireciona para a lista de cocktails ao clicar no ícone de bebidas",
              "fullTitle": "18 - Redirecione a pessoa usuária para a tela correta ao clicar em cada ícone no menu inferior Redireciona para a lista de cocktails ao clicar no ícone de bebidas",
              "timedOut": null,
              "duration": 210,
              "state": "passed",
              "speed": "fast",
              "pass": true,
              "fail": false,
              "pending": false,
              "context": null,
              "code": "cy.visit('http://localhost:3000/foods');\ncy.get('[data-testid=\"drinks-bottom-btn\"]').click();\ncy.location().should(loc => expect(loc.pathname).to.eq('/drinks'));",
              "err": {},
              "uuid": "2d6ab08b-6563-4538-981a-907202bbc19d",
              "parentUUID": "f089c9d6-f7ce-40c7-8b7b-d5eb347d5fc3",
              "isHook": false,
              "skipped": false
            },
            {
              "title": "Redireciona para a lista de comidas ao clicar no ícone de comidas",
              "fullTitle": "18 - Redirecione a pessoa usuária para a tela correta ao clicar em cada ícone no menu inferior Redireciona para a lista de comidas ao clicar no ícone de comidas",
              "timedOut": null,
              "duration": 215,
              "state": "passed",
              "speed": "fast",
              "pass": true,
              "fail": false,
              "pending": false,
              "context": null,
              "code": "cy.visit('http://localhost:3000/drinks');\ncy.get('[data-testid=\"food-bottom-btn\"]').click();\ncy.location().should(loc => expect(loc.pathname).to.eq('/foods'));",
              "err": {},
              "uuid": "6f8b07c3-4f7c-4f30-b530-061e122ef1b6",
              "parentUUID": "f089c9d6-f7ce-40c7-8b7b-d5eb347d5fc3",
              "isHook": false,
              "skipped": false
            },
            {
              "title": "Verifica a cobertura de 90% do Componente Footer",
              "fullTitle": "18 - Redirecione a pessoa usuária para a tela correta ao clicar em cada ícone no menu inferior Verifica a cobertura de 90% do Componente Footer",
              "timedOut": null,
              "duration": 39,
              "state": "passed",
              "speed": "fast",
              "pass": true,
              "fail": false,
              "pending": false,
              "context": null,
              "code": "cy.task('getCoverage', getId()).its('Footer.functions.pct').should('be.gte', 90.00);\ncy.task('getCoverage', getId()).its('Footer.lines.pct').should('be.gte', 90.00);\ncy.task('getCoverage', getId()).its('Footer.branches.pct').should('be.gte', 90.00);",
              "err": {},
              "uuid": "48d43707-76a5-4dd8-ab4e-214551f84ad5",
              "parentUUID": "f089c9d6-f7ce-40c7-8b7b-d5eb347d5fc3",
              "isHook": false,
              "skipped": false
            }
          ],
          "suites": [],
          "passes": [
            "2d6ab08b-6563-4538-981a-907202bbc19d",
            "6f8b07c3-4f7c-4f30-b530-061e122ef1b6",
            "48d43707-76a5-4dd8-ab4e-214551f84ad5"
          ],
          "failures": [],
          "pending": [],
          "skipped": [],
          "duration": 464,
          "root": false,
          "rootEmpty": false,
          "_timeout": 2000
        }
      ],
      "passes": [],
      "failures": [],
      "pending": [],
      "skipped": [],
      "duration": 0,
      "root": true,
      "rootEmpty": true,
      "_timeout": 2000
    }
  ],
  "meta": {
    "mocha": {
      "version": "7.0.1"
    },
    "mochawesome": {
      "options": {
        "quiet": false,
        "reportFilename": "mochawesome",
        "saveHtml": false,
        "saveJson": true,
        "consoleReporter": "spec",
        "useInlineDiffs": false,
        "code": true
      },
      "version": "6.3.1"
    },
    "marge": {
      "options": {
        "id": "default",
        "reportDir": "cypress/reports",
        "overwrite": false,
        "html": false,
        "json": true
      },
      "version": "5.2.0"
    }
  }
}