{
  "stats": {
    "suites": 3,
    "tests": 16,
    "passes": 16,
    "pending": 0,
    "failures": 0,
    "start": "2022-07-21T20:39:29.055Z",
    "end": "2022-07-21T20:39:33.036Z",
    "duration": 3981,
    "testsRegistered": 16,
    "passPercent": 100,
    "pendingPercent": 0,
    "other": 0,
    "hasOther": false,
    "skipped": 0,
    "hasSkipped": false
  },
  "results": [
    {
      "uuid": "5179d8ae-9a08-4273-bd9a-f6925d6fdfc5",
      "title": "",
      "fullFile": "cypress/integration/16-18-footer_spec.js",
      "file": "cypress/integration/16-18-footer_spec.js",
      "beforeHooks": [],
      "afterHooks": [],
      "tests": [],
      "suites": [
        {
          "uuid": "bef8e1f3-7aa2-4308-8c14-75c5fb83e846",
          "title": "16 - Implemente o menu inferior posicionando-o de forma fixa e contendo 2 ícones: um para comidas e outro para bebidas",
          "fullFile": "",
          "file": "",
          "beforeHooks": [],
          "afterHooks": [],
          "tests": [
            {
              "title": "O menu inferior existe e contém os ícones corretos",
              "fullTitle": "16 - Implemente o menu inferior posicionando-o de forma fixa e contendo 2 ícones: um para comidas e outro para bebidas O menu inferior existe e contém os ícones corretos",
              "timedOut": null,
              "duration": 431,
              "state": "passed",
              "speed": "fast",
              "pass": true,
              "fail": false,
              "pending": false,
              "context": null,
              "code": "cy.visit('http://localhost:3000/foods');\ncy.get('[data-testid=\"footer\"]');\ncy.get('[data-testid=\"drinks-bottom-btn\"]').should('have.attr', 'src').should('include', 'drinkIcon');\ncy.get('[data-testid=\"food-bottom-btn\"]').should('have.attr', 'src').should('include', 'mealIcon');",
              "err": {},
              "uuid": "e3a3d592-3689-461d-9ac5-7ffe7968cbde",
              "parentUUID": "bef8e1f3-7aa2-4308-8c14-75c5fb83e846",
              "isHook": false,
              "skipped": false
            },
            {
              "title": "O menu inferior deve ficar fixado sempre ao final da página",
              "fullTitle": "16 - Implemente o menu inferior posicionando-o de forma fixa e contendo 2 ícones: um para comidas e outro para bebidas O menu inferior deve ficar fixado sempre ao final da página",
              "timedOut": null,
              "duration": 132,
              "state": "passed",
              "speed": "fast",
              "pass": true,
              "fail": false,
              "pending": false,
              "context": null,
              "code": "cy.visit('http://localhost:3000/foods');\ncy.get('[data-testid=\"footer\"]').should('have.css', 'position', 'fixed');\ncy.get('[data-testid=\"footer\"]').should('have.css', 'bottom', '0px');",
              "err": {},
              "uuid": "8acadb09-e941-4be3-8188-1e4457440d25",
              "parentUUID": "bef8e1f3-7aa2-4308-8c14-75c5fb83e846",
              "isHook": false,
              "skipped": false
            },
            {
              "title": "Verifica a cobertura de 45% do Componente Footer",
              "fullTitle": "16 - Implemente o menu inferior posicionando-o de forma fixa e contendo 2 ícones: um para comidas e outro para bebidas Verifica a cobertura de 45% do Componente Footer",
              "timedOut": null,
              "duration": 31,
              "state": "passed",
              "speed": "fast",
              "pass": true,
              "fail": false,
              "pending": false,
              "context": null,
              "code": "cy.task('getCoverage', getId()).its('Footer.functions.pct').should('be.gte', 45.00);\ncy.task('getCoverage', getId()).its('Footer.lines.pct').should('be.gte', 45.00);\ncy.task('getCoverage', getId()).its('Footer.branches.pct').should('be.gte', 45.00);",
              "err": {},
              "uuid": "7113b2a2-c3b4-4ddb-b246-c9411f85fd5d",
              "parentUUID": "bef8e1f3-7aa2-4308-8c14-75c5fb83e846",
              "isHook": false,
              "skipped": false
            }
          ],
          "suites": [],
          "passes": [
            "e3a3d592-3689-461d-9ac5-7ffe7968cbde",
            "8acadb09-e941-4be3-8188-1e4457440d25",
            "7113b2a2-c3b4-4ddb-b246-c9411f85fd5d"
          ],
          "failures": [],
          "pending": [],
          "skipped": [],
          "duration": 594,
          "root": false,
          "rootEmpty": false,
          "_timeout": 2000
        },
        {
          "uuid": "416a99bb-fa9d-4fe3-b9da-f7f5c373eb5c",
          "title": "17 - Exiba o menu inferior apenas nas telas indicadas pelo protótipo",
          "fullFile": "",
          "file": "",
          "beforeHooks": [],
          "afterHooks": [],
          "tests": [
            {
              "title": "Rota \"/\": não deve ter footer",
              "fullTitle": "17 - Exiba o menu inferior apenas nas telas indicadas pelo protótipo Rota \"/\": não deve ter footer",
              "timedOut": null,
              "duration": 331,
              "state": "passed",
              "speed": "fast",
              "pass": true,
              "fail": false,
              "pending": false,
              "context": null,
              "code": "cy.visit('http://localhost:3000/');\nhasNoFooter();",
              "err": {},
              "uuid": "68fbe600-fb4f-4d31-9d16-cc0e419eb246",
              "parentUUID": "416a99bb-fa9d-4fe3-b9da-f7f5c373eb5c",
              "isHook": false,
              "skipped": false
            },
            {
              "title": "Rota \"/foods\": deve ter footer",
              "fullTitle": "17 - Exiba o menu inferior apenas nas telas indicadas pelo protótipo Rota \"/foods\": deve ter footer",
              "timedOut": null,
              "duration": 115,
              "state": "passed",
              "speed": "fast",
              "pass": true,
              "fail": false,
              "pending": false,
              "context": null,
              "code": "cy.visit('http://localhost:3000/foods');\nhasFooter();",
              "err": {},
              "uuid": "9219dc4e-f538-42e0-b79f-cd67f911f803",
              "parentUUID": "416a99bb-fa9d-4fe3-b9da-f7f5c373eb5c",
              "isHook": false,
              "skipped": false
            },
            {
              "title": "Rota \"/drinks\": deve ter footer",
              "fullTitle": "17 - Exiba o menu inferior apenas nas telas indicadas pelo protótipo Rota \"/drinks\": deve ter footer",
              "timedOut": null,
              "duration": 116,
              "state": "passed",
              "speed": "fast",
              "pass": true,
              "fail": false,
              "pending": false,
              "context": null,
              "code": "cy.visit('http://localhost:3000/drinks');\nhasFooter();",
              "err": {},
              "uuid": "f995ec26-d8bc-46fe-94f2-516c546e1221",
              "parentUUID": "416a99bb-fa9d-4fe3-b9da-f7f5c373eb5c",
              "isHook": false,
              "skipped": false
            },
            {
              "title": "Rota \"foods/{id-da-receita}\": não deve ter footer",
              "fullTitle": "17 - Exiba o menu inferior apenas nas telas indicadas pelo protótipo Rota \"foods/{id-da-receita}\": não deve ter footer",
              "timedOut": null,
              "duration": 656,
              "state": "passed",
              "speed": "fast",
              "pass": true,
              "fail": false,
              "pending": false,
              "context": null,
              "code": "cy.visit('http://localhost:3000/foods/52771');\nhasNoFooter();",
              "err": {},
              "uuid": "6a3b3a00-b992-4b40-bb5d-e962c8c527f6",
              "parentUUID": "416a99bb-fa9d-4fe3-b9da-f7f5c373eb5c",
              "isHook": false,
              "skipped": false
            },
            {
              "title": "Rota \"drinks/{id-da-receita}\": não deve ter footer",
              "fullTitle": "17 - Exiba o menu inferior apenas nas telas indicadas pelo protótipo Rota \"drinks/{id-da-receita}\": não deve ter footer",
              "timedOut": null,
              "duration": 123,
              "state": "passed",
              "speed": "fast",
              "pass": true,
              "fail": false,
              "pending": false,
              "context": null,
              "code": "cy.visit('http://localhost:3000/drinks/178319');\nhasNoFooter();",
              "err": {},
              "uuid": "e04746bf-b284-4e24-8595-c74d509b416a",
              "parentUUID": "416a99bb-fa9d-4fe3-b9da-f7f5c373eb5c",
              "isHook": false,
              "skipped": false
            },
            {
              "title": "Rota \"/foods/{id-da-receita}/in-progress\": não deve ter footer",
              "fullTitle": "17 - Exiba o menu inferior apenas nas telas indicadas pelo protótipo Rota \"/foods/{id-da-receita}/in-progress\": não deve ter footer",
              "timedOut": null,
              "duration": 151,
              "state": "passed",
              "speed": "fast",
              "pass": true,
              "fail": false,
              "pending": false,
              "context": null,
              "code": "cy.visit('http://localhost:3000/foods/52771/in-progress');\nhasNoFooter();",
              "err": {},
              "uuid": "8d8e0fbf-1d00-4e6c-995d-5a1ce08a521d",
              "parentUUID": "416a99bb-fa9d-4fe3-b9da-f7f5c373eb5c",
              "isHook": false,
              "skipped": false
            },
            {
              "title": "Rota \"/drinks/{id-da-receita}/in-progress\": não deve ter footer",
              "fullTitle": "17 - Exiba o menu inferior apenas nas telas indicadas pelo protótipo Rota \"/drinks/{id-da-receita}/in-progress\": não deve ter footer",
              "timedOut": null,
              "duration": 107,
              "state": "passed",
              "speed": "fast",
              "pass": true,
              "fail": false,
              "pending": false,
              "context": null,
              "code": "cy.visit('http://localhost:3000/drinks/178319/in-progress');\nhasNoFooter();",
              "err": {},
              "uuid": "dcd5e25d-e147-4a5c-9917-42cd23bdd761",
              "parentUUID": "416a99bb-fa9d-4fe3-b9da-f7f5c373eb5c",
              "isHook": false,
              "skipped": false
            },
            {
              "title": "Rota \"/profile\": deve ter footer",
              "fullTitle": "17 - Exiba o menu inferior apenas nas telas indicadas pelo protótipo Rota \"/profile\": deve ter footer",
              "timedOut": null,
              "duration": 119,
              "state": "passed",
              "speed": "fast",
              "pass": true,
              "fail": false,
              "pending": false,
              "context": null,
              "code": "cy.visit('http://localhost:3000/profile');\nhasFooter();",
              "err": {},
              "uuid": "39ea85b1-a6ea-4f02-8485-d98969c045d7",
              "parentUUID": "416a99bb-fa9d-4fe3-b9da-f7f5c373eb5c",
              "isHook": false,
              "skipped": false
            },
            {
              "title": "Rota \"/done-recipes\": não deve ter footer",
              "fullTitle": "17 - Exiba o menu inferior apenas nas telas indicadas pelo protótipo Rota \"/done-recipes\": não deve ter footer",
              "timedOut": null,
              "duration": 108,
              "state": "passed",
              "speed": "fast",
              "pass": true,
              "fail": false,
              "pending": false,
              "context": null,
              "code": "cy.visit('http://localhost:3000/done-recipes');\nhasNoFooter();",
              "err": {},
              "uuid": "e6e06a96-9b6a-44fb-ab76-b3bcb10ed80a",
              "parentUUID": "416a99bb-fa9d-4fe3-b9da-f7f5c373eb5c",
              "isHook": false,
              "skipped": false
            },
            {
              "title": "Rota \"/favorite-recipes\": não deve ter footer",
              "fullTitle": "17 - Exiba o menu inferior apenas nas telas indicadas pelo protótipo Rota \"/favorite-recipes\": não deve ter footer",
              "timedOut": null,
              "duration": 109,
              "state": "passed",
              "speed": "fast",
              "pass": true,
              "fail": false,
              "pending": false,
              "context": null,
              "code": "cy.visit('http://localhost:3000/favorite-recipes');\nhasNoFooter();",
              "err": {},
              "uuid": "c4e2fe1f-99bd-4e37-914c-954789f15e73",
              "parentUUID": "416a99bb-fa9d-4fe3-b9da-f7f5c373eb5c",
              "isHook": false,
              "skipped": false
            }
          ],
          "suites": [],
          "passes": [
            "68fbe600-fb4f-4d31-9d16-cc0e419eb246",
            "9219dc4e-f538-42e0-b79f-cd67f911f803",
            "f995ec26-d8bc-46fe-94f2-516c546e1221",
            "6a3b3a00-b992-4b40-bb5d-e962c8c527f6",
            "e04746bf-b284-4e24-8595-c74d509b416a",
            "8d8e0fbf-1d00-4e6c-995d-5a1ce08a521d",
            "dcd5e25d-e147-4a5c-9917-42cd23bdd761",
            "39ea85b1-a6ea-4f02-8485-d98969c045d7",
            "e6e06a96-9b6a-44fb-ab76-b3bcb10ed80a",
            "c4e2fe1f-99bd-4e37-914c-954789f15e73"
          ],
          "failures": [],
          "pending": [],
          "skipped": [],
          "duration": 1935,
          "root": false,
          "rootEmpty": false,
          "_timeout": 2000
        },
        {
          "uuid": "e53942a5-3eb5-4738-b875-92c059902eca",
          "title": "18 - Redirecione a pessoa usuária para a tela correta ao clicar em cada ícone no menu inferior",
          "fullFile": "",
          "file": "",
          "beforeHooks": [],
          "afterHooks": [],
          "tests": [
            {
              "title": "Redireciona para a lista de cocktails ao clicar no ícone de bebidas",
              "fullTitle": "18 - Redirecione a pessoa usuária para a tela correta ao clicar em cada ícone no menu inferior Redireciona para a lista de cocktails ao clicar no ícone de bebidas",
              "timedOut": null,
              "duration": 213,
              "state": "passed",
              "speed": "fast",
              "pass": true,
              "fail": false,
              "pending": false,
              "context": null,
              "code": "cy.visit('http://localhost:3000/foods');\ncy.get('[data-testid=\"drinks-bottom-btn\"]').click();\ncy.location().should(loc => expect(loc.pathname).to.eq('/drinks'));",
              "err": {},
              "uuid": "be1aab6c-fe39-4827-93a9-f09ed1369842",
              "parentUUID": "e53942a5-3eb5-4738-b875-92c059902eca",
              "isHook": false,
              "skipped": false
            },
            {
              "title": "Redireciona para a lista de comidas ao clicar no ícone de comidas",
              "fullTitle": "18 - Redirecione a pessoa usuária para a tela correta ao clicar em cada ícone no menu inferior Redireciona para a lista de comidas ao clicar no ícone de comidas",
              "timedOut": null,
              "duration": 223,
              "state": "passed",
              "speed": "fast",
              "pass": true,
              "fail": false,
              "pending": false,
              "context": null,
              "code": "cy.visit('http://localhost:3000/drinks');\ncy.get('[data-testid=\"food-bottom-btn\"]').click();\ncy.location().should(loc => expect(loc.pathname).to.eq('/foods'));",
              "err": {},
              "uuid": "7464cd8d-d8e7-4425-bf38-069d891ee56f",
              "parentUUID": "e53942a5-3eb5-4738-b875-92c059902eca",
              "isHook": false,
              "skipped": false
            },
            {
              "title": "Verifica a cobertura de 90% do Componente Footer",
              "fullTitle": "18 - Redirecione a pessoa usuária para a tela correta ao clicar em cada ícone no menu inferior Verifica a cobertura de 90% do Componente Footer",
              "timedOut": null,
              "duration": 66,
              "state": "passed",
              "speed": "fast",
              "pass": true,
              "fail": false,
              "pending": false,
              "context": null,
              "code": "cy.task('getCoverage', getId()).its('Footer.functions.pct').should('be.gte', 90.00);\ncy.task('getCoverage', getId()).its('Footer.lines.pct').should('be.gte', 90.00);\ncy.task('getCoverage', getId()).its('Footer.branches.pct').should('be.gte', 90.00);",
              "err": {},
              "uuid": "26a33b97-548a-4da7-b1b9-3cee5cbf3f54",
              "parentUUID": "e53942a5-3eb5-4738-b875-92c059902eca",
              "isHook": false,
              "skipped": false
            }
          ],
          "suites": [],
          "passes": [
            "be1aab6c-fe39-4827-93a9-f09ed1369842",
            "7464cd8d-d8e7-4425-bf38-069d891ee56f",
            "26a33b97-548a-4da7-b1b9-3cee5cbf3f54"
          ],
          "failures": [],
          "pending": [],
          "skipped": [],
          "duration": 502,
          "root": false,
          "rootEmpty": false,
          "_timeout": 2000
        }
      ],
      "passes": [],
      "failures": [],
      "pending": [],
      "skipped": [],
      "duration": 0,
      "root": true,
      "rootEmpty": true,
      "_timeout": 2000
    }
  ],
  "meta": {
    "mocha": {
      "version": "7.0.1"
    },
    "mochawesome": {
      "options": {
        "quiet": false,
        "reportFilename": "mochawesome",
        "saveHtml": false,
        "saveJson": true,
        "consoleReporter": "spec",
        "useInlineDiffs": false,
        "code": true
      },
      "version": "6.3.1"
    },
    "marge": {
      "options": {
        "id": "default",
        "reportDir": "cypress/reports",
        "overwrite": false,
        "html": false,
        "json": true
      },
      "version": "5.2.0"
    }
  }
}