{
  "stats": {
    "suites": 8,
    "tests": 14,
    "passes": 14,
    "pending": 0,
    "failures": 0,
    "start": "2022-07-21T20:40:36.643Z",
    "end": "2022-07-21T20:40:42.254Z",
    "duration": 5611,
    "testsRegistered": 14,
    "passPercent": 100,
    "pendingPercent": 0,
    "other": 0,
    "hasOther": false,
    "skipped": 0,
    "hasSkipped": false
  },
  "results": [
    {
      "uuid": "1f5d3310-ae1f-47a7-a5bb-8fff69b3d84a",
      "title": "",
      "fullFile": "cypress/integration/50-56-favorite_recipes_spec.js",
      "file": "cypress/integration/50-56-favorite_recipes_spec.js",
      "beforeHooks": [],
      "afterHooks": [],
      "tests": [],
      "suites": [
        {
          "uuid": "f1e02759-d478-4146-b4cd-3f5b771ec088",
          "title": "Favorite recipes screen",
          "fullFile": "",
          "file": "",
          "beforeHooks": [],
          "afterHooks": [],
          "tests": [],
          "suites": [
            {
              "uuid": "6ac6046b-6db4-4aff-b09d-0f65e71ceaf3",
              "title": "50 - Implemente os elementos da tela de receitas favoritas (cumulativo com os atributos em comum com a tela de receitas feitas), respeitando os atributos descritos no protótipo",
              "fullFile": "",
              "file": "",
              "beforeHooks": [],
              "afterHooks": [],
              "tests": [
                {
                  "title": "Todos os data-testids, cumulativo com os atributos em comum com a tela de receitas feitas, estão disponíveis",
                  "fullTitle": "Favorite recipes screen 50 - Implemente os elementos da tela de receitas favoritas (cumulativo com os atributos em comum com a tela de receitas feitas), respeitando os atributos descritos no protótipo Todos os data-testids, cumulativo com os atributos em comum com a tela de receitas feitas, estão disponíveis",
                  "timedOut": null,
                  "duration": 1290,
                  "state": "passed",
                  "speed": "fast",
                  "pass": true,
                  "fail": false,
                  "pending": false,
                  "context": null,
                  "code": "cy.get('[data-testid=\"filter-by-all-btn\"]');\ncy.get('[data-testid=\"filter-by-food-btn\"]');\ncy.get('[data-testid=\"filter-by-drink-btn\"]');\ncy.get('[data-testid=\"0-horizontal-image\"]');\ncy.get('[data-testid=\"0-horizontal-top-text\"]');\ncy.get('[data-testid=\"0-horizontal-name\"]');\ncy.get('[data-testid=\"0-horizontal-share-btn\"]');\ncy.get('[data-testid=\"0-horizontal-favorite-btn\"]');\ncy.get('[data-testid=\"1-horizontal-image\"]');\ncy.get('[data-testid=\"1-horizontal-top-text\"]');\ncy.get('[data-testid=\"1-horizontal-name\"]');\ncy.get('[data-testid=\"1-horizontal-share-btn\"]');\ncy.get('[data-testid=\"1-horizontal-favorite-btn\"]');",
                  "err": {},
                  "uuid": "1b3f3ee8-dadb-48a5-a0f1-e8de8c2dce7b",
                  "parentUUID": "6ac6046b-6db4-4aff-b09d-0f65e71ceaf3",
                  "isHook": false,
                  "skipped": false
                }
              ],
              "suites": [],
              "passes": [
                "1b3f3ee8-dadb-48a5-a0f1-e8de8c2dce7b"
              ],
              "failures": [],
              "pending": [],
              "skipped": [],
              "duration": 1290,
              "root": false,
              "rootEmpty": false,
              "_timeout": 2000
            },
            {
              "uuid": "e636d602-d988-4d34-8b80-1fdd2b87f58b",
              "title": "51 - Desenvolva a tela de modo que, caso a receita do card seja uma comida, ela deve possuir: a foto da receita,  nome, categoria, nacionalidade, um botão de compartilhar e um de \"desfavoritar\"",
              "fullFile": "",
              "file": "",
              "beforeHooks": [],
              "afterHooks": [],
              "tests": [
                {
                  "title": "O card possui os atributos corretos de uma comida",
                  "fullTitle": "Favorite recipes screen 51 - Desenvolva a tela de modo que, caso a receita do card seja uma comida, ela deve possuir: a foto da receita,  nome, categoria, nacionalidade, um botão de compartilhar e um de \"desfavoritar\" O card possui os atributos corretos de uma comida",
                  "timedOut": null,
                  "duration": 182,
                  "state": "passed",
                  "speed": "fast",
                  "pass": true,
                  "fail": false,
                  "pending": false,
                  "context": null,
                  "code": "cy.get('[data-testid=\"0-horizontal-image\"]').should('have.attr', 'src').should('include', favoriteRecipes[0].image);\ncy.get('[data-testid=\"0-horizontal-top-text\"]').contains(`${favoriteRecipes[0].nationality} - ${favoriteRecipes[0].category}`);\ncy.get('[data-testid=\"0-horizontal-name\"]').contains(favoriteRecipes[0].name);\ncy.get('[data-testid=\"0-horizontal-share-btn\"]').should('have.attr', 'src').should('include', 'shareIcon');\ncy.get('[data-testid=\"0-horizontal-favorite-btn\"]').should('have.attr', 'src').should('include', 'blackHeartIcon');",
                  "err": {},
                  "uuid": "8a45f1d4-9fbc-4291-941d-41368b43f52b",
                  "parentUUID": "e636d602-d988-4d34-8b80-1fdd2b87f58b",
                  "isHook": false,
                  "skipped": false
                }
              ],
              "suites": [],
              "passes": [
                "8a45f1d4-9fbc-4291-941d-41368b43f52b"
              ],
              "failures": [],
              "pending": [],
              "skipped": [],
              "duration": 182,
              "root": false,
              "rootEmpty": false,
              "_timeout": 2000
            },
            {
              "uuid": "08bb490b-4ea1-4a20-a249-bac9048c6c09",
              "title": "52 - Desenvolva a tela de modo que, caso a receita do card seja uma bebida, ela deve possuir: a foto da receita,  nome, se é alcoólica ou não, um botão de compartilhar e um de \"desfavoritar\"",
              "fullFile": "",
              "file": "",
              "beforeHooks": [],
              "afterHooks": [],
              "tests": [
                {
                  "title": "O card possui os atributos corretos de uma bebida",
                  "fullTitle": "Favorite recipes screen 52 - Desenvolva a tela de modo que, caso a receita do card seja uma bebida, ela deve possuir: a foto da receita,  nome, se é alcoólica ou não, um botão de compartilhar e um de \"desfavoritar\" O card possui os atributos corretos de uma bebida",
                  "timedOut": null,
                  "duration": 182,
                  "state": "passed",
                  "speed": "fast",
                  "pass": true,
                  "fail": false,
                  "pending": false,
                  "context": null,
                  "code": "cy.get('[data-testid=\"1-horizontal-image\"]').should('have.attr', 'src').should('include', favoriteRecipes[1].image);\ncy.get('[data-testid=\"1-horizontal-top-text\"]').contains(favoriteRecipes[1].alcoholicOrNot);\ncy.get('[data-testid=\"1-horizontal-name\"]').contains(favoriteRecipes[1].name);\ncy.get('[data-testid=\"1-horizontal-share-btn\"]').should('have.attr', 'src').should('include', 'shareIcon');\ncy.get('[data-testid=\"1-horizontal-favorite-btn\"]').should('have.attr', 'src').should('include', 'blackHeartIcon');",
                  "err": {},
                  "uuid": "c439f954-677b-4c46-a403-0026c4c272d5",
                  "parentUUID": "08bb490b-4ea1-4a20-a249-bac9048c6c09",
                  "isHook": false,
                  "skipped": false
                },
                {
                  "title": "Verifica a cobertura de 45% da tela de Receitas Favoritas",
                  "fullTitle": "Favorite recipes screen 52 - Desenvolva a tela de modo que, caso a receita do card seja uma bebida, ela deve possuir: a foto da receita,  nome, se é alcoólica ou não, um botão de compartilhar e um de \"desfavoritar\" Verifica a cobertura de 45% da tela de Receitas Favoritas",
                  "timedOut": null,
                  "duration": 150,
                  "state": "passed",
                  "speed": "fast",
                  "pass": true,
                  "fail": false,
                  "pending": false,
                  "context": null,
                  "code": "cy.task('getCoverage', getId()).its('FavoriteRecipes.functions.pct').should('be.gte', 45.00);\ncy.task('getCoverage', getId()).its('FavoriteRecipes.lines.pct').should('be.gte', 45.00);\ncy.task('getCoverage', getId()).its('FavoriteRecipes.branches.pct').should('be.gte', 45.00);",
                  "err": {},
                  "uuid": "f85ecacc-8581-4e05-b9d8-38bc4c092bda",
                  "parentUUID": "08bb490b-4ea1-4a20-a249-bac9048c6c09",
                  "isHook": false,
                  "skipped": false
                }
              ],
              "suites": [],
              "passes": [
                "c439f954-677b-4c46-a403-0026c4c272d5",
                "f85ecacc-8581-4e05-b9d8-38bc4c092bda"
              ],
              "failures": [],
              "pending": [],
              "skipped": [],
              "duration": 332,
              "root": false,
              "rootEmpty": false,
              "_timeout": 2000
            },
            {
              "uuid": "73da9344-c822-42ae-ba2a-ab23d2ea40ba",
              "title": "53 - Desenvolva a solução de modo que o botão de compartilhar deve copiar a URL da tela de detalhes da receita para o clipboard",
              "fullFile": "",
              "file": "",
              "beforeHooks": [],
              "afterHooks": [],
              "tests": [
                {
                  "title": "Ao clicar no botão de compartilhar deve aparecer a mensagem \"Link copied!\"",
                  "fullTitle": "Favorite recipes screen 53 - Desenvolva a solução de modo que o botão de compartilhar deve copiar a URL da tela de detalhes da receita para o clipboard Ao clicar no botão de compartilhar deve aparecer a mensagem \"Link copied!\"",
                  "timedOut": null,
                  "duration": 291,
                  "state": "passed",
                  "speed": "fast",
                  "pass": true,
                  "fail": false,
                  "pending": false,
                  "context": null,
                  "code": "cy.get('[data-testid=\"0-horizontal-share-btn\"]').click();\ncy.contains('Link copied!');",
                  "err": {},
                  "uuid": "f3ba0885-d88c-41f4-84f8-e2b13cef5b43",
                  "parentUUID": "73da9344-c822-42ae-ba2a-ab23d2ea40ba",
                  "isHook": false,
                  "skipped": false
                },
                {
                  "title": "A URL da tela de detalhes da receita é copiada para o clipboard",
                  "fullTitle": "Favorite recipes screen 53 - Desenvolva a solução de modo que o botão de compartilhar deve copiar a URL da tela de detalhes da receita para o clipboard A URL da tela de detalhes da receita é copiada para o clipboard",
                  "timedOut": null,
                  "duration": 227,
                  "state": "passed",
                  "speed": "fast",
                  "pass": true,
                  "fail": false,
                  "pending": false,
                  "context": null,
                  "code": "cy.get('[data-testid=\"0-horizontal-share-btn\"]').click();\ncy.get('@clipboard').should('be.calledWithExactly', `http://localhost:3000/foods/52771`);",
                  "err": {},
                  "uuid": "2fd2fdae-2c5f-4ae9-a3a6-a0169fe1687e",
                  "parentUUID": "73da9344-c822-42ae-ba2a-ab23d2ea40ba",
                  "isHook": false,
                  "skipped": false
                }
              ],
              "suites": [],
              "passes": [
                "f3ba0885-d88c-41f4-84f8-e2b13cef5b43",
                "2fd2fdae-2c5f-4ae9-a3a6-a0169fe1687e"
              ],
              "failures": [],
              "pending": [],
              "skipped": [],
              "duration": 518,
              "root": false,
              "rootEmpty": false,
              "_timeout": 2000
            },
            {
              "uuid": "cc7dcba0-2208-4d40-b0c7-60f852e7d2dc",
              "title": "54 - Desenvolva a solução de modo que o botão de \"desfavoritar\" deve remover a receita da lista de receitas favoritas do `localStorage` e da tela",
              "fullFile": "",
              "file": "",
              "beforeHooks": [],
              "afterHooks": [],
              "tests": [
                {
                  "title": "Ao clicar no botão de \"desfavoritar\" a respectiva receita é removida da tela",
                  "fullTitle": "Favorite recipes screen 54 - Desenvolva a solução de modo que o botão de \"desfavoritar\" deve remover a receita da lista de receitas favoritas do `localStorage` e da tela Ao clicar no botão de \"desfavoritar\" a respectiva receita é removida da tela",
                  "timedOut": null,
                  "duration": 356,
                  "state": "passed",
                  "speed": "fast",
                  "pass": true,
                  "fail": false,
                  "pending": false,
                  "context": null,
                  "code": "cy.get('[data-testid=\"0-horizontal-name\"]').contains(favoriteRecipes[0].name);\ncy.get('[data-testid=\"1-horizontal-name\"]').contains(favoriteRecipes[1].name);\ncy.get('[data-testid=\"1-horizontal-favorite-btn\"]').click();\ncy.get('[data-testid=\"0-horizontal-name\"]').contains(favoriteRecipes[0].name);\ncy.get('[data-testid=\"1-horizontal-name\"]').should('not.exist');\ncy.get('[data-testid=\"0-horizontal-favorite-btn\"]').click();\ncy.get('[data-testid=\"0-horizontal-name\"]').should('not.exist');\ncy.get('[data-testid=\"1-horizontal-name\"]').should('not.exist');",
                  "err": {},
                  "uuid": "b2fef96e-48df-4c9a-927b-29a337f8a219",
                  "parentUUID": "cc7dcba0-2208-4d40-b0c7-60f852e7d2dc",
                  "isHook": false,
                  "skipped": false
                },
                {
                  "title": "Ao clicar no botão de \"desfavoritar\" a respectiva receita é removida do localStorage",
                  "fullTitle": "Favorite recipes screen 54 - Desenvolva a solução de modo que o botão de \"desfavoritar\" deve remover a receita da lista de receitas favoritas do `localStorage` e da tela Ao clicar no botão de \"desfavoritar\" a respectiva receita é removida do localStorage",
                  "timedOut": null,
                  "duration": 349,
                  "state": "passed",
                  "speed": "fast",
                  "pass": true,
                  "fail": false,
                  "pending": false,
                  "context": null,
                  "code": "cy.window().then(win => {\n  expect(JSON.parse(win.localStorage.getItem('favoriteRecipes'))).to.deep.eq(favoriteRecipes);\n});\ncy.get('[data-testid=\"1-horizontal-favorite-btn\"]').click();\ncy.window().then(win => {\n  expect(JSON.parse(win.localStorage.getItem('favoriteRecipes'))).to.deep.eq([favoriteRecipes[0]]);\n});\ncy.get('[data-testid=\"0-horizontal-favorite-btn\"]').click();\ncy.window().then(win => {\n  expect(JSON.parse(win.localStorage.getItem('favoriteRecipes'))).to.deep.eq([]);\n});",
                  "err": {},
                  "uuid": "b577181e-05f7-4724-b4e6-6e6544e8499d",
                  "parentUUID": "cc7dcba0-2208-4d40-b0c7-60f852e7d2dc",
                  "isHook": false,
                  "skipped": false
                }
              ],
              "suites": [],
              "passes": [
                "b2fef96e-48df-4c9a-927b-29a337f8a219",
                "b577181e-05f7-4724-b4e6-6e6544e8499d"
              ],
              "failures": [],
              "pending": [],
              "skipped": [],
              "duration": 705,
              "root": false,
              "rootEmpty": false,
              "_timeout": 2000
            },
            {
              "uuid": "46ac80b0-fe24-46d4-a0a9-86ee39586741",
              "title": "55 - Implemente 2 botões que filtram as receitas por comida ou bebida e um terceiro que remove todos os filtros",
              "fullFile": "",
              "file": "",
              "beforeHooks": [],
              "afterHooks": [],
              "tests": [
                {
                  "title": "Ao clicar no botão \"Food\" as receitas devem ser filtradas por comidas",
                  "fullTitle": "Favorite recipes screen 55 - Implemente 2 botões que filtram as receitas por comida ou bebida e um terceiro que remove todos os filtros Ao clicar no botão \"Food\" as receitas devem ser filtradas por comidas",
                  "timedOut": null,
                  "duration": 261,
                  "state": "passed",
                  "speed": "fast",
                  "pass": true,
                  "fail": false,
                  "pending": false,
                  "context": null,
                  "code": "cy.get('[data-testid=\"filter-by-food-btn\"]').click();\ncy.get('[data-testid=\"0-horizontal-name\"]').contains(favoriteRecipes[0].name);\ncy.get('[data-testid=\"1-horizontal-name\"]').should('not.exist');",
                  "err": {},
                  "uuid": "25e12925-1c6d-441c-9407-3a22c2ac1276",
                  "parentUUID": "46ac80b0-fe24-46d4-a0a9-86ee39586741",
                  "isHook": false,
                  "skipped": false
                },
                {
                  "title": "Ao clicar no botão \"Drinks\" as receitas devem ser filtradas por bebidas",
                  "fullTitle": "Favorite recipes screen 55 - Implemente 2 botões que filtram as receitas por comida ou bebida e um terceiro que remove todos os filtros Ao clicar no botão \"Drinks\" as receitas devem ser filtradas por bebidas",
                  "timedOut": null,
                  "duration": 267,
                  "state": "passed",
                  "speed": "fast",
                  "pass": true,
                  "fail": false,
                  "pending": false,
                  "context": null,
                  "code": "cy.get('[data-testid=\"filter-by-drink-btn\"]').click();\ncy.get('[data-testid=\"0-horizontal-name\"]').contains(favoriteRecipes[1].name);\ncy.get('[data-testid=\"1-horizontal-name\"]').should('not.exist');",
                  "err": {},
                  "uuid": "91aeff9c-25e6-4279-9cc1-3e51343e71d7",
                  "parentUUID": "46ac80b0-fe24-46d4-a0a9-86ee39586741",
                  "isHook": false,
                  "skipped": false
                },
                {
                  "title": "Ao clicar no botão \"All\" o filtro deve ser removido",
                  "fullTitle": "Favorite recipes screen 55 - Implemente 2 botões que filtram as receitas por comida ou bebida e um terceiro que remove todos os filtros Ao clicar no botão \"All\" o filtro deve ser removido",
                  "timedOut": null,
                  "duration": 347,
                  "state": "passed",
                  "speed": "fast",
                  "pass": true,
                  "fail": false,
                  "pending": false,
                  "context": null,
                  "code": "cy.get('[data-testid=\"filter-by-food-btn\"]').click();\ncy.get('[data-testid=\"filter-by-all-btn\"]').click();\ncy.get('[data-testid=\"0-horizontal-name\"]').contains(favoriteRecipes[0].name);\ncy.get('[data-testid=\"1-horizontal-name\"]').contains(favoriteRecipes[1].name);",
                  "err": {},
                  "uuid": "ac40ec7f-2af2-44bb-981f-22dab2bd24b1",
                  "parentUUID": "46ac80b0-fe24-46d4-a0a9-86ee39586741",
                  "isHook": false,
                  "skipped": false
                }
              ],
              "suites": [],
              "passes": [
                "25e12925-1c6d-441c-9407-3a22c2ac1276",
                "91aeff9c-25e6-4279-9cc1-3e51343e71d7",
                "ac40ec7f-2af2-44bb-981f-22dab2bd24b1"
              ],
              "failures": [],
              "pending": [],
              "skipped": [],
              "duration": 875,
              "root": false,
              "rootEmpty": false,
              "_timeout": 2000
            },
            {
              "uuid": "61ad72d7-66cd-475d-9e4a-fe0e44621d7e",
              "title": "56 - Redirecione a pessoa usuária ao clicar na foto ou no nome da receita, a rota deve mudar para a tela de detalhes daquela receita",
              "fullFile": "",
              "file": "",
              "beforeHooks": [],
              "afterHooks": [],
              "tests": [
                {
                  "title": "Ao clicar na foto da receita, a rota deve mudar para a tela de detalhes daquela receita",
                  "fullTitle": "Favorite recipes screen 56 - Redirecione a pessoa usuária ao clicar na foto ou no nome da receita, a rota deve mudar para a tela de detalhes daquela receita Ao clicar na foto da receita, a rota deve mudar para a tela de detalhes daquela receita",
                  "timedOut": null,
                  "duration": 236,
                  "state": "passed",
                  "speed": "fast",
                  "pass": true,
                  "fail": false,
                  "pending": false,
                  "context": null,
                  "code": "cy.get('[data-testid=\"0-horizontal-image\"]').click();\ncy.location().should(loc => expect(loc.pathname).to.eq('/foods/52771'));",
                  "err": {},
                  "uuid": "7a8b8fa9-7f80-4e86-9f70-a9a405e0e969",
                  "parentUUID": "61ad72d7-66cd-475d-9e4a-fe0e44621d7e",
                  "isHook": false,
                  "skipped": false
                },
                {
                  "title": "Ao clicar no nome da receita, a rota deve mudar para a tela de detalhes daquela receita",
                  "fullTitle": "Favorite recipes screen 56 - Redirecione a pessoa usuária ao clicar na foto ou no nome da receita, a rota deve mudar para a tela de detalhes daquela receita Ao clicar no nome da receita, a rota deve mudar para a tela de detalhes daquela receita",
                  "timedOut": null,
                  "duration": 277,
                  "state": "passed",
                  "speed": "fast",
                  "pass": true,
                  "fail": false,
                  "pending": false,
                  "context": null,
                  "code": "cy.get('[data-testid=\"1-horizontal-name\"]').click();\ncy.location().should(loc => expect(loc.pathname).to.eq('/drinks/178319'));",
                  "err": {},
                  "uuid": "2b7a609d-dec0-4718-830e-a8e4180bba5e",
                  "parentUUID": "61ad72d7-66cd-475d-9e4a-fe0e44621d7e",
                  "isHook": false,
                  "skipped": false
                },
                {
                  "title": "Verifica a cobertura de 90% da tela de Receitas Favoritas",
                  "fullTitle": "Favorite recipes screen 56 - Redirecione a pessoa usuária ao clicar na foto ou no nome da receita, a rota deve mudar para a tela de detalhes daquela receita Verifica a cobertura de 90% da tela de Receitas Favoritas",
                  "timedOut": null,
                  "duration": 161,
                  "state": "passed",
                  "speed": "fast",
                  "pass": true,
                  "fail": false,
                  "pending": false,
                  "context": null,
                  "code": "cy.task('getCoverage', getId()).its('FavoriteRecipes.functions.pct').should('be.gte', 90.00);\ncy.task('getCoverage', getId()).its('FavoriteRecipes.lines.pct').should('be.gte', 90.00);\ncy.task('getCoverage', getId()).its('FavoriteRecipes.branches.pct').should('be.gte', 90.00);",
                  "err": {},
                  "uuid": "5198e0a8-6d98-46bb-901b-5567e12571e8",
                  "parentUUID": "61ad72d7-66cd-475d-9e4a-fe0e44621d7e",
                  "isHook": false,
                  "skipped": false
                }
              ],
              "suites": [],
              "passes": [
                "7a8b8fa9-7f80-4e86-9f70-a9a405e0e969",
                "2b7a609d-dec0-4718-830e-a8e4180bba5e",
                "5198e0a8-6d98-46bb-901b-5567e12571e8"
              ],
              "failures": [],
              "pending": [],
              "skipped": [],
              "duration": 674,
              "root": false,
              "rootEmpty": false,
              "_timeout": 2000
            }
          ],
          "passes": [],
          "failures": [],
          "pending": [],
          "skipped": [],
          "duration": 0,
          "root": false,
          "rootEmpty": false,
          "_timeout": 2000
        }
      ],
      "passes": [],
      "failures": [],
      "pending": [],
      "skipped": [],
      "duration": 0,
      "root": true,
      "rootEmpty": true,
      "_timeout": 2000
    }
  ],
  "meta": {
    "mocha": {
      "version": "7.0.1"
    },
    "mochawesome": {
      "options": {
        "quiet": false,
        "reportFilename": "mochawesome",
        "saveHtml": false,
        "saveJson": true,
        "consoleReporter": "spec",
        "useInlineDiffs": false,
        "code": true
      },
      "version": "6.3.1"
    },
    "marge": {
      "options": {
        "id": "default",
        "reportDir": "cypress/reports",
        "overwrite": false,
        "html": false,
        "json": true
      },
      "version": "5.2.0"
    }
  }
}