{
  "stats": {
    "suites": 7,
    "tests": 12,
    "passes": 12,
    "pending": 0,
    "failures": 0,
    "start": "2022-07-21T20:40:31.490Z",
    "end": "2022-07-21T20:40:35.680Z",
    "duration": 4190,
    "testsRegistered": 12,
    "passPercent": 100,
    "pendingPercent": 0,
    "other": 0,
    "hasOther": false,
    "skipped": 0,
    "hasSkipped": false
  },
  "results": [
    {
      "uuid": "0b1d811f-e880-400f-9cb9-d87d124d120f",
      "title": "",
      "fullFile": "cypress/integration/44-49-done_recipes_spec.js",
      "file": "cypress/integration/44-49-done_recipes_spec.js",
      "beforeHooks": [],
      "afterHooks": [],
      "tests": [],
      "suites": [
        {
          "uuid": "3be09e12-62a8-4876-a29b-d841a878effa",
          "title": "Done recipes screen",
          "fullFile": "",
          "file": "",
          "beforeHooks": [],
          "afterHooks": [],
          "tests": [],
          "suites": [
            {
              "uuid": "ec0af988-0ede-4ca6-ab97-426c7ec9c517",
              "title": "44 - Implemente os elementos da tela de receitas feitas respeitando os atributos descritos no protótipo",
              "fullFile": "",
              "file": "",
              "beforeHooks": [],
              "afterHooks": [],
              "tests": [
                {
                  "title": "Todos os data-testids estão disponíveis",
                  "fullTitle": "Done recipes screen 44 - Implemente os elementos da tela de receitas feitas respeitando os atributos descritos no protótipo Todos os data-testids estão disponíveis",
                  "timedOut": null,
                  "duration": 822,
                  "state": "passed",
                  "speed": "fast",
                  "pass": true,
                  "fail": false,
                  "pending": false,
                  "context": null,
                  "code": "cy.get('[data-testid=\"filter-by-all-btn\"]');\ncy.get('[data-testid=\"filter-by-food-btn\"]');\ncy.get('[data-testid=\"filter-by-drink-btn\"]');\ncy.get('[data-testid=\"0-horizontal-image\"]');\ncy.get('[data-testid=\"0-horizontal-top-text\"]');\ncy.get('[data-testid=\"0-horizontal-name\"]');\ncy.get('[data-testid=\"0-horizontal-done-date\"]');\ncy.get('[data-testid=\"0-horizontal-share-btn\"]');\ncy.get('[data-testid=\"0-Pasta-horizontal-tag\"]');\ncy.get('[data-testid=\"0-Curry-horizontal-tag\"]');\ncy.get('[data-testid=\"1-horizontal-image\"]');\ncy.get('[data-testid=\"1-horizontal-top-text\"]');\ncy.get('[data-testid=\"1-horizontal-name\"]');\ncy.get('[data-testid=\"1-horizontal-share-btn\"]');\ncy.get('[data-testid=\"1-horizontal-done-date\"]');",
                  "err": {},
                  "uuid": "eb56eb64-ba25-47a0-91e6-3cad9f863f40",
                  "parentUUID": "ec0af988-0ede-4ca6-ab97-426c7ec9c517",
                  "isHook": false,
                  "skipped": false
                }
              ],
              "suites": [],
              "passes": [
                "eb56eb64-ba25-47a0-91e6-3cad9f863f40"
              ],
              "failures": [],
              "pending": [],
              "skipped": [],
              "duration": 822,
              "root": false,
              "rootEmpty": false,
              "_timeout": 2000
            },
            {
              "uuid": "23256cfe-f102-42e0-80ff-b546bc2851db",
              "title": "45 - Desenvolva a tela de modo que, caso a receita do card seja uma comida, ela deve possuir: a foto da receita,  nome, categoria, nacionalidade, a data em que a pessoa fez a receita, as 2 primeiras tags retornadas pela API e um botão de compartilhar",
              "fullFile": "",
              "file": "",
              "beforeHooks": [],
              "afterHooks": [],
              "tests": [
                {
                  "title": "O card possui os atributos corretos de uma comida",
                  "fullTitle": "Done recipes screen 45 - Desenvolva a tela de modo que, caso a receita do card seja uma comida, ela deve possuir: a foto da receita,  nome, categoria, nacionalidade, a data em que a pessoa fez a receita, as 2 primeiras tags retornadas pela API e um botão de compartilhar O card possui os atributos corretos de uma comida",
                  "timedOut": null,
                  "duration": 182,
                  "state": "passed",
                  "speed": "fast",
                  "pass": true,
                  "fail": false,
                  "pending": false,
                  "context": null,
                  "code": "cy.get('[data-testid=\"0-horizontal-image\"]').should('have.attr', 'src').should('include', doneRecipes[0].image);\ncy.get('[data-testid=\"0-horizontal-top-text\"]').contains(`${doneRecipes[0].nationality} - ${doneRecipes[0].category}`);\ncy.get('[data-testid=\"0-horizontal-name\"]').contains(doneRecipes[0].name);\ncy.get('[data-testid=\"0-horizontal-share-btn\"]').should('have.attr', 'src').should('include', 'shareIcon');\ncy.get('[data-testid=\"0-horizontal-done-date\"]').contains('23/06/2020');\ncy.get('[data-testid=\"0-Pasta-horizontal-tag\"]').contains(doneRecipes[0].tags[0]);\ncy.get('[data-testid=\"0-Curry-horizontal-tag\"]').contains(doneRecipes[0].tags[1]);",
                  "err": {},
                  "uuid": "416f1b40-cae2-478f-9d4f-3885ac992c30",
                  "parentUUID": "23256cfe-f102-42e0-80ff-b546bc2851db",
                  "isHook": false,
                  "skipped": false
                }
              ],
              "suites": [],
              "passes": [
                "416f1b40-cae2-478f-9d4f-3885ac992c30"
              ],
              "failures": [],
              "pending": [],
              "skipped": [],
              "duration": 182,
              "root": false,
              "rootEmpty": false,
              "_timeout": 2000
            },
            {
              "uuid": "184559a9-6d88-4826-a3c8-ee846ee79b75",
              "title": "46 - Desenvolva a tela de maneira que, caso a receita do card seja uma bebida, ela deve possuir: a foto da receita, o nome, se é alcoólica, a data em que a pessoa fez a receita e um botão de compartilhar",
              "fullFile": "",
              "file": "",
              "beforeHooks": [],
              "afterHooks": [],
              "tests": [
                {
                  "title": "O card possui os atributos corretos de uma bebida",
                  "fullTitle": "Done recipes screen 46 - Desenvolva a tela de maneira que, caso a receita do card seja uma bebida, ela deve possuir: a foto da receita, o nome, se é alcoólica, a data em que a pessoa fez a receita e um botão de compartilhar O card possui os atributos corretos de uma bebida",
                  "timedOut": null,
                  "duration": 146,
                  "state": "passed",
                  "speed": "fast",
                  "pass": true,
                  "fail": false,
                  "pending": false,
                  "context": null,
                  "code": "cy.get('[data-testid=\"1-horizontal-image\"]').should('have.attr', 'src').should('include', doneRecipes[1].image);\ncy.get('[data-testid=\"1-horizontal-top-text\"]').contains(doneRecipes[1].alcoholicOrNot);\ncy.get('[data-testid=\"1-horizontal-name\"]').contains(doneRecipes[1].name);\ncy.get('[data-testid=\"1-horizontal-share-btn\"]').should('have.attr', 'src').should('include', 'shareIcon');\ncy.get('[data-testid=\"0-horizontal-done-date\"]').contains('23/06/2020');",
                  "err": {},
                  "uuid": "3804e7b7-0b15-479c-b2c2-841d6a0d7f7d",
                  "parentUUID": "184559a9-6d88-4826-a3c8-ee846ee79b75",
                  "isHook": false,
                  "skipped": false
                },
                {
                  "title": "Verifica a cobertura de 45% da tela de Receitas Feitas",
                  "fullTitle": "Done recipes screen 46 - Desenvolva a tela de maneira que, caso a receita do card seja uma bebida, ela deve possuir: a foto da receita, o nome, se é alcoólica, a data em que a pessoa fez a receita e um botão de compartilhar Verifica a cobertura de 45% da tela de Receitas Feitas",
                  "timedOut": null,
                  "duration": 147,
                  "state": "passed",
                  "speed": "fast",
                  "pass": true,
                  "fail": false,
                  "pending": false,
                  "context": null,
                  "code": "cy.task('getCoverage', getId()).its('DoneRecipes.functions.pct').should('be.gte', 45.00);\ncy.task('getCoverage', getId()).its('DoneRecipes.lines.pct').should('be.gte', 45.00);\ncy.task('getCoverage', getId()).its('DoneRecipes.branches.pct').should('be.gte', 45.00);",
                  "err": {},
                  "uuid": "b8d72ad4-b5ff-4e50-bf12-b7e500e862ba",
                  "parentUUID": "184559a9-6d88-4826-a3c8-ee846ee79b75",
                  "isHook": false,
                  "skipped": false
                }
              ],
              "suites": [],
              "passes": [
                "3804e7b7-0b15-479c-b2c2-841d6a0d7f7d",
                "b8d72ad4-b5ff-4e50-bf12-b7e500e862ba"
              ],
              "failures": [],
              "pending": [],
              "skipped": [],
              "duration": 293,
              "root": false,
              "rootEmpty": false,
              "_timeout": 2000
            },
            {
              "uuid": "40810e7d-115a-46e3-b76f-56e1f179ed8a",
              "title": "47 - Desenvolva a solução de modo que o botão de compartilhar deve copiar a URL da tela de detalhes da receita para o clipboard",
              "fullFile": "",
              "file": "",
              "beforeHooks": [],
              "afterHooks": [],
              "tests": [
                {
                  "title": "Ao clicar no botão de compartilhar deve aparecer a mensagem \"Link copied!\"",
                  "fullTitle": "Done recipes screen 47 - Desenvolva a solução de modo que o botão de compartilhar deve copiar a URL da tela de detalhes da receita para o clipboard Ao clicar no botão de compartilhar deve aparecer a mensagem \"Link copied!\"",
                  "timedOut": null,
                  "duration": 230,
                  "state": "passed",
                  "speed": "fast",
                  "pass": true,
                  "fail": false,
                  "pending": false,
                  "context": null,
                  "code": "cy.get('[data-testid=\"0-horizontal-share-btn\"]').click();\ncy.contains('Link copied!');",
                  "err": {},
                  "uuid": "e518a2ab-f1dd-4be5-a7ed-a0d83133a9d1",
                  "parentUUID": "40810e7d-115a-46e3-b76f-56e1f179ed8a",
                  "isHook": false,
                  "skipped": false
                },
                {
                  "title": "A URL da tela de detalhes da receita é copiada para o clipboard",
                  "fullTitle": "Done recipes screen 47 - Desenvolva a solução de modo que o botão de compartilhar deve copiar a URL da tela de detalhes da receita para o clipboard A URL da tela de detalhes da receita é copiada para o clipboard",
                  "timedOut": null,
                  "duration": 273,
                  "state": "passed",
                  "speed": "fast",
                  "pass": true,
                  "fail": false,
                  "pending": false,
                  "context": null,
                  "code": "cy.get('[data-testid=\"0-horizontal-share-btn\"]').click();\ncy.get('@clipboard').should('be.calledWithExactly', `http://localhost:3000/foods/52771`);",
                  "err": {},
                  "uuid": "de7cf2f8-6668-47b3-81c3-fbd913a71733",
                  "parentUUID": "40810e7d-115a-46e3-b76f-56e1f179ed8a",
                  "isHook": false,
                  "skipped": false
                }
              ],
              "suites": [],
              "passes": [
                "e518a2ab-f1dd-4be5-a7ed-a0d83133a9d1",
                "de7cf2f8-6668-47b3-81c3-fbd913a71733"
              ],
              "failures": [],
              "pending": [],
              "skipped": [],
              "duration": 503,
              "root": false,
              "rootEmpty": false,
              "_timeout": 2000
            },
            {
              "uuid": "54b1f023-ead9-424c-8c9a-c5561e99a1b3",
              "title": "48 - Implemente 2 botões que filtram as receitas por comida ou bebida e um terceiro que remove todos os filtros",
              "fullFile": "",
              "file": "",
              "beforeHooks": [],
              "afterHooks": [],
              "tests": [
                {
                  "title": "Ao clicar no botão \"Food\" as receitas devem ser filtradas por comidas",
                  "fullTitle": "Done recipes screen 48 - Implemente 2 botões que filtram as receitas por comida ou bebida e um terceiro que remove todos os filtros Ao clicar no botão \"Food\" as receitas devem ser filtradas por comidas",
                  "timedOut": null,
                  "duration": 263,
                  "state": "passed",
                  "speed": "fast",
                  "pass": true,
                  "fail": false,
                  "pending": false,
                  "context": null,
                  "code": "cy.get('[data-testid=\"filter-by-food-btn\"]').click();\ncy.get('[data-testid=\"0-horizontal-name\"]').contains(doneRecipes[0].name);\ncy.get('[data-testid=\"1-horizontal-name\"]').should('not.exist');",
                  "err": {},
                  "uuid": "6746b1ed-d0df-4afa-b958-2c9035beddb3",
                  "parentUUID": "54b1f023-ead9-424c-8c9a-c5561e99a1b3",
                  "isHook": false,
                  "skipped": false
                },
                {
                  "title": "Ao clicar no botão \"Drinks\" as receitas devem ser filtradas por bebidas",
                  "fullTitle": "Done recipes screen 48 - Implemente 2 botões que filtram as receitas por comida ou bebida e um terceiro que remove todos os filtros Ao clicar no botão \"Drinks\" as receitas devem ser filtradas por bebidas",
                  "timedOut": null,
                  "duration": 248,
                  "state": "passed",
                  "speed": "fast",
                  "pass": true,
                  "fail": false,
                  "pending": false,
                  "context": null,
                  "code": "cy.get('[data-testid=\"filter-by-drink-btn\"]').click();\ncy.get('[data-testid=\"0-horizontal-name\"]').contains(doneRecipes[1].name);\ncy.get('[data-testid=\"1-horizontal-name\"]').should('not.exist');",
                  "err": {},
                  "uuid": "830229ee-11d1-454a-8d43-b868ccd6707f",
                  "parentUUID": "54b1f023-ead9-424c-8c9a-c5561e99a1b3",
                  "isHook": false,
                  "skipped": false
                },
                {
                  "title": "Ao clicar no botão \"All\" o filtro deve ser removido",
                  "fullTitle": "Done recipes screen 48 - Implemente 2 botões que filtram as receitas por comida ou bebida e um terceiro que remove todos os filtros Ao clicar no botão \"All\" o filtro deve ser removido",
                  "timedOut": null,
                  "duration": 334,
                  "state": "passed",
                  "speed": "fast",
                  "pass": true,
                  "fail": false,
                  "pending": false,
                  "context": null,
                  "code": "cy.get('[data-testid=\"filter-by-food-btn\"]').click();\ncy.get('[data-testid=\"filter-by-all-btn\"]').click();\ncy.get('[data-testid=\"0-horizontal-name\"]').contains(doneRecipes[0].name);\ncy.get('[data-testid=\"1-horizontal-name\"]').contains(doneRecipes[1].name);",
                  "err": {},
                  "uuid": "5c1d50df-87ee-4bf0-a18b-20b1367f8022",
                  "parentUUID": "54b1f023-ead9-424c-8c9a-c5561e99a1b3",
                  "isHook": false,
                  "skipped": false
                }
              ],
              "suites": [],
              "passes": [
                "6746b1ed-d0df-4afa-b958-2c9035beddb3",
                "830229ee-11d1-454a-8d43-b868ccd6707f",
                "5c1d50df-87ee-4bf0-a18b-20b1367f8022"
              ],
              "failures": [],
              "pending": [],
              "skipped": [],
              "duration": 845,
              "root": false,
              "rootEmpty": false,
              "_timeout": 2000
            },
            {
              "uuid": "1182f6a3-6b5c-4d37-8758-1521ce47256d",
              "title": "49 - Redirecione para a tela de detalhes da receita caso seja clicado na foto ou no nome da receita",
              "fullFile": "",
              "file": "",
              "beforeHooks": [],
              "afterHooks": [],
              "tests": [
                {
                  "title": "Ao clicar na foto da receita, a rota deve mudar para a tela de detalhes daquela receita",
                  "fullTitle": "Done recipes screen 49 - Redirecione para a tela de detalhes da receita caso seja clicado na foto ou no nome da receita Ao clicar na foto da receita, a rota deve mudar para a tela de detalhes daquela receita",
                  "timedOut": null,
                  "duration": 227,
                  "state": "passed",
                  "speed": "fast",
                  "pass": true,
                  "fail": false,
                  "pending": false,
                  "context": null,
                  "code": "cy.get('[data-testid=\"0-horizontal-image\"]').click();\ncy.location().should(loc => expect(loc.pathname).to.eq('/foods/52771'));",
                  "err": {},
                  "uuid": "007f0392-b33b-4c35-85ad-6a5055ef79c8",
                  "parentUUID": "1182f6a3-6b5c-4d37-8758-1521ce47256d",
                  "isHook": false,
                  "skipped": false
                },
                {
                  "title": "Ao clicar no nome da receita, a rota deve mudar para a tela de detalhes daquela receita",
                  "fullTitle": "Done recipes screen 49 - Redirecione para a tela de detalhes da receita caso seja clicado na foto ou no nome da receita Ao clicar no nome da receita, a rota deve mudar para a tela de detalhes daquela receita",
                  "timedOut": null,
                  "duration": 226,
                  "state": "passed",
                  "speed": "fast",
                  "pass": true,
                  "fail": false,
                  "pending": false,
                  "context": null,
                  "code": "cy.get('[data-testid=\"1-horizontal-name\"]').click();\ncy.location().should(loc => expect(loc.pathname).to.eq('/drinks/178319'));",
                  "err": {},
                  "uuid": "d4f4c825-1feb-4297-99c0-23bf27b51720",
                  "parentUUID": "1182f6a3-6b5c-4d37-8758-1521ce47256d",
                  "isHook": false,
                  "skipped": false
                },
                {
                  "title": "Verifica a cobertura de 90% da tela de Receitas Feitas",
                  "fullTitle": "Done recipes screen 49 - Redirecione para a tela de detalhes da receita caso seja clicado na foto ou no nome da receita Verifica a cobertura de 90% da tela de Receitas Feitas",
                  "timedOut": null,
                  "duration": 152,
                  "state": "passed",
                  "speed": "fast",
                  "pass": true,
                  "fail": false,
                  "pending": false,
                  "context": null,
                  "code": "cy.task('getCoverage', getId()).its('DoneRecipes.functions.pct').should('be.gte', 90.00);\ncy.task('getCoverage', getId()).its('DoneRecipes.lines.pct').should('be.gte', 90.00);\ncy.task('getCoverage', getId()).its('DoneRecipes.branches.pct').should('be.gte', 90.00);",
                  "err": {},
                  "uuid": "c9239370-347d-4508-a78a-f336e42bea8a",
                  "parentUUID": "1182f6a3-6b5c-4d37-8758-1521ce47256d",
                  "isHook": false,
                  "skipped": false
                }
              ],
              "suites": [],
              "passes": [
                "007f0392-b33b-4c35-85ad-6a5055ef79c8",
                "d4f4c825-1feb-4297-99c0-23bf27b51720",
                "c9239370-347d-4508-a78a-f336e42bea8a"
              ],
              "failures": [],
              "pending": [],
              "skipped": [],
              "duration": 605,
              "root": false,
              "rootEmpty": false,
              "_timeout": 2000
            }
          ],
          "passes": [],
          "failures": [],
          "pending": [],
          "skipped": [],
          "duration": 0,
          "root": false,
          "rootEmpty": false,
          "_timeout": 2000
        }
      ],
      "passes": [],
      "failures": [],
      "pending": [],
      "skipped": [],
      "duration": 0,
      "root": true,
      "rootEmpty": true,
      "_timeout": 2000
    }
  ],
  "meta": {
    "mocha": {
      "version": "7.0.1"
    },
    "mochawesome": {
      "options": {
        "quiet": false,
        "reportFilename": "mochawesome",
        "saveHtml": false,
        "saveJson": true,
        "consoleReporter": "spec",
        "useInlineDiffs": false,
        "code": true
      },
      "version": "6.3.1"
    },
    "marge": {
      "options": {
        "id": "default",
        "reportDir": "cypress/reports",
        "overwrite": false,
        "html": false,
        "json": true
      },
      "version": "5.2.0"
    }
  }
}