{
  "stats": {
    "suites": 5,
    "tests": 9,
    "passes": 9,
    "pending": 0,
    "failures": 0,
    "start": "2022-07-21T16:36:31.619Z",
    "end": "2022-07-21T16:36:38.860Z",
    "duration": 7241,
    "testsRegistered": 9,
    "passPercent": 100,
    "pendingPercent": 0,
    "other": 0,
    "hasOther": false,
    "skipped": 0,
    "hasSkipped": false
  },
  "results": [
    {
      "uuid": "1a621e35-740c-4384-bba8-6bb75d819a67",
      "title": "",
      "fullFile": "cypress/integration/02-06-login_spec.js",
      "file": "cypress/integration/02-06-login_spec.js",
      "beforeHooks": [],
      "afterHooks": [],
      "tests": [],
      "suites": [
        {
          "uuid": "6874f167-9204-49b9-9754-cc9da093d309",
          "title": "2 - Crie todos os elementos que devem respeitar os atributos descritos no protótipo para a tela de login",
          "fullFile": "",
          "file": "",
          "beforeHooks": [],
          "afterHooks": [],
          "tests": [
            {
              "title": "Tem os data-testids email-input, password-input e login-submit-btn",
              "fullTitle": "2 - Crie todos os elementos que devem respeitar os atributos descritos no protótipo para a tela de login Tem os data-testids email-input, password-input e login-submit-btn",
              "timedOut": null,
              "duration": 1365,
              "state": "passed",
              "speed": "fast",
              "pass": true,
              "fail": false,
              "pending": false,
              "context": null,
              "code": "cy.visit('http://localhost:3000/');\ncy.get('[data-testid=\"email-input\"]');\ncy.get('[data-testid=\"password-input\"]');\ncy.get('[data-testid=\"login-submit-btn\"]');",
              "err": {},
              "uuid": "83871f14-2bc7-4d28-a311-551375af2d9f",
              "parentUUID": "6874f167-9204-49b9-9754-cc9da093d309",
              "isHook": false,
              "skipped": false
            }
          ],
          "suites": [],
          "passes": [
            "83871f14-2bc7-4d28-a311-551375af2d9f"
          ],
          "failures": [],
          "pending": [],
          "skipped": [],
          "duration": 1365,
          "root": false,
          "rootEmpty": false,
          "_timeout": 2000
        },
        {
          "uuid": "96d357db-fdd2-43f9-a6ca-e1e0ca150754",
          "title": "3 - Desenvolva a tela de maneira que a pessoa consiga escrever seu email no input de email e sua senha no input de senha",
          "fullFile": "",
          "file": "",
          "beforeHooks": [],
          "afterHooks": [],
          "tests": [
            {
              "title": "É possível escrever o email e a senha",
              "fullTitle": "3 - Desenvolva a tela de maneira que a pessoa consiga escrever seu email no input de email e sua senha no input de senha É possível escrever o email e a senha",
              "timedOut": null,
              "duration": 885,
              "state": "passed",
              "speed": "fast",
              "pass": true,
              "fail": false,
              "pending": false,
              "context": null,
              "code": "cy.visit('http://localhost:3000/');\ncy.get('[data-testid=\"email-input\"]').type('email@mail.com');\ncy.get('[data-testid=\"email-input\"]').should('have.value', 'email@mail.com');\ncy.get('[data-testid=\"password-input\"]').type('1234567');\ncy.get('[data-testid=\"password-input\"]').should('have.value', '1234567');",
              "err": {},
              "uuid": "0d50b8d0-2b8e-4485-b680-c6ca10060095",
              "parentUUID": "96d357db-fdd2-43f9-a6ca-e1e0ca150754",
              "isHook": false,
              "skipped": false
            }
          ],
          "suites": [],
          "passes": [
            "0d50b8d0-2b8e-4485-b680-c6ca10060095"
          ],
          "failures": [],
          "pending": [],
          "skipped": [],
          "duration": 885,
          "root": false,
          "rootEmpty": false,
          "_timeout": 2000
        },
        {
          "uuid": "79485212-32ef-4882-b383-a5a44150b164",
          "title": "4 - Desenvolva a tela de maneira que o formulário só seja válido após um email válido e uma senha de mais de 6 caracteres serem preenchidos",
          "fullFile": "",
          "file": "",
          "beforeHooks": [],
          "afterHooks": [],
          "tests": [
            {
              "title": "O botão deve estar desativado se o email for inválido",
              "fullTitle": "4 - Desenvolva a tela de maneira que o formulário só seja válido após um email válido e uma senha de mais de 6 caracteres serem preenchidos O botão deve estar desativado se o email for inválido",
              "timedOut": null,
              "duration": 1061,
              "state": "passed",
              "speed": "fast",
              "pass": true,
              "fail": false,
              "pending": false,
              "context": null,
              "code": "cy.visit('http://localhost:3000/');\ncy.get('[data-testid=\"login-submit-btn\"]').should('be.disabled');\ncy.get('[data-testid=\"email-input\"]').type('email@mail');\ncy.get('[data-testid=\"password-input\"]').type('1234567');\ncy.get('[data-testid=\"login-submit-btn\"]').should('be.disabled');\ncy.get('[data-testid=\"email-input\"]').clear().type('email.com');\ncy.get('[data-testid=\"login-submit-btn\"]').should('be.disabled');",
              "err": {},
              "uuid": "2bd4b2f5-beec-4b0f-acf4-bf32487a5dd3",
              "parentUUID": "79485212-32ef-4882-b383-a5a44150b164",
              "isHook": false,
              "skipped": false
            },
            {
              "title": "O botão deve estar desativado se a senha deve tiver 6 caracteres ou menos",
              "fullTitle": "4 - Desenvolva a tela de maneira que o formulário só seja válido após um email válido e uma senha de mais de 6 caracteres serem preenchidos O botão deve estar desativado se a senha deve tiver 6 caracteres ou menos",
              "timedOut": null,
              "duration": 696,
              "state": "passed",
              "speed": "fast",
              "pass": true,
              "fail": false,
              "pending": false,
              "context": null,
              "code": "cy.visit('http://localhost:3000/');\ncy.get('[data-testid=\"login-submit-btn\"]').should('be.disabled');\ncy.get('[data-testid=\"email-input\"]').type('email@mail.com');\ncy.get('[data-testid=\"password-input\"]').type('123456');\ncy.get('[data-testid=\"login-submit-btn\"]').should('be.disabled');",
              "err": {},
              "uuid": "c7265909-b4ef-45ee-82b7-0317edfa9853",
              "parentUUID": "79485212-32ef-4882-b383-a5a44150b164",
              "isHook": false,
              "skipped": false
            },
            {
              "title": "O botão deve estar ativado se o email e a senha forem válidos",
              "fullTitle": "4 - Desenvolva a tela de maneira que o formulário só seja válido após um email válido e uma senha de mais de 6 caracteres serem preenchidos O botão deve estar ativado se o email e a senha forem válidos",
              "timedOut": null,
              "duration": 707,
              "state": "passed",
              "speed": "fast",
              "pass": true,
              "fail": false,
              "pending": false,
              "context": null,
              "code": "cy.visit('http://localhost:3000/');\ncy.get('[data-testid=\"login-submit-btn\"]').should('be.disabled');\ncy.get('[data-testid=\"email-input\"]').type('email@mail.com');\ncy.get('[data-testid=\"password-input\"]').type('1234567');\ncy.get('[data-testid=\"login-submit-btn\"]').should('not.be.disabled');",
              "err": {},
              "uuid": "d9642a5a-c1a4-49a5-8219-840357e5e0a7",
              "parentUUID": "79485212-32ef-4882-b383-a5a44150b164",
              "isHook": false,
              "skipped": false
            },
            {
              "title": "Verifica a cobertura de 45% da tela de Login",
              "fullTitle": "4 - Desenvolva a tela de maneira que o formulário só seja válido após um email válido e uma senha de mais de 6 caracteres serem preenchidos Verifica a cobertura de 45% da tela de Login",
              "timedOut": null,
              "duration": 48,
              "state": "passed",
              "speed": "fast",
              "pass": true,
              "fail": false,
              "pending": false,
              "context": null,
              "code": "cy.task('getCoverage', getId()).its('Login.functions.pct').should('be.gte', 45.00);\ncy.task('getCoverage', getId()).its('Login.lines.pct').should('be.gte', 45.00);\ncy.task('getCoverage', getId()).its('Login.branches.pct').should('be.gte', 45.00);",
              "err": {},
              "uuid": "d6ebd4dc-1d98-46ac-b62d-875cc167fb75",
              "parentUUID": "79485212-32ef-4882-b383-a5a44150b164",
              "isHook": false,
              "skipped": false
            }
          ],
          "suites": [],
          "passes": [
            "2bd4b2f5-beec-4b0f-acf4-bf32487a5dd3",
            "c7265909-b4ef-45ee-82b7-0317edfa9853",
            "d9642a5a-c1a4-49a5-8219-840357e5e0a7",
            "d6ebd4dc-1d98-46ac-b62d-875cc167fb75"
          ],
          "failures": [],
          "pending": [],
          "skipped": [],
          "duration": 2512,
          "root": false,
          "rootEmpty": false,
          "_timeout": 2000
        },
        {
          "uuid": "d836ba96-b314-41e8-99c7-dbf1aa839d78",
          "title": "5 - Após a submissão do formulário, salve no localStorage o e-mail da pessoa usuária na chave `user` e os tokens nas chaves `mealsToken` e `cocktailsToken`",
          "fullFile": "",
          "file": "",
          "beforeHooks": [],
          "afterHooks": [],
          "tests": [
            {
              "title": "Após a submissão user, mealsToken e cocktailsToken devem estar salvos em localStorage",
              "fullTitle": "5 - Após a submissão do formulário, salve no localStorage o e-mail da pessoa usuária na chave `user` e os tokens nas chaves `mealsToken` e `cocktailsToken` Após a submissão user, mealsToken e cocktailsToken devem estar salvos em localStorage",
              "timedOut": null,
              "duration": 840,
              "state": "passed",
              "speed": "fast",
              "pass": true,
              "fail": false,
              "pending": false,
              "context": null,
              "code": "cy.visit('http://localhost:3000/', {\n  onBeforeLoad(win) {\n    win.localStorage.clear();\n  }\n});\ncy.get('[data-testid=\"login-submit-btn\"]').should('be.disabled');\ncy.window().then(win => {\n  expect(win.localStorage.getItem('mealsToken')).to.be.null;\n  expect(win.localStorage.getItem('cocktailsToken')).to.be.null;\n});\ncy.get('[data-testid=\"email-input\"]').type('email@mail.com');\ncy.get('[data-testid=\"password-input\"]').type('1234567');\ncy.get('[data-testid=\"login-submit-btn\"]').click();\ncy.window().then(win => {\n  expect(JSON.parse(win.localStorage.getItem('user'))).to.deep.eq({\n    email: 'email@mail.com'\n  });\n  expect(win.localStorage.getItem('mealsToken')).to.eq('1');\n  expect(win.localStorage.getItem('cocktailsToken')).to.eq('1');\n  win.localStorage.clear();\n});",
              "err": {},
              "uuid": "7a1bc5d3-a71f-4d77-be09-6e7c99b2ea43",
              "parentUUID": "d836ba96-b314-41e8-99c7-dbf1aa839d78",
              "isHook": false,
              "skipped": false
            }
          ],
          "suites": [],
          "passes": [
            "7a1bc5d3-a71f-4d77-be09-6e7c99b2ea43"
          ],
          "failures": [],
          "pending": [],
          "skipped": [],
          "duration": 840,
          "root": false,
          "rootEmpty": false,
          "_timeout": 2000
        },
        {
          "uuid": "e2e0344a-b6d0-48b0-b0d1-4b6fee668aac",
          "title": "6 - Redirecione a pessoa usuária para a tela principal de receitas de comidas após a submissão e validação com sucesso do login",
          "fullFile": "",
          "file": "",
          "beforeHooks": [],
          "afterHooks": [],
          "tests": [
            {
              "title": "A rota muda para a tela principal de receitas de comidas",
              "fullTitle": "6 - Redirecione a pessoa usuária para a tela principal de receitas de comidas após a submissão e validação com sucesso do login A rota muda para a tela principal de receitas de comidas",
              "timedOut": null,
              "duration": 813,
              "state": "passed",
              "speed": "fast",
              "pass": true,
              "fail": false,
              "pending": false,
              "context": null,
              "code": "cy.visit('http://localhost:3000/', {\n  onBeforeLoad(win) {\n    win.localStorage.clear();\n  }\n});\ncy.get('[data-testid=\"login-submit-btn\"]').should('be.disabled');\ncy.window().then(win => {\n  expect(win.localStorage.getItem('user')).to.be.null;\n});\ncy.get('[data-testid=\"email-input\"]').type('email@mail.com');\ncy.get('[data-testid=\"password-input\"]').type('1234567');\ncy.get('[data-testid=\"login-submit-btn\"]').click();\ncy.location().should(loc => expect(loc.pathname).to.eq('/foods'));\ncy.window().then(win => {\n  win.localStorage.clear();\n});",
              "err": {},
              "uuid": "695999e1-0344-4312-b803-d97d13f8403e",
              "parentUUID": "e2e0344a-b6d0-48b0-b0d1-4b6fee668aac",
              "isHook": false,
              "skipped": false
            },
            {
              "title": "Verifica a cobertura de 90% da tela de Login",
              "fullTitle": "6 - Redirecione a pessoa usuária para a tela principal de receitas de comidas após a submissão e validação com sucesso do login Verifica a cobertura de 90% da tela de Login",
              "timedOut": null,
              "duration": 27,
              "state": "passed",
              "speed": "fast",
              "pass": true,
              "fail": false,
              "pending": false,
              "context": null,
              "code": "cy.task('getCoverage', getId()).its('Login.functions.pct').should('be.gte', 90.00);\ncy.task('getCoverage', getId()).its('Login.lines.pct').should('be.gte', 90.00);\ncy.task('getCoverage', getId()).its('Login.branches.pct').should('be.gte', 90.00);",
              "err": {},
              "uuid": "a5b03373-e026-43ec-8a3a-d99c11211db1",
              "parentUUID": "e2e0344a-b6d0-48b0-b0d1-4b6fee668aac",
              "isHook": false,
              "skipped": false
            }
          ],
          "suites": [],
          "passes": [
            "695999e1-0344-4312-b803-d97d13f8403e",
            "a5b03373-e026-43ec-8a3a-d99c11211db1"
          ],
          "failures": [],
          "pending": [],
          "skipped": [],
          "duration": 840,
          "root": false,
          "rootEmpty": false,
          "_timeout": 2000
        }
      ],
      "passes": [],
      "failures": [],
      "pending": [],
      "skipped": [],
      "duration": 0,
      "root": true,
      "rootEmpty": true,
      "_timeout": 2000
    }
  ],
  "meta": {
    "mocha": {
      "version": "7.0.1"
    },
    "mochawesome": {
      "options": {
        "quiet": false,
        "reportFilename": "mochawesome",
        "saveHtml": false,
        "saveJson": true,
        "consoleReporter": "spec",
        "useInlineDiffs": false,
        "code": true
      },
      "version": "6.3.1"
    },
    "marge": {
      "options": {
        "id": "default",
        "reportDir": "cypress/reports",
        "overwrite": false,
        "html": false,
        "json": true
      },
      "version": "5.2.0"
    }
  }
}