{
  "stats": {
    "suites": 7,
    "tests": 30,
    "passes": 29,
    "pending": 0,
    "failures": 1,
    "start": "2022-07-21T16:37:46.954Z",
    "end": "2022-07-21T16:38:08.590Z",
    "duration": 21636,
    "testsRegistered": 30,
    "passPercent": 96.66666666666667,
    "pendingPercent": 0,
    "other": 0,
    "hasOther": false,
    "skipped": 0,
    "hasSkipped": false
  },
  "results": [
    {
      "uuid": "7408c77d-6860-4dc8-ae80-5b8e9b162ce4",
      "title": "",
      "fullFile": "cypress/integration/37-43-recipe_in_progress_spec.js",
      "file": "cypress/integration/37-43-recipe_in_progress_spec.js",
      "beforeHooks": [],
      "afterHooks": [],
      "tests": [],
      "suites": [
        {
          "uuid": "bc54caa9-a302-4a50-ac8d-a44b0b0bb115",
          "title": "37 - Desenvolva a tela de modo que contenha uma imagem da receita, o título, a categoria em caso de comidas e se é ou não alcoólico em caso de bebidas, uma lista de ingredientes com suas respectivas quantidades e instruções",
          "fullFile": "",
          "file": "",
          "beforeHooks": [],
          "afterHooks": [],
          "tests": [
            {
              "title": "verifica elementos de uma receita de comida",
              "fullTitle": "37 - Desenvolva a tela de modo que contenha uma imagem da receita, o título, a categoria em caso de comidas e se é ou não alcoólico em caso de bebidas, uma lista de ingredientes com suas respectivas quantidades e instruções verifica elementos de uma receita de comida",
              "timedOut": null,
              "duration": 581,
              "state": "passed",
              "speed": "fast",
              "pass": true,
              "fail": false,
              "pending": false,
              "context": null,
              "code": "cy.visit('http://localhost:3000/foods/52771/in-progress', {\n  onBeforeLoad(win) {\n    win.fetch = fetchMock;\n  }\n});\ncy.get('[data-testid=\"recipe-photo\"]');\ncy.get('[data-testid=\"recipe-title\"]');\ncy.get('[data-testid=\"share-btn\"]');\ncy.get('[data-testid=\"favorite-btn\"]');\ncy.get('[data-testid=\"recipe-category\"]');\ncy.get('[data-testid*=\"ingredient-step\"]').should('have.length', 8);\ncy.get('[data-testid=\"instructions\"]');\ncy.get('[data-testid=\"finish-recipe-btn\"]');",
              "err": {},
              "uuid": "cecd75f6-d599-4d35-8f24-cf28f1ba3568",
              "parentUUID": "bc54caa9-a302-4a50-ac8d-a44b0b0bb115",
              "isHook": false,
              "skipped": false
            },
            {
              "title": "verifica elementos de uma receita de bebida",
              "fullTitle": "37 - Desenvolva a tela de modo que contenha uma imagem da receita, o título, a categoria em caso de comidas e se é ou não alcoólico em caso de bebidas, uma lista de ingredientes com suas respectivas quantidades e instruções verifica elementos de uma receita de bebida",
              "timedOut": null,
              "duration": 274,
              "state": "passed",
              "speed": "fast",
              "pass": true,
              "fail": false,
              "pending": false,
              "context": null,
              "code": "cy.visit('http://localhost:3000/drinks/178319/in-progress', {\n  onBeforeLoad(win) {\n    win.fetch = fetchMock;\n  }\n});\ncy.get('[data-testid=\"recipe-photo\"]');\ncy.get('[data-testid=\"recipe-title\"]');\ncy.get('[data-testid=\"share-btn\"]');\ncy.get('[data-testid=\"favorite-btn\"]');\ncy.get('[data-testid=\"recipe-category\"]');\ncy.get('[data-testid*=\"ingredient-step\"]').should('have.length', 3);\ncy.get('[data-testid=\"instructions\"]');\ncy.get('[data-testid=\"finish-recipe-btn\"]');",
              "err": {},
              "uuid": "02b25d67-d724-4767-a441-5ed554cef1a8",
              "parentUUID": "bc54caa9-a302-4a50-ac8d-a44b0b0bb115",
              "isHook": false,
              "skipped": false
            }
          ],
          "suites": [],
          "passes": [
            "cecd75f6-d599-4d35-8f24-cf28f1ba3568",
            "02b25d67-d724-4767-a441-5ed554cef1a8"
          ],
          "failures": [],
          "pending": [],
          "skipped": [],
          "duration": 855,
          "root": false,
          "rootEmpty": false,
          "_timeout": 2000
        },
        {
          "uuid": "ef17c6e6-b183-4bad-9f12-210a328acaa5",
          "title": "38 - Desenvolva um checkbox para cada item da lista de ingredientes",
          "fullFile": "",
          "file": "",
          "beforeHooks": [],
          "afterHooks": [],
          "tests": [
            {
              "title": "todos os ingredientes de uma receita de comida possuem um checkbox",
              "fullTitle": "38 - Desenvolva um checkbox para cada item da lista de ingredientes todos os ingredientes de uma receita de comida possuem um checkbox",
              "timedOut": null,
              "duration": 348,
              "state": "passed",
              "speed": "fast",
              "pass": true,
              "fail": false,
              "pending": false,
              "context": null,
              "code": "cy.visit('http://localhost:3000/foods/52771/in-progress', {\n  onBeforeLoad(win) {\n    win.fetch = fetchMock;\n  }\n});\ncy.get('[data-testid*=\"ingredient-step\"]').find('input[type=\"checkbox\"]').should('have.length', 8);",
              "err": {},
              "uuid": "0d16b447-de8b-4f78-91ac-492cb75e5ec7",
              "parentUUID": "ef17c6e6-b183-4bad-9f12-210a328acaa5",
              "isHook": false,
              "skipped": false
            },
            {
              "title": "todos os ingredientes de uma receita de bebida possuem um checkbox",
              "fullTitle": "38 - Desenvolva um checkbox para cada item da lista de ingredientes todos os ingredientes de uma receita de bebida possuem um checkbox",
              "timedOut": null,
              "duration": 144,
              "state": "passed",
              "speed": "fast",
              "pass": true,
              "fail": false,
              "pending": false,
              "context": null,
              "code": "cy.visit('http://localhost:3000/drinks/178319/in-progress', {\n  onBeforeLoad(win) {\n    win.fetch = fetchMock;\n  }\n});\ncy.get('[data-testid*=\"ingredient-step\"]').find('input[type=\"checkbox\"]').should('have.length', 3);",
              "err": {},
              "uuid": "ff0c5bf0-86b4-4e34-abf0-d1debdabcacf",
              "parentUUID": "ef17c6e6-b183-4bad-9f12-210a328acaa5",
              "isHook": false,
              "skipped": false
            }
          ],
          "suites": [],
          "passes": [
            "0d16b447-de8b-4f78-91ac-492cb75e5ec7",
            "ff0c5bf0-86b4-4e34-abf0-d1debdabcacf"
          ],
          "failures": [],
          "pending": [],
          "skipped": [],
          "duration": 492,
          "root": false,
          "rootEmpty": false,
          "_timeout": 2000
        },
        {
          "uuid": "1263900f-cfe4-4217-9b87-e7801348b58c",
          "title": "39 - Implemente uma lógica que ao clicar no checkbox de um ingrediente, o nome dele deve ser \"riscado\" da lista",
          "fullFile": "",
          "file": "",
          "beforeHooks": [],
          "afterHooks": [],
          "tests": [
            {
              "title": "verifica se é possível marcar todos os passos da receita de comida",
              "fullTitle": "39 - Implemente uma lógica que ao clicar no checkbox de um ingrediente, o nome dele deve ser \"riscado\" da lista verifica se é possível marcar todos os passos da receita de comida",
              "timedOut": null,
              "duration": 953,
              "state": "passed",
              "speed": "fast",
              "pass": true,
              "fail": false,
              "pending": false,
              "context": null,
              "code": "cy.visit('http://localhost:3000/foods/52771/in-progress', {\n  onBeforeLoad(win) {\n    win.fetch = fetchMock;\n  }\n});\ngetIngredients().check();\ngetIngredients().should('have.css', 'text-decoration', 'none solid rgb(0, 0, 0)');",
              "err": {},
              "uuid": "5d690c20-4c92-4b0b-9feb-d3343c1bd933",
              "parentUUID": "1263900f-cfe4-4217-9b87-e7801348b58c",
              "isHook": false,
              "skipped": false
            },
            {
              "title": "verifica se é possível marcar todos os passos da receita de bebida",
              "fullTitle": "39 - Implemente uma lógica que ao clicar no checkbox de um ingrediente, o nome dele deve ser \"riscado\" da lista verifica se é possível marcar todos os passos da receita de bebida",
              "timedOut": null,
              "duration": 438,
              "state": "passed",
              "speed": "fast",
              "pass": true,
              "fail": false,
              "pending": false,
              "context": null,
              "code": "cy.visit('http://localhost:3000/drinks/178319/in-progress', {\n  onBeforeLoad(win) {\n    win.fetch = fetchMock;\n  }\n});\ngetIngredients().check();\ngetIngredients().should('have.css', 'text-decoration', 'none solid rgb(0, 0, 0)');",
              "err": {},
              "uuid": "7888353f-df78-412d-a572-80d02850478d",
              "parentUUID": "1263900f-cfe4-4217-9b87-e7801348b58c",
              "isHook": false,
              "skipped": false
            },
            {
              "title": "Verifica a cobertura de 45% da Tela de Progresso da Receita",
              "fullTitle": "39 - Implemente uma lógica que ao clicar no checkbox de um ingrediente, o nome dele deve ser \"riscado\" da lista Verifica a cobertura de 45% da Tela de Progresso da Receita",
              "timedOut": null,
              "duration": 30,
              "state": "passed",
              "speed": "fast",
              "pass": true,
              "fail": false,
              "pending": false,
              "context": null,
              "code": "cy.task('getCoverage', getId()).its('RecipeInProgress.functions.pct').should('be.gte', 45.00);\ncy.task('getCoverage', getId()).its('RecipeInProgress.lines.pct').should('be.gte', 45.00);\ncy.task('getCoverage', getId()).its('RecipeInProgress.branches.pct').should('be.gte', 45.00);",
              "err": {},
              "uuid": "04a16aa5-69b6-468b-9565-4586de5427f1",
              "parentUUID": "1263900f-cfe4-4217-9b87-e7801348b58c",
              "isHook": false,
              "skipped": false
            }
          ],
          "suites": [],
          "passes": [
            "5d690c20-4c92-4b0b-9feb-d3343c1bd933",
            "7888353f-df78-412d-a572-80d02850478d",
            "04a16aa5-69b6-468b-9565-4586de5427f1"
          ],
          "failures": [],
          "pending": [],
          "skipped": [],
          "duration": 1421,
          "root": false,
          "rootEmpty": false,
          "_timeout": 2000
        },
        {
          "uuid": "cffec02b-aa3c-4844-b4da-43ee39318566",
          "title": "40 - Salve o estado do progresso, que deve ser mantido caso a pessoa atualize a página ou volte para a mesma receita",
          "fullFile": "",
          "file": "",
          "beforeHooks": [],
          "afterHooks": [],
          "tests": [
            {
              "title": "salva o progresso de uma receita de comida em andamento",
              "fullTitle": "40 - Salve o estado do progresso, que deve ser mantido caso a pessoa atualize a página ou volte para a mesma receita salva o progresso de uma receita de comida em andamento",
              "timedOut": null,
              "duration": 602,
              "state": "passed",
              "speed": "fast",
              "pass": true,
              "fail": false,
              "pending": false,
              "context": null,
              "code": "cy.visit('http://localhost:3000/foods/52771/in-progress', {\n  onBeforeLoad(win) {\n    win.fetch = fetchMock;\n  }\n});\ncy.get('[data-testid=\"0-ingredient-step\"]').find('input[type=\"checkbox\"]').check();\ncy.reload();\ncy.get('[data-testid=\"0-ingredient-step\"]').find('input[type=\"checkbox\"]').should('have.attr', 'checked');",
              "err": {},
              "uuid": "e6996cff-5641-4ad8-a95c-3ad60a9c2f8d",
              "parentUUID": "cffec02b-aa3c-4844-b4da-43ee39318566",
              "isHook": false,
              "skipped": false
            },
            {
              "title": "salva o progresso de uma receita de bebida em andamento",
              "fullTitle": "40 - Salve o estado do progresso, que deve ser mantido caso a pessoa atualize a página ou volte para a mesma receita salva o progresso de uma receita de bebida em andamento",
              "timedOut": null,
              "duration": 782,
              "state": "passed",
              "speed": "fast",
              "pass": true,
              "fail": false,
              "pending": false,
              "context": null,
              "code": "cy.visit('http://localhost:3000/drinks/178319/in-progress', {\n  onBeforeLoad(win) {\n    win.fetch = fetchMock;\n  }\n});\ncy.get('[data-testid=\"0-ingredient-step\"]').find('input[type=\"checkbox\"]').check();\ncy.reload();\ncy.get('[data-testid=\"0-ingredient-step\"]').find('input[type=\"checkbox\"]').should('have.attr', 'checked');",
              "err": {},
              "uuid": "6bd78704-33f4-41f7-bf9b-97e4d3b28d10",
              "parentUUID": "cffec02b-aa3c-4844-b4da-43ee39318566",
              "isHook": false,
              "skipped": false
            }
          ],
          "suites": [],
          "passes": [
            "e6996cff-5641-4ad8-a95c-3ad60a9c2f8d",
            "6bd78704-33f4-41f7-bf9b-97e4d3b28d10"
          ],
          "failures": [],
          "pending": [],
          "skipped": [],
          "duration": 1384,
          "root": false,
          "rootEmpty": false,
          "_timeout": 2000
        },
        {
          "uuid": "5c1f4bc7-073a-48db-a2e0-c3dc875ce8d5",
          "title": "41 - Desenvolva a lógica de favoritar e compartilhar. A lógica da tela de detalhes de uma receita se aplica aqui",
          "fullFile": "",
          "file": "",
          "beforeHooks": [],
          "afterHooks": [],
          "tests": [
            {
              "title": "verifica se os botões estão disponíveis na tela de detalhes de uma comida",
              "fullTitle": "41 - Desenvolva a lógica de favoritar e compartilhar. A lógica da tela de detalhes de uma receita se aplica aqui verifica se os botões estão disponíveis na tela de detalhes de uma comida",
              "timedOut": null,
              "duration": 153,
              "state": "passed",
              "speed": "fast",
              "pass": true,
              "fail": false,
              "pending": false,
              "context": null,
              "code": "cy.visit('http://localhost:3000/foods/52771/in-progress', {\n  onBeforeLoad(win) {\n    win.fetch = fetchMock;\n  }\n});\ncy.get('[data-testid=\"share-btn\"]').should('exist');\ncy.get('[data-testid=\"favorite-btn\"]').should('exist');",
              "err": {},
              "uuid": "332be241-6f01-4e09-9e5d-00efbcd2246d",
              "parentUUID": "5c1f4bc7-073a-48db-a2e0-c3dc875ce8d5",
              "isHook": false,
              "skipped": false
            },
            {
              "title": "verifica se os botões estão disponíveis na tela de detalhes de uma bebida",
              "fullTitle": "41 - Desenvolva a lógica de favoritar e compartilhar. A lógica da tela de detalhes de uma receita se aplica aqui verifica se os botões estão disponíveis na tela de detalhes de uma bebida",
              "timedOut": null,
              "duration": 158,
              "state": "passed",
              "speed": "fast",
              "pass": true,
              "fail": false,
              "pending": false,
              "context": null,
              "code": "cy.visit('http://localhost:3000/drinks/178319/in-progress', {\n  onBeforeLoad(win) {\n    win.fetch = fetchMock;\n  }\n});\ncy.get('[data-testid=\"share-btn\"]').should('exist');\ncy.get('[data-testid=\"favorite-btn\"]').should('exist');",
              "err": {},
              "uuid": "15e14956-a2d3-4f0d-bbf7-fef9015cafdd",
              "parentUUID": "5c1f4bc7-073a-48db-a2e0-c3dc875ce8d5",
              "isHook": false,
              "skipped": false
            },
            {
              "title": "verifica a mensagem \"Link copied!\" e se o link da receita da comida foi copiado para o clipboard",
              "fullTitle": "41 - Desenvolva a lógica de favoritar e compartilhar. A lógica da tela de detalhes de uma receita se aplica aqui verifica a mensagem \"Link copied!\" e se o link da receita da comida foi copiado para o clipboard",
              "timedOut": null,
              "duration": 226,
              "state": "passed",
              "speed": "fast",
              "pass": true,
              "fail": false,
              "pending": false,
              "context": null,
              "code": "cy.visit('http://localhost:3000/foods/52771/in-progress', {\n  onBeforeLoad(win) {\n    win.fetch = fetchMock;\n    cy.stub(win.navigator.clipboard, 'writeText').resolves('URL').as('clipboard');\n  }\n});\ncy.get('[data-testid=\"share-btn\"]').click();\ncy.contains('Link copied!');\ncy.get('@clipboard').should('be.calledWithExactly', `http://localhost:3000/foods/52771`);",
              "err": {},
              "uuid": "b773d205-d464-4869-9963-ac61d3457a6f",
              "parentUUID": "5c1f4bc7-073a-48db-a2e0-c3dc875ce8d5",
              "isHook": false,
              "skipped": false
            },
            {
              "title": "verifica a mensagem \"Link copied!\" e se o link da receita da bebida foi copiado para o clipboard",
              "fullTitle": "41 - Desenvolva a lógica de favoritar e compartilhar. A lógica da tela de detalhes de uma receita se aplica aqui verifica a mensagem \"Link copied!\" e se o link da receita da bebida foi copiado para o clipboard",
              "timedOut": null,
              "duration": 244,
              "state": "passed",
              "speed": "fast",
              "pass": true,
              "fail": false,
              "pending": false,
              "context": null,
              "code": "cy.visit('http://localhost:3000/drinks/178319/in-progress', {\n  onBeforeLoad(win) {\n    win.fetch = fetchMock;\n    cy.stub(win.navigator.clipboard, 'writeText').resolves('URL').as('clipboard');\n  }\n});\ncy.get('[data-testid=\"share-btn\"]').click();\ncy.contains('Link copied!');\ncy.get('@clipboard').should('be.calledWithExactly', `http://localhost:3000/drinks/178319`);",
              "err": {},
              "uuid": "4e1e8c00-04d1-408b-9d96-c7cfbaaf850c",
              "parentUUID": "5c1f4bc7-073a-48db-a2e0-c3dc875ce8d5",
              "isHook": false,
              "skipped": false
            },
            {
              "title": "verifica comida favoritada",
              "fullTitle": "41 - Desenvolva a lógica de favoritar e compartilhar. A lógica da tela de detalhes de uma receita se aplica aqui verifica comida favoritada",
              "timedOut": null,
              "duration": 174,
              "state": "passed",
              "speed": "fast",
              "pass": true,
              "fail": false,
              "pending": false,
              "context": null,
              "code": "cy.visit('http://localhost:3000/foods/52771/in-progress', {\n  onBeforeLoad(win) {\n    const favoriteRecipes = [{\n      \"id\": \"52771\",\n      \"type\": \"food\",\n      \"nationality\": \"Italian\",\n      \"category\": \"Vegetarian\",\n      \"alcoholicOrNot\": \"\",\n      \"name\": \"Spicy Arrabiata Penne\",\n      \"image\": \"https://www.themealdb.com/images/media/meals/ustsqw1468250014.jpg\"\n    }];\n    localStorage.setItem('favoriteRecipes', JSON.stringify(favoriteRecipes));\n    win.fetch = fetchMock;\n  }\n});\ncy.get('[data-testid=\"favorite-btn\"]').should('have.attr', 'src').should('include', 'blackHeartIcon');",
              "err": {},
              "uuid": "0673f2b3-c8c9-4d14-adcf-9045cce1ea1c",
              "parentUUID": "5c1f4bc7-073a-48db-a2e0-c3dc875ce8d5",
              "isHook": false,
              "skipped": false
            },
            {
              "title": "verifica comida não favoritada",
              "fullTitle": "41 - Desenvolva a lógica de favoritar e compartilhar. A lógica da tela de detalhes de uma receita se aplica aqui verifica comida não favoritada",
              "timedOut": null,
              "duration": 127,
              "state": "passed",
              "speed": "fast",
              "pass": true,
              "fail": false,
              "pending": false,
              "context": null,
              "code": "cy.visit('http://localhost:3000/foods/52771/in-progress', {\n  onBeforeLoad(win) {\n    win.fetch = fetchMock;\n  }\n});\ncy.get('[data-testid=\"favorite-btn\"]').should('have.attr', 'src').should('include', 'whiteHeartIcon');",
              "err": {},
              "uuid": "d3f10ea2-f032-439f-ba47-a3d1db00be86",
              "parentUUID": "5c1f4bc7-073a-48db-a2e0-c3dc875ce8d5",
              "isHook": false,
              "skipped": false
            },
            {
              "title": "verifica bebida favoritada",
              "fullTitle": "41 - Desenvolva a lógica de favoritar e compartilhar. A lógica da tela de detalhes de uma receita se aplica aqui verifica bebida favoritada",
              "timedOut": null,
              "duration": 130,
              "state": "passed",
              "speed": "fast",
              "pass": true,
              "fail": false,
              "pending": false,
              "context": null,
              "code": "cy.visit('http://localhost:3000/drinks/178319/in-progress', {\n  onBeforeLoad(win) {\n    const favoriteRecipes = [{\n      \"id\": \"178319\",\n      \"type\": \"drink\",\n      \"nationality\": \"\",\n      \"category\": \"Cocktail\",\n      \"alcoholicOrNot\": \"Alcoholic\",\n      \"name\": \"Aquamarine\",\n      \"image\": \"https://www.thecocktaildb.com/images/media/drink/zvsre31572902738.jpg\"\n    }];\n    localStorage.setItem('favoriteRecipes', JSON.stringify(favoriteRecipes));\n    win.fetch = fetchMock;\n  }\n});\ncy.get('[data-testid=\"favorite-btn\"]').should('have.attr', 'src').should('include', 'blackHeartIcon');",
              "err": {},
              "uuid": "529a8e5a-3f3a-4083-acc8-9155c3faac58",
              "parentUUID": "5c1f4bc7-073a-48db-a2e0-c3dc875ce8d5",
              "isHook": false,
              "skipped": false
            },
            {
              "title": "verifica bebida não favoritada",
              "fullTitle": "41 - Desenvolva a lógica de favoritar e compartilhar. A lógica da tela de detalhes de uma receita se aplica aqui verifica bebida não favoritada",
              "timedOut": null,
              "duration": 159,
              "state": "passed",
              "speed": "fast",
              "pass": true,
              "fail": false,
              "pending": false,
              "context": null,
              "code": "cy.visit('http://localhost:3000/drinks/178319/in-progress', {\n  onBeforeLoad(win) {\n    win.fetch = fetchMock;\n  }\n});\ncy.get('[data-testid=\"favorite-btn\"]').should('have.attr', 'src').should('include', 'whiteHeartIcon');",
              "err": {},
              "uuid": "cf2f9ca0-13b4-42c3-b894-f6352aac9b82",
              "parentUUID": "5c1f4bc7-073a-48db-a2e0-c3dc875ce8d5",
              "isHook": false,
              "skipped": false
            },
            {
              "title": "favorita comida",
              "fullTitle": "41 - Desenvolva a lógica de favoritar e compartilhar. A lógica da tela de detalhes de uma receita se aplica aqui favorita comida",
              "timedOut": null,
              "duration": 208,
              "state": "passed",
              "speed": "fast",
              "pass": true,
              "fail": false,
              "pending": false,
              "context": null,
              "code": "cy.visit('http://localhost:3000/foods/52771/in-progress', {\n  onBeforeLoad(win) {\n    win.fetch = fetchMock;\n  }\n});\ncy.get('[data-testid=\"favorite-btn\"]').should('have.attr', 'src').should('include', 'whiteHeartIcon');\ncy.get('[data-testid=\"favorite-btn\"]').click();\ncy.get('[data-testid=\"favorite-btn\"]').should('have.attr', 'src').should('include', 'blackHeartIcon');",
              "err": {},
              "uuid": "1d2d397a-9472-411c-8b07-2bbab33d5bfc",
              "parentUUID": "5c1f4bc7-073a-48db-a2e0-c3dc875ce8d5",
              "isHook": false,
              "skipped": false
            },
            {
              "title": "desfavorita comida",
              "fullTitle": "41 - Desenvolva a lógica de favoritar e compartilhar. A lógica da tela de detalhes de uma receita se aplica aqui desfavorita comida",
              "timedOut": null,
              "duration": 229,
              "state": "passed",
              "speed": "fast",
              "pass": true,
              "fail": false,
              "pending": false,
              "context": null,
              "code": "cy.visit('http://localhost:3000/foods/52771/in-progress', {\n  onBeforeLoad(win) {\n    const favoriteRecipes = [{\n      \"id\": \"52771\",\n      \"type\": \"food\",\n      \"nationality\": \"Italian\",\n      \"category\": \"Vegetarian\",\n      \"alcoholicOrNot\": \"\",\n      \"name\": \"Spicy Arrabiata Penne\",\n      \"image\": \"https://www.themealdb.com/images/media/meals/ustsqw1468250014.jpg\"\n    }];\n    localStorage.setItem('favoriteRecipes', JSON.stringify(favoriteRecipes));\n    win.fetch = fetchMock;\n  }\n});\ncy.get('[data-testid=\"favorite-btn\"]').should('have.attr', 'src').should('include', 'blackHeartIcon');\ncy.get('[data-testid=\"favorite-btn\"]').click();\ncy.get('[data-testid=\"favorite-btn\"]').should('have.attr', 'src').should('include', 'whiteHeartIcon');",
              "err": {},
              "uuid": "8fc6d598-aee4-4fbb-a4df-9add7c501456",
              "parentUUID": "5c1f4bc7-073a-48db-a2e0-c3dc875ce8d5",
              "isHook": false,
              "skipped": false
            },
            {
              "title": "favorita bebida",
              "fullTitle": "41 - Desenvolva a lógica de favoritar e compartilhar. A lógica da tela de detalhes de uma receita se aplica aqui favorita bebida",
              "timedOut": null,
              "duration": 220,
              "state": "passed",
              "speed": "fast",
              "pass": true,
              "fail": false,
              "pending": false,
              "context": null,
              "code": "cy.visit('http://localhost:3000/drinks/178319/in-progress', {\n  onBeforeLoad(win) {\n    win.fetch = fetchMock;\n  }\n});\ncy.get('[data-testid=\"favorite-btn\"]').should('have.attr', 'src').should('include', 'whiteHeartIcon');\ncy.get('[data-testid=\"favorite-btn\"]').click();\ncy.get('[data-testid=\"favorite-btn\"]').should('have.attr', 'src').should('include', 'blackHeartIcon');",
              "err": {},
              "uuid": "b3128dae-74ac-43a1-978d-bcf8935db68b",
              "parentUUID": "5c1f4bc7-073a-48db-a2e0-c3dc875ce8d5",
              "isHook": false,
              "skipped": false
            },
            {
              "title": "desfavorita bebida",
              "fullTitle": "41 - Desenvolva a lógica de favoritar e compartilhar. A lógica da tela de detalhes de uma receita se aplica aqui desfavorita bebida",
              "timedOut": null,
              "duration": 222,
              "state": "passed",
              "speed": "fast",
              "pass": true,
              "fail": false,
              "pending": false,
              "context": null,
              "code": "cy.visit('http://localhost:3000/drinks/178319/in-progress', {\n  onBeforeLoad(win) {\n    const favoriteRecipes = [{\n      \"id\": \"178319\",\n      \"type\": \"drink\",\n      \"nationality\": \"\",\n      \"category\": \"Cocktail\",\n      \"alcoholicOrNot\": \"Alcoholic\",\n      \"name\": \"Aquamarine\",\n      \"image\": \"https://www.thecocktaildb.com/images/media/drink/zvsre31572902738.jpg\"\n    }];\n    localStorage.setItem('favoriteRecipes', JSON.stringify(favoriteRecipes));\n    win.fetch = fetchMock;\n  }\n});\ncy.get('[data-testid=\"favorite-btn\"]').should('have.attr', 'src').should('include', 'blackHeartIcon');\ncy.get('[data-testid=\"favorite-btn\"]').click();\ncy.get('[data-testid=\"favorite-btn\"]').should('have.attr', 'src').should('include', 'whiteHeartIcon');",
              "err": {},
              "uuid": "d5864681-def9-4d56-b89d-71407df96902",
              "parentUUID": "5c1f4bc7-073a-48db-a2e0-c3dc875ce8d5",
              "isHook": false,
              "skipped": false
            },
            {
              "title": "favorita receita de uma comida",
              "fullTitle": "41 - Desenvolva a lógica de favoritar e compartilhar. A lógica da tela de detalhes de uma receita se aplica aqui favorita receita de uma comida",
              "timedOut": null,
              "duration": 217,
              "state": "passed",
              "speed": "fast",
              "pass": true,
              "fail": false,
              "pending": false,
              "context": null,
              "code": "cy.visit('http://localhost:3000/foods/52771/in-progress', {\n  onBeforeLoad(win) {\n    win.fetch = fetchMock;\n  }\n});\ncy.get('[data-testid=\"favorite-btn\"]').click().then(() => {\n  const favoriteRecipes = JSON.parse(localStorage.getItem('favoriteRecipes'));\n  const expectedFavoriteRecipes = [{\n    id: '52771',\n    type: 'food',\n    nationality: 'Italian',\n    category: 'Vegetarian',\n    alcoholicOrNot: '',\n    name: 'Spicy Arrabiata Penne',\n    image: 'https://www.themealdb.com/images/media/meals/ustsqw1468250014.jpg'\n  }];\n  expect(favoriteRecipes).to.deep.eq(expectedFavoriteRecipes);\n  localStorage.clear();\n});",
              "err": {},
              "uuid": "7468d06d-4fbd-4c9e-bc1e-1eab537508de",
              "parentUUID": "5c1f4bc7-073a-48db-a2e0-c3dc875ce8d5",
              "isHook": false,
              "skipped": false
            },
            {
              "title": "favorita receita de uma bebida",
              "fullTitle": "41 - Desenvolva a lógica de favoritar e compartilhar. A lógica da tela de detalhes de uma receita se aplica aqui favorita receita de uma bebida",
              "timedOut": null,
              "duration": 234,
              "state": "passed",
              "speed": "fast",
              "pass": true,
              "fail": false,
              "pending": false,
              "context": null,
              "code": "cy.visit('http://localhost:3000/drinks/178319/in-progress', {\n  onBeforeLoad(win) {\n    win.fetch = fetchMock;\n  }\n});\ncy.get('[data-testid=\"favorite-btn\"]').click().then(() => {\n  const favoriteRecipes = JSON.parse(localStorage.getItem('favoriteRecipes'));\n  const expectedFavoriteRecipes = [{\n    id: '178319',\n    type: 'drink',\n    nationality: '',\n    category: 'Cocktail',\n    alcoholicOrNot: 'Alcoholic',\n    name: 'Aquamarine',\n    image: 'https://www.thecocktaildb.com/images/media/drink/zvsre31572902738.jpg'\n  }];\n  expect(favoriteRecipes).to.deep.eq(expectedFavoriteRecipes);\n  localStorage.clear();\n});",
              "err": {},
              "uuid": "4ab3bd71-5fc3-4be1-a0b4-fbc75da68a39",
              "parentUUID": "5c1f4bc7-073a-48db-a2e0-c3dc875ce8d5",
              "isHook": false,
              "skipped": false
            }
          ],
          "suites": [],
          "passes": [
            "332be241-6f01-4e09-9e5d-00efbcd2246d",
            "15e14956-a2d3-4f0d-bbf7-fef9015cafdd",
            "b773d205-d464-4869-9963-ac61d3457a6f",
            "4e1e8c00-04d1-408b-9d96-c7cfbaaf850c",
            "0673f2b3-c8c9-4d14-adcf-9045cce1ea1c",
            "d3f10ea2-f032-439f-ba47-a3d1db00be86",
            "529a8e5a-3f3a-4083-acc8-9155c3faac58",
            "cf2f9ca0-13b4-42c3-b894-f6352aac9b82",
            "1d2d397a-9472-411c-8b07-2bbab33d5bfc",
            "8fc6d598-aee4-4fbb-a4df-9add7c501456",
            "b3128dae-74ac-43a1-978d-bcf8935db68b",
            "d5864681-def9-4d56-b89d-71407df96902",
            "7468d06d-4fbd-4c9e-bc1e-1eab537508de",
            "4ab3bd71-5fc3-4be1-a0b4-fbc75da68a39"
          ],
          "failures": [],
          "pending": [],
          "skipped": [],
          "duration": 2701,
          "root": false,
          "rootEmpty": false,
          "_timeout": 2000
        },
        {
          "uuid": "3e570850-5233-4363-a333-d2c05ec54b35",
          "title": "42 - Implemente a solução de modo que o botão de finalizar receita (\"Finish Recipe\") só pode estar habilitado quando todos os ingredientes estiverem _\"checkados\"_ (marcados)",
          "fullFile": "",
          "file": "",
          "beforeHooks": [],
          "afterHooks": [],
          "tests": [
            {
              "title": "verifica se botão para finalizar está desabilitado em receitas de comidas",
              "fullTitle": "42 - Implemente a solução de modo que o botão de finalizar receita (\"Finish Recipe\") só pode estar habilitado quando todos os ingredientes estiverem _\"checkados\"_ (marcados) verifica se botão para finalizar está desabilitado em receitas de comidas",
              "timedOut": null,
              "duration": 251,
              "state": "passed",
              "speed": "fast",
              "pass": true,
              "fail": false,
              "pending": false,
              "context": null,
              "code": "cy.visit('http://localhost:3000/foods/52771/in-progress', {\n  onBeforeLoad(win) {\n    win.fetch = fetchMock;\n  }\n});\ncy.get('[data-testid*=\"ingredient-step\"]').find('input[type=\"checkbox\"]').first().check();\ncy.get('[data-testid=\"finish-recipe-btn\"]').should('be.disabled');",
              "err": {},
              "uuid": "b9043eb3-f9f1-4ae2-b221-c163391239f0",
              "parentUUID": "3e570850-5233-4363-a333-d2c05ec54b35",
              "isHook": false,
              "skipped": false
            },
            {
              "title": "verifica se botão para finalizar está desabilitado em receitas de bebidas",
              "fullTitle": "42 - Implemente a solução de modo que o botão de finalizar receita (\"Finish Recipe\") só pode estar habilitado quando todos os ingredientes estiverem _\"checkados\"_ (marcados) verifica se botão para finalizar está desabilitado em receitas de bebidas",
              "timedOut": null,
              "duration": 230,
              "state": "passed",
              "speed": "fast",
              "pass": true,
              "fail": false,
              "pending": false,
              "context": null,
              "code": "cy.visit('http://localhost:3000/drinks/178319/in-progress', {\n  onBeforeLoad(win) {\n    win.fetch = fetchMock;\n  }\n});\ncy.get('[data-testid*=\"ingredient-step\"]').find('input[type=\"checkbox\"]').first().check();\ncy.get('[data-testid=\"finish-recipe-btn\"]').should('be.disabled');",
              "err": {},
              "uuid": "b567d69d-101e-4553-af85-b3f26435dab1",
              "parentUUID": "3e570850-5233-4363-a333-d2c05ec54b35",
              "isHook": false,
              "skipped": false
            },
            {
              "title": "verifica se botão para finalizar está habilitado em receitas de comidas",
              "fullTitle": "42 - Implemente a solução de modo que o botão de finalizar receita (\"Finish Recipe\") só pode estar habilitado quando todos os ingredientes estiverem _\"checkados\"_ (marcados) verifica se botão para finalizar está habilitado em receitas de comidas",
              "timedOut": null,
              "duration": 943,
              "state": "passed",
              "speed": "fast",
              "pass": true,
              "fail": false,
              "pending": false,
              "context": null,
              "code": "cy.visit('http://localhost:3000/foods/52771/in-progress', {\n  onBeforeLoad(win) {\n    win.fetch = fetchMock;\n  }\n});\ncy.get('[data-testid*=\"ingredient-step\"]').find('input[type=\"checkbox\"]').check();\ncy.get('[data-testid=\"finish-recipe-btn\"]').should('be.enabled');",
              "err": {},
              "uuid": "ade9e1c3-a010-452b-b3e2-5d01be9de318",
              "parentUUID": "3e570850-5233-4363-a333-d2c05ec54b35",
              "isHook": false,
              "skipped": false
            },
            {
              "title": "verifica se botão para finalizar está habilitado em receitas de bebidas",
              "fullTitle": "42 - Implemente a solução de modo que o botão de finalizar receita (\"Finish Recipe\") só pode estar habilitado quando todos os ingredientes estiverem _\"checkados\"_ (marcados) verifica se botão para finalizar está habilitado em receitas de bebidas",
              "timedOut": null,
              "duration": 420,
              "state": "passed",
              "speed": "fast",
              "pass": true,
              "fail": false,
              "pending": false,
              "context": null,
              "code": "cy.visit('http://localhost:3000/drinks/178319/in-progress', {\n  onBeforeLoad(win) {\n    win.fetch = fetchMock;\n  }\n});\ncy.get('[data-testid*=\"ingredient-step\"]').find('input[type=\"checkbox\"]').check();\ncy.get('[data-testid=\"finish-recipe-btn\"]').should('be.enabled');",
              "err": {},
              "uuid": "ff7b64f3-6afc-48a1-b5d5-1658ee799bd2",
              "parentUUID": "3e570850-5233-4363-a333-d2c05ec54b35",
              "isHook": false,
              "skipped": false
            }
          ],
          "suites": [],
          "passes": [
            "b9043eb3-f9f1-4ae2-b221-c163391239f0",
            "b567d69d-101e-4553-af85-b3f26435dab1",
            "ade9e1c3-a010-452b-b3e2-5d01be9de318",
            "ff7b64f3-6afc-48a1-b5d5-1658ee799bd2"
          ],
          "failures": [],
          "pending": [],
          "skipped": [],
          "duration": 1844,
          "root": false,
          "rootEmpty": false,
          "_timeout": 2000
        },
        {
          "uuid": "e376599d-de5b-4561-ba7b-4dd952f0fc5e",
          "title": "43 - Redirecione a pessoa usuária após clicar no botão de finalizar receita (\"Finish Recipe\"), para a página de receitas feitas, cuja rota deve ser `/done-recipes`",
          "fullFile": "",
          "file": "",
          "beforeHooks": [],
          "afterHooks": [],
          "tests": [
            {
              "title": "redireciona após concluir uma receita de comida",
              "fullTitle": "43 - Redirecione a pessoa usuária após clicar no botão de finalizar receita (\"Finish Recipe\"), para a página de receitas feitas, cuja rota deve ser `/done-recipes` redireciona após concluir uma receita de comida",
              "timedOut": null,
              "duration": 1052,
              "state": "passed",
              "speed": "fast",
              "pass": true,
              "fail": false,
              "pending": false,
              "context": null,
              "code": "cy.visit('http://localhost:3000/foods/52771/in-progress', {\n  onBeforeLoad(win) {\n    win.fetch = fetchMock;\n  }\n});\ncy.get('[data-testid*=\"ingredient-step\"]').find('input[type=\"checkbox\"]').check();\ncy.get('[data-testid=\"finish-recipe-btn\"]').click();\ncy.location().should(loc => expect(loc.pathname).to.eq('/done-recipes'));",
              "err": {},
              "uuid": "22598b47-d398-4b80-bb9f-054235ff6ab5",
              "parentUUID": "e376599d-de5b-4561-ba7b-4dd952f0fc5e",
              "isHook": false,
              "skipped": false
            },
            {
              "title": "redireciona após concluir uma receita de bebida",
              "fullTitle": "43 - Redirecione a pessoa usuária após clicar no botão de finalizar receita (\"Finish Recipe\"), para a página de receitas feitas, cuja rota deve ser `/done-recipes` redireciona após concluir uma receita de bebida",
              "timedOut": null,
              "duration": 513,
              "state": "passed",
              "speed": "fast",
              "pass": true,
              "fail": false,
              "pending": false,
              "context": null,
              "code": "cy.visit('http://localhost:3000/drinks/178319/in-progress', {\n  onBeforeLoad(win) {\n    win.fetch = fetchMock;\n  }\n});\ncy.get('[data-testid*=\"ingredient-step\"]').find('input[type=\"checkbox\"]').check();\ncy.get('[data-testid=\"finish-recipe-btn\"]').click();\ncy.location().should(loc => expect(loc.pathname).to.eq('/done-recipes'));",
              "err": {},
              "uuid": "b1d61ee8-041c-4e55-8746-a10c33941050",
              "parentUUID": "e376599d-de5b-4561-ba7b-4dd952f0fc5e",
              "isHook": false,
              "skipped": false
            },
            {
              "title": "Verifica a cobertura de 90% da Tela de Progresso da Receita",
              "fullTitle": "43 - Redirecione a pessoa usuária após clicar no botão de finalizar receita (\"Finish Recipe\"), para a página de receitas feitas, cuja rota deve ser `/done-recipes` Verifica a cobertura de 90% da Tela de Progresso da Receita",
              "timedOut": null,
              "duration": 10021,
              "state": "failed",
              "speed": null,
              "pass": false,
              "fail": true,
              "pending": false,
              "context": null,
              "code": "cy.task('getCoverage', getId()).its('RecipeInProgress.functions.pct').should('be.gte', 90.00);\ncy.task('getCoverage', getId()).its('RecipeInProgress.lines.pct').should('be.gte', 90.00);\ncy.task('getCoverage', getId()).its('RecipeInProgress.branches.pct').should('be.gte', 90.00);",
              "err": {
                "message": "AssertionError: Timed out retrying after 10000ms: expected 89.7 to be at least 90",
                "estack": "AssertionError: Timed out retrying after 10000ms: expected 89.7 to be at least 90\n    at Context.eval (http://localhost:3000/__cypress/tests?p=cypress/integration/37-43-recipe_in_progress_spec.js:495:74)",
                "diff": "- 89.7\n+ 90\n"
              },
              "uuid": "3d0a279c-121a-461c-9f41-b2d01c95786a",
              "parentUUID": "e376599d-de5b-4561-ba7b-4dd952f0fc5e",
              "isHook": false,
              "skipped": false
            }
          ],
          "suites": [],
          "passes": [
            "22598b47-d398-4b80-bb9f-054235ff6ab5",
            "b1d61ee8-041c-4e55-8746-a10c33941050"
          ],
          "failures": [
            "3d0a279c-121a-461c-9f41-b2d01c95786a"
          ],
          "pending": [],
          "skipped": [],
          "duration": 11586,
          "root": false,
          "rootEmpty": false,
          "_timeout": 2000
        }
      ],
      "passes": [],
      "failures": [],
      "pending": [],
      "skipped": [],
      "duration": 0,
      "root": true,
      "rootEmpty": true,
      "_timeout": 2000
    }
  ],
  "meta": {
    "mocha": {
      "version": "7.0.1"
    },
    "mochawesome": {
      "options": {
        "quiet": false,
        "reportFilename": "mochawesome",
        "saveHtml": false,
        "saveJson": true,
        "consoleReporter": "spec",
        "useInlineDiffs": false,
        "code": true
      },
      "version": "6.3.1"
    },
    "marge": {
      "options": {
        "id": "default",
        "reportDir": "cypress/reports",
        "overwrite": false,
        "html": false,
        "json": true
      },
      "version": "5.2.0"
    }
  }
}