{
  "stats": {
    "suites": 8,
    "tests": 14,
    "passes": 14,
    "pending": 0,
    "failures": 0,
    "start": "2022-07-21T16:38:14.280Z",
    "end": "2022-07-21T16:38:19.623Z",
    "duration": 5343,
    "testsRegistered": 14,
    "passPercent": 100,
    "pendingPercent": 0,
    "other": 0,
    "hasOther": false,
    "skipped": 0,
    "hasSkipped": false
  },
  "results": [
    {
      "uuid": "d4fa3f86-655d-49f6-9f81-a3afffc325b8",
      "title": "",
      "fullFile": "cypress/integration/50-56-favorite_recipes_spec.js",
      "file": "cypress/integration/50-56-favorite_recipes_spec.js",
      "beforeHooks": [],
      "afterHooks": [],
      "tests": [],
      "suites": [
        {
          "uuid": "ae2799ce-99d7-468d-9686-ad6ce5997ded",
          "title": "Favorite recipes screen",
          "fullFile": "",
          "file": "",
          "beforeHooks": [],
          "afterHooks": [],
          "tests": [],
          "suites": [
            {
              "uuid": "13aaddab-d73b-49b0-aac9-0238f4c0526b",
              "title": "50 - Implemente os elementos da tela de receitas favoritas (cumulativo com os atributos em comum com a tela de receitas feitas), respeitando os atributos descritos no protótipo",
              "fullFile": "",
              "file": "",
              "beforeHooks": [],
              "afterHooks": [],
              "tests": [
                {
                  "title": "Todos os data-testids, cumulativo com os atributos em comum com a tela de receitas feitas, estão disponíveis",
                  "fullTitle": "Favorite recipes screen 50 - Implemente os elementos da tela de receitas favoritas (cumulativo com os atributos em comum com a tela de receitas feitas), respeitando os atributos descritos no protótipo Todos os data-testids, cumulativo com os atributos em comum com a tela de receitas feitas, estão disponíveis",
                  "timedOut": null,
                  "duration": 1286,
                  "state": "passed",
                  "speed": "fast",
                  "pass": true,
                  "fail": false,
                  "pending": false,
                  "context": null,
                  "code": "cy.get('[data-testid=\"filter-by-all-btn\"]');\ncy.get('[data-testid=\"filter-by-food-btn\"]');\ncy.get('[data-testid=\"filter-by-drink-btn\"]');\ncy.get('[data-testid=\"0-horizontal-image\"]');\ncy.get('[data-testid=\"0-horizontal-top-text\"]');\ncy.get('[data-testid=\"0-horizontal-name\"]');\ncy.get('[data-testid=\"0-horizontal-share-btn\"]');\ncy.get('[data-testid=\"0-horizontal-favorite-btn\"]');\ncy.get('[data-testid=\"1-horizontal-image\"]');\ncy.get('[data-testid=\"1-horizontal-top-text\"]');\ncy.get('[data-testid=\"1-horizontal-name\"]');\ncy.get('[data-testid=\"1-horizontal-share-btn\"]');\ncy.get('[data-testid=\"1-horizontal-favorite-btn\"]');",
                  "err": {},
                  "uuid": "e6483223-4a44-4ea0-83a8-0fa97088fbf3",
                  "parentUUID": "13aaddab-d73b-49b0-aac9-0238f4c0526b",
                  "isHook": false,
                  "skipped": false
                }
              ],
              "suites": [],
              "passes": [
                "e6483223-4a44-4ea0-83a8-0fa97088fbf3"
              ],
              "failures": [],
              "pending": [],
              "skipped": [],
              "duration": 1286,
              "root": false,
              "rootEmpty": false,
              "_timeout": 2000
            },
            {
              "uuid": "2e03999f-2da1-4ccd-94e8-5e2334e4ee69",
              "title": "51 - Desenvolva a tela de modo que, caso a receita do card seja uma comida, ela deve possuir: a foto da receita,  nome, categoria, nacionalidade, um botão de compartilhar e um de \"desfavoritar\"",
              "fullFile": "",
              "file": "",
              "beforeHooks": [],
              "afterHooks": [],
              "tests": [
                {
                  "title": "O card possui os atributos corretos de uma comida",
                  "fullTitle": "Favorite recipes screen 51 - Desenvolva a tela de modo que, caso a receita do card seja uma comida, ela deve possuir: a foto da receita,  nome, categoria, nacionalidade, um botão de compartilhar e um de \"desfavoritar\" O card possui os atributos corretos de uma comida",
                  "timedOut": null,
                  "duration": 180,
                  "state": "passed",
                  "speed": "fast",
                  "pass": true,
                  "fail": false,
                  "pending": false,
                  "context": null,
                  "code": "cy.get('[data-testid=\"0-horizontal-image\"]').should('have.attr', 'src').should('include', favoriteRecipes[0].image);\ncy.get('[data-testid=\"0-horizontal-top-text\"]').contains(`${favoriteRecipes[0].nationality} - ${favoriteRecipes[0].category}`);\ncy.get('[data-testid=\"0-horizontal-name\"]').contains(favoriteRecipes[0].name);\ncy.get('[data-testid=\"0-horizontal-share-btn\"]').should('have.attr', 'src').should('include', 'shareIcon');\ncy.get('[data-testid=\"0-horizontal-favorite-btn\"]').should('have.attr', 'src').should('include', 'blackHeartIcon');",
                  "err": {},
                  "uuid": "885a4bc6-db83-45b8-9263-3f734af04455",
                  "parentUUID": "2e03999f-2da1-4ccd-94e8-5e2334e4ee69",
                  "isHook": false,
                  "skipped": false
                }
              ],
              "suites": [],
              "passes": [
                "885a4bc6-db83-45b8-9263-3f734af04455"
              ],
              "failures": [],
              "pending": [],
              "skipped": [],
              "duration": 180,
              "root": false,
              "rootEmpty": false,
              "_timeout": 2000
            },
            {
              "uuid": "9298c368-ef15-491a-b2a9-d08f719155a4",
              "title": "52 - Desenvolva a tela de modo que, caso a receita do card seja uma bebida, ela deve possuir: a foto da receita,  nome, se é alcoólica ou não, um botão de compartilhar e um de \"desfavoritar\"",
              "fullFile": "",
              "file": "",
              "beforeHooks": [],
              "afterHooks": [],
              "tests": [
                {
                  "title": "O card possui os atributos corretos de uma bebida",
                  "fullTitle": "Favorite recipes screen 52 - Desenvolva a tela de modo que, caso a receita do card seja uma bebida, ela deve possuir: a foto da receita,  nome, se é alcoólica ou não, um botão de compartilhar e um de \"desfavoritar\" O card possui os atributos corretos de uma bebida",
                  "timedOut": null,
                  "duration": 152,
                  "state": "passed",
                  "speed": "fast",
                  "pass": true,
                  "fail": false,
                  "pending": false,
                  "context": null,
                  "code": "cy.get('[data-testid=\"1-horizontal-image\"]').should('have.attr', 'src').should('include', favoriteRecipes[1].image);\ncy.get('[data-testid=\"1-horizontal-top-text\"]').contains(favoriteRecipes[1].alcoholicOrNot);\ncy.get('[data-testid=\"1-horizontal-name\"]').contains(favoriteRecipes[1].name);\ncy.get('[data-testid=\"1-horizontal-share-btn\"]').should('have.attr', 'src').should('include', 'shareIcon');\ncy.get('[data-testid=\"1-horizontal-favorite-btn\"]').should('have.attr', 'src').should('include', 'blackHeartIcon');",
                  "err": {},
                  "uuid": "7ec29c3a-127a-4305-a1ec-4f86659e7662",
                  "parentUUID": "9298c368-ef15-491a-b2a9-d08f719155a4",
                  "isHook": false,
                  "skipped": false
                },
                {
                  "title": "Verifica a cobertura de 45% da tela de Receitas Favoritas",
                  "fullTitle": "Favorite recipes screen 52 - Desenvolva a tela de modo que, caso a receita do card seja uma bebida, ela deve possuir: a foto da receita,  nome, se é alcoólica ou não, um botão de compartilhar e um de \"desfavoritar\" Verifica a cobertura de 45% da tela de Receitas Favoritas",
                  "timedOut": null,
                  "duration": 154,
                  "state": "passed",
                  "speed": "fast",
                  "pass": true,
                  "fail": false,
                  "pending": false,
                  "context": null,
                  "code": "cy.task('getCoverage', getId()).its('FavoriteRecipes.functions.pct').should('be.gte', 45.00);\ncy.task('getCoverage', getId()).its('FavoriteRecipes.lines.pct').should('be.gte', 45.00);\ncy.task('getCoverage', getId()).its('FavoriteRecipes.branches.pct').should('be.gte', 45.00);",
                  "err": {},
                  "uuid": "f42b6582-65d1-4d5a-84d8-49a5a7da9b70",
                  "parentUUID": "9298c368-ef15-491a-b2a9-d08f719155a4",
                  "isHook": false,
                  "skipped": false
                }
              ],
              "suites": [],
              "passes": [
                "7ec29c3a-127a-4305-a1ec-4f86659e7662",
                "f42b6582-65d1-4d5a-84d8-49a5a7da9b70"
              ],
              "failures": [],
              "pending": [],
              "skipped": [],
              "duration": 306,
              "root": false,
              "rootEmpty": false,
              "_timeout": 2000
            },
            {
              "uuid": "222fa9a0-656c-48f8-a6b1-51a03b277fab",
              "title": "53 - Desenvolva a solução de modo que o botão de compartilhar deve copiar a URL da tela de detalhes da receita para o clipboard",
              "fullFile": "",
              "file": "",
              "beforeHooks": [],
              "afterHooks": [],
              "tests": [
                {
                  "title": "Ao clicar no botão de compartilhar deve aparecer a mensagem \"Link copied!\"",
                  "fullTitle": "Favorite recipes screen 53 - Desenvolva a solução de modo que o botão de compartilhar deve copiar a URL da tela de detalhes da receita para o clipboard Ao clicar no botão de compartilhar deve aparecer a mensagem \"Link copied!\"",
                  "timedOut": null,
                  "duration": 282,
                  "state": "passed",
                  "speed": "fast",
                  "pass": true,
                  "fail": false,
                  "pending": false,
                  "context": null,
                  "code": "cy.get('[data-testid=\"0-horizontal-share-btn\"]').click();\ncy.contains('Link copied!');",
                  "err": {},
                  "uuid": "3a6bc049-77ef-43c3-b1c7-2c3fb29c3d16",
                  "parentUUID": "222fa9a0-656c-48f8-a6b1-51a03b277fab",
                  "isHook": false,
                  "skipped": false
                },
                {
                  "title": "A URL da tela de detalhes da receita é copiada para o clipboard",
                  "fullTitle": "Favorite recipes screen 53 - Desenvolva a solução de modo que o botão de compartilhar deve copiar a URL da tela de detalhes da receita para o clipboard A URL da tela de detalhes da receita é copiada para o clipboard",
                  "timedOut": null,
                  "duration": 224,
                  "state": "passed",
                  "speed": "fast",
                  "pass": true,
                  "fail": false,
                  "pending": false,
                  "context": null,
                  "code": "cy.get('[data-testid=\"0-horizontal-share-btn\"]').click();\ncy.get('@clipboard').should('be.calledWithExactly', `http://localhost:3000/foods/52771`);",
                  "err": {},
                  "uuid": "6c4e660d-df76-4425-9f92-a5eba0c75bf1",
                  "parentUUID": "222fa9a0-656c-48f8-a6b1-51a03b277fab",
                  "isHook": false,
                  "skipped": false
                }
              ],
              "suites": [],
              "passes": [
                "3a6bc049-77ef-43c3-b1c7-2c3fb29c3d16",
                "6c4e660d-df76-4425-9f92-a5eba0c75bf1"
              ],
              "failures": [],
              "pending": [],
              "skipped": [],
              "duration": 506,
              "root": false,
              "rootEmpty": false,
              "_timeout": 2000
            },
            {
              "uuid": "757c074c-2c9e-41ac-abba-b42b6aa1bc34",
              "title": "54 - Desenvolva a solução de modo que o botão de \"desfavoritar\" deve remover a receita da lista de receitas favoritas do `localStorage` e da tela",
              "fullFile": "",
              "file": "",
              "beforeHooks": [],
              "afterHooks": [],
              "tests": [
                {
                  "title": "Ao clicar no botão de \"desfavoritar\" a respectiva receita é removida da tela",
                  "fullTitle": "Favorite recipes screen 54 - Desenvolva a solução de modo que o botão de \"desfavoritar\" deve remover a receita da lista de receitas favoritas do `localStorage` e da tela Ao clicar no botão de \"desfavoritar\" a respectiva receita é removida da tela",
                  "timedOut": null,
                  "duration": 333,
                  "state": "passed",
                  "speed": "fast",
                  "pass": true,
                  "fail": false,
                  "pending": false,
                  "context": null,
                  "code": "cy.get('[data-testid=\"0-horizontal-name\"]').contains(favoriteRecipes[0].name);\ncy.get('[data-testid=\"1-horizontal-name\"]').contains(favoriteRecipes[1].name);\ncy.get('[data-testid=\"1-horizontal-favorite-btn\"]').click();\ncy.get('[data-testid=\"0-horizontal-name\"]').contains(favoriteRecipes[0].name);\ncy.get('[data-testid=\"1-horizontal-name\"]').should('not.exist');\ncy.get('[data-testid=\"0-horizontal-favorite-btn\"]').click();\ncy.get('[data-testid=\"0-horizontal-name\"]').should('not.exist');\ncy.get('[data-testid=\"1-horizontal-name\"]').should('not.exist');",
                  "err": {},
                  "uuid": "0ef35e76-1779-44b5-934a-b56510e1f451",
                  "parentUUID": "757c074c-2c9e-41ac-abba-b42b6aa1bc34",
                  "isHook": false,
                  "skipped": false
                },
                {
                  "title": "Ao clicar no botão de \"desfavoritar\" a respectiva receita é removida do localStorage",
                  "fullTitle": "Favorite recipes screen 54 - Desenvolva a solução de modo que o botão de \"desfavoritar\" deve remover a receita da lista de receitas favoritas do `localStorage` e da tela Ao clicar no botão de \"desfavoritar\" a respectiva receita é removida do localStorage",
                  "timedOut": null,
                  "duration": 318,
                  "state": "passed",
                  "speed": "fast",
                  "pass": true,
                  "fail": false,
                  "pending": false,
                  "context": null,
                  "code": "cy.window().then(win => {\n  expect(JSON.parse(win.localStorage.getItem('favoriteRecipes'))).to.deep.eq(favoriteRecipes);\n});\ncy.get('[data-testid=\"1-horizontal-favorite-btn\"]').click();\ncy.window().then(win => {\n  expect(JSON.parse(win.localStorage.getItem('favoriteRecipes'))).to.deep.eq([favoriteRecipes[0]]);\n});\ncy.get('[data-testid=\"0-horizontal-favorite-btn\"]').click();\ncy.window().then(win => {\n  expect(JSON.parse(win.localStorage.getItem('favoriteRecipes'))).to.deep.eq([]);\n});",
                  "err": {},
                  "uuid": "2a536c36-2f75-4139-87b5-0c696bf81ce4",
                  "parentUUID": "757c074c-2c9e-41ac-abba-b42b6aa1bc34",
                  "isHook": false,
                  "skipped": false
                }
              ],
              "suites": [],
              "passes": [
                "0ef35e76-1779-44b5-934a-b56510e1f451",
                "2a536c36-2f75-4139-87b5-0c696bf81ce4"
              ],
              "failures": [],
              "pending": [],
              "skipped": [],
              "duration": 651,
              "root": false,
              "rootEmpty": false,
              "_timeout": 2000
            },
            {
              "uuid": "83d71180-7bf0-46f4-92a2-323a78c84178",
              "title": "55 - Implemente 2 botões que filtram as receitas por comida ou bebida e um terceiro que remove todos os filtros",
              "fullFile": "",
              "file": "",
              "beforeHooks": [],
              "afterHooks": [],
              "tests": [
                {
                  "title": "Ao clicar no botão \"Food\" as receitas devem ser filtradas por comidas",
                  "fullTitle": "Favorite recipes screen 55 - Implemente 2 botões que filtram as receitas por comida ou bebida e um terceiro que remove todos os filtros Ao clicar no botão \"Food\" as receitas devem ser filtradas por comidas",
                  "timedOut": null,
                  "duration": 236,
                  "state": "passed",
                  "speed": "fast",
                  "pass": true,
                  "fail": false,
                  "pending": false,
                  "context": null,
                  "code": "cy.get('[data-testid=\"filter-by-food-btn\"]').click();\ncy.get('[data-testid=\"0-horizontal-name\"]').contains(favoriteRecipes[0].name);\ncy.get('[data-testid=\"1-horizontal-name\"]').should('not.exist');",
                  "err": {},
                  "uuid": "e23074fe-fd93-47b3-8743-eef11c24cf4e",
                  "parentUUID": "83d71180-7bf0-46f4-92a2-323a78c84178",
                  "isHook": false,
                  "skipped": false
                },
                {
                  "title": "Ao clicar no botão \"Drinks\" as receitas devem ser filtradas por bebidas",
                  "fullTitle": "Favorite recipes screen 55 - Implemente 2 botões que filtram as receitas por comida ou bebida e um terceiro que remove todos os filtros Ao clicar no botão \"Drinks\" as receitas devem ser filtradas por bebidas",
                  "timedOut": null,
                  "duration": 222,
                  "state": "passed",
                  "speed": "fast",
                  "pass": true,
                  "fail": false,
                  "pending": false,
                  "context": null,
                  "code": "cy.get('[data-testid=\"filter-by-drink-btn\"]').click();\ncy.get('[data-testid=\"0-horizontal-name\"]').contains(favoriteRecipes[1].name);\ncy.get('[data-testid=\"1-horizontal-name\"]').should('not.exist');",
                  "err": {},
                  "uuid": "1138d3ce-6087-4519-bdde-513bbb1b2883",
                  "parentUUID": "83d71180-7bf0-46f4-92a2-323a78c84178",
                  "isHook": false,
                  "skipped": false
                },
                {
                  "title": "Ao clicar no botão \"All\" o filtro deve ser removido",
                  "fullTitle": "Favorite recipes screen 55 - Implemente 2 botões que filtram as receitas por comida ou bebida e um terceiro que remove todos os filtros Ao clicar no botão \"All\" o filtro deve ser removido",
                  "timedOut": null,
                  "duration": 343,
                  "state": "passed",
                  "speed": "fast",
                  "pass": true,
                  "fail": false,
                  "pending": false,
                  "context": null,
                  "code": "cy.get('[data-testid=\"filter-by-food-btn\"]').click();\ncy.get('[data-testid=\"filter-by-all-btn\"]').click();\ncy.get('[data-testid=\"0-horizontal-name\"]').contains(favoriteRecipes[0].name);\ncy.get('[data-testid=\"1-horizontal-name\"]').contains(favoriteRecipes[1].name);",
                  "err": {},
                  "uuid": "d73fdd4d-ac28-4810-83f0-da26f2dc259a",
                  "parentUUID": "83d71180-7bf0-46f4-92a2-323a78c84178",
                  "isHook": false,
                  "skipped": false
                }
              ],
              "suites": [],
              "passes": [
                "e23074fe-fd93-47b3-8743-eef11c24cf4e",
                "1138d3ce-6087-4519-bdde-513bbb1b2883",
                "d73fdd4d-ac28-4810-83f0-da26f2dc259a"
              ],
              "failures": [],
              "pending": [],
              "skipped": [],
              "duration": 801,
              "root": false,
              "rootEmpty": false,
              "_timeout": 2000
            },
            {
              "uuid": "c001132b-d5bf-45f2-8ab9-86d137d7ca57",
              "title": "56 - Redirecione a pessoa usuária ao clicar na foto ou no nome da receita, a rota deve mudar para a tela de detalhes daquela receita",
              "fullFile": "",
              "file": "",
              "beforeHooks": [],
              "afterHooks": [],
              "tests": [
                {
                  "title": "Ao clicar na foto da receita, a rota deve mudar para a tela de detalhes daquela receita",
                  "fullTitle": "Favorite recipes screen 56 - Redirecione a pessoa usuária ao clicar na foto ou no nome da receita, a rota deve mudar para a tela de detalhes daquela receita Ao clicar na foto da receita, a rota deve mudar para a tela de detalhes daquela receita",
                  "timedOut": null,
                  "duration": 227,
                  "state": "passed",
                  "speed": "fast",
                  "pass": true,
                  "fail": false,
                  "pending": false,
                  "context": null,
                  "code": "cy.get('[data-testid=\"0-horizontal-image\"]').click();\ncy.location().should(loc => expect(loc.pathname).to.eq('/foods/52771'));",
                  "err": {},
                  "uuid": "c787a848-88ea-4e85-9633-977fd99a96bd",
                  "parentUUID": "c001132b-d5bf-45f2-8ab9-86d137d7ca57",
                  "isHook": false,
                  "skipped": false
                },
                {
                  "title": "Ao clicar no nome da receita, a rota deve mudar para a tela de detalhes daquela receita",
                  "fullTitle": "Favorite recipes screen 56 - Redirecione a pessoa usuária ao clicar na foto ou no nome da receita, a rota deve mudar para a tela de detalhes daquela receita Ao clicar no nome da receita, a rota deve mudar para a tela de detalhes daquela receita",
                  "timedOut": null,
                  "duration": 234,
                  "state": "passed",
                  "speed": "fast",
                  "pass": true,
                  "fail": false,
                  "pending": false,
                  "context": null,
                  "code": "cy.get('[data-testid=\"1-horizontal-name\"]').click();\ncy.location().should(loc => expect(loc.pathname).to.eq('/drinks/178319'));",
                  "err": {},
                  "uuid": "01bcdffd-9519-46f4-a51d-7ad5da1daa95",
                  "parentUUID": "c001132b-d5bf-45f2-8ab9-86d137d7ca57",
                  "isHook": false,
                  "skipped": false
                },
                {
                  "title": "Verifica a cobertura de 90% da tela de Receitas Favoritas",
                  "fullTitle": "Favorite recipes screen 56 - Redirecione a pessoa usuária ao clicar na foto ou no nome da receita, a rota deve mudar para a tela de detalhes daquela receita Verifica a cobertura de 90% da tela de Receitas Favoritas",
                  "timedOut": null,
                  "duration": 193,
                  "state": "passed",
                  "speed": "fast",
                  "pass": true,
                  "fail": false,
                  "pending": false,
                  "context": null,
                  "code": "cy.task('getCoverage', getId()).its('FavoriteRecipes.functions.pct').should('be.gte', 90.00);\ncy.task('getCoverage', getId()).its('FavoriteRecipes.lines.pct').should('be.gte', 90.00);\ncy.task('getCoverage', getId()).its('FavoriteRecipes.branches.pct').should('be.gte', 90.00);",
                  "err": {},
                  "uuid": "3cdae338-c301-41c8-a674-66bc5a63d20b",
                  "parentUUID": "c001132b-d5bf-45f2-8ab9-86d137d7ca57",
                  "isHook": false,
                  "skipped": false
                }
              ],
              "suites": [],
              "passes": [
                "c787a848-88ea-4e85-9633-977fd99a96bd",
                "01bcdffd-9519-46f4-a51d-7ad5da1daa95",
                "3cdae338-c301-41c8-a674-66bc5a63d20b"
              ],
              "failures": [],
              "pending": [],
              "skipped": [],
              "duration": 654,
              "root": false,
              "rootEmpty": false,
              "_timeout": 2000
            }
          ],
          "passes": [],
          "failures": [],
          "pending": [],
          "skipped": [],
          "duration": 0,
          "root": false,
          "rootEmpty": false,
          "_timeout": 2000
        }
      ],
      "passes": [],
      "failures": [],
      "pending": [],
      "skipped": [],
      "duration": 0,
      "root": true,
      "rootEmpty": true,
      "_timeout": 2000
    }
  ],
  "meta": {
    "mocha": {
      "version": "7.0.1"
    },
    "mochawesome": {
      "options": {
        "quiet": false,
        "reportFilename": "mochawesome",
        "saveHtml": false,
        "saveJson": true,
        "consoleReporter": "spec",
        "useInlineDiffs": false,
        "code": true
      },
      "version": "6.3.1"
    },
    "marge": {
      "options": {
        "id": "default",
        "reportDir": "cypress/reports",
        "overwrite": false,
        "html": false,
        "json": true
      },
      "version": "5.2.0"
    }
  }
}