{
  "stats": {
    "suites": 7,
    "tests": 30,
    "passes": 30,
    "pending": 0,
    "failures": 0,
    "start": "2022-07-21T20:40:18.294Z",
    "end": "2022-07-21T20:40:30.433Z",
    "duration": 12139,
    "testsRegistered": 30,
    "passPercent": 100,
    "pendingPercent": 0,
    "other": 0,
    "hasOther": false,
    "skipped": 0,
    "hasSkipped": false
  },
  "results": [
    {
      "uuid": "e37ce932-01da-4a01-a020-1e6a35ad70ec",
      "title": "",
      "fullFile": "cypress/integration/37-43-recipe_in_progress_spec.js",
      "file": "cypress/integration/37-43-recipe_in_progress_spec.js",
      "beforeHooks": [],
      "afterHooks": [],
      "tests": [],
      "suites": [
        {
          "uuid": "6fb41286-3684-4f87-a39f-55dafc6d1e30",
          "title": "37 - Desenvolva a tela de modo que contenha uma imagem da receita, o título, a categoria em caso de comidas e se é ou não alcoólico em caso de bebidas, uma lista de ingredientes com suas respectivas quantidades e instruções",
          "fullFile": "",
          "file": "",
          "beforeHooks": [],
          "afterHooks": [],
          "tests": [
            {
              "title": "verifica elementos de uma receita de comida",
              "fullTitle": "37 - Desenvolva a tela de modo que contenha uma imagem da receita, o título, a categoria em caso de comidas e se é ou não alcoólico em caso de bebidas, uma lista de ingredientes com suas respectivas quantidades e instruções verifica elementos de uma receita de comida",
              "timedOut": null,
              "duration": 745,
              "state": "passed",
              "speed": "fast",
              "pass": true,
              "fail": false,
              "pending": false,
              "context": null,
              "code": "cy.visit('http://localhost:3000/foods/52771/in-progress', {\n  onBeforeLoad(win) {\n    win.fetch = fetchMock;\n  }\n});\ncy.get('[data-testid=\"recipe-photo\"]');\ncy.get('[data-testid=\"recipe-title\"]');\ncy.get('[data-testid=\"share-btn\"]');\ncy.get('[data-testid=\"favorite-btn\"]');\ncy.get('[data-testid=\"recipe-category\"]');\ncy.get('[data-testid*=\"ingredient-step\"]').should('have.length', 8);\ncy.get('[data-testid=\"instructions\"]');\ncy.get('[data-testid=\"finish-recipe-btn\"]');",
              "err": {},
              "uuid": "ec0f1062-71d4-429d-8409-c0d7be562cb3",
              "parentUUID": "6fb41286-3684-4f87-a39f-55dafc6d1e30",
              "isHook": false,
              "skipped": false
            },
            {
              "title": "verifica elementos de uma receita de bebida",
              "fullTitle": "37 - Desenvolva a tela de modo que contenha uma imagem da receita, o título, a categoria em caso de comidas e se é ou não alcoólico em caso de bebidas, uma lista de ingredientes com suas respectivas quantidades e instruções verifica elementos de uma receita de bebida",
              "timedOut": null,
              "duration": 522,
              "state": "passed",
              "speed": "fast",
              "pass": true,
              "fail": false,
              "pending": false,
              "context": null,
              "code": "cy.visit('http://localhost:3000/drinks/178319/in-progress', {\n  onBeforeLoad(win) {\n    win.fetch = fetchMock;\n  }\n});\ncy.get('[data-testid=\"recipe-photo\"]');\ncy.get('[data-testid=\"recipe-title\"]');\ncy.get('[data-testid=\"share-btn\"]');\ncy.get('[data-testid=\"favorite-btn\"]');\ncy.get('[data-testid=\"recipe-category\"]');\ncy.get('[data-testid*=\"ingredient-step\"]').should('have.length', 3);\ncy.get('[data-testid=\"instructions\"]');\ncy.get('[data-testid=\"finish-recipe-btn\"]');",
              "err": {},
              "uuid": "01378e51-3547-4a21-80ec-726c676faa50",
              "parentUUID": "6fb41286-3684-4f87-a39f-55dafc6d1e30",
              "isHook": false,
              "skipped": false
            }
          ],
          "suites": [],
          "passes": [
            "ec0f1062-71d4-429d-8409-c0d7be562cb3",
            "01378e51-3547-4a21-80ec-726c676faa50"
          ],
          "failures": [],
          "pending": [],
          "skipped": [],
          "duration": 1267,
          "root": false,
          "rootEmpty": false,
          "_timeout": 2000
        },
        {
          "uuid": "999ae968-ae1e-4bd8-a82f-60a6030ab837",
          "title": "38 - Desenvolva um checkbox para cada item da lista de ingredientes",
          "fullFile": "",
          "file": "",
          "beforeHooks": [],
          "afterHooks": [],
          "tests": [
            {
              "title": "todos os ingredientes de uma receita de comida possuem um checkbox",
              "fullTitle": "38 - Desenvolva um checkbox para cada item da lista de ingredientes todos os ingredientes de uma receita de comida possuem um checkbox",
              "timedOut": null,
              "duration": 468,
              "state": "passed",
              "speed": "fast",
              "pass": true,
              "fail": false,
              "pending": false,
              "context": null,
              "code": "cy.visit('http://localhost:3000/foods/52771/in-progress', {\n  onBeforeLoad(win) {\n    win.fetch = fetchMock;\n  }\n});\ncy.get('[data-testid*=\"ingredient-step\"]').find('input[type=\"checkbox\"]').should('have.length', 8);",
              "err": {},
              "uuid": "3e53707c-5e96-479c-bceb-c1ed7c73a358",
              "parentUUID": "999ae968-ae1e-4bd8-a82f-60a6030ab837",
              "isHook": false,
              "skipped": false
            },
            {
              "title": "todos os ingredientes de uma receita de bebida possuem um checkbox",
              "fullTitle": "38 - Desenvolva um checkbox para cada item da lista de ingredientes todos os ingredientes de uma receita de bebida possuem um checkbox",
              "timedOut": null,
              "duration": 136,
              "state": "passed",
              "speed": "fast",
              "pass": true,
              "fail": false,
              "pending": false,
              "context": null,
              "code": "cy.visit('http://localhost:3000/drinks/178319/in-progress', {\n  onBeforeLoad(win) {\n    win.fetch = fetchMock;\n  }\n});\ncy.get('[data-testid*=\"ingredient-step\"]').find('input[type=\"checkbox\"]').should('have.length', 3);",
              "err": {},
              "uuid": "042a3e26-efc6-4f27-bda8-443071453071",
              "parentUUID": "999ae968-ae1e-4bd8-a82f-60a6030ab837",
              "isHook": false,
              "skipped": false
            }
          ],
          "suites": [],
          "passes": [
            "3e53707c-5e96-479c-bceb-c1ed7c73a358",
            "042a3e26-efc6-4f27-bda8-443071453071"
          ],
          "failures": [],
          "pending": [],
          "skipped": [],
          "duration": 604,
          "root": false,
          "rootEmpty": false,
          "_timeout": 2000
        },
        {
          "uuid": "f7ab1d18-952e-4e4a-bf20-e31a5188995c",
          "title": "39 - Implemente uma lógica que ao clicar no checkbox de um ingrediente, o nome dele deve ser \"riscado\" da lista",
          "fullFile": "",
          "file": "",
          "beforeHooks": [],
          "afterHooks": [],
          "tests": [
            {
              "title": "verifica se é possível marcar todos os passos da receita de comida",
              "fullTitle": "39 - Implemente uma lógica que ao clicar no checkbox de um ingrediente, o nome dele deve ser \"riscado\" da lista verifica se é possível marcar todos os passos da receita de comida",
              "timedOut": null,
              "duration": 961,
              "state": "passed",
              "speed": "fast",
              "pass": true,
              "fail": false,
              "pending": false,
              "context": null,
              "code": "cy.visit('http://localhost:3000/foods/52771/in-progress', {\n  onBeforeLoad(win) {\n    win.fetch = fetchMock;\n  }\n});\ngetIngredients().check();\ngetIngredients().should('have.css', 'text-decoration', 'none solid rgb(0, 0, 0)');",
              "err": {},
              "uuid": "43b9b405-7ea3-44a4-b84a-8a3c1ddece11",
              "parentUUID": "f7ab1d18-952e-4e4a-bf20-e31a5188995c",
              "isHook": false,
              "skipped": false
            },
            {
              "title": "verifica se é possível marcar todos os passos da receita de bebida",
              "fullTitle": "39 - Implemente uma lógica que ao clicar no checkbox de um ingrediente, o nome dele deve ser \"riscado\" da lista verifica se é possível marcar todos os passos da receita de bebida",
              "timedOut": null,
              "duration": 443,
              "state": "passed",
              "speed": "fast",
              "pass": true,
              "fail": false,
              "pending": false,
              "context": null,
              "code": "cy.visit('http://localhost:3000/drinks/178319/in-progress', {\n  onBeforeLoad(win) {\n    win.fetch = fetchMock;\n  }\n});\ngetIngredients().check();\ngetIngredients().should('have.css', 'text-decoration', 'none solid rgb(0, 0, 0)');",
              "err": {},
              "uuid": "713c45f2-a1d9-4600-94dd-042b2508539f",
              "parentUUID": "f7ab1d18-952e-4e4a-bf20-e31a5188995c",
              "isHook": false,
              "skipped": false
            },
            {
              "title": "Verifica a cobertura de 45% da Tela de Progresso da Receita",
              "fullTitle": "39 - Implemente uma lógica que ao clicar no checkbox de um ingrediente, o nome dele deve ser \"riscado\" da lista Verifica a cobertura de 45% da Tela de Progresso da Receita",
              "timedOut": null,
              "duration": 35,
              "state": "passed",
              "speed": "fast",
              "pass": true,
              "fail": false,
              "pending": false,
              "context": null,
              "code": "cy.task('getCoverage', getId()).its('RecipeInProgress.functions.pct').should('be.gte', 45.00);\ncy.task('getCoverage', getId()).its('RecipeInProgress.lines.pct').should('be.gte', 45.00);\ncy.task('getCoverage', getId()).its('RecipeInProgress.branches.pct').should('be.gte', 45.00);",
              "err": {},
              "uuid": "37822fa3-3729-4b1c-b8b5-2e3bcd5df7f3",
              "parentUUID": "f7ab1d18-952e-4e4a-bf20-e31a5188995c",
              "isHook": false,
              "skipped": false
            }
          ],
          "suites": [],
          "passes": [
            "43b9b405-7ea3-44a4-b84a-8a3c1ddece11",
            "713c45f2-a1d9-4600-94dd-042b2508539f",
            "37822fa3-3729-4b1c-b8b5-2e3bcd5df7f3"
          ],
          "failures": [],
          "pending": [],
          "skipped": [],
          "duration": 1439,
          "root": false,
          "rootEmpty": false,
          "_timeout": 2000
        },
        {
          "uuid": "6fce4c05-9e53-4ac8-bfa8-56750d690a3a",
          "title": "40 - Salve o estado do progresso, que deve ser mantido caso a pessoa atualize a página ou volte para a mesma receita",
          "fullFile": "",
          "file": "",
          "beforeHooks": [],
          "afterHooks": [],
          "tests": [
            {
              "title": "salva o progresso de uma receita de comida em andamento",
              "fullTitle": "40 - Salve o estado do progresso, que deve ser mantido caso a pessoa atualize a página ou volte para a mesma receita salva o progresso de uma receita de comida em andamento",
              "timedOut": null,
              "duration": 685,
              "state": "passed",
              "speed": "fast",
              "pass": true,
              "fail": false,
              "pending": false,
              "context": null,
              "code": "cy.visit('http://localhost:3000/foods/52771/in-progress', {\n  onBeforeLoad(win) {\n    win.fetch = fetchMock;\n  }\n});\ncy.get('[data-testid=\"0-ingredient-step\"]').find('input[type=\"checkbox\"]').check();\ncy.reload();\ncy.get('[data-testid=\"0-ingredient-step\"]').find('input[type=\"checkbox\"]').should('have.attr', 'checked');",
              "err": {},
              "uuid": "11e9920a-bd35-4439-a50a-8d32661469dc",
              "parentUUID": "6fce4c05-9e53-4ac8-bfa8-56750d690a3a",
              "isHook": false,
              "skipped": false
            },
            {
              "title": "salva o progresso de uma receita de bebida em andamento",
              "fullTitle": "40 - Salve o estado do progresso, que deve ser mantido caso a pessoa atualize a página ou volte para a mesma receita salva o progresso de uma receita de bebida em andamento",
              "timedOut": null,
              "duration": 600,
              "state": "passed",
              "speed": "fast",
              "pass": true,
              "fail": false,
              "pending": false,
              "context": null,
              "code": "cy.visit('http://localhost:3000/drinks/178319/in-progress', {\n  onBeforeLoad(win) {\n    win.fetch = fetchMock;\n  }\n});\ncy.get('[data-testid=\"0-ingredient-step\"]').find('input[type=\"checkbox\"]').check();\ncy.reload();\ncy.get('[data-testid=\"0-ingredient-step\"]').find('input[type=\"checkbox\"]').should('have.attr', 'checked');",
              "err": {},
              "uuid": "621bba8b-1f35-47f8-9225-68ed54580510",
              "parentUUID": "6fce4c05-9e53-4ac8-bfa8-56750d690a3a",
              "isHook": false,
              "skipped": false
            }
          ],
          "suites": [],
          "passes": [
            "11e9920a-bd35-4439-a50a-8d32661469dc",
            "621bba8b-1f35-47f8-9225-68ed54580510"
          ],
          "failures": [],
          "pending": [],
          "skipped": [],
          "duration": 1285,
          "root": false,
          "rootEmpty": false,
          "_timeout": 2000
        },
        {
          "uuid": "87ae4c7f-f961-4381-8929-087c5632c5c2",
          "title": "41 - Desenvolva a lógica de favoritar e compartilhar. A lógica da tela de detalhes de uma receita se aplica aqui",
          "fullFile": "",
          "file": "",
          "beforeHooks": [],
          "afterHooks": [],
          "tests": [
            {
              "title": "verifica se os botões estão disponíveis na tela de detalhes de uma comida",
              "fullTitle": "41 - Desenvolva a lógica de favoritar e compartilhar. A lógica da tela de detalhes de uma receita se aplica aqui verifica se os botões estão disponíveis na tela de detalhes de uma comida",
              "timedOut": null,
              "duration": 154,
              "state": "passed",
              "speed": "fast",
              "pass": true,
              "fail": false,
              "pending": false,
              "context": null,
              "code": "cy.visit('http://localhost:3000/foods/52771/in-progress', {\n  onBeforeLoad(win) {\n    win.fetch = fetchMock;\n  }\n});\ncy.get('[data-testid=\"share-btn\"]').should('exist');\ncy.get('[data-testid=\"favorite-btn\"]').should('exist');",
              "err": {},
              "uuid": "ccf8dba5-fa13-400c-a387-0037e2450ea2",
              "parentUUID": "87ae4c7f-f961-4381-8929-087c5632c5c2",
              "isHook": false,
              "skipped": false
            },
            {
              "title": "verifica se os botões estão disponíveis na tela de detalhes de uma bebida",
              "fullTitle": "41 - Desenvolva a lógica de favoritar e compartilhar. A lógica da tela de detalhes de uma receita se aplica aqui verifica se os botões estão disponíveis na tela de detalhes de uma bebida",
              "timedOut": null,
              "duration": 124,
              "state": "passed",
              "speed": "fast",
              "pass": true,
              "fail": false,
              "pending": false,
              "context": null,
              "code": "cy.visit('http://localhost:3000/drinks/178319/in-progress', {\n  onBeforeLoad(win) {\n    win.fetch = fetchMock;\n  }\n});\ncy.get('[data-testid=\"share-btn\"]').should('exist');\ncy.get('[data-testid=\"favorite-btn\"]').should('exist');",
              "err": {},
              "uuid": "f7e6172c-11da-4905-bffa-630244dd934b",
              "parentUUID": "87ae4c7f-f961-4381-8929-087c5632c5c2",
              "isHook": false,
              "skipped": false
            },
            {
              "title": "verifica a mensagem \"Link copied!\" e se o link da receita da comida foi copiado para o clipboard",
              "fullTitle": "41 - Desenvolva a lógica de favoritar e compartilhar. A lógica da tela de detalhes de uma receita se aplica aqui verifica a mensagem \"Link copied!\" e se o link da receita da comida foi copiado para o clipboard",
              "timedOut": null,
              "duration": 237,
              "state": "passed",
              "speed": "fast",
              "pass": true,
              "fail": false,
              "pending": false,
              "context": null,
              "code": "cy.visit('http://localhost:3000/foods/52771/in-progress', {\n  onBeforeLoad(win) {\n    win.fetch = fetchMock;\n    cy.stub(win.navigator.clipboard, 'writeText').resolves('URL').as('clipboard');\n  }\n});\ncy.get('[data-testid=\"share-btn\"]').click();\ncy.contains('Link copied!');\ncy.get('@clipboard').should('be.calledWithExactly', `http://localhost:3000/foods/52771`);",
              "err": {},
              "uuid": "99aa215e-2172-47cb-834c-fc410432023f",
              "parentUUID": "87ae4c7f-f961-4381-8929-087c5632c5c2",
              "isHook": false,
              "skipped": false
            },
            {
              "title": "verifica a mensagem \"Link copied!\" e se o link da receita da bebida foi copiado para o clipboard",
              "fullTitle": "41 - Desenvolva a lógica de favoritar e compartilhar. A lógica da tela de detalhes de uma receita se aplica aqui verifica a mensagem \"Link copied!\" e se o link da receita da bebida foi copiado para o clipboard",
              "timedOut": null,
              "duration": 261,
              "state": "passed",
              "speed": "fast",
              "pass": true,
              "fail": false,
              "pending": false,
              "context": null,
              "code": "cy.visit('http://localhost:3000/drinks/178319/in-progress', {\n  onBeforeLoad(win) {\n    win.fetch = fetchMock;\n    cy.stub(win.navigator.clipboard, 'writeText').resolves('URL').as('clipboard');\n  }\n});\ncy.get('[data-testid=\"share-btn\"]').click();\ncy.contains('Link copied!');\ncy.get('@clipboard').should('be.calledWithExactly', `http://localhost:3000/drinks/178319`);",
              "err": {},
              "uuid": "a37eff2a-1222-47f5-8408-6513feb0f9de",
              "parentUUID": "87ae4c7f-f961-4381-8929-087c5632c5c2",
              "isHook": false,
              "skipped": false
            },
            {
              "title": "verifica comida favoritada",
              "fullTitle": "41 - Desenvolva a lógica de favoritar e compartilhar. A lógica da tela de detalhes de uma receita se aplica aqui verifica comida favoritada",
              "timedOut": null,
              "duration": 204,
              "state": "passed",
              "speed": "fast",
              "pass": true,
              "fail": false,
              "pending": false,
              "context": null,
              "code": "cy.visit('http://localhost:3000/foods/52771/in-progress', {\n  onBeforeLoad(win) {\n    const favoriteRecipes = [{\n      \"id\": \"52771\",\n      \"type\": \"food\",\n      \"nationality\": \"Italian\",\n      \"category\": \"Vegetarian\",\n      \"alcoholicOrNot\": \"\",\n      \"name\": \"Spicy Arrabiata Penne\",\n      \"image\": \"https://www.themealdb.com/images/media/meals/ustsqw1468250014.jpg\"\n    }];\n    localStorage.setItem('favoriteRecipes', JSON.stringify(favoriteRecipes));\n    win.fetch = fetchMock;\n  }\n});\ncy.get('[data-testid=\"favorite-btn\"]').should('have.attr', 'src').should('include', 'blackHeartIcon');",
              "err": {},
              "uuid": "3a303050-2451-4dcf-bf01-9db551958322",
              "parentUUID": "87ae4c7f-f961-4381-8929-087c5632c5c2",
              "isHook": false,
              "skipped": false
            },
            {
              "title": "verifica comida não favoritada",
              "fullTitle": "41 - Desenvolva a lógica de favoritar e compartilhar. A lógica da tela de detalhes de uma receita se aplica aqui verifica comida não favoritada",
              "timedOut": null,
              "duration": 138,
              "state": "passed",
              "speed": "fast",
              "pass": true,
              "fail": false,
              "pending": false,
              "context": null,
              "code": "cy.visit('http://localhost:3000/foods/52771/in-progress', {\n  onBeforeLoad(win) {\n    win.fetch = fetchMock;\n  }\n});\ncy.get('[data-testid=\"favorite-btn\"]').should('have.attr', 'src').should('include', 'whiteHeartIcon');",
              "err": {},
              "uuid": "f2a411f6-970e-45d0-b033-9c313c091202",
              "parentUUID": "87ae4c7f-f961-4381-8929-087c5632c5c2",
              "isHook": false,
              "skipped": false
            },
            {
              "title": "verifica bebida favoritada",
              "fullTitle": "41 - Desenvolva a lógica de favoritar e compartilhar. A lógica da tela de detalhes de uma receita se aplica aqui verifica bebida favoritada",
              "timedOut": null,
              "duration": 158,
              "state": "passed",
              "speed": "fast",
              "pass": true,
              "fail": false,
              "pending": false,
              "context": null,
              "code": "cy.visit('http://localhost:3000/drinks/178319/in-progress', {\n  onBeforeLoad(win) {\n    const favoriteRecipes = [{\n      \"id\": \"178319\",\n      \"type\": \"drink\",\n      \"nationality\": \"\",\n      \"category\": \"Cocktail\",\n      \"alcoholicOrNot\": \"Alcoholic\",\n      \"name\": \"Aquamarine\",\n      \"image\": \"https://www.thecocktaildb.com/images/media/drink/zvsre31572902738.jpg\"\n    }];\n    localStorage.setItem('favoriteRecipes', JSON.stringify(favoriteRecipes));\n    win.fetch = fetchMock;\n  }\n});\ncy.get('[data-testid=\"favorite-btn\"]').should('have.attr', 'src').should('include', 'blackHeartIcon');",
              "err": {},
              "uuid": "39dafac4-f0ff-4ee1-8381-2f8195e8910e",
              "parentUUID": "87ae4c7f-f961-4381-8929-087c5632c5c2",
              "isHook": false,
              "skipped": false
            },
            {
              "title": "verifica bebida não favoritada",
              "fullTitle": "41 - Desenvolva a lógica de favoritar e compartilhar. A lógica da tela de detalhes de uma receita se aplica aqui verifica bebida não favoritada",
              "timedOut": null,
              "duration": 136,
              "state": "passed",
              "speed": "fast",
              "pass": true,
              "fail": false,
              "pending": false,
              "context": null,
              "code": "cy.visit('http://localhost:3000/drinks/178319/in-progress', {\n  onBeforeLoad(win) {\n    win.fetch = fetchMock;\n  }\n});\ncy.get('[data-testid=\"favorite-btn\"]').should('have.attr', 'src').should('include', 'whiteHeartIcon');",
              "err": {},
              "uuid": "021e0c2c-befe-4c5d-99a8-1a5a982502ee",
              "parentUUID": "87ae4c7f-f961-4381-8929-087c5632c5c2",
              "isHook": false,
              "skipped": false
            },
            {
              "title": "favorita comida",
              "fullTitle": "41 - Desenvolva a lógica de favoritar e compartilhar. A lógica da tela de detalhes de uma receita se aplica aqui favorita comida",
              "timedOut": null,
              "duration": 221,
              "state": "passed",
              "speed": "fast",
              "pass": true,
              "fail": false,
              "pending": false,
              "context": null,
              "code": "cy.visit('http://localhost:3000/foods/52771/in-progress', {\n  onBeforeLoad(win) {\n    win.fetch = fetchMock;\n  }\n});\ncy.get('[data-testid=\"favorite-btn\"]').should('have.attr', 'src').should('include', 'whiteHeartIcon');\ncy.get('[data-testid=\"favorite-btn\"]').click();\ncy.get('[data-testid=\"favorite-btn\"]').should('have.attr', 'src').should('include', 'blackHeartIcon');",
              "err": {},
              "uuid": "195ac395-3c19-455b-8d56-7349f06599bc",
              "parentUUID": "87ae4c7f-f961-4381-8929-087c5632c5c2",
              "isHook": false,
              "skipped": false
            },
            {
              "title": "desfavorita comida",
              "fullTitle": "41 - Desenvolva a lógica de favoritar e compartilhar. A lógica da tela de detalhes de uma receita se aplica aqui desfavorita comida",
              "timedOut": null,
              "duration": 244,
              "state": "passed",
              "speed": "fast",
              "pass": true,
              "fail": false,
              "pending": false,
              "context": null,
              "code": "cy.visit('http://localhost:3000/foods/52771/in-progress', {\n  onBeforeLoad(win) {\n    const favoriteRecipes = [{\n      \"id\": \"52771\",\n      \"type\": \"food\",\n      \"nationality\": \"Italian\",\n      \"category\": \"Vegetarian\",\n      \"alcoholicOrNot\": \"\",\n      \"name\": \"Spicy Arrabiata Penne\",\n      \"image\": \"https://www.themealdb.com/images/media/meals/ustsqw1468250014.jpg\"\n    }];\n    localStorage.setItem('favoriteRecipes', JSON.stringify(favoriteRecipes));\n    win.fetch = fetchMock;\n  }\n});\ncy.get('[data-testid=\"favorite-btn\"]').should('have.attr', 'src').should('include', 'blackHeartIcon');\ncy.get('[data-testid=\"favorite-btn\"]').click();\ncy.get('[data-testid=\"favorite-btn\"]').should('have.attr', 'src').should('include', 'whiteHeartIcon');",
              "err": {},
              "uuid": "64797afa-a6af-45f3-b5bd-6b008a9f91c9",
              "parentUUID": "87ae4c7f-f961-4381-8929-087c5632c5c2",
              "isHook": false,
              "skipped": false
            },
            {
              "title": "favorita bebida",
              "fullTitle": "41 - Desenvolva a lógica de favoritar e compartilhar. A lógica da tela de detalhes de uma receita se aplica aqui favorita bebida",
              "timedOut": null,
              "duration": 236,
              "state": "passed",
              "speed": "fast",
              "pass": true,
              "fail": false,
              "pending": false,
              "context": null,
              "code": "cy.visit('http://localhost:3000/drinks/178319/in-progress', {\n  onBeforeLoad(win) {\n    win.fetch = fetchMock;\n  }\n});\ncy.get('[data-testid=\"favorite-btn\"]').should('have.attr', 'src').should('include', 'whiteHeartIcon');\ncy.get('[data-testid=\"favorite-btn\"]').click();\ncy.get('[data-testid=\"favorite-btn\"]').should('have.attr', 'src').should('include', 'blackHeartIcon');",
              "err": {},
              "uuid": "fd840691-8e31-49ae-9a89-47d10f8ad49b",
              "parentUUID": "87ae4c7f-f961-4381-8929-087c5632c5c2",
              "isHook": false,
              "skipped": false
            },
            {
              "title": "desfavorita bebida",
              "fullTitle": "41 - Desenvolva a lógica de favoritar e compartilhar. A lógica da tela de detalhes de uma receita se aplica aqui desfavorita bebida",
              "timedOut": null,
              "duration": 231,
              "state": "passed",
              "speed": "fast",
              "pass": true,
              "fail": false,
              "pending": false,
              "context": null,
              "code": "cy.visit('http://localhost:3000/drinks/178319/in-progress', {\n  onBeforeLoad(win) {\n    const favoriteRecipes = [{\n      \"id\": \"178319\",\n      \"type\": \"drink\",\n      \"nationality\": \"\",\n      \"category\": \"Cocktail\",\n      \"alcoholicOrNot\": \"Alcoholic\",\n      \"name\": \"Aquamarine\",\n      \"image\": \"https://www.thecocktaildb.com/images/media/drink/zvsre31572902738.jpg\"\n    }];\n    localStorage.setItem('favoriteRecipes', JSON.stringify(favoriteRecipes));\n    win.fetch = fetchMock;\n  }\n});\ncy.get('[data-testid=\"favorite-btn\"]').should('have.attr', 'src').should('include', 'blackHeartIcon');\ncy.get('[data-testid=\"favorite-btn\"]').click();\ncy.get('[data-testid=\"favorite-btn\"]').should('have.attr', 'src').should('include', 'whiteHeartIcon');",
              "err": {},
              "uuid": "91657081-94ad-41bd-af2d-cec45930a272",
              "parentUUID": "87ae4c7f-f961-4381-8929-087c5632c5c2",
              "isHook": false,
              "skipped": false
            },
            {
              "title": "favorita receita de uma comida",
              "fullTitle": "41 - Desenvolva a lógica de favoritar e compartilhar. A lógica da tela de detalhes de uma receita se aplica aqui favorita receita de uma comida",
              "timedOut": null,
              "duration": 228,
              "state": "passed",
              "speed": "fast",
              "pass": true,
              "fail": false,
              "pending": false,
              "context": null,
              "code": "cy.visit('http://localhost:3000/foods/52771/in-progress', {\n  onBeforeLoad(win) {\n    win.fetch = fetchMock;\n  }\n});\ncy.get('[data-testid=\"favorite-btn\"]').click().then(() => {\n  const favoriteRecipes = JSON.parse(localStorage.getItem('favoriteRecipes'));\n  const expectedFavoriteRecipes = [{\n    id: '52771',\n    type: 'food',\n    nationality: 'Italian',\n    category: 'Vegetarian',\n    alcoholicOrNot: '',\n    name: 'Spicy Arrabiata Penne',\n    image: 'https://www.themealdb.com/images/media/meals/ustsqw1468250014.jpg'\n  }];\n  expect(favoriteRecipes).to.deep.eq(expectedFavoriteRecipes);\n  localStorage.clear();\n});",
              "err": {},
              "uuid": "4a60e458-fb22-41b0-86b9-a56739115358",
              "parentUUID": "87ae4c7f-f961-4381-8929-087c5632c5c2",
              "isHook": false,
              "skipped": false
            },
            {
              "title": "favorita receita de uma bebida",
              "fullTitle": "41 - Desenvolva a lógica de favoritar e compartilhar. A lógica da tela de detalhes de uma receita se aplica aqui favorita receita de uma bebida",
              "timedOut": null,
              "duration": 246,
              "state": "passed",
              "speed": "fast",
              "pass": true,
              "fail": false,
              "pending": false,
              "context": null,
              "code": "cy.visit('http://localhost:3000/drinks/178319/in-progress', {\n  onBeforeLoad(win) {\n    win.fetch = fetchMock;\n  }\n});\ncy.get('[data-testid=\"favorite-btn\"]').click().then(() => {\n  const favoriteRecipes = JSON.parse(localStorage.getItem('favoriteRecipes'));\n  const expectedFavoriteRecipes = [{\n    id: '178319',\n    type: 'drink',\n    nationality: '',\n    category: 'Cocktail',\n    alcoholicOrNot: 'Alcoholic',\n    name: 'Aquamarine',\n    image: 'https://www.thecocktaildb.com/images/media/drink/zvsre31572902738.jpg'\n  }];\n  expect(favoriteRecipes).to.deep.eq(expectedFavoriteRecipes);\n  localStorage.clear();\n});",
              "err": {},
              "uuid": "fef73b01-16d7-4bae-b67b-bf47e3ca2840",
              "parentUUID": "87ae4c7f-f961-4381-8929-087c5632c5c2",
              "isHook": false,
              "skipped": false
            }
          ],
          "suites": [],
          "passes": [
            "ccf8dba5-fa13-400c-a387-0037e2450ea2",
            "f7e6172c-11da-4905-bffa-630244dd934b",
            "99aa215e-2172-47cb-834c-fc410432023f",
            "a37eff2a-1222-47f5-8408-6513feb0f9de",
            "3a303050-2451-4dcf-bf01-9db551958322",
            "f2a411f6-970e-45d0-b033-9c313c091202",
            "39dafac4-f0ff-4ee1-8381-2f8195e8910e",
            "021e0c2c-befe-4c5d-99a8-1a5a982502ee",
            "195ac395-3c19-455b-8d56-7349f06599bc",
            "64797afa-a6af-45f3-b5bd-6b008a9f91c9",
            "fd840691-8e31-49ae-9a89-47d10f8ad49b",
            "91657081-94ad-41bd-af2d-cec45930a272",
            "4a60e458-fb22-41b0-86b9-a56739115358",
            "fef73b01-16d7-4bae-b67b-bf47e3ca2840"
          ],
          "failures": [],
          "pending": [],
          "skipped": [],
          "duration": 2818,
          "root": false,
          "rootEmpty": false,
          "_timeout": 2000
        },
        {
          "uuid": "fa4d7320-4423-4fe9-a298-0a55c5063276",
          "title": "42 - Implemente a solução de modo que o botão de finalizar receita (\"Finish Recipe\") só pode estar habilitado quando todos os ingredientes estiverem _\"checkados\"_ (marcados)",
          "fullFile": "",
          "file": "",
          "beforeHooks": [],
          "afterHooks": [],
          "tests": [
            {
              "title": "verifica se botão para finalizar está desabilitado em receitas de comidas",
              "fullTitle": "42 - Implemente a solução de modo que o botão de finalizar receita (\"Finish Recipe\") só pode estar habilitado quando todos os ingredientes estiverem _\"checkados\"_ (marcados) verifica se botão para finalizar está desabilitado em receitas de comidas",
              "timedOut": null,
              "duration": 251,
              "state": "passed",
              "speed": "fast",
              "pass": true,
              "fail": false,
              "pending": false,
              "context": null,
              "code": "cy.visit('http://localhost:3000/foods/52771/in-progress', {\n  onBeforeLoad(win) {\n    win.fetch = fetchMock;\n  }\n});\ncy.get('[data-testid*=\"ingredient-step\"]').find('input[type=\"checkbox\"]').first().check();\ncy.get('[data-testid=\"finish-recipe-btn\"]').should('be.disabled');",
              "err": {},
              "uuid": "f462bae1-fbcf-480f-b1a6-7e4a112a8209",
              "parentUUID": "fa4d7320-4423-4fe9-a298-0a55c5063276",
              "isHook": false,
              "skipped": false
            },
            {
              "title": "verifica se botão para finalizar está desabilitado em receitas de bebidas",
              "fullTitle": "42 - Implemente a solução de modo que o botão de finalizar receita (\"Finish Recipe\") só pode estar habilitado quando todos os ingredientes estiverem _\"checkados\"_ (marcados) verifica se botão para finalizar está desabilitado em receitas de bebidas",
              "timedOut": null,
              "duration": 226,
              "state": "passed",
              "speed": "fast",
              "pass": true,
              "fail": false,
              "pending": false,
              "context": null,
              "code": "cy.visit('http://localhost:3000/drinks/178319/in-progress', {\n  onBeforeLoad(win) {\n    win.fetch = fetchMock;\n  }\n});\ncy.get('[data-testid*=\"ingredient-step\"]').find('input[type=\"checkbox\"]').first().check();\ncy.get('[data-testid=\"finish-recipe-btn\"]').should('be.disabled');",
              "err": {},
              "uuid": "fe7391cb-9548-4feb-a042-3b22444a6a6b",
              "parentUUID": "fa4d7320-4423-4fe9-a298-0a55c5063276",
              "isHook": false,
              "skipped": false
            },
            {
              "title": "verifica se botão para finalizar está habilitado em receitas de comidas",
              "fullTitle": "42 - Implemente a solução de modo que o botão de finalizar receita (\"Finish Recipe\") só pode estar habilitado quando todos os ingredientes estiverem _\"checkados\"_ (marcados) verifica se botão para finalizar está habilitado em receitas de comidas",
              "timedOut": null,
              "duration": 933,
              "state": "passed",
              "speed": "fast",
              "pass": true,
              "fail": false,
              "pending": false,
              "context": null,
              "code": "cy.visit('http://localhost:3000/foods/52771/in-progress', {\n  onBeforeLoad(win) {\n    win.fetch = fetchMock;\n  }\n});\ncy.get('[data-testid*=\"ingredient-step\"]').find('input[type=\"checkbox\"]').check();\ncy.get('[data-testid=\"finish-recipe-btn\"]').should('be.enabled');",
              "err": {},
              "uuid": "d4a39d33-6b6b-43e9-bacf-9299459d8144",
              "parentUUID": "fa4d7320-4423-4fe9-a298-0a55c5063276",
              "isHook": false,
              "skipped": false
            },
            {
              "title": "verifica se botão para finalizar está habilitado em receitas de bebidas",
              "fullTitle": "42 - Implemente a solução de modo que o botão de finalizar receita (\"Finish Recipe\") só pode estar habilitado quando todos os ingredientes estiverem _\"checkados\"_ (marcados) verifica se botão para finalizar está habilitado em receitas de bebidas",
              "timedOut": null,
              "duration": 415,
              "state": "passed",
              "speed": "fast",
              "pass": true,
              "fail": false,
              "pending": false,
              "context": null,
              "code": "cy.visit('http://localhost:3000/drinks/178319/in-progress', {\n  onBeforeLoad(win) {\n    win.fetch = fetchMock;\n  }\n});\ncy.get('[data-testid*=\"ingredient-step\"]').find('input[type=\"checkbox\"]').check();\ncy.get('[data-testid=\"finish-recipe-btn\"]').should('be.enabled');",
              "err": {},
              "uuid": "9acf66ce-7fd3-4814-bf22-33a2aa09812b",
              "parentUUID": "fa4d7320-4423-4fe9-a298-0a55c5063276",
              "isHook": false,
              "skipped": false
            }
          ],
          "suites": [],
          "passes": [
            "f462bae1-fbcf-480f-b1a6-7e4a112a8209",
            "fe7391cb-9548-4feb-a042-3b22444a6a6b",
            "d4a39d33-6b6b-43e9-bacf-9299459d8144",
            "9acf66ce-7fd3-4814-bf22-33a2aa09812b"
          ],
          "failures": [],
          "pending": [],
          "skipped": [],
          "duration": 1825,
          "root": false,
          "rootEmpty": false,
          "_timeout": 2000
        },
        {
          "uuid": "19e9b6af-d7bb-4c20-876c-ed79e2a27656",
          "title": "43 - Redirecione a pessoa usuária após clicar no botão de finalizar receita (\"Finish Recipe\"), para a página de receitas feitas, cuja rota deve ser `/done-recipes`",
          "fullFile": "",
          "file": "",
          "beforeHooks": [],
          "afterHooks": [],
          "tests": [
            {
              "title": "redireciona após concluir uma receita de comida",
              "fullTitle": "43 - Redirecione a pessoa usuária após clicar no botão de finalizar receita (\"Finish Recipe\"), para a página de receitas feitas, cuja rota deve ser `/done-recipes` redireciona após concluir uma receita de comida",
              "timedOut": null,
              "duration": 1034,
              "state": "passed",
              "speed": "fast",
              "pass": true,
              "fail": false,
              "pending": false,
              "context": null,
              "code": "cy.visit('http://localhost:3000/foods/52771/in-progress', {\n  onBeforeLoad(win) {\n    win.fetch = fetchMock;\n  }\n});\ncy.get('[data-testid*=\"ingredient-step\"]').find('input[type=\"checkbox\"]').check();\ncy.get('[data-testid=\"finish-recipe-btn\"]').click();\ncy.location().should(loc => expect(loc.pathname).to.eq('/done-recipes'));",
              "err": {},
              "uuid": "80b0cd5c-6229-45e1-998b-a6a54fbdaa32",
              "parentUUID": "19e9b6af-d7bb-4c20-876c-ed79e2a27656",
              "isHook": false,
              "skipped": false
            },
            {
              "title": "redireciona após concluir uma receita de bebida",
              "fullTitle": "43 - Redirecione a pessoa usuária após clicar no botão de finalizar receita (\"Finish Recipe\"), para a página de receitas feitas, cuja rota deve ser `/done-recipes` redireciona após concluir uma receita de bebida",
              "timedOut": null,
              "duration": 534,
              "state": "passed",
              "speed": "fast",
              "pass": true,
              "fail": false,
              "pending": false,
              "context": null,
              "code": "cy.visit('http://localhost:3000/drinks/178319/in-progress', {\n  onBeforeLoad(win) {\n    win.fetch = fetchMock;\n  }\n});\ncy.get('[data-testid*=\"ingredient-step\"]').find('input[type=\"checkbox\"]').check();\ncy.get('[data-testid=\"finish-recipe-btn\"]').click();\ncy.location().should(loc => expect(loc.pathname).to.eq('/done-recipes'));",
              "err": {},
              "uuid": "b3da6277-0e51-42da-bf0e-a37d6d4bb575",
              "parentUUID": "19e9b6af-d7bb-4c20-876c-ed79e2a27656",
              "isHook": false,
              "skipped": false
            },
            {
              "title": "Verifica a cobertura de 90% da Tela de Progresso da Receita",
              "fullTitle": "43 - Redirecione a pessoa usuária após clicar no botão de finalizar receita (\"Finish Recipe\"), para a página de receitas feitas, cuja rota deve ser `/done-recipes` Verifica a cobertura de 90% da Tela de Progresso da Receita",
              "timedOut": null,
              "duration": 36,
              "state": "passed",
              "speed": "fast",
              "pass": true,
              "fail": false,
              "pending": false,
              "context": null,
              "code": "cy.task('getCoverage', getId()).its('RecipeInProgress.functions.pct').should('be.gte', 90.00);\ncy.task('getCoverage', getId()).its('RecipeInProgress.lines.pct').should('be.gte', 90.00);\ncy.task('getCoverage', getId()).its('RecipeInProgress.branches.pct').should('be.gte', 90.00);",
              "err": {},
              "uuid": "5a754ec1-d4db-4afc-b906-267b060440ff",
              "parentUUID": "19e9b6af-d7bb-4c20-876c-ed79e2a27656",
              "isHook": false,
              "skipped": false
            }
          ],
          "suites": [],
          "passes": [
            "80b0cd5c-6229-45e1-998b-a6a54fbdaa32",
            "b3da6277-0e51-42da-bf0e-a37d6d4bb575",
            "5a754ec1-d4db-4afc-b906-267b060440ff"
          ],
          "failures": [],
          "pending": [],
          "skipped": [],
          "duration": 1604,
          "root": false,
          "rootEmpty": false,
          "_timeout": 2000
        }
      ],
      "passes": [],
      "failures": [],
      "pending": [],
      "skipped": [],
      "duration": 0,
      "root": true,
      "rootEmpty": true,
      "_timeout": 2000
    }
  ],
  "meta": {
    "mocha": {
      "version": "7.0.1"
    },
    "mochawesome": {
      "options": {
        "quiet": false,
        "reportFilename": "mochawesome",
        "saveHtml": false,
        "saveJson": true,
        "consoleReporter": "spec",
        "useInlineDiffs": false,
        "code": true
      },
      "version": "6.3.1"
    },
    "marge": {
      "options": {
        "id": "default",
        "reportDir": "cypress/reports",
        "overwrite": false,
        "html": false,
        "json": true
      },
      "version": "5.2.0"
    }
  }
}