<?xml version="1.0" encoding="UTF-8"?>
<coverage generated="1658433441222" clover="3.2.0">
  <project timestamp="1658433441222" name="All files">
    <metrics statements="535" coveredstatements="497" conditionals="270" coveredconditionals="258" methods="183" coveredmethods="159" elements="988" coveredelements="914" complexity="0" loc="535" ncloc="535" packages="8" files="33" classes="33"/>
    <package name="src">
      <metrics statements="1" coveredstatements="1" conditionals="0" coveredconditionals="0" methods="1" coveredmethods="1"/>
      <file name="App.js" path="/home/tayna/Trybe/Projetos Trybe/2.Front-end/sd-021-a-project-recipes-app/src/App.js">
        <metrics statements="1" coveredstatements="1" conditionals="0" coveredconditionals="0" methods="1" coveredmethods="1"/>
        <line num="18" count="53" type="stmt"/>
      </file>
    </package>
    <package name="src.components">
      <metrics statements="250" coveredstatements="231" conditionals="184" coveredconditionals="176" methods="77" coveredmethods="66"/>
      <file name="CardRecipe.js" path="/home/tayna/Trybe/Projetos Trybe/2.Front-end/sd-021-a-project-recipes-app/src/components/CardRecipe.js">
        <metrics statements="12" coveredstatements="12" conditionals="12" coveredconditionals="12" methods="2" coveredmethods="2"/>
        <line num="6" count="509" type="stmt"/>
        <line num="7" count="509" type="stmt"/>
        <line num="9" count="509" type="stmt"/>
        <line num="10" count="509" type="cond" truecount="2" falsecount="0"/>
        <line num="11" count="126" type="cond" truecount="2" falsecount="0"/>
        <line num="12" count="36" type="stmt"/>
        <line num="14" count="90" type="stmt"/>
        <line num="16" count="383" type="cond" truecount="2" falsecount="0"/>
        <line num="17" count="276" type="stmt"/>
        <line num="19" count="107" type="stmt"/>
        <line num="22" count="509" type="stmt"/>
        <line num="50" count="11" type="stmt"/>
      </file>
      <file name="CardRecipeDone.js" path="/home/tayna/Trybe/Projetos Trybe/2.Front-end/sd-021-a-project-recipes-app/src/components/CardRecipeDone.js">
        <metrics statements="7" coveredstatements="0" conditionals="0" coveredconditionals="0" methods="4" coveredmethods="0"/>
        <line num="25" count="0" type="stmt"/>
        <line num="26" count="0" type="stmt"/>
        <line num="27" count="0" type="stmt"/>
        <line num="28" count="0" type="stmt"/>
        <line num="31" count="0" type="stmt"/>
        <line num="69" count="0" type="stmt"/>
        <line num="76" count="0" type="stmt"/>
      </file>
      <file name="CardRecipeFavorite.js" path="/home/tayna/Trybe/Projetos Trybe/2.Front-end/sd-021-a-project-recipes-app/src/components/CardRecipeFavorite.js">
        <metrics statements="6" coveredstatements="0" conditionals="0" coveredconditionals="0" methods="3" coveredmethods="0"/>
        <line num="24" count="0" type="stmt"/>
        <line num="25" count="0" type="stmt"/>
        <line num="26" count="0" type="stmt"/>
        <line num="27" count="0" type="stmt"/>
        <line num="30" count="0" type="stmt"/>
        <line num="74" count="0" type="stmt"/>
      </file>
      <file name="CategoriesOptions.js" path="/home/tayna/Trybe/Projetos Trybe/2.Front-end/sd-021-a-project-recipes-app/src/components/CategoriesOptions.js">
        <metrics statements="17" coveredstatements="17" conditionals="4" coveredconditionals="4" methods="6" coveredmethods="6"/>
        <line num="12" count="78" type="stmt"/>
        <line num="14" count="78" type="stmt"/>
        <line num="16" count="78" type="stmt"/>
        <line num="18" count="78" type="stmt"/>
        <line num="19" count="78" type="cond" truecount="2" falsecount="0"/>
        <line num="20" count="52" type="stmt"/>
        <line num="22" count="26" type="stmt"/>
        <line num="25" count="78" type="stmt"/>
        <line num="26" count="7" type="cond" truecount="2" falsecount="0"/>
        <line num="27" count="6" type="stmt"/>
        <line num="29" count="1" type="stmt"/>
        <line num="30" count="1" type="stmt"/>
        <line num="37" count="78" type="stmt"/>
        <line num="38" count="1" type="stmt"/>
        <line num="41" count="78" type="stmt"/>
        <line num="46" count="100" type="stmt"/>
        <line num="50" count="7" type="stmt"/>
      </file>
      <file name="Footer.js" path="/home/tayna/Trybe/Projetos Trybe/2.Front-end/sd-021-a-project-recipes-app/src/components/Footer.js">
        <metrics statements="9" coveredstatements="9" conditionals="0" coveredconditionals="0" methods="4" coveredmethods="4"/>
        <line num="9" count="84" type="stmt"/>
        <line num="11" count="84" type="stmt"/>
        <line num="13" count="84" type="stmt"/>
        <line num="14" count="6" type="stmt"/>
        <line num="15" count="6" type="stmt"/>
        <line num="16" count="6" type="stmt"/>
        <line num="19" count="84" type="stmt"/>
        <line num="23" count="5" type="stmt"/>
        <line num="29" count="1" type="stmt"/>
      </file>
      <file name="Header.js" path="/home/tayna/Trybe/Projetos Trybe/2.Front-end/sd-021-a-project-recipes-app/src/components/Header.js">
        <metrics statements="9" coveredstatements="9" conditionals="6" coveredconditionals="6" methods="3" coveredmethods="3"/>
        <line num="10" count="95" type="stmt"/>
        <line num="11" count="95" type="stmt"/>
        <line num="13" count="95" type="stmt"/>
        <line num="14" count="15" type="cond" truecount="2" falsecount="0"/>
        <line num="15" count="1" type="stmt"/>
        <line num="17" count="14" type="stmt"/>
        <line num="21" count="95" type="stmt"/>
        <line num="26" count="1" type="stmt"/>
        <line num="55" count="11" type="stmt"/>
      </file>
      <file name="IngredientsList.js" path="/home/tayna/Trybe/Projetos Trybe/2.Front-end/sd-021-a-project-recipes-app/src/components/IngredientsList.js">
        <metrics statements="31" coveredstatements="28" conditionals="22" coveredconditionals="21" methods="13" coveredmethods="11"/>
        <line num="10" count="93" type="stmt"/>
        <line num="11" count="93" type="stmt"/>
        <line num="13" count="93" type="stmt"/>
        <line num="14" count="34" type="stmt"/>
        <line num="15" count="34" type="stmt"/>
        <line num="17" count="34" type="stmt"/>
        <line num="18" count="624" type="cond" truecount="2" falsecount="0"/>
        <line num="19" count="414" type="stmt"/>
        <line num="23" count="34" type="stmt"/>
        <line num="24" count="624" type="cond" truecount="2" falsecount="0"/>
        <line num="25" count="414" type="stmt"/>
        <line num="29" count="34" type="stmt"/>
        <line num="30" count="34" type="stmt"/>
        <line num="33" count="93" type="stmt"/>
        <line num="34" count="180" type="cond" truecount="2" falsecount="0"/>
        <line num="35" count="114" type="stmt"/>
        <line num="37" count="66" type="stmt"/>
        <line num="40" count="93" type="stmt"/>
        <line num="41" count="12" type="cond" truecount="1" falsecount="1"/>
        <line num="42" count="12" type="stmt"/>
        <line num="44" count="0" type="stmt"/>
        <line num="45" count="0" type="stmt"/>
        <line num="47" count="0" type="stmt"/>
        <line num="51" count="93" type="stmt"/>
        <line num="57" count="475" type="cond" truecount="2" falsecount="0"/>
        <line num="59" count="180" type="stmt"/>
        <line num="66" count="12" type="stmt"/>
        <line num="78" count="110" type="cond" truecount="2" falsecount="0"/>
        <line num="80" count="31" type="stmt"/>
        <line num="95" count="11" type="stmt"/>
        <line num="102" count="11" type="stmt"/>
      </file>
      <file name="RecipeDetails.js" path="/home/tayna/Trybe/Projetos Trybe/2.Front-end/sd-021-a-project-recipes-app/src/components/RecipeDetails.js">
        <metrics statements="63" coveredstatements="62" conditionals="50" coveredconditionals="46" methods="15" coveredmethods="14"/>
        <line num="19" count="25" type="stmt"/>
        <line num="20" count="23" type="stmt"/>
        <line num="21" count="23" type="stmt"/>
        <line num="22" count="23" type="stmt"/>
        <line num="23" count="23" type="stmt"/>
        <line num="25" count="23" type="stmt"/>
        <line num="26" count="23" type="stmt"/>
        <line num="28" count="23" type="stmt"/>
        <line num="30" count="23" type="stmt"/>
        <line num="31" count="10" type="stmt"/>
        <line num="32" count="10" type="cond" truecount="2" falsecount="0"/>
        <line num="33" count="4" type="stmt"/>
        <line num="34" count="4" type="stmt"/>
        <line num="36" count="6" type="stmt"/>
        <line num="37" count="3" type="stmt"/>
        <line num="41" count="10" type="stmt"/>
        <line num="44" count="23" type="stmt"/>
        <line num="45" count="10" type="stmt"/>
        <line num="46" count="10" type="stmt"/>
        <line num="48" count="10" type="cond" truecount="1" falsecount="1"/>
        <line num="49" count="0" type="stmt"/>
        <line num="53" count="23" type="stmt"/>
        <line num="54" count="10" type="stmt"/>
        <line num="56" count="10" type="stmt"/>
        <line num="57" count="10" type="cond" truecount="2" falsecount="0"/>
        <line num="58" count="1" type="stmt"/>
        <line num="61" count="10" type="stmt"/>
        <line num="63" count="10" type="cond" truecount="2" falsecount="0"/>
        <line num="64" count="4" type="stmt"/>
        <line num="65" count="4" type="stmt"/>
        <line num="66" count="1" type="stmt"/>
        <line num="68" count="4" type="cond" truecount="2" falsecount="0"/>
        <line num="69" count="1" type="stmt"/>
        <line num="72" count="6" type="stmt"/>
        <line num="73" count="6" type="stmt"/>
        <line num="74" count="3" type="stmt"/>
        <line num="76" count="6" type="cond" truecount="2" falsecount="0"/>
        <line num="77" count="3" type="stmt"/>
        <line num="82" count="23" type="stmt"/>
        <line num="83" count="7" type="cond" truecount="2" falsecount="0"/>
        <line num="84" count="1" type="stmt"/>
        <line num="85" count="1" type="stmt"/>
        <line num="87" count="1" type="stmt"/>
        <line num="91" count="23" type="stmt"/>
        <line num="92" count="2" type="cond" truecount="2" falsecount="0"/>
        <line num="93" count="1" type="stmt"/>
        <line num="95" count="1" type="stmt"/>
        <line num="99" count="23" type="stmt"/>
        <line num="100" count="3" type="stmt"/>
        <line num="102" count="3" type="stmt"/>
        <line num="103" count="3" type="cond" truecount="2" falsecount="0"/>
        <line num="104" count="2" type="stmt"/>
        <line num="105" count="2" type="stmt"/>
        <line num="114" count="2" type="stmt"/>
        <line num="116" count="1" type="stmt"/>
        <line num="117" count="1" type="stmt"/>
        <line num="118" count="1" type="stmt"/>
        <line num="122" count="23" type="stmt"/>
        <line num="123" count="2" type="cond" truecount="2" falsecount="0"/>
        <line num="124" count="1" type="stmt"/>
        <line num="126" count="1" type="stmt"/>
        <line num="128" count="2" type="stmt"/>
        <line num="131" count="23" type="stmt"/>
      </file>
      <file name="RecipeInProgress.js" path="/home/tayna/Trybe/Projetos Trybe/2.Front-end/sd-021-a-project-recipes-app/src/components/RecipeInProgress.js">
        <metrics statements="60" coveredstatements="60" conditionals="68" coveredconditionals="66" methods="14" coveredmethods="14"/>
        <line num="19" count="57" type="stmt"/>
        <line num="20" count="55" type="stmt"/>
        <line num="21" count="55" type="stmt"/>
        <line num="22" count="55" type="stmt"/>
        <line num="23" count="55" type="stmt"/>
        <line num="25" count="55" type="stmt"/>
        <line num="26" count="55" type="stmt"/>
        <line num="28" count="55" type="stmt"/>
        <line num="30" count="55" type="stmt"/>
        <line num="31" count="12" type="stmt"/>
        <line num="32" count="12" type="cond" truecount="2" falsecount="0"/>
        <line num="33" count="7" type="stmt"/>
        <line num="34" count="7" type="stmt"/>
        <line num="36" count="5" type="stmt"/>
        <line num="37" count="4" type="stmt"/>
        <line num="41" count="12" type="stmt"/>
        <line num="44" count="55" type="stmt"/>
        <line num="45" count="12" type="stmt"/>
        <line num="47" count="12" type="cond" truecount="4" falsecount="0"/>
        <line num="48" count="1" type="stmt"/>
        <line num="51" count="12" type="cond" truecount="4" falsecount="0"/>
        <line num="52" count="1" type="stmt"/>
        <line num="56" count="55" type="stmt"/>
        <line num="57" count="12" type="stmt"/>
        <line num="59" count="12" type="stmt"/>
        <line num="60" count="12" type="cond" truecount="2" falsecount="0"/>
        <line num="61" count="1" type="stmt"/>
        <line num="65" count="55" type="stmt"/>
        <line num="66" count="26" type="cond" truecount="2" falsecount="0"/>
        <line num="67" count="17" type="stmt"/>
        <line num="69" count="9" type="stmt"/>
        <line num="72" count="26" type="stmt"/>
        <line num="74" count="26" type="stmt"/>
        <line num="75" count="630" type="cond" truecount="2" falsecount="0"/>
        <line num="76" count="405" type="stmt"/>
        <line num="80" count="26" type="stmt"/>
        <line num="81" count="225" type="cond" truecount="2" falsecount="0"/>
        <line num="84" count="26" type="cond" truecount="2" falsecount="0"/>
        <line num="88" count="2" type="stmt"/>
        <line num="90" count="24" type="stmt"/>
        <line num="94" count="55" type="stmt"/>
        <line num="95" count="4" type="stmt"/>
        <line num="97" count="4" type="stmt"/>
        <line num="98" count="4" type="cond" truecount="2" falsecount="0"/>
        <line num="99" count="2" type="stmt"/>
        <line num="100" count="2" type="stmt"/>
        <line num="109" count="2" type="stmt"/>
        <line num="111" count="2" type="stmt"/>
        <line num="112" count="2" type="stmt"/>
        <line num="113" count="2" type="stmt"/>
        <line num="117" count="55" type="stmt"/>
        <line num="118" count="2" type="cond" truecount="2" falsecount="0"/>
        <line num="119" count="1" type="stmt"/>
        <line num="121" count="1" type="stmt"/>
        <line num="123" count="2" type="stmt"/>
        <line num="126" count="55" type="stmt"/>
        <line num="127" count="2" type="stmt"/>
        <line num="141" count="2" type="stmt"/>
        <line num="143" count="2" type="stmt"/>
        <line num="146" count="55" type="stmt"/>
      </file>
      <file name="Recipes.js" path="/home/tayna/Trybe/Projetos Trybe/2.Front-end/sd-021-a-project-recipes-app/src/components/Recipes.js">
        <metrics statements="14" coveredstatements="13" conditionals="16" coveredconditionals="15" methods="3" coveredmethods="3"/>
        <line num="8" count="78" type="stmt"/>
        <line num="10" count="78" type="stmt"/>
        <line num="11" count="78" type="stmt"/>
        <line num="13" count="78" type="stmt"/>
        <line num="15" count="78" type="stmt"/>
        <line num="16" count="78" type="cond" truecount="1" falsecount="1"/>
        <line num="17" count="0" type="stmt"/>
        <line num="19" count="78" type="cond" truecount="4" falsecount="0"/>
        <line num="20" count="2" type="stmt"/>
        <line num="22" count="76" type="cond" truecount="2" falsecount="0"/>
        <line num="23" count="51" type="stmt"/>
        <line num="25" count="25" type="stmt"/>
        <line num="28" count="78" type="stmt"/>
        <line num="34" count="383" type="cond" truecount="2" falsecount="0"/>
      </file>
      <file name="Recommended.js" path="/home/tayna/Trybe/Projetos Trybe/2.Front-end/sd-021-a-project-recipes-app/src/components/Recommended.js">
        <metrics statements="7" coveredstatements="7" conditionals="2" coveredconditionals="2" methods="3" coveredmethods="3"/>
        <line num="8" count="23" type="stmt"/>
        <line num="10" count="23" type="stmt"/>
        <line num="11" count="23" type="stmt"/>
        <line num="13" count="23" type="stmt"/>
        <line num="15" count="23" type="stmt"/>
        <line num="23" count="36" type="stmt"/>
        <line num="35" count="90" type="stmt"/>
      </file>
      <file name="SavedRecipesFilters.js" path="/home/tayna/Trybe/Projetos Trybe/2.Front-end/sd-021-a-project-recipes-app/src/components/SavedRecipesFilters.js">
        <metrics statements="1" coveredstatements="0" conditionals="0" coveredconditionals="0" methods="1" coveredmethods="0"/>
        <line num="5" count="0" type="stmt"/>
      </file>
      <file name="SearchBar.js" path="/home/tayna/Trybe/Projetos Trybe/2.Front-end/sd-021-a-project-recipes-app/src/components/SearchBar.js">
        <metrics statements="14" coveredstatements="14" conditionals="4" coveredconditionals="4" methods="6" coveredmethods="6"/>
        <line num="5" count="112" type="stmt"/>
        <line num="6" count="112" type="stmt"/>
        <line num="8" count="112" type="stmt"/>
        <line num="10" count="112" type="stmt"/>
        <line num="11" count="13" type="cond" truecount="4" falsecount="0"/>
        <line num="12" count="2" type="stmt"/>
        <line num="14" count="11" type="stmt"/>
        <line num="18" count="11" type="stmt"/>
        <line num="19" count="11" type="stmt"/>
        <line num="23" count="112" type="stmt"/>
        <line num="31" count="69" type="stmt"/>
        <line num="42" count="1" type="stmt"/>
        <line num="53" count="8" type="stmt"/>
        <line num="64" count="4" type="stmt"/>
      </file>
    </package>
    <package name="src.context">
      <metrics statements="67" coveredstatements="64" conditionals="28" coveredconditionals="27" methods="12" coveredmethods="12"/>
      <file name="RecipesContext.js" path="/home/tayna/Trybe/Projetos Trybe/2.Front-end/sd-021-a-project-recipes-app/src/context/RecipesContext.js">
        <metrics statements="1" coveredstatements="1" conditionals="0" coveredconditionals="0" methods="0" coveredmethods="0"/>
        <line num="3" count="11" type="stmt"/>
      </file>
      <file name="RecipesProvider.js" path="/home/tayna/Trybe/Projetos Trybe/2.Front-end/sd-021-a-project-recipes-app/src/context/RecipesProvider.js">
        <metrics statements="66" coveredstatements="63" conditionals="28" coveredconditionals="27" methods="12" coveredmethods="12"/>
        <line num="19" count="152" type="stmt"/>
        <line num="23" count="152" type="stmt"/>
        <line num="24" count="152" type="stmt"/>
        <line num="25" count="152" type="stmt"/>
        <line num="26" count="152" type="stmt"/>
        <line num="27" count="152" type="stmt"/>
        <line num="28" count="152" type="stmt"/>
        <line num="29" count="152" type="stmt"/>
        <line num="30" count="152" type="stmt"/>
        <line num="31" count="152" type="stmt"/>
        <line num="33" count="152" type="stmt"/>
        <line num="35" count="152" type="stmt"/>
        <line num="36" count="62" type="stmt"/>
        <line num="38" count="62" type="stmt"/>
        <line num="39" count="62" type="stmt"/>
        <line num="40" count="62" type="cond" truecount="4" falsecount="0"/>
        <line num="41" count="6" type="stmt"/>
        <line num="42" count="3" type="stmt"/>
        <line num="43" count="56" type="cond" truecount="4" falsecount="0"/>
        <line num="44" count="5" type="stmt"/>
        <line num="45" count="2" type="stmt"/>
        <line num="47" count="51" type="stmt"/>
        <line num="51" count="62" type="stmt"/>
        <line num="54" count="152" type="stmt"/>
        <line num="55" count="112" type="stmt"/>
        <line num="56" count="112" type="stmt"/>
        <line num="57" count="112" type="cond" truecount="5" falsecount="0"/>
        <line num="58" count="1" type="stmt"/>
        <line num="59" count="111" type="cond" truecount="5" falsecount="0"/>
        <line num="60" count="1" type="stmt"/>
        <line num="64" count="112" type="stmt"/>
        <line num="67" count="152" type="stmt"/>
        <line num="68" count="112" type="cond" truecount="2" falsecount="0"/>
        <line num="69" count="1" type="stmt"/>
        <line num="73" count="152" type="stmt"/>
        <line num="74" count="50" type="stmt"/>
        <line num="75" count="50" type="stmt"/>
        <line num="76" count="18" type="stmt"/>
        <line num="77" count="17" type="stmt"/>
        <line num="78" count="16" type="stmt"/>
        <line num="80" count="15" type="stmt"/>
        <line num="81" count="15" type="stmt"/>
        <line num="82" count="15" type="stmt"/>
        <line num="83" count="15" type="stmt"/>
        <line num="86" count="50" type="stmt"/>
        <line num="87" count="50" type="stmt"/>
        <line num="90" count="50" type="stmt"/>
        <line num="91" count="50" type="stmt"/>
        <line num="94" count="50" type="stmt"/>
        <line num="95" count="50" type="stmt"/>
        <line num="96" count="50" type="stmt"/>
        <line num="99" count="152" type="stmt"/>
        <line num="100" count="58" type="stmt"/>
        <line num="101" count="58" type="stmt"/>
        <line num="103" count="58" type="stmt"/>
        <line num="104" count="58" type="cond" truecount="4" falsecount="0"/>
        <line num="105" count="6" type="stmt"/>
        <line num="106" count="0" type="stmt"/>
        <line num="109" count="52" type="cond" truecount="3" falsecount="1"/>
        <line num="110" count="0" type="stmt"/>
        <line num="111" count="0" type="stmt"/>
        <line num="114" count="52" type="stmt"/>
        <line num="117" count="58" type="stmt"/>
        <line num="120" count="152" type="stmt"/>
        <line num="136" count="152" type="stmt"/>
        <line num="143" count="11" type="stmt"/>
      </file>
    </package>
    <package name="src.data">
      <metrics statements="64" coveredstatements="50" conditionals="10" coveredconditionals="10" methods="34" coveredmethods="21"/>
      <file name="fetchDrinks.js" path="/home/tayna/Trybe/Projetos Trybe/2.Front-end/sd-021-a-project-recipes-app/src/data/fetchDrinks.js">
        <metrics statements="32" coveredstatements="24" conditionals="5" coveredconditionals="5" methods="17" coveredmethods="10"/>
        <line num="1" count="11" type="stmt"/>
        <line num="2" count="11" type="stmt"/>
        <line num="3" count="11" type="stmt"/>
        <line num="5" count="11" type="stmt"/>
        <line num="6" count="23" type="cond" truecount="3" falsecount="0"/>
        <line num="8" count="1" type="stmt"/>
        <line num="10" count="1" type="stmt"/>
        <line num="12" count="21" type="stmt"/>
        <line num="16" count="11" type="cond" truecount="2" falsecount="0"/>
        <line num="17" count="23" type="stmt"/>
        <line num="20" count="19" type="stmt"/>
        <line num="21" count="19" type="stmt"/>
        <line num="22" count="0" type="stmt"/>
        <line num="24" count="23" type="stmt"/>
        <line num="27" count="11" type="stmt"/>
        <line num="28" count="16" type="stmt"/>
        <line num="29" count="15" type="stmt"/>
        <line num="30" count="15" type="stmt"/>
        <line num="31" count="0" type="stmt"/>
        <line num="33" count="16" type="stmt"/>
        <line num="36" count="11" type="stmt"/>
        <line num="37" count="0" type="stmt"/>
        <line num="38" count="0" type="stmt"/>
        <line num="39" count="0" type="stmt"/>
        <line num="40" count="0" type="stmt"/>
        <line num="42" count="0" type="stmt"/>
        <line num="45" count="11" type="stmt"/>
        <line num="46" count="11" type="stmt"/>
        <line num="47" count="7" type="stmt"/>
        <line num="48" count="7" type="stmt"/>
        <line num="49" count="0" type="stmt"/>
        <line num="51" count="11" type="stmt"/>
      </file>
      <file name="fetchFoods.js" path="/home/tayna/Trybe/Projetos Trybe/2.Front-end/sd-021-a-project-recipes-app/src/data/fetchFoods.js">
        <metrics statements="32" coveredstatements="26" conditionals="5" coveredconditionals="5" methods="17" coveredmethods="11"/>
        <line num="1" count="11" type="stmt"/>
        <line num="2" count="11" type="stmt"/>
        <line num="3" count="11" type="stmt"/>
        <line num="5" count="11" type="stmt"/>
        <line num="6" count="56" type="cond" truecount="3" falsecount="0"/>
        <line num="8" count="1" type="stmt"/>
        <line num="10" count="1" type="stmt"/>
        <line num="12" count="54" type="stmt"/>
        <line num="16" count="11" type="cond" truecount="2" falsecount="0"/>
        <line num="17" count="56" type="stmt"/>
        <line num="20" count="21" type="stmt"/>
        <line num="21" count="21" type="stmt"/>
        <line num="22" count="0" type="stmt"/>
        <line num="24" count="56" type="stmt"/>
        <line num="27" count="11" type="stmt"/>
        <line num="28" count="17" type="stmt"/>
        <line num="29" count="16" type="stmt"/>
        <line num="30" count="16" type="stmt"/>
        <line num="31" count="0" type="stmt"/>
        <line num="33" count="17" type="stmt"/>
        <line num="36" count="11" type="stmt"/>
        <line num="37" count="6" type="stmt"/>
        <line num="38" count="0" type="stmt"/>
        <line num="39" count="0" type="stmt"/>
        <line num="40" count="0" type="stmt"/>
        <line num="42" count="6" type="stmt"/>
        <line num="45" count="11" type="stmt"/>
        <line num="46" count="11" type="stmt"/>
        <line num="47" count="11" type="stmt"/>
        <line num="48" count="11" type="stmt"/>
        <line num="49" count="0" type="stmt"/>
        <line num="51" count="11" type="stmt"/>
      </file>
      <file name="index.js" path="/home/tayna/Trybe/Projetos Trybe/2.Front-end/sd-021-a-project-recipes-app/src/data/index.js">
        <metrics statements="0" coveredstatements="0" conditionals="0" coveredconditionals="0" methods="0" coveredmethods="0"/>
      </file>
    </package>
    <package name="src.helpers">
      <metrics statements="1" coveredstatements="1" conditionals="0" coveredconditionals="0" methods="0" coveredmethods="0"/>
      <file name="mockar.js" path="/home/tayna/Trybe/Projetos Trybe/2.Front-end/sd-021-a-project-recipes-app/src/helpers/mockar.js">
        <metrics statements="1" coveredstatements="1" conditionals="0" coveredconditionals="0" methods="0" coveredmethods="0"/>
        <line num="1" count="1" type="stmt"/>
      </file>
    </package>
    <package name="src.pages">
      <metrics statements="111" coveredstatements="111" conditionals="36" coveredconditionals="35" methods="49" coveredmethods="49"/>
      <file name="DoneRecipes.js" path="/home/tayna/Trybe/Projetos Trybe/2.Front-end/sd-021-a-project-recipes-app/src/pages/DoneRecipes.js">
        <metrics statements="33" coveredstatements="33" conditionals="14" coveredconditionals="14" methods="14" coveredmethods="14"/>
        <line num="10" count="23" type="stmt"/>
        <line num="11" count="23" type="stmt"/>
        <line num="12" count="23" type="stmt"/>
        <line num="13" count="23" type="stmt"/>
        <line num="15" count="23" type="stmt"/>
        <line num="16" count="8" type="stmt"/>
        <line num="17" count="8" type="stmt"/>
        <line num="20" count="23" type="stmt"/>
        <line num="21" count="17" type="cond" truecount="2" falsecount="0"/>
        <line num="22" count="2" type="stmt"/>
        <line num="23" count="4" type="stmt"/>
        <line num="25" count="2" type="stmt"/>
        <line num="29" count="23" type="stmt"/>
        <line num="30" count="14" type="cond" truecount="2" falsecount="0"/>
        <line num="31" count="7" type="stmt"/>
        <line num="33" count="7" type="stmt"/>
        <line num="36" count="23" type="stmt"/>
        <line num="37" count="2" type="cond" truecount="2" falsecount="0"/>
        <line num="38" count="1" type="stmt"/>
        <line num="40" count="1" type="stmt"/>
        <line num="42" count="2" type="stmt"/>
        <line num="45" count="23" type="stmt"/>
        <line num="46" count="23" type="cond" truecount="2" falsecount="0"/>
        <line num="47" count="19" type="stmt"/>
        <line num="49" count="4" type="stmt"/>
        <line num="52" count="23" type="stmt"/>
        <line num="59" count="2" type="stmt"/>
        <line num="67" count="1" type="stmt"/>
        <line num="75" count="1" type="stmt"/>
        <line num="80" count="20" type="stmt"/>
        <line num="81" count="14" type="stmt"/>
        <line num="97" count="2" type="stmt"/>
        <line num="107" count="21" type="stmt"/>
      </file>
      <file name="DrinkRecipe.js" path="/home/tayna/Trybe/Projetos Trybe/2.Front-end/sd-021-a-project-recipes-app/src/pages/DrinkRecipe.js">
        <metrics statements="1" coveredstatements="1" conditionals="0" coveredconditionals="0" methods="1" coveredmethods="1"/>
        <line num="5" count="6" type="stmt"/>
      </file>
      <file name="DrinkRecipeInProgress.js" path="/home/tayna/Trybe/Projetos Trybe/2.Front-end/sd-021-a-project-recipes-app/src/pages/DrinkRecipeInProgress.js">
        <metrics statements="1" coveredstatements="1" conditionals="0" coveredconditionals="0" methods="1" coveredmethods="1"/>
        <line num="5" count="5" type="stmt"/>
      </file>
      <file name="Drinks.js" path="/home/tayna/Trybe/Projetos Trybe/2.Front-end/sd-021-a-project-recipes-app/src/pages/Drinks.js">
        <metrics statements="1" coveredstatements="1" conditionals="0" coveredconditionals="0" methods="1" coveredmethods="1"/>
        <line num="7" count="11" type="stmt"/>
      </file>
      <file name="FavoriteRecipes.js" path="/home/tayna/Trybe/Projetos Trybe/2.Front-end/sd-021-a-project-recipes-app/src/pages/FavoriteRecipes.js">
        <metrics statements="41" coveredstatements="41" conditionals="16" coveredconditionals="15" methods="17" coveredmethods="17"/>
        <line num="14" count="26" type="stmt"/>
        <line num="15" count="26" type="stmt"/>
        <line num="16" count="26" type="stmt"/>
        <line num="17" count="26" type="stmt"/>
        <line num="18" count="26" type="stmt"/>
        <line num="20" count="26" type="stmt"/>
        <line num="21" count="9" type="stmt"/>
        <line num="22" count="9" type="stmt"/>
        <line num="25" count="26" type="stmt"/>
        <line num="26" count="9" type="cond" truecount="2" falsecount="0"/>
        <line num="27" count="2" type="stmt"/>
        <line num="28" count="4" type="stmt"/>
        <line num="30" count="2" type="stmt"/>
        <line num="34" count="26" type="stmt"/>
        <line num="35" count="18" type="cond" truecount="2" falsecount="0"/>
        <line num="36" count="8" type="stmt"/>
        <line num="38" count="10" type="stmt"/>
        <line num="41" count="26" type="stmt"/>
        <line num="42" count="2" type="cond" truecount="2" falsecount="0"/>
        <line num="43" count="1" type="stmt"/>
        <line num="45" count="1" type="stmt"/>
        <line num="47" count="2" type="stmt"/>
        <line num="50" count="26" type="stmt"/>
        <line num="51" count="26" type="cond" truecount="2" falsecount="0"/>
        <line num="52" count="22" type="stmt"/>
        <line num="54" count="4" type="stmt"/>
        <line num="57" count="26" type="stmt"/>
        <line num="58" count="3" type="stmt"/>
        <line num="59" count="2" type="stmt"/>
        <line num="61" count="2" type="cond" truecount="2" falsecount="0"/>
        <line num="62" count="1" type="stmt"/>
        <line num="64" count="1" type="stmt"/>
        <line num="68" count="26" type="stmt"/>
        <line num="75" count="3" type="stmt"/>
        <line num="83" count="1" type="stmt"/>
        <line num="91" count="1" type="stmt"/>
        <line num="96" count="26" type="stmt"/>
        <line num="97" count="18" type="stmt"/>
        <line num="110" count="2" type="stmt"/>
        <line num="111" count="38" type="cond" truecount="1" falsecount="1"/>
        <line num="125" count="2" type="stmt"/>
      </file>
      <file name="FoodRecipe.js" path="/home/tayna/Trybe/Projetos Trybe/2.Front-end/sd-021-a-project-recipes-app/src/pages/FoodRecipe.js">
        <metrics statements="1" coveredstatements="1" conditionals="0" coveredconditionals="0" methods="1" coveredmethods="1"/>
        <line num="5" count="6" type="stmt"/>
      </file>
      <file name="FoodRecipeInProgress.js" path="/home/tayna/Trybe/Projetos Trybe/2.Front-end/sd-021-a-project-recipes-app/src/pages/FoodRecipeInProgress.js">
        <metrics statements="1" coveredstatements="1" conditionals="0" coveredconditionals="0" methods="1" coveredmethods="1"/>
        <line num="5" count="9" type="stmt"/>
      </file>
      <file name="Foods.js" path="/home/tayna/Trybe/Projetos Trybe/2.Front-end/sd-021-a-project-recipes-app/src/pages/Foods.js">
        <metrics statements="1" coveredstatements="1" conditionals="0" coveredconditionals="0" methods="1" coveredmethods="1"/>
        <line num="7" count="21" type="stmt"/>
      </file>
      <file name="Login.js" path="/home/tayna/Trybe/Projetos Trybe/2.Front-end/sd-021-a-project-recipes-app/src/pages/Login.js">
        <metrics statements="19" coveredstatements="19" conditionals="4" coveredconditionals="4" methods="6" coveredmethods="6"/>
        <line num="7" count="589" type="stmt"/>
        <line num="8" count="589" type="stmt"/>
        <line num="9" count="589" type="stmt"/>
        <line num="11" count="589" type="stmt"/>
        <line num="12" count="320" type="stmt"/>
        <line num="13" count="320" type="stmt"/>
        <line num="14" count="320" type="stmt"/>
        <line num="16" count="320" type="cond" truecount="4" falsecount="0"/>
        <line num="17" count="16" type="stmt"/>
        <line num="19" count="304" type="stmt"/>
        <line num="22" count="320" type="stmt"/>
        <line num="25" count="589" type="stmt"/>
        <line num="26" count="11" type="stmt"/>
        <line num="27" count="11" type="stmt"/>
        <line num="28" count="11" type="stmt"/>
        <line num="31" count="589" type="stmt"/>
        <line num="48" count="187" type="stmt"/>
        <line num="60" count="82" type="stmt"/>
        <line num="76" count="11" type="stmt"/>
      </file>
      <file name="Profile.js" path="/home/tayna/Trybe/Projetos Trybe/2.Front-end/sd-021-a-project-recipes-app/src/pages/Profile.js">
        <metrics statements="12" coveredstatements="12" conditionals="2" coveredconditionals="2" methods="6" coveredmethods="6"/>
        <line num="11" count="6" type="stmt"/>
        <line num="13" count="6" type="stmt"/>
        <line num="15" count="6" type="stmt"/>
        <line num="16" count="5" type="stmt"/>
        <line num="19" count="6" type="stmt"/>
        <line num="20" count="3" type="cond" truecount="2" falsecount="0"/>
        <line num="21" count="1" type="stmt"/>
        <line num="24" count="3" type="stmt"/>
        <line num="27" count="6" type="stmt"/>
        <line num="34" count="1" type="stmt"/>
        <line num="41" count="1" type="stmt"/>
        <line num="48" count="1" type="stmt"/>
      </file>
    </package>
    <package name="src.services">
      <metrics statements="38" coveredstatements="36" conditionals="12" coveredconditionals="10" methods="9" coveredmethods="9"/>
      <file name="recipesLocalStorage.js" path="/home/tayna/Trybe/Projetos Trybe/2.Front-end/sd-021-a-project-recipes-app/src/services/recipesLocalStorage.js">
        <metrics statements="28" coveredstatements="26" conditionals="10" coveredconditionals="8" methods="6" coveredmethods="6"/>
        <line num="1" count="11" type="stmt"/>
        <line num="2" count="68" type="cond" truecount="2" falsecount="0"/>
        <line num="3" count="15" type="stmt"/>
        <line num="6" count="68" type="stmt"/>
        <line num="9" count="11" type="stmt"/>
        <line num="10" count="2" type="cond" truecount="1" falsecount="1"/>
        <line num="11" count="0" type="stmt"/>
        <line num="13" count="2" type="stmt"/>
        <line num="14" count="2" type="stmt"/>
        <line num="15" count="2" type="stmt"/>
        <line num="19" count="11" type="stmt"/>
        <line num="20" count="48" type="cond" truecount="2" falsecount="0"/>
        <line num="21" count="3" type="stmt"/>
        <line num="30" count="48" type="stmt"/>
        <line num="33" count="11" type="stmt"/>
        <line num="34" count="26" type="stmt"/>
        <line num="36" count="26" type="stmt"/>
        <line num="40" count="26" type="stmt"/>
        <line num="95" count="11" type="stmt"/>
        <line num="96" count="88" type="cond" truecount="2" falsecount="0"/>
        <line num="97" count="14" type="stmt"/>
        <line num="99" count="88" type="stmt"/>
        <line num="102" count="11" type="stmt"/>
        <line num="103" count="4" type="cond" truecount="1" falsecount="1"/>
        <line num="104" count="0" type="stmt"/>
        <line num="106" count="4" type="stmt"/>
        <line num="107" count="4" type="stmt"/>
        <line num="108" count="4" type="stmt"/>
      </file>
      <file name="userLocalStorage.js" path="/home/tayna/Trybe/Projetos Trybe/2.Front-end/sd-021-a-project-recipes-app/src/services/userLocalStorage.js">
        <metrics statements="10" coveredstatements="10" conditionals="2" coveredconditionals="2" methods="3" coveredmethods="3"/>
        <line num="1" count="11" type="stmt"/>
        <line num="2" count="5" type="cond" truecount="2" falsecount="0"/>
        <line num="3" count="1" type="stmt"/>
        <line num="6" count="5" type="stmt"/>
        <line num="9" count="11" type="stmt"/>
        <line num="10" count="11" type="stmt"/>
        <line num="11" count="11" type="stmt"/>
        <line num="12" count="11" type="stmt"/>
        <line num="15" count="11" type="stmt"/>
        <line num="16" count="1" type="stmt"/>
      </file>
    </package>
    <package name="src.test">
      <metrics statements="3" coveredstatements="3" conditionals="0" coveredconditionals="0" methods="1" coveredmethods="1"/>
      <file name="renderWithRouter.jsx" path="/home/tayna/Trybe/Projetos Trybe/2.Front-end/sd-021-a-project-recipes-app/src/test/renderWithRouter.jsx">
        <metrics statements="3" coveredstatements="3" conditionals="0" coveredconditionals="0" methods="1" coveredmethods="1"/>
        <line num="6" count="11" type="stmt"/>
        <line num="7" count="50" type="stmt"/>
        <line num="8" count="50" type="stmt"/>
      </file>
    </package>
  </project>
</coverage>
