{"total": {"lines":{"total":535,"covered":497,"skipped":0,"pct":92.89},"statements":{"total":545,"covered":504,"skipped":0,"pct":92.47},"functions":{"total":183,"covered":159,"skipped":0,"pct":86.88},"branches":{"total":270,"covered":258,"skipped":0,"pct":95.55},"branchesTrue":{"total":0,"covered":0,"skipped":0,"pct":100}}
,"/home/tayna/Trybe/Projetos Trybe/2.Front-end/sd-021-a-project-recipes-app/src/App.js": {"lines":{"total":1,"covered":1,"skipped":0,"pct":100},"functions":{"total":1,"covered":1,"skipped":0,"pct":100},"statements":{"total":1,"covered":1,"skipped":0,"pct":100},"branches":{"total":0,"covered":0,"skipped":0,"pct":100}}
,"/home/tayna/Trybe/Projetos Trybe/2.Front-end/sd-021-a-project-recipes-app/src/components/CardRecipe.js": {"lines":{"total":12,"covered":12,"skipped":0,"pct":100},"functions":{"total":2,"covered":2,"skipped":0,"pct":100},"statements":{"total":12,"covered":12,"skipped":0,"pct":100},"branches":{"total":12,"covered":12,"skipped":0,"pct":100}}
,"/home/tayna/Trybe/Projetos Trybe/2.Front-end/sd-021-a-project-recipes-app/src/components/CardRecipeDone.js": {"lines":{"total":7,"covered":0,"skipped":0,"pct":0},"functions":{"total":4,"covered":0,"skipped":0,"pct":0},"statements":{"total":8,"covered":0,"skipped":0,"pct":0},"branches":{"total":0,"covered":0,"skipped":0,"pct":100}}
,"/home/tayna/Trybe/Projetos Trybe/2.Front-end/sd-021-a-project-recipes-app/src/components/CardRecipeFavorite.js": {"lines":{"total":6,"covered":0,"skipped":0,"pct":0},"functions":{"total":3,"covered":0,"skipped":0,"pct":0},"statements":{"total":7,"covered":0,"skipped":0,"pct":0},"branches":{"total":0,"covered":0,"skipped":0,"pct":100}}
,"/home/tayna/Trybe/Projetos Trybe/2.Front-end/sd-021-a-project-recipes-app/src/components/CategoriesOptions.js": {"lines":{"total":17,"covered":17,"skipped":0,"pct":100},"functions":{"total":6,"covered":6,"skipped":0,"pct":100},"statements":{"total":17,"covered":17,"skipped":0,"pct":100},"branches":{"total":4,"covered":4,"skipped":0,"pct":100}}
,"/home/tayna/Trybe/Projetos Trybe/2.Front-end/sd-021-a-project-recipes-app/src/components/Footer.js": {"lines":{"total":9,"covered":9,"skipped":0,"pct":100},"functions":{"total":4,"covered":4,"skipped":0,"pct":100},"statements":{"total":9,"covered":9,"skipped":0,"pct":100},"branches":{"total":0,"covered":0,"skipped":0,"pct":100}}
,"/home/tayna/Trybe/Projetos Trybe/2.Front-end/sd-021-a-project-recipes-app/src/components/Header.js": {"lines":{"total":9,"covered":9,"skipped":0,"pct":100},"functions":{"total":3,"covered":3,"skipped":0,"pct":100},"statements":{"total":9,"covered":9,"skipped":0,"pct":100},"branches":{"total":6,"covered":6,"skipped":0,"pct":100}}
,"/home/tayna/Trybe/Projetos Trybe/2.Front-end/sd-021-a-project-recipes-app/src/components/IngredientsList.js": {"lines":{"total":31,"covered":28,"skipped":0,"pct":90.32},"functions":{"total":13,"covered":11,"skipped":0,"pct":84.61},"statements":{"total":31,"covered":28,"skipped":0,"pct":90.32},"branches":{"total":22,"covered":21,"skipped":0,"pct":95.45}}
,"/home/tayna/Trybe/Projetos Trybe/2.Front-end/sd-021-a-project-recipes-app/src/components/RecipeDetails.js": {"lines":{"total":63,"covered":62,"skipped":0,"pct":98.41},"functions":{"total":15,"covered":14,"skipped":0,"pct":93.33},"statements":{"total":67,"covered":65,"skipped":0,"pct":97.01},"branches":{"total":50,"covered":46,"skipped":0,"pct":92}}
,"/home/tayna/Trybe/Projetos Trybe/2.Front-end/sd-021-a-project-recipes-app/src/components/RecipeInProgress.js": {"lines":{"total":60,"covered":60,"skipped":0,"pct":100},"functions":{"total":14,"covered":14,"skipped":0,"pct":100},"statements":{"total":63,"covered":63,"skipped":0,"pct":100},"branches":{"total":68,"covered":66,"skipped":0,"pct":97.05}}
,"/home/tayna/Trybe/Projetos Trybe/2.Front-end/sd-021-a-project-recipes-app/src/components/Recipes.js": {"lines":{"total":14,"covered":13,"skipped":0,"pct":92.85},"functions":{"total":3,"covered":3,"skipped":0,"pct":100},"statements":{"total":14,"covered":13,"skipped":0,"pct":92.85},"branches":{"total":16,"covered":15,"skipped":0,"pct":93.75}}
,"/home/tayna/Trybe/Projetos Trybe/2.Front-end/sd-021-a-project-recipes-app/src/components/Recommended.js": {"lines":{"total":7,"covered":7,"skipped":0,"pct":100},"functions":{"total":3,"covered":3,"skipped":0,"pct":100},"statements":{"total":7,"covered":7,"skipped":0,"pct":100},"branches":{"total":2,"covered":2,"skipped":0,"pct":100}}
,"/home/tayna/Trybe/Projetos Trybe/2.Front-end/sd-021-a-project-recipes-app/src/components/SavedRecipesFilters.js": {"lines":{"total":1,"covered":0,"skipped":0,"pct":0},"functions":{"total":1,"covered":0,"skipped":0,"pct":0},"statements":{"total":1,"covered":0,"skipped":0,"pct":0},"branches":{"total":0,"covered":0,"skipped":0,"pct":100}}
,"/home/tayna/Trybe/Projetos Trybe/2.Front-end/sd-021-a-project-recipes-app/src/components/SearchBar.js": {"lines":{"total":14,"covered":14,"skipped":0,"pct":100},"functions":{"total":6,"covered":6,"skipped":0,"pct":100},"statements":{"total":14,"covered":14,"skipped":0,"pct":100},"branches":{"total":4,"covered":4,"skipped":0,"pct":100}}
,"/home/tayna/Trybe/Projetos Trybe/2.Front-end/sd-021-a-project-recipes-app/src/context/RecipesContext.js": {"lines":{"total":1,"covered":1,"skipped":0,"pct":100},"functions":{"total":0,"covered":0,"skipped":0,"pct":100},"statements":{"total":1,"covered":1,"skipped":0,"pct":100},"branches":{"total":0,"covered":0,"skipped":0,"pct":100}}
,"/home/tayna/Trybe/Projetos Trybe/2.Front-end/sd-021-a-project-recipes-app/src/context/RecipesProvider.js": {"lines":{"total":66,"covered":63,"skipped":0,"pct":95.45},"functions":{"total":12,"covered":12,"skipped":0,"pct":100},"statements":{"total":66,"covered":63,"skipped":0,"pct":95.45},"branches":{"total":28,"covered":27,"skipped":0,"pct":96.42}}
,"/home/tayna/Trybe/Projetos Trybe/2.Front-end/sd-021-a-project-recipes-app/src/data/fetchDrinks.js": {"lines":{"total":32,"covered":24,"skipped":0,"pct":75},"functions":{"total":17,"covered":10,"skipped":0,"pct":58.82},"statements":{"total":32,"covered":24,"skipped":0,"pct":75},"branches":{"total":5,"covered":5,"skipped":0,"pct":100}}
,"/home/tayna/Trybe/Projetos Trybe/2.Front-end/sd-021-a-project-recipes-app/src/data/fetchFoods.js": {"lines":{"total":32,"covered":26,"skipped":0,"pct":81.25},"functions":{"total":17,"covered":11,"skipped":0,"pct":64.7},"statements":{"total":32,"covered":26,"skipped":0,"pct":81.25},"branches":{"total":5,"covered":5,"skipped":0,"pct":100}}
,"/home/tayna/Trybe/Projetos Trybe/2.Front-end/sd-021-a-project-recipes-app/src/data/index.js": {"lines":{"total":0,"covered":0,"skipped":0,"pct":100},"functions":{"total":0,"covered":0,"skipped":0,"pct":100},"statements":{"total":0,"covered":0,"skipped":0,"pct":100},"branches":{"total":0,"covered":0,"skipped":0,"pct":100}}
,"/home/tayna/Trybe/Projetos Trybe/2.Front-end/sd-021-a-project-recipes-app/src/helpers/mockar.js": {"lines":{"total":1,"covered":1,"skipped":0,"pct":100},"functions":{"total":0,"covered":0,"skipped":0,"pct":100},"statements":{"total":1,"covered":1,"skipped":0,"pct":100},"branches":{"total":0,"covered":0,"skipped":0,"pct":100}}
,"/home/tayna/Trybe/Projetos Trybe/2.Front-end/sd-021-a-project-recipes-app/src/pages/DoneRecipes.js": {"lines":{"total":33,"covered":33,"skipped":0,"pct":100},"functions":{"total":14,"covered":14,"skipped":0,"pct":100},"statements":{"total":33,"covered":33,"skipped":0,"pct":100},"branches":{"total":14,"covered":14,"skipped":0,"pct":100}}
,"/home/tayna/Trybe/Projetos Trybe/2.Front-end/sd-021-a-project-recipes-app/src/pages/DrinkRecipe.js": {"lines":{"total":1,"covered":1,"skipped":0,"pct":100},"functions":{"total":1,"covered":1,"skipped":0,"pct":100},"statements":{"total":1,"covered":1,"skipped":0,"pct":100},"branches":{"total":0,"covered":0,"skipped":0,"pct":100}}
,"/home/tayna/Trybe/Projetos Trybe/2.Front-end/sd-021-a-project-recipes-app/src/pages/DrinkRecipeInProgress.js": {"lines":{"total":1,"covered":1,"skipped":0,"pct":100},"functions":{"total":1,"covered":1,"skipped":0,"pct":100},"statements":{"total":1,"covered":1,"skipped":0,"pct":100},"branches":{"total":0,"covered":0,"skipped":0,"pct":100}}
,"/home/tayna/Trybe/Projetos Trybe/2.Front-end/sd-021-a-project-recipes-app/src/pages/Drinks.js": {"lines":{"total":1,"covered":1,"skipped":0,"pct":100},"functions":{"total":1,"covered":1,"skipped":0,"pct":100},"statements":{"total":1,"covered":1,"skipped":0,"pct":100},"branches":{"total":0,"covered":0,"skipped":0,"pct":100}}
,"/home/tayna/Trybe/Projetos Trybe/2.Front-end/sd-021-a-project-recipes-app/src/pages/FavoriteRecipes.js": {"lines":{"total":41,"covered":41,"skipped":0,"pct":100},"functions":{"total":17,"covered":17,"skipped":0,"pct":100},"statements":{"total":42,"covered":42,"skipped":0,"pct":100},"branches":{"total":16,"covered":15,"skipped":0,"pct":93.75}}
,"/home/tayna/Trybe/Projetos Trybe/2.Front-end/sd-021-a-project-recipes-app/src/pages/FoodRecipe.js": {"lines":{"total":1,"covered":1,"skipped":0,"pct":100},"functions":{"total":1,"covered":1,"skipped":0,"pct":100},"statements":{"total":1,"covered":1,"skipped":0,"pct":100},"branches":{"total":0,"covered":0,"skipped":0,"pct":100}}
,"/home/tayna/Trybe/Projetos Trybe/2.Front-end/sd-021-a-project-recipes-app/src/pages/FoodRecipeInProgress.js": {"lines":{"total":1,"covered":1,"skipped":0,"pct":100},"functions":{"total":1,"covered":1,"skipped":0,"pct":100},"statements":{"total":1,"covered":1,"skipped":0,"pct":100},"branches":{"total":0,"covered":0,"skipped":0,"pct":100}}
,"/home/tayna/Trybe/Projetos Trybe/2.Front-end/sd-021-a-project-recipes-app/src/pages/Foods.js": {"lines":{"total":1,"covered":1,"skipped":0,"pct":100},"functions":{"total":1,"covered":1,"skipped":0,"pct":100},"statements":{"total":1,"covered":1,"skipped":0,"pct":100},"branches":{"total":0,"covered":0,"skipped":0,"pct":100}}
,"/home/tayna/Trybe/Projetos Trybe/2.Front-end/sd-021-a-project-recipes-app/src/pages/Login.js": {"lines":{"total":19,"covered":19,"skipped":0,"pct":100},"functions":{"total":6,"covered":6,"skipped":0,"pct":100},"statements":{"total":19,"covered":19,"skipped":0,"pct":100},"branches":{"total":4,"covered":4,"skipped":0,"pct":100}}
,"/home/tayna/Trybe/Projetos Trybe/2.Front-end/sd-021-a-project-recipes-app/src/pages/Profile.js": {"lines":{"total":12,"covered":12,"skipped":0,"pct":100},"functions":{"total":6,"covered":6,"skipped":0,"pct":100},"statements":{"total":12,"covered":12,"skipped":0,"pct":100},"branches":{"total":2,"covered":2,"skipped":0,"pct":100}}
,"/home/tayna/Trybe/Projetos Trybe/2.Front-end/sd-021-a-project-recipes-app/src/services/recipesLocalStorage.js": {"lines":{"total":28,"covered":26,"skipped":0,"pct":92.85},"functions":{"total":6,"covered":6,"skipped":0,"pct":100},"statements":{"total":28,"covered":26,"skipped":0,"pct":92.85},"branches":{"total":10,"covered":8,"skipped":0,"pct":80}}
,"/home/tayna/Trybe/Projetos Trybe/2.Front-end/sd-021-a-project-recipes-app/src/services/userLocalStorage.js": {"lines":{"total":10,"covered":10,"skipped":0,"pct":100},"functions":{"total":3,"covered":3,"skipped":0,"pct":100},"statements":{"total":10,"covered":10,"skipped":0,"pct":100},"branches":{"total":2,"covered":2,"skipped":0,"pct":100}}
,"/home/tayna/Trybe/Projetos Trybe/2.Front-end/sd-021-a-project-recipes-app/src/test/renderWithRouter.jsx": {"lines":{"total":3,"covered":3,"skipped":0,"pct":100},"functions":{"total":1,"covered":1,"skipped":0,"pct":100},"statements":{"total":3,"covered":3,"skipped":0,"pct":100},"branches":{"total":0,"covered":0,"skipped":0,"pct":100}}
}
