{"/home/tayna/Trybe/Projetos Trybe/2.Front-end/sd-021-a-project-recipes-app/src/App.js": {"path":"/home/tayna/Trybe/Projetos Trybe/2.Front-end/sd-021-a-project-recipes-app/src/App.js","statementMap":{"0":{"start":{"line":18,"column":2},"end":{"line":33,"column":4}}},"fnMap":{"0":{"name":"App","decl":{"start":{"line":17,"column":9},"end":{"line":17,"column":12}},"loc":{"start":{"line":17,"column":15},"end":{"line":34,"column":1}},"line":17}},"branchMap":{},"s":{"0":53},"f":{"0":53},"b":{},"_coverageSchema":"1a1c01bbd47fc00a2c39e90264f33305004495a9","hash":"243f40832ef274d59dcae4f26c256ff5701f3645"}
,"/home/tayna/Trybe/Projetos Trybe/2.Front-end/sd-021-a-project-recipes-app/src/components/CardRecipe.js": {"path":"/home/tayna/Trybe/Projetos Trybe/2.Front-end/sd-021-a-project-recipes-app/src/components/CardRecipe.js","statementMap":{"0":{"start":{"line":6,"column":18},"end":{"line":6,"column":30}},"1":{"start":{"line":7,"column":17},"end":{"line":7,"column":61}},"2":{"start":{"line":9,"column":15},"end":{"line":20,"column":3}},"3":{"start":{"line":10,"column":4},"end":{"line":15,"column":5}},"4":{"start":{"line":11,"column":6},"end":{"line":13,"column":7}},"5":{"start":{"line":12,"column":8},"end":{"line":12,"column":31}},"6":{"start":{"line":14,"column":6},"end":{"line":14,"column":28}},"7":{"start":{"line":16,"column":4},"end":{"line":18,"column":5}},"8":{"start":{"line":17,"column":6},"end":{"line":17,"column":28}},"9":{"start":{"line":19,"column":4},"end":{"line":19,"column":27}},"10":{"start":{"line":22,"column":2},"end":{"line":47,"column":4}},"11":{"start":{"line":50,"column":0},"end":{"line":56,"column":2}}},"fnMap":{"0":{"name":"CardRecipe","decl":{"start":{"line":5,"column":9},"end":{"line":5,"column":19}},"loc":{"start":{"line":5,"column":64},"end":{"line":48,"column":1}},"line":5},"1":{"name":"(anonymous_1)","decl":{"start":{"line":9,"column":15},"end":{"line":9,"column":16}},"loc":{"start":{"line":9,"column":21},"end":{"line":20,"column":3}},"line":9}},"branchMap":{"0":{"loc":{"start":{"line":10,"column":4},"end":{"line":15,"column":5}},"type":"if","locations":[{"start":{"line":10,"column":4},"end":{"line":15,"column":5}},{"start":{},"end":{}}],"line":10},"1":{"loc":{"start":{"line":11,"column":6},"end":{"line":13,"column":7}},"type":"if","locations":[{"start":{"line":11,"column":6},"end":{"line":13,"column":7}},{"start":{},"end":{}}],"line":11},"2":{"loc":{"start":{"line":16,"column":4},"end":{"line":18,"column":5}},"type":"if","locations":[{"start":{"line":16,"column":4},"end":{"line":18,"column":5}},{"start":{},"end":{}}],"line":16},"3":{"loc":{"start":{"line":26,"column":10},"end":{"line":26,"column":80}},"type":"cond-expr","locations":[{"start":{"line":26,"column":26},"end":{"line":26,"column":55}},{"start":{"line":26,"column":58},"end":{"line":26,"column":80}}],"line":26},"4":{"loc":{"start":{"line":31,"column":12},"end":{"line":31,"column":78}},"type":"cond-expr","locations":[{"start":{"line":31,"column":28},"end":{"line":31,"column":56}},{"start":{"line":31,"column":59},"end":{"line":31,"column":78}}],"line":31},"5":{"loc":{"start":{"line":38,"column":12},"end":{"line":40,"column":36}},"type":"cond-expr","locations":[{"start":{"line":39,"column":16},"end":{"line":39,"column":46}},{"start":{"line":40,"column":16},"end":{"line":40,"column":36}}],"line":38}},"s":{"0":509,"1":509,"2":509,"3":509,"4":126,"5":36,"6":90,"7":383,"8":276,"9":107,"10":509,"11":11},"f":{"0":509,"1":509},"b":{"0":[126,383],"1":[36,90],"2":[276,107],"3":[126,383],"4":[126,383],"5":[126,383]},"_coverageSchema":"1a1c01bbd47fc00a2c39e90264f33305004495a9","hash":"d32a00f3269684c84bd9b3b012eb426ca2e0e2d3"}
,"/home/tayna/Trybe/Projetos Trybe/2.Front-end/sd-021-a-project-recipes-app/src/components/CardRecipeDone.js": {"path":"/home/tayna/Trybe/Projetos Trybe/2.Front-end/sd-021-a-project-recipes-app/src/components/CardRecipeDone.js","statementMap":{"0":{"start":{"line":25,"column":21},"end":{"line":29,"column":3}},"1":{"start":{"line":26,"column":27},"end":{"line":26,"column":66}},"2":{"start":{"line":27,"column":26},"end":{"line":27,"column":86}},"3":{"start":{"line":27,"column":60},"end":{"line":27,"column":73}},"4":{"start":{"line":28,"column":4},"end":{"line":28,"column":25}},"5":{"start":{"line":31,"column":2},"end":{"line":73,"column":4}},"6":{"start":{"line":69,"column":10},"end":{"line":69,"column":57}},"7":{"start":{"line":76,"column":0},"end":{"line":87,"column":2}}},"fnMap":{"0":{"name":"CardRecipeDone","decl":{"start":{"line":15,"column":9},"end":{"line":15,"column":23}},"loc":{"start":{"line":24,"column":3},"end":{"line":74,"column":1}},"line":24},"1":{"name":"(anonymous_1)","decl":{"start":{"line":25,"column":21},"end":{"line":25,"column":22}},"loc":{"start":{"line":25,"column":27},"end":{"line":29,"column":3}},"line":25},"2":{"name":"(anonymous_2)","decl":{"start":{"line":27,"column":48},"end":{"line":27,"column":49}},"loc":{"start":{"line":27,"column":60},"end":{"line":27,"column":73}},"line":27},"3":{"name":"(anonymous_3)","decl":{"start":{"line":68,"column":19},"end":{"line":68,"column":20}},"loc":{"start":{"line":69,"column":10},"end":{"line":69,"column":57}},"line":69}},"branchMap":{},"s":{"0":0,"1":0,"2":0,"3":0,"4":0,"5":0,"6":0,"7":0},"f":{"0":0,"1":0,"2":0,"3":0},"b":{}}
,"/home/tayna/Trybe/Projetos Trybe/2.Front-end/sd-021-a-project-recipes-app/src/components/CardRecipeFavorite.js": {"path":"/home/tayna/Trybe/Projetos Trybe/2.Front-end/sd-021-a-project-recipes-app/src/components/CardRecipeFavorite.js","statementMap":{"0":{"start":{"line":24,"column":21},"end":{"line":28,"column":3}},"1":{"start":{"line":25,"column":27},"end":{"line":25,"column":66}},"2":{"start":{"line":26,"column":26},"end":{"line":26,"column":86}},"3":{"start":{"line":26,"column":60},"end":{"line":26,"column":73}},"4":{"start":{"line":27,"column":4},"end":{"line":27,"column":25}},"5":{"start":{"line":30,"column":2},"end":{"line":71,"column":4}},"6":{"start":{"line":74,"column":0},"end":{"line":81,"column":2}}},"fnMap":{"0":{"name":"CardRecipeFavorite","decl":{"start":{"line":16,"column":9},"end":{"line":16,"column":27}},"loc":{"start":{"line":23,"column":3},"end":{"line":72,"column":1}},"line":23},"1":{"name":"(anonymous_1)","decl":{"start":{"line":24,"column":21},"end":{"line":24,"column":22}},"loc":{"start":{"line":24,"column":27},"end":{"line":28,"column":3}},"line":24},"2":{"name":"(anonymous_2)","decl":{"start":{"line":26,"column":48},"end":{"line":26,"column":49}},"loc":{"start":{"line":26,"column":60},"end":{"line":26,"column":73}},"line":26}},"branchMap":{},"s":{"0":0,"1":0,"2":0,"3":0,"4":0,"5":0,"6":0},"f":{"0":0,"1":0,"2":0},"b":{}}
,"/home/tayna/Trybe/Projetos Trybe/2.Front-end/sd-021-a-project-recipes-app/src/components/CategoriesOptions.js": {"path":"/home/tayna/Trybe/Projetos Trybe/2.Front-end/sd-021-a-project-recipes-app/src/components/CategoriesOptions.js","statementMap":{"0":{"start":{"line":12,"column":6},"end":{"line":12,"column":32}},"1":{"start":{"line":14,"column":18},"end":{"line":14,"column":30}},"2":{"start":{"line":16,"column":20},"end":{"line":16,"column":21}},"3":{"start":{"line":18,"column":27},"end":{"line":23,"column":3}},"4":{"start":{"line":19,"column":4},"end":{"line":21,"column":5}},"5":{"start":{"line":20,"column":6},"end":{"line":20,"column":28}},"6":{"start":{"line":22,"column":4},"end":{"line":22,"column":27}},"7":{"start":{"line":25,"column":31},"end":{"line":35,"column":3}},"8":{"start":{"line":26,"column":4},"end":{"line":34,"column":5}},"9":{"start":{"line":27,"column":6},"end":{"line":27,"column":34}},"10":{"start":{"line":29,"column":6},"end":{"line":29,"column":31}},"11":{"start":{"line":30,"column":6},"end":{"line":33,"column":9}},"12":{"start":{"line":37,"column":18},"end":{"line":39,"column":3}},"13":{"start":{"line":38,"column":4},"end":{"line":38,"column":29}},"14":{"start":{"line":41,"column":2},"end":{"line":59,"column":4}},"15":{"start":{"line":46,"column":10},"end":{"line":53,"column":19}},"16":{"start":{"line":50,"column":28},"end":{"line":50,"column":61}}},"fnMap":{"0":{"name":"CategoriesOptions","decl":{"start":{"line":5,"column":9},"end":{"line":5,"column":26}},"loc":{"start":{"line":5,"column":29},"end":{"line":60,"column":1}},"line":5},"1":{"name":"(anonymous_1)","decl":{"start":{"line":18,"column":27},"end":{"line":18,"column":28}},"loc":{"start":{"line":18,"column":33},"end":{"line":23,"column":3}},"line":18},"2":{"name":"(anonymous_2)","decl":{"start":{"line":25,"column":31},"end":{"line":25,"column":32}},"loc":{"start":{"line":25,"column":45},"end":{"line":35,"column":3}},"line":25},"3":{"name":"(anonymous_3)","decl":{"start":{"line":37,"column":18},"end":{"line":37,"column":19}},"loc":{"start":{"line":37,"column":24},"end":{"line":39,"column":3}},"line":37},"4":{"name":"(anonymous_4)","decl":{"start":{"line":45,"column":13},"end":{"line":45,"column":14}},"loc":{"start":{"line":46,"column":10},"end":{"line":53,"column":19}},"line":46},"5":{"name":"(anonymous_5)","decl":{"start":{"line":50,"column":22},"end":{"line":50,"column":23}},"loc":{"start":{"line":50,"column":28},"end":{"line":50,"column":61}},"line":50}},"branchMap":{"0":{"loc":{"start":{"line":19,"column":4},"end":{"line":21,"column":5}},"type":"if","locations":[{"start":{"line":19,"column":4},"end":{"line":21,"column":5}},{"start":{},"end":{}}],"line":19},"1":{"loc":{"start":{"line":26,"column":4},"end":{"line":34,"column":5}},"type":"if","locations":[{"start":{"line":26,"column":4},"end":{"line":34,"column":5}},{"start":{"line":28,"column":11},"end":{"line":34,"column":5}}],"line":26}},"s":{"0":78,"1":78,"2":78,"3":78,"4":78,"5":52,"6":26,"7":78,"8":7,"9":6,"10":1,"11":1,"12":78,"13":1,"14":78,"15":100,"16":7},"f":{"0":78,"1":78,"2":7,"3":1,"4":100,"5":7},"b":{"0":[52,26],"1":[6,1]},"_coverageSchema":"1a1c01bbd47fc00a2c39e90264f33305004495a9","hash":"2fe2bdaded01d94fa56c49241c7c33778b0191c8"}
,"/home/tayna/Trybe/Projetos Trybe/2.Front-end/sd-021-a-project-recipes-app/src/components/Footer.js": {"path":"/home/tayna/Trybe/Projetos Trybe/2.Front-end/sd-021-a-project-recipes-app/src/components/Footer.js","statementMap":{"0":{"start":{"line":9,"column":18},"end":{"line":9,"column":30}},"1":{"start":{"line":11,"column":48},"end":{"line":11,"column":74}},"2":{"start":{"line":13,"column":22},"end":{"line":17,"column":3}},"3":{"start":{"line":14,"column":4},"end":{"line":14,"column":27}},"4":{"start":{"line":15,"column":4},"end":{"line":15,"column":23}},"5":{"start":{"line":16,"column":4},"end":{"line":16,"column":29}},"6":{"start":{"line":19,"column":2},"end":{"line":34,"column":4}},"7":{"start":{"line":23,"column":24},"end":{"line":23,"column":46}},"8":{"start":{"line":29,"column":24},"end":{"line":29,"column":45}}},"fnMap":{"0":{"name":"Footer","decl":{"start":{"line":8,"column":9},"end":{"line":8,"column":15}},"loc":{"start":{"line":8,"column":18},"end":{"line":35,"column":1}},"line":8},"1":{"name":"(anonymous_1)","decl":{"start":{"line":13,"column":22},"end":{"line":13,"column":23}},"loc":{"start":{"line":13,"column":36},"end":{"line":17,"column":3}},"line":13},"2":{"name":"(anonymous_2)","decl":{"start":{"line":23,"column":18},"end":{"line":23,"column":19}},"loc":{"start":{"line":23,"column":24},"end":{"line":23,"column":46}},"line":23},"3":{"name":"(anonymous_3)","decl":{"start":{"line":29,"column":18},"end":{"line":29,"column":19}},"loc":{"start":{"line":29,"column":24},"end":{"line":29,"column":45}},"line":29}},"branchMap":{},"s":{"0":84,"1":84,"2":84,"3":6,"4":6,"5":6,"6":84,"7":5,"8":1},"f":{"0":84,"1":6,"2":5,"3":1},"b":{},"_coverageSchema":"1a1c01bbd47fc00a2c39e90264f33305004495a9","hash":"cc63f3bd3703ad6bda14227a217ff46a9cf308ad"}
,"/home/tayna/Trybe/Projetos Trybe/2.Front-end/sd-021-a-project-recipes-app/src/components/Header.js": {"path":"/home/tayna/Trybe/Projetos Trybe/2.Front-end/sd-021-a-project-recipes-app/src/components/Header.js","statementMap":{"0":{"start":{"line":10,"column":44},"end":{"line":10,"column":59}},"1":{"start":{"line":11,"column":18},"end":{"line":11,"column":30}},"2":{"start":{"line":13,"column":26},"end":{"line":19,"column":3}},"3":{"start":{"line":14,"column":4},"end":{"line":18,"column":5}},"4":{"start":{"line":15,"column":6},"end":{"line":15,"column":30}},"5":{"start":{"line":17,"column":6},"end":{"line":17,"column":29}},"6":{"start":{"line":21,"column":2},"end":{"line":52,"column":4}},"7":{"start":{"line":26,"column":24},"end":{"line":26,"column":48}},"8":{"start":{"line":55,"column":0},"end":{"line":58,"column":2}}},"fnMap":{"0":{"name":"Header","decl":{"start":{"line":9,"column":9},"end":{"line":9,"column":15}},"loc":{"start":{"line":9,"column":47},"end":{"line":53,"column":1}},"line":9},"1":{"name":"(anonymous_1)","decl":{"start":{"line":13,"column":26},"end":{"line":13,"column":27}},"loc":{"start":{"line":13,"column":32},"end":{"line":19,"column":3}},"line":13},"2":{"name":"(anonymous_2)","decl":{"start":{"line":26,"column":18},"end":{"line":26,"column":19}},"loc":{"start":{"line":26,"column":24},"end":{"line":26,"column":48}},"line":26}},"branchMap":{"0":{"loc":{"start":{"line":14,"column":4},"end":{"line":18,"column":5}},"type":"if","locations":[{"start":{"line":14,"column":4},"end":{"line":18,"column":5}},{"start":{"line":16,"column":11},"end":{"line":18,"column":5}}],"line":14},"1":{"loc":{"start":{"line":36,"column":7},"end":{"line":49,"column":7}},"type":"binary-expr","locations":[{"start":{"line":36,"column":7},"end":{"line":36,"column":21}},{"start":{"line":37,"column":8},"end":{"line":48,"column":17}}],"line":36},"2":{"loc":{"start":{"line":50,"column":7},"end":{"line":50,"column":37}},"type":"binary-expr","locations":[{"start":{"line":50,"column":7},"end":{"line":50,"column":20}},{"start":{"line":50,"column":24},"end":{"line":50,"column":37}}],"line":50}},"s":{"0":95,"1":95,"2":95,"3":15,"4":1,"5":14,"6":95,"7":1,"8":11},"f":{"0":95,"1":15,"2":1},"b":{"0":[1,14],"1":[95,47],"2":[95,14]},"_coverageSchema":"1a1c01bbd47fc00a2c39e90264f33305004495a9","hash":"ce744598d0e0848178d365ecb8cc84eed167d1ea"}
,"/home/tayna/Trybe/Projetos Trybe/2.Front-end/sd-021-a-project-recipes-app/src/components/IngredientsList.js": {"path":"/home/tayna/Trybe/Projetos Trybe/2.Front-end/sd-021-a-project-recipes-app/src/components/IngredientsList.js","statementMap":{"0":{"start":{"line":10,"column":40},"end":{"line":10,"column":52}},"1":{"start":{"line":11,"column":34},"end":{"line":11,"column":46}},"2":{"start":{"line":13,"column":2},"end":{"line":31,"column":16}},"3":{"start":{"line":14,"column":28},"end":{"line":14,"column":42}},"4":{"start":{"line":15,"column":25},"end":{"line":15,"column":39}},"5":{"start":{"line":17,"column":4},"end":{"line":21,"column":7}},"6":{"start":{"line":18,"column":6},"end":{"line":20,"column":7}},"7":{"start":{"line":19,"column":8},"end":{"line":19,"column":36}},"8":{"start":{"line":23,"column":4},"end":{"line":27,"column":7}},"9":{"start":{"line":24,"column":6},"end":{"line":26,"column":7}},"10":{"start":{"line":25,"column":8},"end":{"line":25,"column":33}},"11":{"start":{"line":29,"column":4},"end":{"line":29,"column":51}},"12":{"start":{"line":30,"column":4},"end":{"line":30,"column":45}},"13":{"start":{"line":33,"column":20},"end":{"line":38,"column":3}},"14":{"start":{"line":34,"column":4},"end":{"line":36,"column":5}},"15":{"start":{"line":35,"column":6},"end":{"line":35,"column":46}},"16":{"start":{"line":37,"column":4},"end":{"line":37,"column":17}},"17":{"start":{"line":40,"column":23},"end":{"line":49,"column":3}},"18":{"start":{"line":41,"column":4},"end":{"line":48,"column":5}},"19":{"start":{"line":42,"column":6},"end":{"line":42,"column":56}},"20":{"start":{"line":44,"column":21},"end":{"line":46,"column":7}},"21":{"start":{"line":45,"column":24},"end":{"line":45,"column":44}},"22":{"start":{"line":47,"column":6},"end":{"line":47,"column":34}},"23":{"start":{"line":51,"column":2},"end":{"line":92,"column":4}},"24":{"start":{"line":57,"column":36},"end":{"line":57,"column":71}},"25":{"start":{"line":59,"column":14},"end":{"line":72,"column":20}},"26":{"start":{"line":66,"column":37},"end":{"line":66,"column":56}},"27":{"start":{"line":78,"column":36},"end":{"line":78,"column":71}},"28":{"start":{"line":80,"column":14},"end":{"line":87,"column":19}},"29":{"start":{"line":95,"column":0},"end":{"line":100,"column":2}},"30":{"start":{"line":102,"column":0},"end":{"line":105,"column":2}}},"fnMap":{"0":{"name":"IngredientsList","decl":{"start":{"line":4,"column":9},"end":{"line":4,"column":24}},"loc":{"start":{"line":9,"column":3},"end":{"line":93,"column":1}},"line":9},"1":{"name":"(anonymous_1)","decl":{"start":{"line":13,"column":12},"end":{"line":13,"column":13}},"loc":{"start":{"line":13,"column":18},"end":{"line":31,"column":3}},"line":13},"2":{"name":"(anonymous_2)","decl":{"start":{"line":17,"column":41},"end":{"line":17,"column":42}},"loc":{"start":{"line":17,"column":50},"end":{"line":21,"column":5}},"line":17},"3":{"name":"(anonymous_3)","decl":{"start":{"line":23,"column":38},"end":{"line":23,"column":39}},"loc":{"start":{"line":23,"column":47},"end":{"line":27,"column":5}},"line":23},"4":{"name":"(anonymous_4)","decl":{"start":{"line":33,"column":20},"end":{"line":33,"column":21}},"loc":{"start":{"line":33,"column":31},"end":{"line":38,"column":3}},"line":33},"5":{"name":"(anonymous_5)","decl":{"start":{"line":40,"column":23},"end":{"line":40,"column":24}},"loc":{"start":{"line":40,"column":34},"end":{"line":49,"column":3}},"line":40},"6":{"name":"(anonymous_6)","decl":{"start":{"line":45,"column":8},"end":{"line":45,"column":9}},"loc":{"start":{"line":45,"column":24},"end":{"line":45,"column":44}},"line":45},"7":{"name":"(anonymous_7)","decl":{"start":{"line":57,"column":20},"end":{"line":57,"column":21}},"loc":{"start":{"line":57,"column":36},"end":{"line":57,"column":71}},"line":57},"8":{"name":"(anonymous_8)","decl":{"start":{"line":58,"column":17},"end":{"line":58,"column":18}},"loc":{"start":{"line":59,"column":14},"end":{"line":72,"column":20}},"line":59},"9":{"name":"(anonymous_9)","decl":{"start":{"line":66,"column":31},"end":{"line":66,"column":32}},"loc":{"start":{"line":66,"column":37},"end":{"line":66,"column":56}},"line":66},"10":{"name":"(anonymous_10)","decl":{"start":{"line":78,"column":20},"end":{"line":78,"column":21}},"loc":{"start":{"line":78,"column":36},"end":{"line":78,"column":71}},"line":78},"11":{"name":"(anonymous_11)","decl":{"start":{"line":79,"column":17},"end":{"line":79,"column":18}},"loc":{"start":{"line":80,"column":14},"end":{"line":87,"column":19}},"line":80},"12":{"name":"(anonymous_12)","decl":{"start":{"line":104,"column":23},"end":{"line":104,"column":24}},"loc":{"start":{"line":104,"column":29},"end":{"line":104,"column":31}},"line":104}},"branchMap":{"0":{"loc":{"start":{"line":18,"column":6},"end":{"line":20,"column":7}},"type":"if","locations":[{"start":{"line":18,"column":6},"end":{"line":20,"column":7}},{"start":{},"end":{}}],"line":18},"1":{"loc":{"start":{"line":24,"column":6},"end":{"line":26,"column":7}},"type":"if","locations":[{"start":{"line":24,"column":6},"end":{"line":26,"column":7}},{"start":{},"end":{}}],"line":24},"2":{"loc":{"start":{"line":34,"column":4},"end":{"line":36,"column":5}},"type":"if","locations":[{"start":{"line":34,"column":4},"end":{"line":36,"column":5}},{"start":{},"end":{}}],"line":34},"3":{"loc":{"start":{"line":41,"column":4},"end":{"line":48,"column":5}},"type":"if","locations":[{"start":{"line":41,"column":4},"end":{"line":48,"column":5}},{"start":{"line":43,"column":11},"end":{"line":48,"column":5}}],"line":41},"4":{"loc":{"start":{"line":54,"column":7},"end":{"line":90,"column":7}},"type":"cond-expr","locations":[{"start":{"line":55,"column":8},"end":{"line":74,"column":11}},{"start":{"line":76,"column":8},"end":{"line":89,"column":13}}],"line":54},"5":{"loc":{"start":{"line":57,"column":36},"end":{"line":57,"column":71}},"type":"binary-expr","locations":[{"start":{"line":57,"column":36},"end":{"line":57,"column":46}},{"start":{"line":57,"column":50},"end":{"line":57,"column":71}}],"line":57},"6":{"loc":{"start":{"line":68,"column":19},"end":{"line":70,"column":37}},"type":"cond-expr","locations":[{"start":{"line":69,"column":22},"end":{"line":69,"column":58}},{"start":{"line":70,"column":22},"end":{"line":70,"column":37}}],"line":68},"7":{"loc":{"start":{"line":68,"column":19},"end":{"line":68,"column":64}},"type":"binary-expr","locations":[{"start":{"line":68,"column":19},"end":{"line":68,"column":34}},{"start":{"line":68,"column":38},"end":{"line":68,"column":64}}],"line":68},"8":{"loc":{"start":{"line":78,"column":36},"end":{"line":78,"column":71}},"type":"binary-expr","locations":[{"start":{"line":78,"column":36},"end":{"line":78,"column":46}},{"start":{"line":78,"column":50},"end":{"line":78,"column":71}}],"line":78},"9":{"loc":{"start":{"line":84,"column":17},"end":{"line":86,"column":35}},"type":"cond-expr","locations":[{"start":{"line":85,"column":20},"end":{"line":85,"column":56}},{"start":{"line":86,"column":20},"end":{"line":86,"column":35}}],"line":84},"10":{"loc":{"start":{"line":84,"column":17},"end":{"line":84,"column":62}},"type":"binary-expr","locations":[{"start":{"line":84,"column":17},"end":{"line":84,"column":32}},{"start":{"line":84,"column":36},"end":{"line":84,"column":62}}],"line":84}},"s":{"0":93,"1":93,"2":93,"3":34,"4":34,"5":34,"6":624,"7":414,"8":34,"9":624,"10":414,"11":34,"12":34,"13":93,"14":180,"15":114,"16":66,"17":93,"18":12,"19":12,"20":0,"21":0,"22":0,"23":93,"24":475,"25":180,"26":12,"27":110,"28":31,"29":11,"30":11},"f":{"0":93,"1":34,"2":624,"3":624,"4":180,"5":12,"6":0,"7":475,"8":180,"9":12,"10":110,"11":31,"12":0},"b":{"0":[414,210],"1":[414,210],"2":[114,66],"3":[12,0],"4":[60,33],"5":[475,180],"6":[162,18],"7":[180,162],"8":[110,31],"9":[19,12],"10":[31,19]},"_coverageSchema":"1a1c01bbd47fc00a2c39e90264f33305004495a9","hash":"d4579930fb7b6e71fa8c0fe0f65ef51d5713b4be"}
,"/home/tayna/Trybe/Projetos Trybe/2.Front-end/sd-021-a-project-recipes-app/src/components/RecipeDetails.js": {"path":"/home/tayna/Trybe/Projetos Trybe/2.Front-end/sd-021-a-project-recipes-app/src/components/RecipeDetails.js","statementMap":{"0":{"start":{"line":19,"column":32},"end":{"line":19,"column":44}},"1":{"start":{"line":20,"column":26},"end":{"line":20,"column":41}},"2":{"start":{"line":21,"column":30},"end":{"line":21,"column":45}},"3":{"start":{"line":22,"column":38},"end":{"line":22,"column":53}},"4":{"start":{"line":23,"column":38},"end":{"line":23,"column":53}},"5":{"start":{"line":25,"column":18},"end":{"line":25,"column":30}},"6":{"start":{"line":26,"column":17},"end":{"line":26,"column":60}},"7":{"start":{"line":28,"column":17},"end":{"line":28,"column":28}},"8":{"start":{"line":30,"column":2},"end":{"line":42,"column":9}},"9":{"start":{"line":31,"column":23},"end":{"line":39,"column":5}},"10":{"start":{"line":32,"column":6},"end":{"line":38,"column":7}},"11":{"start":{"line":33,"column":28},"end":{"line":33,"column":54}},"12":{"start":{"line":34,"column":8},"end":{"line":34,"column":41}},"13":{"start":{"line":36,"column":29},"end":{"line":36,"column":56}},"14":{"start":{"line":37,"column":8},"end":{"line":37,"column":43}},"15":{"start":{"line":41,"column":4},"end":{"line":41,"column":17}},"16":{"start":{"line":44,"column":2},"end":{"line":51,"column":9}},"17":{"start":{"line":45,"column":24},"end":{"line":45,"column":48}},"18":{"start":{"line":46,"column":21},"end":{"line":46,"column":67}},"19":{"start":{"line":46,"column":50},"end":{"line":46,"column":66}},"20":{"start":{"line":48,"column":4},"end":{"line":50,"column":5}},"21":{"start":{"line":49,"column":6},"end":{"line":49,"column":20}},"22":{"start":{"line":53,"column":2},"end":{"line":80,"column":19}},"23":{"start":{"line":54,"column":22},"end":{"line":54,"column":50}},"24":{"start":{"line":56,"column":26},"end":{"line":56,"column":74}},"25":{"start":{"line":56,"column":55},"end":{"line":56,"column":73}},"26":{"start":{"line":57,"column":4},"end":{"line":59,"column":5}},"27":{"start":{"line":58,"column":6},"end":{"line":58,"column":26}},"28":{"start":{"line":61,"column":21},"end":{"line":61,"column":51}},"29":{"start":{"line":63,"column":4},"end":{"line":79,"column":5}},"30":{"start":{"line":64,"column":31},"end":{"line":64,"column":58}},"31":{"start":{"line":65,"column":32},"end":{"line":67,"column":7}},"32":{"start":{"line":66,"column":20},"end":{"line":66,"column":33}},"33":{"start":{"line":68,"column":6},"end":{"line":70,"column":7}},"34":{"start":{"line":69,"column":8},"end":{"line":69,"column":28}},"35":{"start":{"line":72,"column":35},"end":{"line":72,"column":66}},"36":{"start":{"line":73,"column":33},"end":{"line":75,"column":7}},"37":{"start":{"line":74,"column":21},"end":{"line":74,"column":35}},"38":{"start":{"line":76,"column":6},"end":{"line":78,"column":7}},"39":{"start":{"line":77,"column":8},"end":{"line":77,"column":28}},"40":{"start":{"line":82,"column":23},"end":{"line":89,"column":3}},"41":{"start":{"line":83,"column":4},"end":{"line":88,"column":5}},"42":{"start":{"line":84,"column":25},"end":{"line":84,"column":43}},"43":{"start":{"line":85,"column":21},"end":{"line":85,"column":61}},"44":{"start":{"line":87,"column":6},"end":{"line":87,"column":20}},"45":{"start":{"line":91,"column":21},"end":{"line":97,"column":3}},"46":{"start":{"line":92,"column":4},"end":{"line":96,"column":5}},"47":{"start":{"line":93,"column":6},"end":{"line":93,"column":47}},"48":{"start":{"line":95,"column":6},"end":{"line":95,"column":48}},"49":{"start":{"line":99,"column":30},"end":{"line":120,"column":3}},"50":{"start":{"line":100,"column":22},"end":{"line":100,"column":50}},"51":{"start":{"line":102,"column":26},"end":{"line":102,"column":74}},"52":{"start":{"line":102,"column":55},"end":{"line":102,"column":73}},"53":{"start":{"line":103,"column":4},"end":{"line":119,"column":5}},"54":{"start":{"line":104,"column":6},"end":{"line":104,"column":26}},"55":{"start":{"line":105,"column":26},"end":{"line":113,"column":7}},"56":{"start":{"line":114,"column":6},"end":{"line":114,"column":46}},"57":{"start":{"line":116,"column":6},"end":{"line":116,"column":27}},"58":{"start":{"line":117,"column":29},"end":{"line":117,"column":79}},"59":{"start":{"line":117,"column":60},"end":{"line":117,"column":78}},"60":{"start":{"line":118,"column":6},"end":{"line":118,"column":78}},"61":{"start":{"line":122,"column":21},"end":{"line":129,"column":3}},"62":{"start":{"line":123,"column":4},"end":{"line":127,"column":5}},"63":{"start":{"line":124,"column":6},"end":{"line":124,"column":57}},"64":{"start":{"line":126,"column":6},"end":{"line":126,"column":58}},"65":{"start":{"line":128,"column":4},"end":{"line":128,"column":20}},"66":{"start":{"line":131,"column":2},"end":{"line":188,"column":4}}},"fnMap":{"0":{"name":"RecipeDetails","decl":{"start":{"line":18,"column":9},"end":{"line":18,"column":22}},"loc":{"start":{"line":18,"column":25},"end":{"line":189,"column":1}},"line":18},"1":{"name":"(anonymous_1)","decl":{"start":{"line":30,"column":12},"end":{"line":30,"column":13}},"loc":{"start":{"line":30,"column":18},"end":{"line":42,"column":3}},"line":30},"2":{"name":"(anonymous_2)","decl":{"start":{"line":31,"column":23},"end":{"line":31,"column":24}},"loc":{"start":{"line":31,"column":35},"end":{"line":39,"column":5}},"line":31},"3":{"name":"(anonymous_3)","decl":{"start":{"line":44,"column":12},"end":{"line":44,"column":13}},"loc":{"start":{"line":44,"column":18},"end":{"line":51,"column":3}},"line":44},"4":{"name":"(anonymous_4)","decl":{"start":{"line":46,"column":38},"end":{"line":46,"column":39}},"loc":{"start":{"line":46,"column":50},"end":{"line":46,"column":66}},"line":46},"5":{"name":"(anonymous_5)","decl":{"start":{"line":53,"column":12},"end":{"line":53,"column":13}},"loc":{"start":{"line":53,"column":18},"end":{"line":80,"column":3}},"line":53},"6":{"name":"(anonymous_6)","decl":{"start":{"line":56,"column":41},"end":{"line":56,"column":42}},"loc":{"start":{"line":56,"column":55},"end":{"line":56,"column":73}},"line":56},"7":{"name":"(anonymous_7)","decl":{"start":{"line":66,"column":8},"end":{"line":66,"column":9}},"loc":{"start":{"line":66,"column":20},"end":{"line":66,"column":33}},"line":66},"8":{"name":"(anonymous_8)","decl":{"start":{"line":74,"column":8},"end":{"line":74,"column":9}},"loc":{"start":{"line":74,"column":21},"end":{"line":74,"column":35}},"line":74},"9":{"name":"(anonymous_9)","decl":{"start":{"line":82,"column":23},"end":{"line":82,"column":24}},"loc":{"start":{"line":82,"column":29},"end":{"line":89,"column":3}},"line":82},"10":{"name":"(anonymous_10)","decl":{"start":{"line":91,"column":21},"end":{"line":91,"column":22}},"loc":{"start":{"line":91,"column":27},"end":{"line":97,"column":3}},"line":91},"11":{"name":"(anonymous_11)","decl":{"start":{"line":99,"column":30},"end":{"line":99,"column":31}},"loc":{"start":{"line":99,"column":36},"end":{"line":120,"column":3}},"line":99},"12":{"name":"(anonymous_12)","decl":{"start":{"line":102,"column":41},"end":{"line":102,"column":42}},"loc":{"start":{"line":102,"column":55},"end":{"line":102,"column":73}},"line":102},"13":{"name":"(anonymous_13)","decl":{"start":{"line":117,"column":46},"end":{"line":117,"column":47}},"loc":{"start":{"line":117,"column":60},"end":{"line":117,"column":78}},"line":117},"14":{"name":"(anonymous_14)","decl":{"start":{"line":122,"column":21},"end":{"line":122,"column":22}},"loc":{"start":{"line":122,"column":27},"end":{"line":129,"column":3}},"line":122}},"branchMap":{"0":{"loc":{"start":{"line":32,"column":6},"end":{"line":38,"column":7}},"type":"if","locations":[{"start":{"line":32,"column":6},"end":{"line":38,"column":7}},{"start":{"line":35,"column":13},"end":{"line":38,"column":7}}],"line":32},"1":{"loc":{"start":{"line":48,"column":4},"end":{"line":50,"column":5}},"type":"if","locations":[{"start":{"line":48,"column":4},"end":{"line":50,"column":5}},{"start":{},"end":{}}],"line":48},"2":{"loc":{"start":{"line":57,"column":4},"end":{"line":59,"column":5}},"type":"if","locations":[{"start":{"line":57,"column":4},"end":{"line":59,"column":5}},{"start":{},"end":{}}],"line":57},"3":{"loc":{"start":{"line":63,"column":4},"end":{"line":79,"column":5}},"type":"if","locations":[{"start":{"line":63,"column":4},"end":{"line":79,"column":5}},{"start":{"line":71,"column":11},"end":{"line":79,"column":5}}],"line":63},"4":{"loc":{"start":{"line":68,"column":6},"end":{"line":70,"column":7}},"type":"if","locations":[{"start":{"line":68,"column":6},"end":{"line":70,"column":7}},{"start":{},"end":{}}],"line":68},"5":{"loc":{"start":{"line":76,"column":6},"end":{"line":78,"column":7}},"type":"if","locations":[{"start":{"line":76,"column":6},"end":{"line":78,"column":7}},{"start":{},"end":{}}],"line":76},"6":{"loc":{"start":{"line":83,"column":4},"end":{"line":88,"column":5}},"type":"if","locations":[{"start":{"line":83,"column":4},"end":{"line":88,"column":5}},{"start":{},"end":{}}],"line":83},"7":{"loc":{"start":{"line":92,"column":4},"end":{"line":96,"column":5}},"type":"if","locations":[{"start":{"line":92,"column":4},"end":{"line":96,"column":5}},{"start":{"line":94,"column":11},"end":{"line":96,"column":5}}],"line":92},"8":{"loc":{"start":{"line":103,"column":4},"end":{"line":119,"column":5}},"type":"if","locations":[{"start":{"line":103,"column":4},"end":{"line":119,"column":5}},{"start":{"line":115,"column":11},"end":{"line":119,"column":5}}],"line":103},"9":{"loc":{"start":{"line":106,"column":12},"end":{"line":106,"column":45}},"type":"binary-expr","locations":[{"start":{"line":106,"column":12},"end":{"line":106,"column":26}},{"start":{"line":106,"column":30},"end":{"line":106,"column":45}}],"line":106},"10":{"loc":{"start":{"line":107,"column":14},"end":{"line":107,"column":39}},"type":"cond-expr","locations":[{"start":{"line":107,"column":23},"end":{"line":107,"column":29}},{"start":{"line":107,"column":32},"end":{"line":107,"column":39}}],"line":107},"11":{"loc":{"start":{"line":108,"column":21},"end":{"line":108,"column":42}},"type":"binary-expr","locations":[{"start":{"line":108,"column":21},"end":{"line":108,"column":36}},{"start":{"line":108,"column":40},"end":{"line":108,"column":42}}],"line":108},"12":{"loc":{"start":{"line":109,"column":18},"end":{"line":109,"column":43}},"type":"binary-expr","locations":[{"start":{"line":109,"column":18},"end":{"line":109,"column":37}},{"start":{"line":109,"column":41},"end":{"line":109,"column":43}}],"line":109},"13":{"loc":{"start":{"line":110,"column":24},"end":{"line":110,"column":50}},"type":"binary-expr","locations":[{"start":{"line":110,"column":24},"end":{"line":110,"column":44}},{"start":{"line":110,"column":48},"end":{"line":110,"column":50}}],"line":110},"14":{"loc":{"start":{"line":111,"column":14},"end":{"line":111,"column":49}},"type":"binary-expr","locations":[{"start":{"line":111,"column":14},"end":{"line":111,"column":29}},{"start":{"line":111,"column":33},"end":{"line":111,"column":49}}],"line":111},"15":{"loc":{"start":{"line":112,"column":15},"end":{"line":112,"column":60}},"type":"binary-expr","locations":[{"start":{"line":112,"column":15},"end":{"line":112,"column":35}},{"start":{"line":112,"column":39},"end":{"line":112,"column":60}}],"line":112},"16":{"loc":{"start":{"line":123,"column":4},"end":{"line":127,"column":5}},"type":"if","locations":[{"start":{"line":123,"column":4},"end":{"line":127,"column":5}},{"start":{"line":125,"column":11},"end":{"line":127,"column":5}}],"line":123},"17":{"loc":{"start":{"line":135,"column":14},"end":{"line":135,"column":59}},"type":"binary-expr","locations":[{"start":{"line":135,"column":14},"end":{"line":135,"column":34}},{"start":{"line":135,"column":38},"end":{"line":135,"column":59}}],"line":135},"18":{"loc":{"start":{"line":138,"column":38},"end":{"line":138,"column":73}},"type":"binary-expr","locations":[{"start":{"line":138,"column":38},"end":{"line":138,"column":53}},{"start":{"line":138,"column":57},"end":{"line":138,"column":73}}],"line":138},"19":{"loc":{"start":{"line":143,"column":9},"end":{"line":155,"column":9}},"type":"cond-expr","locations":[{"start":{"line":144,"column":10},"end":{"line":148,"column":12}},{"start":{"line":150,"column":10},"end":{"line":154,"column":12}}],"line":143},"20":{"loc":{"start":{"line":157,"column":7},"end":{"line":157,"column":42}},"type":"binary-expr","locations":[{"start":{"line":157,"column":7},"end":{"line":157,"column":13}},{"start":{"line":157,"column":17},"end":{"line":157,"column":42}}],"line":157},"21":{"loc":{"start":{"line":159,"column":9},"end":{"line":159,"column":60}},"type":"cond-expr","locations":[{"start":{"line":159,"column":18},"end":{"line":159,"column":37}},{"start":{"line":159,"column":40},"end":{"line":159,"column":60}}],"line":159},"22":{"loc":{"start":{"line":164,"column":7},"end":{"line":175,"column":7}},"type":"binary-expr","locations":[{"start":{"line":164,"column":7},"end":{"line":164,"column":13}},{"start":{"line":165,"column":8},"end":{"line":174,"column":11}}],"line":164},"23":{"loc":{"start":{"line":177,"column":7},"end":{"line":186,"column":7}},"type":"binary-expr","locations":[{"start":{"line":177,"column":7},"end":{"line":177,"column":12}},{"start":{"line":178,"column":8},"end":{"line":185,"column":17}}],"line":177},"24":{"loc":{"start":{"line":184,"column":11},"end":{"line":184,"column":58}},"type":"cond-expr","locations":[{"start":{"line":184,"column":24},"end":{"line":184,"column":41}},{"start":{"line":184,"column":44},"end":{"line":184,"column":58}}],"line":184}},"s":{"0":25,"1":23,"2":23,"3":23,"4":23,"5":23,"6":23,"7":23,"8":23,"9":10,"10":10,"11":4,"12":4,"13":6,"14":3,"15":10,"16":23,"17":10,"18":10,"19":0,"20":10,"21":0,"22":23,"23":10,"24":10,"25":1,"26":10,"27":1,"28":10,"29":10,"30":4,"31":4,"32":1,"33":4,"34":1,"35":6,"36":6,"37":3,"38":6,"39":3,"40":23,"41":7,"42":1,"43":1,"44":1,"45":23,"46":2,"47":1,"48":1,"49":23,"50":3,"51":3,"52":1,"53":3,"54":2,"55":2,"56":2,"57":1,"58":1,"59":1,"60":1,"61":23,"62":2,"63":1,"64":1,"65":2,"66":23},"f":{"0":25,"1":10,"2":10,"3":10,"4":0,"5":10,"6":1,"7":1,"8":3,"9":7,"10":2,"11":3,"12":1,"13":1,"14":2},"b":{"0":[4,6],"1":[0,10],"2":[1,9],"3":[4,6],"4":[1,3],"5":[3,3],"6":[1,6],"7":[1,1],"8":[2,1],"9":[2,2],"10":[0,2],"11":[2,2],"12":[2,0],"13":[2,0],"14":[2,2],"15":[2,2],"16":[1,1],"17":[23,22],"18":[23,22],"19":[4,19],"20":[23,2],"21":[7,16],"22":[23,7],"23":[23,23],"24":[9,14]},"_coverageSchema":"1a1c01bbd47fc00a2c39e90264f33305004495a9","hash":"7b04b6a1afd99b1b9b82b7054474e2b0423f6d04"}
,"/home/tayna/Trybe/Projetos Trybe/2.Front-end/sd-021-a-project-recipes-app/src/components/RecipeInProgress.js": {"path":"/home/tayna/Trybe/Projetos Trybe/2.Front-end/sd-021-a-project-recipes-app/src/components/RecipeInProgress.js","statementMap":{"0":{"start":{"line":19,"column":32},"end":{"line":19,"column":44}},"1":{"start":{"line":20,"column":30},"end":{"line":20,"column":45}},"2":{"start":{"line":21,"column":38},"end":{"line":21,"column":53}},"3":{"start":{"line":22,"column":50},"end":{"line":22,"column":62}},"4":{"start":{"line":23,"column":34},"end":{"line":23,"column":48}},"5":{"start":{"line":25,"column":18},"end":{"line":25,"column":30}},"6":{"start":{"line":26,"column":17},"end":{"line":26,"column":60}},"7":{"start":{"line":28,"column":17},"end":{"line":28,"column":28}},"8":{"start":{"line":30,"column":2},"end":{"line":42,"column":9}},"9":{"start":{"line":31,"column":23},"end":{"line":39,"column":5}},"10":{"start":{"line":32,"column":6},"end":{"line":38,"column":7}},"11":{"start":{"line":33,"column":28},"end":{"line":33,"column":54}},"12":{"start":{"line":34,"column":8},"end":{"line":34,"column":41}},"13":{"start":{"line":36,"column":29},"end":{"line":36,"column":56}},"14":{"start":{"line":37,"column":8},"end":{"line":37,"column":43}},"15":{"start":{"line":41,"column":4},"end":{"line":41,"column":17}},"16":{"start":{"line":44,"column":2},"end":{"line":54,"column":9}},"17":{"start":{"line":45,"column":35},"end":{"line":45,"column":65}},"18":{"start":{"line":47,"column":4},"end":{"line":49,"column":5}},"19":{"start":{"line":48,"column":6},"end":{"line":48,"column":60}},"20":{"start":{"line":51,"column":4},"end":{"line":53,"column":5}},"21":{"start":{"line":52,"column":6},"end":{"line":52,"column":64}},"22":{"start":{"line":56,"column":2},"end":{"line":63,"column":9}},"23":{"start":{"line":57,"column":22},"end":{"line":57,"column":50}},"24":{"start":{"line":59,"column":26},"end":{"line":59,"column":74}},"25":{"start":{"line":59,"column":55},"end":{"line":59,"column":73}},"26":{"start":{"line":60,"column":4},"end":{"line":62,"column":5}},"27":{"start":{"line":61,"column":6},"end":{"line":61,"column":26}},"28":{"start":{"line":65,"column":2},"end":{"line":92,"column":25}},"29":{"start":{"line":66,"column":4},"end":{"line":70,"column":5}},"30":{"start":{"line":67,"column":6},"end":{"line":67,"column":66}},"31":{"start":{"line":69,"column":6},"end":{"line":69,"column":70}},"32":{"start":{"line":72,"column":28},"end":{"line":72,"column":42}},"33":{"start":{"line":74,"column":4},"end":{"line":78,"column":7}},"34":{"start":{"line":75,"column":6},"end":{"line":77,"column":7}},"35":{"start":{"line":76,"column":8},"end":{"line":76,"column":36}},"36":{"start":{"line":80,"column":32},"end":{"line":82,"column":5}},"37":{"start":{"line":81,"column":22},"end":{"line":81,"column":57}},"38":{"start":{"line":84,"column":4},"end":{"line":91,"column":5}},"39":{"start":{"line":88,"column":6},"end":{"line":88,"column":25}},"40":{"start":{"line":90,"column":6},"end":{"line":90,"column":24}},"41":{"start":{"line":94,"column":30},"end":{"line":115,"column":3}},"42":{"start":{"line":95,"column":22},"end":{"line":95,"column":50}},"43":{"start":{"line":97,"column":26},"end":{"line":97,"column":74}},"44":{"start":{"line":97,"column":55},"end":{"line":97,"column":73}},"45":{"start":{"line":98,"column":4},"end":{"line":114,"column":5}},"46":{"start":{"line":99,"column":6},"end":{"line":99,"column":26}},"47":{"start":{"line":100,"column":26},"end":{"line":108,"column":7}},"48":{"start":{"line":109,"column":6},"end":{"line":109,"column":46}},"49":{"start":{"line":111,"column":6},"end":{"line":111,"column":27}},"50":{"start":{"line":112,"column":29},"end":{"line":112,"column":79}},"51":{"start":{"line":112,"column":60},"end":{"line":112,"column":78}},"52":{"start":{"line":113,"column":6},"end":{"line":113,"column":78}},"53":{"start":{"line":117,"column":21},"end":{"line":124,"column":3}},"54":{"start":{"line":118,"column":4},"end":{"line":122,"column":5}},"55":{"start":{"line":119,"column":6},"end":{"line":119,"column":57}},"56":{"start":{"line":121,"column":6},"end":{"line":121,"column":58}},"57":{"start":{"line":123,"column":4},"end":{"line":123,"column":20}},"58":{"start":{"line":126,"column":28},"end":{"line":144,"column":3}},"59":{"start":{"line":127,"column":22},"end":{"line":140,"column":5}},"60":{"start":{"line":141,"column":4},"end":{"line":141,"column":38}},"61":{"start":{"line":143,"column":4},"end":{"line":143,"column":34}},"62":{"start":{"line":146,"column":2},"end":{"line":193,"column":4}}},"fnMap":{"0":{"name":"RecipeInProgress","decl":{"start":{"line":18,"column":9},"end":{"line":18,"column":25}},"loc":{"start":{"line":18,"column":28},"end":{"line":194,"column":1}},"line":18},"1":{"name":"(anonymous_1)","decl":{"start":{"line":30,"column":12},"end":{"line":30,"column":13}},"loc":{"start":{"line":30,"column":18},"end":{"line":42,"column":3}},"line":30},"2":{"name":"(anonymous_2)","decl":{"start":{"line":31,"column":23},"end":{"line":31,"column":24}},"loc":{"start":{"line":31,"column":35},"end":{"line":39,"column":5}},"line":31},"3":{"name":"(anonymous_3)","decl":{"start":{"line":44,"column":12},"end":{"line":44,"column":13}},"loc":{"start":{"line":44,"column":18},"end":{"line":54,"column":3}},"line":44},"4":{"name":"(anonymous_4)","decl":{"start":{"line":56,"column":12},"end":{"line":56,"column":13}},"loc":{"start":{"line":56,"column":18},"end":{"line":63,"column":3}},"line":56},"5":{"name":"(anonymous_5)","decl":{"start":{"line":59,"column":41},"end":{"line":59,"column":42}},"loc":{"start":{"line":59,"column":55},"end":{"line":59,"column":73}},"line":59},"6":{"name":"(anonymous_6)","decl":{"start":{"line":65,"column":12},"end":{"line":65,"column":13}},"loc":{"start":{"line":65,"column":18},"end":{"line":92,"column":3}},"line":65},"7":{"name":"(anonymous_7)","decl":{"start":{"line":74,"column":41},"end":{"line":74,"column":42}},"loc":{"start":{"line":74,"column":50},"end":{"line":78,"column":5}},"line":74},"8":{"name":"(anonymous_8)","decl":{"start":{"line":81,"column":6},"end":{"line":81,"column":7}},"loc":{"start":{"line":81,"column":22},"end":{"line":81,"column":57}},"line":81},"9":{"name":"(anonymous_9)","decl":{"start":{"line":94,"column":30},"end":{"line":94,"column":31}},"loc":{"start":{"line":94,"column":36},"end":{"line":115,"column":3}},"line":94},"10":{"name":"(anonymous_10)","decl":{"start":{"line":97,"column":41},"end":{"line":97,"column":42}},"loc":{"start":{"line":97,"column":55},"end":{"line":97,"column":73}},"line":97},"11":{"name":"(anonymous_11)","decl":{"start":{"line":112,"column":46},"end":{"line":112,"column":47}},"loc":{"start":{"line":112,"column":60},"end":{"line":112,"column":78}},"line":112},"12":{"name":"(anonymous_12)","decl":{"start":{"line":117,"column":21},"end":{"line":117,"column":22}},"loc":{"start":{"line":117,"column":27},"end":{"line":124,"column":3}},"line":117},"13":{"name":"(anonymous_13)","decl":{"start":{"line":126,"column":28},"end":{"line":126,"column":29}},"loc":{"start":{"line":126,"column":34},"end":{"line":144,"column":3}},"line":126}},"branchMap":{"0":{"loc":{"start":{"line":32,"column":6},"end":{"line":38,"column":7}},"type":"if","locations":[{"start":{"line":32,"column":6},"end":{"line":38,"column":7}},{"start":{"line":35,"column":13},"end":{"line":38,"column":7}}],"line":32},"1":{"loc":{"start":{"line":47,"column":4},"end":{"line":49,"column":5}},"type":"if","locations":[{"start":{"line":47,"column":4},"end":{"line":49,"column":5}},{"start":{},"end":{}}],"line":47},"2":{"loc":{"start":{"line":47,"column":8},"end":{"line":47,"column":50}},"type":"binary-expr","locations":[{"start":{"line":47,"column":8},"end":{"line":47,"column":14}},{"start":{"line":47,"column":18},"end":{"line":47,"column":50}}],"line":47},"3":{"loc":{"start":{"line":51,"column":4},"end":{"line":53,"column":5}},"type":"if","locations":[{"start":{"line":51,"column":4},"end":{"line":53,"column":5}},{"start":{},"end":{}}],"line":51},"4":{"loc":{"start":{"line":51,"column":8},"end":{"line":51,"column":55}},"type":"binary-expr","locations":[{"start":{"line":51,"column":8},"end":{"line":51,"column":15}},{"start":{"line":51,"column":19},"end":{"line":51,"column":55}}],"line":51},"5":{"loc":{"start":{"line":60,"column":4},"end":{"line":62,"column":5}},"type":"if","locations":[{"start":{"line":60,"column":4},"end":{"line":62,"column":5}},{"start":{},"end":{}}],"line":60},"6":{"loc":{"start":{"line":66,"column":4},"end":{"line":70,"column":5}},"type":"if","locations":[{"start":{"line":66,"column":4},"end":{"line":70,"column":5}},{"start":{"line":68,"column":11},"end":{"line":70,"column":5}}],"line":66},"7":{"loc":{"start":{"line":75,"column":6},"end":{"line":77,"column":7}},"type":"if","locations":[{"start":{"line":75,"column":6},"end":{"line":77,"column":7}},{"start":{},"end":{}}],"line":75},"8":{"loc":{"start":{"line":81,"column":22},"end":{"line":81,"column":57}},"type":"binary-expr","locations":[{"start":{"line":81,"column":22},"end":{"line":81,"column":32}},{"start":{"line":81,"column":36},"end":{"line":81,"column":57}}],"line":81},"9":{"loc":{"start":{"line":84,"column":4},"end":{"line":91,"column":5}},"type":"if","locations":[{"start":{"line":84,"column":4},"end":{"line":91,"column":5}},{"start":{"line":89,"column":11},"end":{"line":91,"column":5}}],"line":84},"10":{"loc":{"start":{"line":85,"column":6},"end":{"line":86,"column":63}},"type":"binary-expr","locations":[{"start":{"line":85,"column":6},"end":{"line":85,"column":36}},{"start":{"line":86,"column":9},"end":{"line":86,"column":63}}],"line":85},"11":{"loc":{"start":{"line":98,"column":4},"end":{"line":114,"column":5}},"type":"if","locations":[{"start":{"line":98,"column":4},"end":{"line":114,"column":5}},{"start":{"line":110,"column":11},"end":{"line":114,"column":5}}],"line":98},"12":{"loc":{"start":{"line":101,"column":12},"end":{"line":101,"column":45}},"type":"binary-expr","locations":[{"start":{"line":101,"column":12},"end":{"line":101,"column":26}},{"start":{"line":101,"column":30},"end":{"line":101,"column":45}}],"line":101},"13":{"loc":{"start":{"line":102,"column":14},"end":{"line":102,"column":39}},"type":"cond-expr","locations":[{"start":{"line":102,"column":23},"end":{"line":102,"column":29}},{"start":{"line":102,"column":32},"end":{"line":102,"column":39}}],"line":102},"14":{"loc":{"start":{"line":103,"column":21},"end":{"line":103,"column":42}},"type":"binary-expr","locations":[{"start":{"line":103,"column":21},"end":{"line":103,"column":36}},{"start":{"line":103,"column":40},"end":{"line":103,"column":42}}],"line":103},"15":{"loc":{"start":{"line":104,"column":18},"end":{"line":104,"column":43}},"type":"binary-expr","locations":[{"start":{"line":104,"column":18},"end":{"line":104,"column":37}},{"start":{"line":104,"column":41},"end":{"line":104,"column":43}}],"line":104},"16":{"loc":{"start":{"line":105,"column":24},"end":{"line":105,"column":50}},"type":"binary-expr","locations":[{"start":{"line":105,"column":24},"end":{"line":105,"column":44}},{"start":{"line":105,"column":48},"end":{"line":105,"column":50}}],"line":105},"17":{"loc":{"start":{"line":106,"column":14},"end":{"line":106,"column":49}},"type":"binary-expr","locations":[{"start":{"line":106,"column":14},"end":{"line":106,"column":29}},{"start":{"line":106,"column":33},"end":{"line":106,"column":49}}],"line":106},"18":{"loc":{"start":{"line":107,"column":15},"end":{"line":107,"column":60}},"type":"binary-expr","locations":[{"start":{"line":107,"column":15},"end":{"line":107,"column":35}},{"start":{"line":107,"column":39},"end":{"line":107,"column":60}}],"line":107},"19":{"loc":{"start":{"line":118,"column":4},"end":{"line":122,"column":5}},"type":"if","locations":[{"start":{"line":118,"column":4},"end":{"line":122,"column":5}},{"start":{"line":120,"column":11},"end":{"line":122,"column":5}}],"line":118},"20":{"loc":{"start":{"line":128,"column":10},"end":{"line":128,"column":43}},"type":"binary-expr","locations":[{"start":{"line":128,"column":10},"end":{"line":128,"column":24}},{"start":{"line":128,"column":28},"end":{"line":128,"column":43}}],"line":128},"21":{"loc":{"start":{"line":129,"column":12},"end":{"line":129,"column":37}},"type":"cond-expr","locations":[{"start":{"line":129,"column":21},"end":{"line":129,"column":27}},{"start":{"line":129,"column":30},"end":{"line":129,"column":37}}],"line":129},"22":{"loc":{"start":{"line":130,"column":19},"end":{"line":130,"column":40}},"type":"binary-expr","locations":[{"start":{"line":130,"column":19},"end":{"line":130,"column":34}},{"start":{"line":130,"column":38},"end":{"line":130,"column":40}}],"line":130},"23":{"loc":{"start":{"line":131,"column":16},"end":{"line":131,"column":41}},"type":"binary-expr","locations":[{"start":{"line":131,"column":16},"end":{"line":131,"column":35}},{"start":{"line":131,"column":39},"end":{"line":131,"column":41}}],"line":131},"24":{"loc":{"start":{"line":132,"column":22},"end":{"line":132,"column":48}},"type":"binary-expr","locations":[{"start":{"line":132,"column":22},"end":{"line":132,"column":42}},{"start":{"line":132,"column":46},"end":{"line":132,"column":48}}],"line":132},"25":{"loc":{"start":{"line":133,"column":12},"end":{"line":133,"column":47}},"type":"binary-expr","locations":[{"start":{"line":133,"column":12},"end":{"line":133,"column":27}},{"start":{"line":133,"column":31},"end":{"line":133,"column":47}}],"line":133},"26":{"loc":{"start":{"line":134,"column":13},"end":{"line":134,"column":58}},"type":"binary-expr","locations":[{"start":{"line":134,"column":13},"end":{"line":134,"column":33}},{"start":{"line":134,"column":37},"end":{"line":134,"column":58}}],"line":134},"27":{"loc":{"start":{"line":137,"column":8},"end":{"line":139,"column":14}},"type":"cond-expr","locations":[{"start":{"line":138,"column":12},"end":{"line":138,"column":38}},{"start":{"line":139,"column":12},"end":{"line":139,"column":14}}],"line":137},"28":{"loc":{"start":{"line":137,"column":8},"end":{"line":137,"column":53}},"type":"binary-expr","locations":[{"start":{"line":137,"column":8},"end":{"line":137,"column":23}},{"start":{"line":137,"column":27},"end":{"line":137,"column":53}}],"line":137},"29":{"loc":{"start":{"line":150,"column":14},"end":{"line":150,"column":59}},"type":"binary-expr","locations":[{"start":{"line":150,"column":14},"end":{"line":150,"column":34}},{"start":{"line":150,"column":38},"end":{"line":150,"column":59}}],"line":150},"30":{"loc":{"start":{"line":153,"column":38},"end":{"line":153,"column":73}},"type":"binary-expr","locations":[{"start":{"line":153,"column":38},"end":{"line":153,"column":53}},{"start":{"line":153,"column":57},"end":{"line":153,"column":73}}],"line":153},"31":{"loc":{"start":{"line":158,"column":9},"end":{"line":170,"column":9}},"type":"cond-expr","locations":[{"start":{"line":159,"column":10},"end":{"line":163,"column":12}},{"start":{"line":165,"column":10},"end":{"line":169,"column":12}}],"line":158},"32":{"loc":{"start":{"line":172,"column":7},"end":{"line":172,"column":42}},"type":"binary-expr","locations":[{"start":{"line":172,"column":7},"end":{"line":172,"column":13}},{"start":{"line":172,"column":17},"end":{"line":172,"column":42}}],"line":172},"33":{"loc":{"start":{"line":174,"column":9},"end":{"line":174,"column":60}},"type":"cond-expr","locations":[{"start":{"line":174,"column":18},"end":{"line":174,"column":37}},{"start":{"line":174,"column":40},"end":{"line":174,"column":60}}],"line":174}},"s":{"0":57,"1":55,"2":55,"3":55,"4":55,"5":55,"6":55,"7":55,"8":55,"9":12,"10":12,"11":7,"12":7,"13":5,"14":4,"15":12,"16":55,"17":12,"18":12,"19":1,"20":12,"21":1,"22":55,"23":12,"24":12,"25":1,"26":12,"27":1,"28":55,"29":26,"30":17,"31":9,"32":26,"33":26,"34":630,"35":405,"36":26,"37":225,"38":26,"39":2,"40":24,"41":55,"42":4,"43":4,"44":2,"45":4,"46":2,"47":2,"48":2,"49":2,"50":2,"51":2,"52":2,"53":55,"54":2,"55":1,"56":1,"57":2,"58":55,"59":2,"60":2,"61":2,"62":55},"f":{"0":57,"1":12,"2":12,"3":12,"4":12,"5":1,"6":26,"7":630,"8":225,"9":4,"10":2,"11":2,"12":2,"13":2},"b":{"0":[7,5],"1":[1,11],"2":[12,7],"3":[1,11],"4":[12,5],"5":[1,11],"6":[17,9],"7":[405,225],"8":[225,90],"9":[2,24],"10":[26,12],"11":[2,2],"12":[2,1],"13":[1,1],"14":[2,1],"15":[2,0],"16":[2,1],"17":[2,1],"18":[2,1],"19":[1,1],"20":[2,1],"21":[1,1],"22":[2,1],"23":[2,0],"24":[2,1],"25":[2,1],"26":[2,1],"27":[1,1],"28":[2,1],"29":[55,30],"30":[55,30],"31":[4,51],"32":[55,2],"33":[36,19]},"_coverageSchema":"1a1c01bbd47fc00a2c39e90264f33305004495a9","hash":"fa0853fe643509ea7cc3a37f59d5f5e71a971ae4"}
,"/home/tayna/Trybe/Projetos Trybe/2.Front-end/sd-021-a-project-recipes-app/src/components/Recipes.js": {"path":"/home/tayna/Trybe/Projetos Trybe/2.Front-end/sd-021-a-project-recipes-app/src/components/Recipes.js","statementMap":{"0":{"start":{"line":8,"column":61},"end":{"line":8,"column":87}},"1":{"start":{"line":10,"column":18},"end":{"line":10,"column":30}},"2":{"start":{"line":11,"column":17},"end":{"line":11,"column":55}},"3":{"start":{"line":13,"column":20},"end":{"line":13,"column":22}},"4":{"start":{"line":15,"column":21},"end":{"line":26,"column":3}},"5":{"start":{"line":16,"column":4},"end":{"line":18,"column":5}},"6":{"start":{"line":17,"column":6},"end":{"line":17,"column":26}},"7":{"start":{"line":19,"column":4},"end":{"line":21,"column":5}},"8":{"start":{"line":20,"column":6},"end":{"line":20,"column":25}},"9":{"start":{"line":22,"column":4},"end":{"line":24,"column":5}},"10":{"start":{"line":23,"column":6},"end":{"line":23,"column":22}},"11":{"start":{"line":25,"column":4},"end":{"line":25,"column":21}},"12":{"start":{"line":28,"column":2},"end":{"line":45,"column":4}},"13":{"start":{"line":34,"column":10},"end":{"line":42,"column":16}}},"fnMap":{"0":{"name":"Recipes","decl":{"start":{"line":7,"column":9},"end":{"line":7,"column":16}},"loc":{"start":{"line":7,"column":19},"end":{"line":46,"column":1}},"line":7},"1":{"name":"(anonymous_1)","decl":{"start":{"line":15,"column":21},"end":{"line":15,"column":22}},"loc":{"start":{"line":15,"column":27},"end":{"line":26,"column":3}},"line":15},"2":{"name":"(anonymous_2)","decl":{"start":{"line":33,"column":13},"end":{"line":33,"column":14}},"loc":{"start":{"line":34,"column":10},"end":{"line":42,"column":16}},"line":34}},"branchMap":{"0":{"loc":{"start":{"line":16,"column":4},"end":{"line":18,"column":5}},"type":"if","locations":[{"start":{"line":16,"column":4},"end":{"line":18,"column":5}},{"start":{},"end":{}}],"line":16},"1":{"loc":{"start":{"line":19,"column":4},"end":{"line":21,"column":5}},"type":"if","locations":[{"start":{"line":19,"column":4},"end":{"line":21,"column":5}},{"start":{},"end":{}}],"line":19},"2":{"loc":{"start":{"line":19,"column":8},"end":{"line":19,"column":45}},"type":"binary-expr","locations":[{"start":{"line":19,"column":8},"end":{"line":19,"column":19}},{"start":{"line":19,"column":23},"end":{"line":19,"column":45}}],"line":19},"3":{"loc":{"start":{"line":22,"column":4},"end":{"line":24,"column":5}},"type":"if","locations":[{"start":{"line":22,"column":4},"end":{"line":24,"column":5}},{"start":{},"end":{}}],"line":22},"4":{"loc":{"start":{"line":34,"column":21},"end":{"line":34,"column":52}},"type":"binary-expr","locations":[{"start":{"line":34,"column":21},"end":{"line":34,"column":34}},{"start":{"line":34,"column":38},"end":{"line":34,"column":52}}],"line":34},"5":{"loc":{"start":{"line":36,"column":22},"end":{"line":36,"column":65}},"type":"binary-expr","locations":[{"start":{"line":36,"column":22},"end":{"line":36,"column":41}},{"start":{"line":36,"column":45},"end":{"line":36,"column":65}}],"line":36},"6":{"loc":{"start":{"line":37,"column":22},"end":{"line":37,"column":55}},"type":"binary-expr","locations":[{"start":{"line":37,"column":22},"end":{"line":37,"column":36}},{"start":{"line":37,"column":40},"end":{"line":37,"column":55}}],"line":37},"7":{"loc":{"start":{"line":39,"column":19},"end":{"line":39,"column":50}},"type":"binary-expr","locations":[{"start":{"line":39,"column":19},"end":{"line":39,"column":32}},{"start":{"line":39,"column":36},"end":{"line":39,"column":50}}],"line":39}},"s":{"0":78,"1":78,"2":78,"3":78,"4":78,"5":78,"6":0,"7":78,"8":2,"9":76,"10":51,"11":25,"12":78,"13":383},"f":{"0":78,"1":78,"2":383},"b":{"0":[0,78],"1":[2,76],"2":[78,77],"3":[51,25],"4":[383,107],"5":[383,107],"6":[383,107],"7":[383,107]},"_coverageSchema":"1a1c01bbd47fc00a2c39e90264f33305004495a9","hash":"ffd6b07bf9378c9c5f3eff20ec9a2dfca6fce71b"}
,"/home/tayna/Trybe/Projetos Trybe/2.Front-end/sd-021-a-project-recipes-app/src/components/Recommended.js": {"path":"/home/tayna/Trybe/Projetos Trybe/2.Front-end/sd-021-a-project-recipes-app/src/components/Recommended.js","statementMap":{"0":{"start":{"line":8,"column":34},"end":{"line":8,"column":60}},"1":{"start":{"line":10,"column":18},"end":{"line":10,"column":30}},"2":{"start":{"line":11,"column":17},"end":{"line":11,"column":61}},"3":{"start":{"line":13,"column":20},"end":{"line":13,"column":21}},"4":{"start":{"line":15,"column":2},"end":{"line":46,"column":4}},"5":{"start":{"line":23,"column":14},"end":{"line":30,"column":16}},"6":{"start":{"line":35,"column":14},"end":{"line":42,"column":16}}},"fnMap":{"0":{"name":"Recommended","decl":{"start":{"line":7,"column":9},"end":{"line":7,"column":20}},"loc":{"start":{"line":7,"column":23},"end":{"line":47,"column":1}},"line":7},"1":{"name":"(anonymous_1)","decl":{"start":{"line":22,"column":17},"end":{"line":22,"column":18}},"loc":{"start":{"line":23,"column":14},"end":{"line":30,"column":16}},"line":23},"2":{"name":"(anonymous_2)","decl":{"start":{"line":34,"column":17},"end":{"line":34,"column":18}},"loc":{"start":{"line":35,"column":14},"end":{"line":42,"column":16}},"line":35}},"branchMap":{"0":{"loc":{"start":{"line":19,"column":9},"end":{"line":43,"column":14}},"type":"cond-expr","locations":[{"start":{"line":20,"column":12},"end":{"line":31,"column":14}},{"start":{"line":32,"column":12},"end":{"line":43,"column":14}}],"line":19}},"s":{"0":23,"1":23,"2":23,"3":23,"4":23,"5":36,"6":90},"f":{"0":23,"1":36,"2":90},"b":{"0":[7,16]},"_coverageSchema":"1a1c01bbd47fc00a2c39e90264f33305004495a9","hash":"ff5abdbb50bbedf6e6683625bc84dc76725e7d0a"}
,"/home/tayna/Trybe/Projetos Trybe/2.Front-end/sd-021-a-project-recipes-app/src/components/SavedRecipesFilters.js": {"path":"/home/tayna/Trybe/Projetos Trybe/2.Front-end/sd-021-a-project-recipes-app/src/components/SavedRecipesFilters.js","statementMap":{"0":{"start":{"line":5,"column":2},"end":{"line":25,"column":4}}},"fnMap":{"0":{"name":"SavedRecipesFilters","decl":{"start":{"line":4,"column":9},"end":{"line":4,"column":28}},"loc":{"start":{"line":4,"column":31},"end":{"line":26,"column":1}},"line":4}},"branchMap":{},"s":{"0":0},"f":{"0":0},"b":{}}
,"/home/tayna/Trybe/Projetos Trybe/2.Front-end/sd-021-a-project-recipes-app/src/components/SearchBar.js": {"path":"/home/tayna/Trybe/Projetos Trybe/2.Front-end/sd-021-a-project-recipes-app/src/components/SearchBar.js","statementMap":{"0":{"start":{"line":5,"column":40},"end":{"line":5,"column":52}},"1":{"start":{"line":6,"column":42},"end":{"line":6,"column":64}},"2":{"start":{"line":8,"column":24},"end":{"line":8,"column":50}},"3":{"start":{"line":10,"column":29},"end":{"line":21,"column":3}},"4":{"start":{"line":11,"column":4},"end":{"line":20,"column":5}},"5":{"start":{"line":12,"column":6},"end":{"line":12,"column":67}},"6":{"start":{"line":14,"column":6},"end":{"line":17,"column":9}},"7":{"start":{"line":18,"column":6},"end":{"line":18,"column":25}},"8":{"start":{"line":19,"column":6},"end":{"line":19,"column":36}},"9":{"start":{"line":23,"column":2},"end":{"line":77,"column":4}},"10":{"start":{"line":31,"column":35},"end":{"line":31,"column":63}},"11":{"start":{"line":42,"column":39},"end":{"line":42,"column":68}},"12":{"start":{"line":53,"column":39},"end":{"line":53,"column":68}},"13":{"start":{"line":64,"column":39},"end":{"line":64,"column":68}}},"fnMap":{"0":{"name":"SearchBar","decl":{"start":{"line":4,"column":9},"end":{"line":4,"column":18}},"loc":{"start":{"line":4,"column":21},"end":{"line":78,"column":1}},"line":4},"1":{"name":"(anonymous_1)","decl":{"start":{"line":10,"column":29},"end":{"line":10,"column":30}},"loc":{"start":{"line":10,"column":35},"end":{"line":21,"column":3}},"line":10},"2":{"name":"(anonymous_2)","decl":{"start":{"line":31,"column":19},"end":{"line":31,"column":20}},"loc":{"start":{"line":31,"column":35},"end":{"line":31,"column":63}},"line":31},"3":{"name":"(anonymous_3)","decl":{"start":{"line":42,"column":23},"end":{"line":42,"column":24}},"loc":{"start":{"line":42,"column":39},"end":{"line":42,"column":68}},"line":42},"4":{"name":"(anonymous_4)","decl":{"start":{"line":53,"column":23},"end":{"line":53,"column":24}},"loc":{"start":{"line":53,"column":39},"end":{"line":53,"column":68}},"line":53},"5":{"name":"(anonymous_5)","decl":{"start":{"line":64,"column":23},"end":{"line":64,"column":24}},"loc":{"start":{"line":64,"column":39},"end":{"line":64,"column":68}},"line":64}},"branchMap":{"0":{"loc":{"start":{"line":11,"column":4},"end":{"line":20,"column":5}},"type":"if","locations":[{"start":{"line":11,"column":4},"end":{"line":20,"column":5}},{"start":{"line":13,"column":11},"end":{"line":20,"column":5}}],"line":11},"1":{"loc":{"start":{"line":11,"column":8},"end":{"line":11,"column":65}},"type":"binary-expr","locations":[{"start":{"line":11,"column":8},"end":{"line":11,"column":39}},{"start":{"line":11,"column":43},"end":{"line":11,"column":65}}],"line":11}},"s":{"0":112,"1":112,"2":112,"3":112,"4":13,"5":2,"6":11,"7":11,"8":11,"9":112,"10":69,"11":1,"12":8,"13":4},"f":{"0":112,"1":13,"2":69,"3":1,"4":8,"5":4},"b":{"0":[2,11],"1":[13,4]},"_coverageSchema":"1a1c01bbd47fc00a2c39e90264f33305004495a9","hash":"224cf3440ee710e008817b92ba96003b4eee6457"}
,"/home/tayna/Trybe/Projetos Trybe/2.Front-end/sd-021-a-project-recipes-app/src/context/RecipesContext.js": {"path":"/home/tayna/Trybe/Projetos Trybe/2.Front-end/sd-021-a-project-recipes-app/src/context/RecipesContext.js","statementMap":{"0":{"start":{"line":3,"column":23},"end":{"line":3,"column":38}}},"fnMap":{},"branchMap":{},"s":{"0":11},"f":{},"b":{},"_coverageSchema":"1a1c01bbd47fc00a2c39e90264f33305004495a9","hash":"3ab9a79c24717b34bb8986fa2e234aaa721758b8"}
,"/home/tayna/Trybe/Projetos Trybe/2.Front-end/sd-021-a-project-recipes-app/src/context/RecipesProvider.js": {"path":"/home/tayna/Trybe/Projetos Trybe/2.Front-end/sd-021-a-project-recipes-app/src/context/RecipesProvider.js","statementMap":{"0":{"start":{"line":19,"column":30},"end":{"line":22,"column":4}},"1":{"start":{"line":23,"column":40},"end":{"line":23,"column":52}},"2":{"start":{"line":24,"column":34},"end":{"line":24,"column":46}},"3":{"start":{"line":25,"column":36},"end":{"line":25,"column":48}},"4":{"start":{"line":26,"column":46},"end":{"line":26,"column":58}},"5":{"start":{"line":27,"column":48},"end":{"line":27,"column":60}},"6":{"start":{"line":28,"column":46},"end":{"line":28,"column":61}},"7":{"start":{"line":29,"column":42},"end":{"line":29,"column":54}},"8":{"start":{"line":30,"column":48},"end":{"line":30,"column":60}},"9":{"start":{"line":31,"column":40},"end":{"line":31,"column":52}},"10":{"start":{"line":33,"column":18},"end":{"line":33,"column":30}},"11":{"start":{"line":35,"column":2},"end":{"line":52,"column":15}},"12":{"start":{"line":36,"column":21},"end":{"line":36,"column":46}},"13":{"start":{"line":38,"column":17},"end":{"line":49,"column":5}},"14":{"start":{"line":39,"column":21},"end":{"line":39,"column":42}},"15":{"start":{"line":40,"column":6},"end":{"line":48,"column":7}},"16":{"start":{"line":41,"column":25},"end":{"line":41,"column":55}},"17":{"start":{"line":42,"column":8},"end":{"line":42,"column":39}},"18":{"start":{"line":43,"column":13},"end":{"line":48,"column":7}},"19":{"start":{"line":44,"column":26},"end":{"line":44,"column":57}},"20":{"start":{"line":45,"column":8},"end":{"line":45,"column":41}},"21":{"start":{"line":47,"column":8},"end":{"line":47,"column":27}},"22":{"start":{"line":51,"column":4},"end":{"line":51,"column":37}},"23":{"start":{"line":54,"column":2},"end":{"line":65,"column":29}},"24":{"start":{"line":55,"column":24},"end":{"line":62,"column":5}},"25":{"start":{"line":56,"column":21},"end":{"line":56,"column":59}},"26":{"start":{"line":57,"column":6},"end":{"line":61,"column":7}},"27":{"start":{"line":58,"column":8},"end":{"line":58,"column":56}},"28":{"start":{"line":59,"column":13},"end":{"line":61,"column":7}},"29":{"start":{"line":60,"column":8},"end":{"line":60,"column":58}},"30":{"start":{"line":64,"column":4},"end":{"line":64,"column":18}},"31":{"start":{"line":67,"column":2},"end":{"line":71,"column":20}},"32":{"start":{"line":68,"column":4},"end":{"line":70,"column":5}},"33":{"start":{"line":69,"column":6},"end":{"line":69,"column":78}},"34":{"start":{"line":73,"column":2},"end":{"line":97,"column":9}},"35":{"start":{"line":74,"column":25},"end":{"line":84,"column":5}},"36":{"start":{"line":75,"column":23},"end":{"line":75,"column":41}},"37":{"start":{"line":76,"column":24},"end":{"line":76,"column":43}},"38":{"start":{"line":77,"column":32},"end":{"line":77,"column":60}},"39":{"start":{"line":78,"column":33},"end":{"line":78,"column":62}},"40":{"start":{"line":80,"column":6},"end":{"line":80,"column":34}},"41":{"start":{"line":81,"column":6},"end":{"line":81,"column":37}},"42":{"start":{"line":82,"column":6},"end":{"line":82,"column":49}},"43":{"start":{"line":83,"column":6},"end":{"line":83,"column":52}},"44":{"start":{"line":86,"column":41},"end":{"line":88,"column":5}},"45":{"start":{"line":87,"column":6},"end":{"line":87,"column":55}},"46":{"start":{"line":90,"column":37},"end":{"line":92,"column":5}},"47":{"start":{"line":91,"column":6},"end":{"line":91,"column":47}},"48":{"start":{"line":94,"column":4},"end":{"line":94,"column":19}},"49":{"start":{"line":95,"column":4},"end":{"line":95,"column":35}},"50":{"start":{"line":96,"column":4},"end":{"line":96,"column":31}},"51":{"start":{"line":99,"column":2},"end":{"line":118,"column":23}},"52":{"start":{"line":100,"column":21},"end":{"line":100,"column":46}},"53":{"start":{"line":101,"column":19},"end":{"line":101,"column":40}},"54":{"start":{"line":103,"column":24},"end":{"line":115,"column":5}},"55":{"start":{"line":104,"column":6},"end":{"line":107,"column":7}},"56":{"start":{"line":105,"column":21},"end":{"line":105,"column":63}},"57":{"start":{"line":106,"column":8},"end":{"line":106,"column":43}},"58":{"start":{"line":109,"column":6},"end":{"line":112,"column":7}},"59":{"start":{"line":110,"column":21},"end":{"line":110,"column":64}},"60":{"start":{"line":111,"column":8},"end":{"line":111,"column":44}},"61":{"start":{"line":114,"column":6},"end":{"line":114,"column":33}},"62":{"start":{"line":117,"column":4},"end":{"line":117,"column":18}},"63":{"start":{"line":120,"column":23},"end":{"line":134,"column":3}},"64":{"start":{"line":136,"column":2},"end":{"line":140,"column":4}},"65":{"start":{"line":143,"column":0},"end":{"line":149,"column":2}}},"fnMap":{"0":{"name":"RecipesProvider","decl":{"start":{"line":18,"column":9},"end":{"line":18,"column":24}},"loc":{"start":{"line":18,"column":39},"end":{"line":141,"column":1}},"line":18},"1":{"name":"(anonymous_1)","decl":{"start":{"line":35,"column":12},"end":{"line":35,"column":13}},"loc":{"start":{"line":35,"column":18},"end":{"line":52,"column":3}},"line":35},"2":{"name":"(anonymous_2)","decl":{"start":{"line":38,"column":17},"end":{"line":38,"column":18}},"loc":{"start":{"line":38,"column":41},"end":{"line":49,"column":5}},"line":38},"3":{"name":"(anonymous_3)","decl":{"start":{"line":54,"column":12},"end":{"line":54,"column":13}},"loc":{"start":{"line":54,"column":18},"end":{"line":65,"column":3}},"line":54},"4":{"name":"(anonymous_4)","decl":{"start":{"line":55,"column":24},"end":{"line":55,"column":25}},"loc":{"start":{"line":55,"column":30},"end":{"line":62,"column":5}},"line":55},"5":{"name":"(anonymous_5)","decl":{"start":{"line":67,"column":12},"end":{"line":67,"column":13}},"loc":{"start":{"line":67,"column":18},"end":{"line":71,"column":3}},"line":67},"6":{"name":"(anonymous_6)","decl":{"start":{"line":73,"column":12},"end":{"line":73,"column":13}},"loc":{"start":{"line":73,"column":18},"end":{"line":97,"column":3}},"line":73},"7":{"name":"(anonymous_7)","decl":{"start":{"line":74,"column":25},"end":{"line":74,"column":26}},"loc":{"start":{"line":74,"column":37},"end":{"line":84,"column":5}},"line":74},"8":{"name":"(anonymous_8)","decl":{"start":{"line":86,"column":41},"end":{"line":86,"column":42}},"loc":{"start":{"line":86,"column":47},"end":{"line":88,"column":5}},"line":86},"9":{"name":"(anonymous_9)","decl":{"start":{"line":90,"column":37},"end":{"line":90,"column":38}},"loc":{"start":{"line":90,"column":43},"end":{"line":92,"column":5}},"line":90},"10":{"name":"(anonymous_10)","decl":{"start":{"line":99,"column":12},"end":{"line":99,"column":13}},"loc":{"start":{"line":99,"column":18},"end":{"line":118,"column":3}},"line":99},"11":{"name":"(anonymous_11)","decl":{"start":{"line":103,"column":24},"end":{"line":103,"column":25}},"loc":{"start":{"line":103,"column":36},"end":{"line":115,"column":5}},"line":103}},"branchMap":{"0":{"loc":{"start":{"line":40,"column":6},"end":{"line":48,"column":7}},"type":"if","locations":[{"start":{"line":40,"column":6},"end":{"line":48,"column":7}},{"start":{"line":43,"column":13},"end":{"line":48,"column":7}}],"line":40},"1":{"loc":{"start":{"line":40,"column":10},"end":{"line":40,"column":35}},"type":"binary-expr","locations":[{"start":{"line":40,"column":10},"end":{"line":40,"column":16}},{"start":{"line":40,"column":20},"end":{"line":40,"column":35}}],"line":40},"2":{"loc":{"start":{"line":43,"column":13},"end":{"line":48,"column":7}},"type":"if","locations":[{"start":{"line":43,"column":13},"end":{"line":48,"column":7}},{"start":{"line":46,"column":13},"end":{"line":48,"column":7}}],"line":43},"3":{"loc":{"start":{"line":43,"column":17},"end":{"line":43,"column":43}},"type":"binary-expr","locations":[{"start":{"line":43,"column":17},"end":{"line":43,"column":24}},{"start":{"line":43,"column":28},"end":{"line":43,"column":43}}],"line":43},"4":{"loc":{"start":{"line":57,"column":6},"end":{"line":61,"column":7}},"type":"if","locations":[{"start":{"line":57,"column":6},"end":{"line":61,"column":7}},{"start":{"line":59,"column":13},"end":{"line":61,"column":7}}],"line":57},"5":{"loc":{"start":{"line":57,"column":10},"end":{"line":57,"column":59}},"type":"binary-expr","locations":[{"start":{"line":57,"column":10},"end":{"line":57,"column":21}},{"start":{"line":57,"column":25},"end":{"line":57,"column":49}},{"start":{"line":57,"column":53},"end":{"line":57,"column":59}}],"line":57},"6":{"loc":{"start":{"line":59,"column":13},"end":{"line":61,"column":7}},"type":"if","locations":[{"start":{"line":59,"column":13},"end":{"line":61,"column":7}},{"start":{},"end":{}}],"line":59},"7":{"loc":{"start":{"line":59,"column":17},"end":{"line":59,"column":67}},"type":"binary-expr","locations":[{"start":{"line":59,"column":17},"end":{"line":59,"column":24}},{"start":{"line":59,"column":28},"end":{"line":59,"column":39}},{"start":{"line":59,"column":43},"end":{"line":59,"column":67}}],"line":59},"8":{"loc":{"start":{"line":68,"column":4},"end":{"line":70,"column":5}},"type":"if","locations":[{"start":{"line":68,"column":4},"end":{"line":70,"column":5}},{"start":{},"end":{}}],"line":68},"9":{"loc":{"start":{"line":104,"column":6},"end":{"line":107,"column":7}},"type":"if","locations":[{"start":{"line":104,"column":6},"end":{"line":107,"column":7}},{"start":{},"end":{}}],"line":104},"10":{"loc":{"start":{"line":104,"column":10},"end":{"line":104,"column":44}},"type":"binary-expr","locations":[{"start":{"line":104,"column":10},"end":{"line":104,"column":16}},{"start":{"line":104,"column":20},"end":{"line":104,"column":44}}],"line":104},"11":{"loc":{"start":{"line":109,"column":6},"end":{"line":112,"column":7}},"type":"if","locations":[{"start":{"line":109,"column":6},"end":{"line":112,"column":7}},{"start":{},"end":{}}],"line":109},"12":{"loc":{"start":{"line":109,"column":10},"end":{"line":109,"column":45}},"type":"binary-expr","locations":[{"start":{"line":109,"column":10},"end":{"line":109,"column":17}},{"start":{"line":109,"column":21},"end":{"line":109,"column":45}}],"line":109}},"s":{"0":152,"1":152,"2":152,"3":152,"4":152,"5":152,"6":152,"7":152,"8":152,"9":152,"10":152,"11":152,"12":62,"13":62,"14":62,"15":62,"16":6,"17":3,"18":56,"19":5,"20":2,"21":51,"22":62,"23":152,"24":112,"25":112,"26":112,"27":1,"28":111,"29":1,"30":112,"31":152,"32":112,"33":1,"34":152,"35":50,"36":50,"37":18,"38":17,"39":16,"40":15,"41":15,"42":15,"43":15,"44":50,"45":50,"46":50,"47":50,"48":50,"49":50,"50":50,"51":152,"52":58,"53":58,"54":58,"55":58,"56":6,"57":0,"58":52,"59":0,"60":0,"61":52,"62":58,"63":152,"64":152,"65":11},"f":{"0":152,"1":62,"2":62,"3":112,"4":112,"5":112,"6":50,"7":50,"8":50,"9":50,"10":58,"11":58},"b":{"0":[6,56],"1":[62,7],"2":[5,51],"3":[56,55],"4":[1,111],"5":[112,111,2],"6":[1,110],"7":[111,107,107],"8":[1,111],"9":[6,52],"10":[58,8],"11":[0,52],"12":[52,50]},"_coverageSchema":"1a1c01bbd47fc00a2c39e90264f33305004495a9","hash":"6a6efed3d6738387578323bded98d17e5283e0bf"}
,"/home/tayna/Trybe/Projetos Trybe/2.Front-end/sd-021-a-project-recipes-app/src/data/fetchDrinks.js": {"path":"/home/tayna/Trybe/Projetos Trybe/2.Front-end/sd-021-a-project-recipes-app/src/data/fetchDrinks.js","statementMap":{"0":{"start":{"line":1,"column":21},"end":{"line":1,"column":67}},"1":{"start":{"line":2,"column":29},"end":{"line":2,"column":88}},"2":{"start":{"line":3,"column":28},"end":{"line":3,"column":87}},"3":{"start":{"line":5,"column":27},"end":{"line":14,"column":1}},"4":{"start":{"line":6,"column":2},"end":{"line":13,"column":3}},"5":{"start":{"line":8,"column":4},"end":{"line":8,"column":27}},"6":{"start":{"line":10,"column":4},"end":{"line":10,"column":27}},"7":{"start":{"line":12,"column":4},"end":{"line":12,"column":27}},"8":{"start":{"line":16,"column":20},"end":{"line":25,"column":1}},"9":{"start":{"line":17,"column":17},"end":{"line":22,"column":28}},"10":{"start":{"line":20,"column":24},"end":{"line":20,"column":39}},"11":{"start":{"line":21,"column":24},"end":{"line":21,"column":32}},"12":{"start":{"line":22,"column":22},"end":{"line":22,"column":27}},"13":{"start":{"line":24,"column":2},"end":{"line":24,"column":16}},"14":{"start":{"line":27,"column":30},"end":{"line":34,"column":1}},"15":{"start":{"line":28,"column":17},"end":{"line":31,"column":28}},"16":{"start":{"line":29,"column":24},"end":{"line":29,"column":39}},"17":{"start":{"line":30,"column":24},"end":{"line":30,"column":32}},"18":{"start":{"line":31,"column":22},"end":{"line":31,"column":27}},"19":{"start":{"line":33,"column":2},"end":{"line":33,"column":16}},"20":{"start":{"line":36,"column":30},"end":{"line":43,"column":1}},"21":{"start":{"line":37,"column":17},"end":{"line":40,"column":28}},"22":{"start":{"line":38,"column":24},"end":{"line":38,"column":39}},"23":{"start":{"line":39,"column":24},"end":{"line":39,"column":32}},"24":{"start":{"line":40,"column":22},"end":{"line":40,"column":27}},"25":{"start":{"line":42,"column":2},"end":{"line":42,"column":16}},"26":{"start":{"line":45,"column":26},"end":{"line":52,"column":1}},"27":{"start":{"line":46,"column":17},"end":{"line":49,"column":28}},"28":{"start":{"line":47,"column":24},"end":{"line":47,"column":39}},"29":{"start":{"line":48,"column":24},"end":{"line":48,"column":32}},"30":{"start":{"line":49,"column":22},"end":{"line":49,"column":27}},"31":{"start":{"line":51,"column":2},"end":{"line":51,"column":16}}},"fnMap":{"0":{"name":"(anonymous_0)","decl":{"start":{"line":5,"column":27},"end":{"line":5,"column":28}},"loc":{"start":{"line":5,"column":45},"end":{"line":14,"column":1}},"line":5},"1":{"name":"(anonymous_1)","decl":{"start":{"line":16,"column":20},"end":{"line":16,"column":21}},"loc":{"start":{"line":16,"column":66},"end":{"line":25,"column":1}},"line":16},"2":{"name":"(anonymous_2)","decl":{"start":{"line":20,"column":10},"end":{"line":20,"column":11}},"loc":{"start":{"line":20,"column":24},"end":{"line":20,"column":39}},"line":20},"3":{"name":"(anonymous_3)","decl":{"start":{"line":21,"column":10},"end":{"line":21,"column":11}},"loc":{"start":{"line":21,"column":24},"end":{"line":21,"column":32}},"line":21},"4":{"name":"(anonymous_4)","decl":{"start":{"line":22,"column":11},"end":{"line":22,"column":12}},"loc":{"start":{"line":22,"column":22},"end":{"line":22,"column":27}},"line":22},"5":{"name":"(anonymous_5)","decl":{"start":{"line":27,"column":30},"end":{"line":27,"column":31}},"loc":{"start":{"line":27,"column":42},"end":{"line":34,"column":1}},"line":27},"6":{"name":"(anonymous_6)","decl":{"start":{"line":29,"column":10},"end":{"line":29,"column":11}},"loc":{"start":{"line":29,"column":24},"end":{"line":29,"column":39}},"line":29},"7":{"name":"(anonymous_7)","decl":{"start":{"line":30,"column":10},"end":{"line":30,"column":11}},"loc":{"start":{"line":30,"column":24},"end":{"line":30,"column":32}},"line":30},"8":{"name":"(anonymous_8)","decl":{"start":{"line":31,"column":11},"end":{"line":31,"column":12}},"loc":{"start":{"line":31,"column":22},"end":{"line":31,"column":27}},"line":31},"9":{"name":"(anonymous_9)","decl":{"start":{"line":36,"column":30},"end":{"line":36,"column":31}},"loc":{"start":{"line":36,"column":50},"end":{"line":43,"column":1}},"line":36},"10":{"name":"(anonymous_10)","decl":{"start":{"line":38,"column":10},"end":{"line":38,"column":11}},"loc":{"start":{"line":38,"column":24},"end":{"line":38,"column":39}},"line":38},"11":{"name":"(anonymous_11)","decl":{"start":{"line":39,"column":10},"end":{"line":39,"column":11}},"loc":{"start":{"line":39,"column":24},"end":{"line":39,"column":32}},"line":39},"12":{"name":"(anonymous_12)","decl":{"start":{"line":40,"column":11},"end":{"line":40,"column":12}},"loc":{"start":{"line":40,"column":22},"end":{"line":40,"column":27}},"line":40},"13":{"name":"(anonymous_13)","decl":{"start":{"line":45,"column":26},"end":{"line":45,"column":27}},"loc":{"start":{"line":45,"column":40},"end":{"line":52,"column":1}},"line":45},"14":{"name":"(anonymous_14)","decl":{"start":{"line":47,"column":10},"end":{"line":47,"column":11}},"loc":{"start":{"line":47,"column":24},"end":{"line":47,"column":39}},"line":47},"15":{"name":"(anonymous_15)","decl":{"start":{"line":48,"column":10},"end":{"line":48,"column":11}},"loc":{"start":{"line":48,"column":24},"end":{"line":48,"column":32}},"line":48},"16":{"name":"(anonymous_16)","decl":{"start":{"line":49,"column":11},"end":{"line":49,"column":12}},"loc":{"start":{"line":49,"column":22},"end":{"line":49,"column":27}},"line":49}},"branchMap":{"0":{"loc":{"start":{"line":6,"column":2},"end":{"line":13,"column":3}},"type":"switch","locations":[{"start":{"line":7,"column":2},"end":{"line":8,"column":27}},{"start":{"line":9,"column":2},"end":{"line":10,"column":27}},{"start":{"line":11,"column":2},"end":{"line":12,"column":27}}],"line":6},"1":{"loc":{"start":{"line":16,"column":27},"end":{"line":16,"column":44}},"type":"default-arg","locations":[{"start":{"line":16,"column":42},"end":{"line":16,"column":44}}],"line":16},"2":{"loc":{"start":{"line":16,"column":46},"end":{"line":16,"column":61}},"type":"default-arg","locations":[{"start":{"line":16,"column":59},"end":{"line":16,"column":61}}],"line":16}},"s":{"0":11,"1":11,"2":11,"3":11,"4":23,"5":1,"6":1,"7":21,"8":11,"9":23,"10":19,"11":19,"12":0,"13":23,"14":11,"15":16,"16":15,"17":15,"18":0,"19":16,"20
[...]
34,"column":36},"end":{"line":39,"column":3}},"line":34},"5":{"name":"(anonymous_5)","decl":{"start":{"line":41,"column":21},"end":{"line":41,"column":22}},"loc":{"start":{"line":41,"column":33},"end":{"line":48,"column":3}},"line":41},"6":{"name":"(anonymous_6)","decl":{"start":{"line":50,"column":24},"end":{"line":50,"column":25}},"loc":{"start":{"line":50,"column":30},"end":{"line":55,"column":3}},"line":50},"7":{"name":"(anonymous_7)","decl":{"start":{"line":57,"column":33},"end":{"line":57,"column":34}},"loc":{"start":{"line":57,"column":41},"end":{"line":66,"column":3}},"line":57},"8":{"name":"(anonymous_8)","decl":{"start":{"line":58,"column":51},"end":{"line":58,"column":52}},"loc":{"start":{"line":58,"column":65},"end":{"line":58,"column":83}},"line":58},"9":{"name":"(anonymous_9)","decl":{"start":{"line":75,"column":18},"end":{"line":75,"column":19}},"loc":{"start":{"line":75,"column":34},"end":{"line":75,"column":56}},"line":75},"10":{"name":"(anonymous_10)","decl":{"start":{"line":83,"column":18},"end":{"line":83,"column":19}},"loc":{"start":{"line":83,"column":34},"end":{"line":83,"column":56}},"line":83},"11":{"name":"(anonymous_11)","decl":{"start":{"line":91,"column":18},"end":{"line":91,"column":19}},"loc":{"start":{"line":91,"column":34},"end":{"line":91,"column":56}},"line":91},"12":{"name":"(anonymous_12)","decl":{"start":{"line":95,"column":27},"end":{"line":95,"column":28}},"loc":{"start":{"line":96,"column":8},"end":{"line":133,"column":14}},"line":96},"13":{"name":"(anonymous_13)","decl":{"start":{"line":97,"column":21},"end":{"line":97,"column":22}},"loc":{"start":{"line":97,"column":27},"end":{"line":97,"column":62}},"line":97},"14":{"name":"(anonymous_14)","decl":{"start":{"line":110,"column":42},"end":{"line":110,"column":43}},"loc":{"start":{"line":110,"column":48},"end":{"line":110,"column":81}},"line":110},"15":{"name":"(anonymous_15)","decl":{"start":{"line":111,"column":35},"end":{"line":111,"column":36}},"loc":{"start":{"line":111,"column":49},"end":{"line":111,"column":74}},"line":111},"16":{"name":"(anonymous_16)","decl":{"start":{"line":125,"column":42},"end":{"line":125,"column":43}},"loc":{"start":{"line":125,"column":48},"end":{"line":125,"column":66}},"line":125}},"branchMap":{"0":{"loc":{"start":{"line":26,"column":4},"end":{"line":31,"column":5}},"type":"if","locations":[{"start":{"line":26,"column":4},"end":{"line":31,"column":5}},{"start":{},"end":{}}],"line":26},"1":{"loc":{"start":{"line":35,"column":4},"end":{"line":37,"column":5}},"type":"if","locations":[{"start":{"line":35,"column":4},"end":{"line":37,"column":5}},{"start":{},"end":{}}],"line":35},"2":{"loc":{"start":{"line":42,"column":4},"end":{"line":46,"column":5}},"type":"if","locations":[{"start":{"line":42,"column":4},"end":{"line":46,"column":5}},{"start":{"line":44,"column":11},"end":{"line":46,"column":5}}],"line":42},"3":{"loc":{"start":{"line":51,"column":4},"end":{"line":53,"column":5}},"type":"if","locations":[{"start":{"line":51,"column":4},"end":{"line":53,"column":5}},{"start":{},"end":{}}],"line":51},"4":{"loc":{"start":{"line":61,"column":4},"end":{"line":65,"column":5}},"type":"if","locations":[{"start":{"line":61,"column":4},"end":{"line":65,"column":5}},{"start":{"line":63,"column":11},"end":{"line":65,"column":5}}],"line":61},"5":{"loc":{"start":{"line":106,"column":13},"end":{"line":108,"column":37}},"type":"cond-expr","locations":[{"start":{"line":107,"column":16},"end":{"line":107,"column":60}},{"start":{"line":108,"column":16},"end":{"line":108,"column":37}}],"line":106},"6":{"loc":{"start":{"line":111,"column":13},"end":{"line":123,"column":13}},"type":"cond-expr","locations":[{"start":{"line":112,"column":14},"end":{"line":116,"column":16}},{"start":{"line":118,"column":14},"end":{"line":122,"column":16}}],"line":111},"7":{"loc":{"start":{"line":132,"column":11},"end":{"line":132,"column":46}},"type":"binary-expr","locations":[{"start":{"line":132,"column":11},"end":{"line":132,"column":17}},{"start":{"line":132,"column":21},"end":{"line":132,"column":46}}],"line":132}},"s":{"0":26,"1":26,"2":26,"3":26,"4":26,"5":26,"6":9,"7":9,"8":26,"9":9,"10":2,"11":4,"12":2,"13":26,"14":18,"15":8,"16":10,"17":26,"18":2,"19":1,"20":1,"21":2,"22":26,"23":26,"24":22,"25":4,"26":26,"27":2,"28":3,"29":2,"30":2,"31":1,"32":1,"33":26,"34":3,"35":1,"36":1,"37":26,"38":18,"39":2,"40":38,"41":2},"f":{"0":26,"1":9,"2":9,"3":4,"4":18,"5":2,"6":26,"7":2,"8":3,"9":3,"10":1,"11":1,"12":26,"13":18,"14":2,"15":38,"16":2},"b":{"0":[2,7],"1":[8,10],"2":[1,1],"3":[22,4],"4":[1,1],"5":[12,14],"6":[26,0],"7":[26,4]},"_coverageSchema":"1a1c01bbd47fc00a2c39e90264f33305004495a9","hash":"b38616156e2eb4887534d315d2ad0976fe434a49"}
,"/home/tayna/Trybe/Projetos Trybe/2.Front-end/sd-021-a-project-recipes-app/src/pages/FoodRecipe.js": {"path":"/home/tayna/Trybe/Projetos Trybe/2.Front-end/sd-021-a-project-recipes-app/src/pages/FoodRecipe.js","statementMap":{"0":{"start":{"line":5,"column":2},"end":{"line":5,"column":27}}},"fnMap":{"0":{"name":"FoodRecipe","decl":{"start":{"line":4,"column":9},"end":{"line":4,"column":19}},"loc":{"start":{"line":4,"column":22},"end":{"line":6,"column":1}},"line":4}},"branchMap":{},"s":{"0":6},"f":{"0":6},"b":{},"_coverageSchema":"1a1c01bbd47fc00a2c39e90264f33305004495a9","hash":"40784c585847f2140226f3cf9e40262d41e6dc17"}
,"/home/tayna/Trybe/Projetos Trybe/2.Front-end/sd-021-a-project-recipes-app/src/pages/FoodRecipeInProgress.js": {"path":"/home/tayna/Trybe/Projetos Trybe/2.Front-end/sd-021-a-project-recipes-app/src/pages/FoodRecipeInProgress.js","statementMap":{"0":{"start":{"line":5,"column":2},"end":{"line":5,"column":30}}},"fnMap":{"0":{"name":"FoodRecipeInProgress","decl":{"start":{"line":4,"column":9},"end":{"line":4,"column":29}},"loc":{"start":{"line":4,"column":32},"end":{"line":6,"column":1}},"line":4}},"branchMap":{},"s":{"0":9},"f":{"0":9},"b":{},"_coverageSchema":"1a1c01bbd47fc00a2c39e90264f33305004495a9","hash":"4786fc7af7eb54ccf6a63b23e46426b838b4652f"}
,"/home/tayna/Trybe/Projetos Trybe/2.Front-end/sd-021-a-project-recipes-app/src/pages/Foods.js": {"path":"/home/tayna/Trybe/Projetos Trybe/2.Front-end/sd-021-a-project-recipes-app/src/pages/Foods.js","statementMap":{"0":{"start":{"line":7,"column":2},"end":{"line":13,"column":4}}},"fnMap":{"0":{"name":"Foods","decl":{"start":{"line":6,"column":9},"end":{"line":6,"column":14}},"loc":{"start":{"line":6,"column":17},"end":{"line":14,"column":1}},"line":6}},"branchMap":{},"s":{"0":21},"f":{"0":21},"b":{},"_coverageSchema":"1a1c01bbd47fc00a2c39e90264f33305004495a9","hash":"0a11bc74a9abc29496de6366c79710250b2f6a14"}
,"/home/tayna/Trybe/Projetos Trybe/2.Front-end/sd-021-a-project-recipes-app/src/pages/Login.js": {"path":"/home/tayna/Trybe/Projetos Trybe/2.Front-end/sd-021-a-project-recipes-app/src/pages/Login.js","statementMap":{"0":{"start":{"line":7,"column":28},"end":{"line":7,"column":40}},"1":{"start":{"line":8,"column":34},"end":{"line":8,"column":46}},"2":{"start":{"line":9,"column":34},"end":{"line":9,"column":48}},"3":{"start":{"line":11,"column":2},"end":{"line":23,"column":24}},"4":{"start":{"line":12,"column":27},"end":{"line":21,"column":5}},"5":{"start":{"line":13,"column":22},"end":{"line":13,"column":82}},"6":{"start":{"line":14,"column":18},"end":{"line":14,"column":19}},"7":{"start":{"line":16,"column":6},"end":{"line":20,"column":7}},"8":{"start":{"line":17,"column":8},"end":{"line":17,"column":27}},"9":{"start":{"line":19,"column":8},"end":{"line":19,"column":26}},"10":{"start":{"line":22,"column":4},"end":{"line":22,"column":21}},"11":{"start":{"line":25,"column":22},"end":{"line":29,"column":3}},"12":{"start":{"line":26,"column":4},"end":{"line":26,"column":31}},"13":{"start":{"line":27,"column":24},"end":{"line":27,"column":29}},"14":{"start":{"line":28,"column":4},"end":{"line":28,"column":27}},"15":{"start":{"line":31,"column":2},"end":{"line":73,"column":4}},"16":{"start":{"line":48,"column":39},"end":{"line":48,"column":61}},"17":{"start":{"line":60,"column":39},"end":{"line":60,"column":64}},"18":{"start":{"line":76,"column":0},"end":{"line":78,"column":2}}},"fnMap":{"0":{"name":"Login","decl":{"start":{"line":6,"column":9},"end":{"line":6,"column":14}},"loc":{"start":{"line":6,"column":22},"end":{"line":74,"column":1}},"line":6},"1":{"name":"(anonymous_1)","decl":{"start":{"line":11,"column":12},"end":{"line":11,"column":13}},"loc":{"start":{"line":11,"column":18},"end":{"line":23,"column":3}},"line":11},"2":{"name":"(anonymous_2)","decl":{"start":{"line":12,"column":27},"end":{"line":12,"column":28}},"loc":{"start":{"line":12,"column":33},"end":{"line":21,"column":5}},"line":12},"3":{"name":"(anonymous_3)","decl":{"start":{"line":25,"column":22},"end":{"line":25,"column":23}},"loc":{"start":{"line":25,"column":28},"end":{"line":29,"column":3}},"line":25},"4":{"name":"(anonymous_4)","decl":{"start":{"line":48,"column":23},"end":{"line":48,"column":24}},"loc":{"start":{"line":48,"column":39},"end":{"line":48,"column":61}},"line":48},"5":{"name":"(anonymous_5)","decl":{"start":{"line":60,"column":23},"end":{"line":60,"column":24}},"loc":{"start":{"line":60,"column":39},"end":{"line":60,"column":64}},"line":60}},"branchMap":{"0":{"loc":{"start":{"line":16,"column":6},"end":{"line":20,"column":7}},"type":"if","locations":[{"start":{"line":16,"column":6},"end":{"line":20,"column":7}},{"start":{"line":18,"column":13},"end":{"line":20,"column":7}}],"line":16},"1":{"loc":{"start":{"line":16,"column":10},"end":{"line":16,"column":55}},"type":"binary-expr","locations":[{"start":{"line":16,"column":10},"end":{"line":16,"column":31}},{"start":{"line":16,"column":35},"end":{"line":16,"column":55}}],"line":16}},"s":{"0":589,"1":589,"2":589,"3":589,"4":320,"5":320,"6":320,"7":320,"8":16,"9":304,"10":320,"11":589,"12":11,"13":11,"14":11,"15":589,"16":187,"17":82,"18":11},"f":{"0":589,"1":320,"2":320,"3":11,"4":187,"5":82},"b":{"0":[16,304],"1":[320,16]},"_coverageSchema":"1a1c01bbd47fc00a2c39e90264f33305004495a9","hash":"9ad5c3c8e50341e6e7bf243b0c31bdec61e13198"}
,"/home/tayna/Trybe/Projetos Trybe/2.Front-end/sd-021-a-project-recipes-app/src/pages/Profile.js": {"path":"/home/tayna/Trybe/Projetos Trybe/2.Front-end/sd-021-a-project-recipes-app/src/pages/Profile.js","statementMap":{"0":{"start":{"line":11,"column":28},"end":{"line":11,"column":40}},"1":{"start":{"line":13,"column":18},"end":{"line":13,"column":30}},"2":{"start":{"line":15,"column":2},"end":{"line":17,"column":9}},"3":{"start":{"line":16,"column":4},"end":{"line":16,"column":42}},"4":{"start":{"line":19,"column":21},"end":{"line":25,"column":3}},"5":{"start":{"line":20,"column":4},"end":{"line":22,"column":5}},"6":{"start":{"line":21,"column":6},"end":{"line":21,"column":26}},"7":{"start":{"line":24,"column":4},"end":{"line":24,"column":27}},"8":{"start":{"line":27,"column":2},"end":{"line":54,"column":4}},"9":{"start":{"line":34,"column":24},"end":{"line":34,"column":51}},"10":{"start":{"line":41,"column":24},"end":{"line":41,"column":55}},"11":{"start":{"line":48,"column":24},"end":{"line":48,"column":39}}},"fnMap":{"0":{"name":"Profile","decl":{"start":{"line":10,"column":9},"end":{"line":10,"column":16}},"loc":{"start":{"line":10,"column":19},"end":{"line":55,"column":1}},"line":10},"1":{"name":"(anonymous_1)","decl":{"start":{"line":15,"column":12},"end":{"line":15,"column":13}},"loc":{"start":{"line":15,"column":18},"end":{"line":17,"column":3}},"line":15},"2":{"name":"(anonymous_2)","decl":{"start":{"line":19,"column":21},"end":{"line":19,"column":22}},"loc":{"start":{"line":19,"column":35},"end":{"line":25,"column":3}},"line":19},"3":{"name":"(anonymous_3)","decl":{"start":{"line":34,"column":18},"end":{"line":34,"column":19}},"loc":{"start":{"line":34,"column":24},"end":{"line":34,"column":51}},"line":34},"4":{"name":"(anonymous_4)","decl":{"start":{"line":41,"column":18},"end":{"line":41,"column":19}},"loc":{"start":{"line":41,"column":24},"end":{"line":41,"column":55}},"line":41},"5":{"name":"(anonymous_5)","decl":{"start":{"line":48,"column":18},"end":{"line":48,"column":19}},"loc":{"start":{"line":48,"column":24},"end":{"line":48,"column":39}},"line":48}},"branchMap":{"0":{"loc":{"start":{"line":20,"column":4},"end":{"line":22,"column":5}},"type":"if","locations":[{"start":{"line":20,"column":4},"end":{"line":22,"column":5}},{"start":{},"end":{}}],"line":20}},"s":{"0":6,"1":6,"2":6,"3":5,"4":6,"5":3,"6":1,"7":3,"8":6,"9":1,"10":1,"11":1},"f":{"0":6,"1":5,"2":3,"3":1,"4":1,"5":1},"b":{"0":[1,2]},"_coverageSchema":"1a1c01bbd47fc00a2c39e90264f33305004495a9","hash":"43df98ebee32a709600af968dfbb59b27dfe8d11"}
,"/home/tayna/Trybe/Projetos Trybe/2.Front-end/sd-021-a-project-recipes-app/src/services/recipesLocalStorage.js": {"path":"/home/tayna/Trybe/Projetos Trybe/2.Front-end/sd-021-a-project-recipes-app/src/services/recipesLocalStorage.js","statementMap":{"0":{"start":{"line":1,"column":38},"end":{"line":7,"column":1}},"1":{"start":{"line":2,"column":2},"end":{"line":4,"column":3}},"2":{"start":{"line":3,"column":4},"end":{"line":3,"column":60}},"3":{"start":{"line":6,"column":2},"end":{"line":6,"column":57}},"4":{"start":{"line":9,"column":38},"end":{"line":17,"column":1}},"5":{"start":{"line":10,"column":2},"end":{"line":16,"column":3}},"6":{"start":{"line":11,"column":4},"end":{"line":11,"column":66}},"7":{"start":{"line":13,"column":20},"end":{"line":13,"column":67}},"8":{"start":{"line":14,"column":20},"end":{"line":14,"column":40}},"9":{"start":{"line":15,"column":4},"end":{"line":15,"column":65}},"10":{"start":{"line":19,"column":44},"end":{"line":31,"column":1}},"11":{"start":{"line":20,"column":2},"end":{"line":28,"column":3}},"12":{"start":{"line":21,"column":4},"end":{"line":27,"column":6}},"13":{"start":{"line":30,"column":2},"end":{"line":30,"column":63}},"14":{"start":{"line":33,"column":44},"end":{"line":41,"column":1}},"15":{"start":{"line":34,"column":25},"end":{"line":34,"column":55}},"16":{"start":{"line":36,"column":18},"end":{"line":39,"column":3}},"17":{"start":{"line":40,"column":2},"end":{"line":40,"column":69}},"18":{"start":{"line":95,"column":42},"end":{"line":100,"column":1}},"19":{"start":{"line":96,"column":2},"end":{"line":98,"column":3}},"20":{"start":{"line":97,"column":4},"end":{"line":97,"column":64}},"21":{"start":{"line":99,"column":2},"end":{"line":99,"column":61}},"22":{"start":{"line":102,"column":42},"end":{"line":110,"column":1}},"23":{"start":{"line":103,"column":2},"end":{"line":109,"column":3}},"24":{"start":{"line":104,"column":4},"end":{"line":104,"column":70}},"25":{"start":{"line":106,"column":20},"end":{"line":106,"column":71}},"26":{"start":{"line":107,"column":20},"end":{"line":107,"column":40}},"27":{"start":{"line":108,"column":4},"end":{"line":108,"column":69}}},"fnMap":{"0":{"name":"(anonymous_0)","decl":{"start":{"line":1,"column":38},"end":{"line":1,"column":39}},"loc":{"start":{"line":1,"column":44},"end":{"line":7,"column":1}},"line":1},"1":{"name":"(anonymous_1)","decl":{"start":{"line":9,"column":38},"end":{"line":9,"column":39}},"loc":{"start":{"line":9,"column":50},"end":{"line":17,"column":1}},"line":9},"2":{"name":"(anonymous_2)","decl":{"start":{"line":19,"column":44},"end":{"line":19,"column":45}},"loc":{"start":{"line":19,"column":50},"end":{"line":31,"column":1}},"line":19},"3":{"name":"(anonymous_3)","decl":{"start":{"line":33,"column":44},"end":{"line":33,"column":45}},"loc":{"start":{"line":33,"column":65},"end":{"line":41,"column":1}},"line":33},"4":{"name":"(anonymous_4)","decl":{"start":{"line":95,"column":42},"end":{"line":95,"column":43}},"loc":{"start":{"line":95,"column":48},"end":{"line":100,"column":1}},"line":95},"5":{"name":"(anonymous_5)","decl":{"start":{"line":102,"column":42},"end":{"line":102,"column":43}},"loc":{"start":{"line":102,"column":54},"end":{"line":110,"column":1}},"line":102}},"branchMap":{"0":{"loc":{"start":{"line":2,"column":2},"end":{"line":4,"column":3}},"type":"if","locations":[{"start":{"line":2,"column":2},"end":{"line":4,"column":3}},{"start":{},"end":{}}],"line":2},"1":{"loc":{"start":{"line":10,"column":2},"end":{"line":16,"column":3}},"type":"if","locations":[{"start":{"line":10,"column":2},"end":{"line":16,"column":3}},{"start":{"line":12,"column":9},"end":{"line":16,"column":3}}],"line":10},"2":{"loc":{"start":{"line":20,"column":2},"end":{"line":28,"column":3}},"type":"if","locations":[{"start":{"line":20,"column":2},"end":{"line":28,"column":3}},{"start":{},"end":{}}],"line":20},"3":{"loc":{"start":{"line":96,"column":2},"end":{"line":98,"column":3}},"type":"if","locations":[{"start":{"line":96,"column":2},"end":{"line":98,"column":3}},{"start":{},"end":{}}],"line":96},"4":{"loc":{"start":{"line":103,"column":2},"end":{"line":109,"column":3}},"type":"if","locations":[{"start":{"line":103,"column":2},"end":{"line":109,"column":3}},{"start":{"line":105,"column":9},"end":{"line":109,"column":3}}],"line":103}},"s":{"0":11,"1":68,"2":15,"3":68,"4":11,"5":2,"6":0,"7":2,"8":2,"9":2,"10":11,"11":48,"12":3,"13":48,"14":11,"15":26,"16":26,"17":26,"18":11,"19":88,"20":14,"21":88,"22":11,"23":4,"24":0,"25":4,"26":4,"27":4},"f":{"0":68,"1":2,"2":48,"3":26,"4":88,"5":4},"b":{"0":[15,53],"1":[0,2],"2":[3,45],"3":[14,74],"4":[0,4]},"_coverageSchema":"1a1c01bbd47fc00a2c39e90264f33305004495a9","hash":"753f341ca1a8b61bf25227f57650cfd3f09aef61"}
,"/home/tayna/Trybe/Projetos Trybe/2.Front-end/sd-021-a-project-recipes-app/src/services/userLocalStorage.js": {"path":"/home/tayna/Trybe/Projetos Trybe/2.Front-end/sd-021-a-project-recipes-app/src/services/userLocalStorage.js","statementMap":{"0":{"start":{"line":1,"column":35},"end":{"line":7,"column":1}},"1":{"start":{"line":2,"column":2},"end":{"line":4,"column":3}},"2":{"start":{"line":3,"column":4},"end":{"line":3,"column":64}},"3":{"start":{"line":6,"column":2},"end":{"line":6,"column":50}},"4":{"start":{"line":9,"column":35},"end":{"line":13,"column":1}},"5":{"start":{"line":10,"column":2},"end":{"line":10,"column":58}},"6":{"start":{"line":11,"column":2},"end":{"line":11,"column":40}},"7":{"start":{"line":12,"column":2},"end":{"line":12,"column":44}},"8":{"start":{"line":15,"column":33},"end":{"line":17,"column":1}},"9":{"start":{"line":16,"column":2},"end":{"line":16,"column":23}}},"fnMap":{"0":{"name":"(anonymous_0)","decl":{"start":{"line":1,"column":35},"end":{"line":1,"column":36}},"loc":{"start":{"line":1,"column":41},"end":{"line":7,"column":1}},"line":1},"1":{"name":"(anonymous_1)","decl":{"start":{"line":9,"column":35},"end":{"line":9,"column":36}},"loc":{"start":{"line":9,"column":46},"end":{"line":13,"column":1}},"line":9},"2":{"name":"(anonymous_2)","decl":{"start":{"line":15,"column":33},"end":{"line":15,"column":34}},"loc":{"start":{"line":15,"column":39},"end":{"line":17,"column":1}},"line":15}},"branchMap":{"0":{"loc":{"start":{"line":2,"column":2},"end":{"line":4,"column":3}},"type":"if","locations":[{"start":{"line":2,"column":2},"end":{"line":4,"column":3}},{"start":{},"end":{}}],"line":2}},"s":{"0":11,"1":5,"2":1,"3":5,"4":11,"5":11,"6":11,"7":11,"8":11,"9":1},"f":{"0":5,"1":11,"2":1},"b":{"0":[1,4]},"_coverageSchema":"1a1c01bbd47fc00a2c39e90264f33305004495a9","hash":"d48f6bb6046ee4f45fa5d6970514c42d637b6919"}
,"/home/tayna/Trybe/Projetos Trybe/2.Front-end/sd-021-a-project-recipes-app/src/test/renderWithRouter.jsx": {"path":"/home/tayna/Trybe/Projetos Trybe/2.Front-end/sd-021-a-project-recipes-app/src/test/renderWithRouter.jsx","statementMap":{"0":{"start":{"line":6,"column":25},"end":{"line":11,"column":1}},"1":{"start":{"line":7,"column":18},"end":{"line":7,"column":39}},"2":{"start":{"line":8,"column":2},"end":{"line":10,"column":5}}},"fnMap":{"0":{"name":"(anonymous_0)","decl":{"start":{"line":6,"column":25},"end":{"line":6,"column":26}},"loc":{"start":{"line":6,"column":40},"end":{"line":11,"column":1}},"line":6}},"branchMap":{},"s":{"0":11,"1":50,"2":50},"f":{"0":50},"b":{},"_coverageSchema":"1a1c01bbd47fc00a2c39e90264f33305004495a9","hash":"c08f447e41786ecb2c83121d39e0dce181fd146f"}
}
