TN:
SF:src/App.js
FN:17,App
FNF:1
FNH:1
FNDA:53,App
DA:18,53
LF:1
LH:1
BRF:0
BRH:0
end_of_record
TN:
SF:src/components/CardRecipe.js
FN:5,CardRecipe
FN:9,(anonymous_1)
FNF:2
FNH:2
FNDA:509,CardRecipe
FNDA:509,(anonymous_1)
DA:6,509
DA:7,509
DA:9,509
DA:10,509
DA:11,126
DA:12,36
DA:14,90
DA:16,383
DA:17,276
DA:19,107
DA:22,509
DA:50,11
LF:12
LH:12
BRDA:10,0,0,126
BRDA:10,0,1,383
BRDA:11,1,0,36
BRDA:11,1,1,90
BRDA:16,2,0,276
BRDA:16,2,1,107
BRDA:26,3,0,126
BRDA:26,3,1,383
BRDA:31,4,0,126
BRDA:31,4,1,383
BRDA:38,5,0,126
BRDA:38,5,1,383
BRF:12
BRH:12
end_of_record
TN:
SF:src/components/CardRecipeDone.js
FN:15,CardRecipeDone
FN:25,(anonymous_1)
FN:27,(anonymous_2)
FN:68,(anonymous_3)
FNF:4
FNH:0
FNDA:0,CardRecipeDone
FNDA:0,(anonymous_1)
FNDA:0,(anonymous_2)
FNDA:0,(anonymous_3)
DA:25,0
DA:26,0
DA:27,0
DA:28,0
DA:31,0
DA:69,0
DA:76,0
LF:7
LH:0
BRF:0
BRH:0
end_of_record
TN:
SF:src/components/CardRecipeFavorite.js
FN:16,CardRecipeFavorite
FN:24,(anonymous_1)
FN:26,(anonymous_2)
FNF:3
FNH:0
FNDA:0,CardRecipeFavorite
FNDA:0,(anonymous_1)
FNDA:0,(anonymous_2)
DA:24,0
DA:25,0
DA:26,0
DA:27,0
DA:30,0
DA:74,0
LF:6
LH:0
BRF:0
BRH:0
end_of_record
TN:
SF:src/components/CategoriesOptions.js
FN:5,CategoriesOptions
FN:18,(anonymous_1)
FN:25,(anonymous_2)
FN:37,(anonymous_3)
FN:45,(anonymous_4)
FN:50,(anonymous_5)
FNF:6
FNH:6
FNDA:78,CategoriesOptions
FNDA:78,(anonymous_1)
FNDA:7,(anonymous_2)
FNDA:1,(anonymous_3)
FNDA:100,(anonymous_4)
FNDA:7,(anonymous_5)
DA:12,78
DA:14,78
DA:16,78
DA:18,78
DA:19,78
DA:20,52
DA:22,26
DA:25,78
DA:26,7
DA:27,6
DA:29,1
DA:30,1
DA:37,78
DA:38,1
DA:41,78
DA:46,100
DA:50,7
LF:17
LH:17
BRDA:19,0,0,52
BRDA:19,0,1,26
BRDA:26,1,0,6
BRDA:26,1,1,1
BRF:4
BRH:4
end_of_record
TN:
SF:src/components/Footer.js
FN:8,Footer
FN:13,(anonymous_1)
FN:23,(anonymous_2)
FN:29,(anonymous_3)
FNF:4
FNH:4
FNDA:84,Footer
FNDA:6,(anonymous_1)
FNDA:5,(anonymous_2)
FNDA:1,(anonymous_3)
DA:9,84
DA:11,84
DA:13,84
DA:14,6
DA:15,6
DA:16,6
DA:19,84
DA:23,5
DA:29,1
LF:9
LH:9
BRF:0
BRH:0
end_of_record
TN:
SF:src/components/Header.js
FN:9,Header
FN:13,(anonymous_1)
FN:26,(anonymous_2)
FNF:3
FNH:3
FNDA:95,Header
FNDA:15,(anonymous_1)
FNDA:1,(anonymous_2)
DA:10,95
DA:11,95
DA:13,95
DA:14,15
DA:15,1
DA:17,14
DA:21,95
DA:26,1
DA:55,11
LF:9
LH:9
BRDA:14,0,0,1
BRDA:14,0,1,14
BRDA:36,1,0,95
BRDA:36,1,1,47
BRDA:50,2,0,95
BRDA:50,2,1,14
BRF:6
BRH:6
end_of_record
TN:
SF:src/components/IngredientsList.js
FN:4,IngredientsList
FN:13,(anonymous_1)
FN:17,(anonymous_2)
FN:23,(anonymous_3)
FN:33,(anonymous_4)
FN:40,(anonymous_5)
FN:45,(anonymous_6)
FN:57,(anonymous_7)
FN:58,(anonymous_8)
FN:66,(anonymous_9)
FN:78,(anonymous_10)
FN:79,(anonymous_11)
FN:104,(anonymous_12)
FNF:13
FNH:11
FNDA:93,IngredientsList
FNDA:34,(anonymous_1)
FNDA:624,(anonymous_2)
FNDA:624,(anonymous_3)
FNDA:180,(anonymous_4)
FNDA:12,(anonymous_5)
FNDA:0,(anonymous_6)
FNDA:475,(anonymous_7)
FNDA:180,(anonymous_8)
FNDA:12,(anonymous_9)
FNDA:110,(anonymous_10)
FNDA:31,(anonymous_11)
FNDA:0,(anonymous_12)
DA:10,93
DA:11,93
DA:13,93
DA:14,34
DA:15,34
DA:17,34
DA:18,624
DA:19,414
DA:23,34
DA:24,624
DA:25,414
DA:29,34
DA:30,34
DA:33,93
DA:34,180
DA:35,114
DA:37,66
DA:40,93
DA:41,12
DA:42,12
DA:44,0
DA:45,0
DA:47,0
DA:51,93
DA:57,475
DA:59,180
DA:66,12
DA:78,110
DA:80,31
DA:95,11
DA:102,11
LF:31
LH:28
BRDA:18,0,0,414
BRDA:18,0,1,210
BRDA:24,1,0,414
BRDA:24,1,1,210
BRDA:34,2,0,114
BRDA:34,2,1,66
BRDA:41,3,0,12
BRDA:41,3,1,0
BRDA:54,4,0,60
BRDA:54,4,1,33
BRDA:57,5,0,475
BRDA:57,5,1,180
BRDA:68,6,0,162
BRDA:68,6,1,18
BRDA:68,7,0,180
BRDA:68,7,1,162
BRDA:78,8,0,110
BRDA:78,8,1,31
BRDA:84,9,0,19
BRDA:84,9,1,12
BRDA:84,10,0,31
BRDA:84,10,1,19
BRF:22
BRH:21
end_of_record
TN:
SF:src/components/RecipeDetails.js
FN:18,RecipeDetails
FN:30,(anonymous_1)
FN:31,(anonymous_2)
FN:44,(anonymous_3)
FN:46,(anonymous_4)
FN:53,(anonymous_5)
FN:56,(anonymous_6)
FN:66,(anonymous_7)
FN:74,(anonymous_8)
FN:82,(anonymous_9)
FN:91,(anonymous_10)
FN:99,(anonymous_11)
FN:102,(anonymous_12)
FN:117,(anonymous_13)
FN:122,(anonymous_14)
FNF:15
FNH:14
FNDA:25,RecipeDetails
FNDA:10,(anonymous_1)
FNDA:10,(anonymous_2)
FNDA:10,(anonymous_3)
FNDA:0,(anonymous_4)
FNDA:10,(anonymous_5)
FNDA:1,(anonymous_6)
FNDA:1,(anonymous_7)
FNDA:3,(anonymous_8)
FNDA:7,(anonymous_9)
FNDA:2,(anonymous_10)
FNDA:3,(anonymous_11)
FNDA:1,(anonymous_12)
FNDA:1,(anonymous_13)
FNDA:2,(anonymous_14)
DA:19,25
DA:20,23
DA:21,23
DA:22,23
DA:23,23
DA:25,23
DA:26,23
DA:28,23
DA:30,23
DA:31,10
DA:32,10
DA:33,4
DA:34,4
DA:36,6
DA:37,3
DA:41,10
DA:44,23
DA:45,10
DA:46,10
DA:48,10
DA:49,0
DA:53,23
DA:54,10
DA:56,10
DA:57,10
DA:58,1
DA:61,10
DA:63,10
DA:64,4
DA:65,4
DA:66,1
DA:68,4
DA:69,1
DA:72,6
DA:73,6
DA:74,3
DA:76,6
DA:77,3
DA:82,23
DA:83,7
DA:84,1
DA:85,1
DA:87,1
DA:91,23
DA:92,2
DA:93,1
DA:95,1
DA:99,23
DA:100,3
DA:102,3
DA:103,3
DA:104,2
DA:105,2
DA:114,2
DA:116,1
DA:117,1
DA:118,1
DA:122,23
DA:123,2
DA:124,1
DA:126,1
DA:128,2
DA:131,23
LF:63
LH:62
BRDA:32,0,0,4
BRDA:32,0,1,6
BRDA:48,1,0,0
BRDA:48,1,1,10
BRDA:57,2,0,1
BRDA:57,2,1,9
BRDA:63,3,0,4
BRDA:63,3,1,6
BRDA:68,4,0,1
BRDA:68,4,1,3
BRDA:76,5,0,3
BRDA:76,5,1,3
BRDA:83,6,0,1
BRDA:83,6,1,6
BRDA:92,7,0,1
BRDA:92,7,1,1
BRDA:103,8,0,2
BRDA:103,8,1,1
BRDA:106,9,0,2
BRDA:106,9,1,2
BRDA:107,10,0,0
BRDA:107,10,1,2
BRDA:108,11,0,2
BRDA:108,11,1,2
BRDA:109,12,0,2
BRDA:109,12,1,0
BRDA:110,13,0,2
BRDA:110,13,1,0
BRDA:111,14,0,2
BRDA:111,14,1,2
BRDA:112,15,0,2
BRDA:112,15,1,2
BRDA:123,16,0,1
BRDA:123,16,1,1
BRDA:135,17,0,23
BRDA:135,17,1,22
BRDA:138,18,0,23
BRDA:138,18,1,22
BRDA:143,19,0,4
BRDA:143,19,1,19
BRDA:157,20,0,23
BRDA:157,20,1,2
BRDA:159,21,0,7
BRDA:159,21,1,16
BRDA:164,22,0,23
BRDA:164,22,1,7
BRDA:177,23,0,23
BRDA:177,23,1,23
BRDA:184,24,0,9
BRDA:184,24,1,14
BRF:50
BRH:46
end_of_record
TN:
SF:src/components/RecipeInProgress.js
FN:18,RecipeInProgress
FN:30,(anonymous_1)
FN:31,(anonymous_2)
FN:44,(anonymous_3)
FN:56,(anonymous_4)
FN:59,(anonymous_5)
FN:65,(anonymous_6)
FN:74,(anonymous_7)
FN:81,(anonymous_8)
FN:94,(anonymous_9)
FN:97,(anonymous_10)
FN:112,(anonymous_11)
FN:117,(anonymous_12)
FN:126,(anonymous_13)
FNF:14
FNH:14
FNDA:57,RecipeInProgress
FNDA:12,(anonymous_1)
FNDA:12,(anonymous_2)
FNDA:12,(anonymous_3)
FNDA:12,(anonymous_4)
FNDA:1,(anonymous_5)
FNDA:26,(anonymous_6)
FNDA:630,(anonymous_7)
FNDA:225,(anonymous_8)
FNDA:4,(anonymous_9)
FNDA:2,(anonymous_10)
FNDA:2,(anonymous_11)
FNDA:2,(anonymous_12)
FNDA:2,(anonymous_13)
DA:19,57
DA:20,55
DA:21,55
DA:22,55
DA:23,55
DA:25,55
DA:26,55
DA:28,55
DA:30,55
DA:31,12
DA:32,12
DA:33,7
DA:34,7
DA:36,5
DA:37,4
DA:41,12
DA:44,55
DA:45,12
DA:47,12
DA:48,1
DA:51,12
DA:52,1
DA:56,55
DA:57,12
DA:59,12
DA:60,12
DA:61,1
DA:65,55
DA:66,26
DA:67,17
DA:69,9
DA:72,26
DA:74,26
DA:75,630
DA:76,405
DA:80,26
DA:81,225
DA:84,26
DA:88,2
DA:90,24
DA:94,55
DA:95,4
DA:97,4
DA:98,4
DA:99,2
DA:100,2
DA:109,2
DA:111,2
DA:112,2
DA:113,2
DA:117,55
DA:118,2
DA:119,1
DA:121,1
DA:123,2
DA:126,55
DA:127,2
DA:141,2
DA:143,2
DA:146,55
LF:60
LH:60
BRDA:32,0,0,7
BRDA:32,0,1,5
BRDA:47,1,0,1
BRDA:47,1,1,11
BRDA:47,2,0,12
BRDA:47,2,1,7
BRDA:51,3,0,1
BRDA:51,3,1,11
BRDA:51,4,0,12
BRDA:51,4,1,5
BRDA:60,5,0,1
BRDA:60,5,1,11
BRDA:66,6,0,17
BRDA:66,6,1,9
BRDA:75,7,0,405
BRDA:75,7,1,225
BRDA:81,8,0,225
BRDA:81,8,1,90
BRDA:84,9,0,2
BRDA:84,9,1,24
BRDA:85,10,0,26
BRDA:85,10,1,12
BRDA:98,11,0,2
BRDA:98,11,1,2
BRDA:101,12,0,2
BRDA:101,12,1,1
BRDA:102,13,0,1
BRDA:102,13,1,1
BRDA:103,14,0,2
BRDA:103,14,1,1
BRDA:104,15,0,2
BRDA:104,15,1,0
BRDA:105,16,0,2
BRDA:105,16,1,1
BRDA:106,17,0,2
BRDA:106,17,1,1
BRDA:107,18,0,2
BRDA:107,18,1,1
BRDA:118,19,0,1
BRDA:118,19,1,1
BRDA:128,20,0,2
BRDA:128,20,1,1
BRDA:129,21,0,1
BRDA:129,21,1,1
BRDA:130,22,0,2
BRDA:130,22,1,1
BRDA:131,23,0,2
BRDA:131,23,1,0
BRDA:132,24,0,2
BRDA:132,24,1,1
BRDA:133,25,0,2
BRDA:133,25,1,1
BRDA:134,26,0,2
BRDA:134,26,1,1
BRDA:137,27,0,1
BRDA:137,27,1,1
BRDA:137,28,0,2
BRDA:137,28,1,1
BRDA:150,29,0,55
BRDA:150,29,1,30
BRDA:153,30,0,55
BRDA:153,30,1,30
BRDA:158,31,0,4
BRDA:158,31,1,51
BRDA:172,32,0,55
BRDA:172,32,1,2
BRDA:174,33,0,36
BRDA:174,33,1,19
BRF:68
BRH:66
end_of_record
TN:
SF:src/components/Recipes.js
FN:7,Recipes
FN:15,(anonymous_1)
FN:33,(anonymous_2)
FNF:3
FNH:3
FNDA:78,Recipes
FNDA:78,(anonymous_1)
FNDA:383,(anonymous_2)
DA:8,78
DA:10,78
DA:11,78
DA:13,78
DA:15,78
DA:16,78
DA:17,0
DA:19,78
DA:20,2
DA:22,76
DA:23,51
DA:25,25
DA:28,78
DA:34,383
LF:14
LH:13
BRDA:16,0,0,0
BRDA:16,0,1,78
BRDA:19,1,0,2
BRDA:19,1,1,76
BRDA:19,2,0,78
BRDA:19,2,1,77
BRDA:22,3,0,51
BRDA:22,3,1,25
BRDA:34,4,0,383
BRDA:34,4,1,107
BRDA:36,5,0,383
BRDA:36,5,1,107
BRDA:37,6,0,383
BRDA:37,6,1,107
BRDA:39,7,0,383
BRDA:39,7,1,107
BRF:16
BRH:15
end_of_record
TN:
SF:src/components/Recommended.js
FN:7,Recommended
FN:22,(anonymous_1)
FN:34,(anonymous_2)
FNF:3
FNH:3
FNDA:23,Recommended
FNDA:36,(anonymous_1)
FNDA:90,(anonymous_2)
DA:8,23
DA:10,23
DA:11,23
DA:13,23
DA:15,23
DA:23,36
DA:35,90
LF:7
LH:7
BRDA:19,0,0,7
BRDA:19,0,1,16
BRF:2
BRH:2
end_of_record
TN:
SF:src/components/SavedRecipesFilters.js
FN:4,SavedRecipesFilters
FNF:1
FNH:0
FNDA:0,SavedRecipesFilters
DA:5,0
LF:1
LH:0
BRF:0
BRH:0
end_of_record
TN:
SF:src/components/SearchBar.js
FN:4,SearchBar
FN:10,(anonymous_1)
FN:31,(anonymous_2)
FN:42,(anonymous_3)
FN:53,(anonymous_4)
FN:64,(anonymous_5)
FNF:6
FNH:6
FNDA:112,SearchBar
FNDA:13,(anonymous_1)
FNDA:69,(anonymous_2)
FNDA:1,(anonymous_3)
FNDA:8,(anonymous_4)
FNDA:4,(anonymous_5)
DA:5,112
DA:6,112
DA:8,112
DA:10,112
DA:11,13
DA:12,2
DA:14,11
DA:18,11
DA:19,11
DA:23,112
DA:31,69
DA:42,1
DA:53,8
DA:64,4
LF:14
LH:14
BRDA:11,0,0,2
BRDA:11,0,1,11
BRDA:11,1,0,13
BRDA:11,1,1,4
BRF:4
BRH:4
end_of_record
TN:
SF:src/context/RecipesContext.js
FNF:0
FNH:0
DA:3,11
LF:1
LH:1
BRF:0
BRH:0
end_of_record
TN:
SF:src/context/RecipesProvider.js
FN:18,RecipesProvider
FN:35,(anonymous_1)
FN:38,(anonymous_2)
FN:54,(anonymous_3)
FN:55,(anonymous_4)
FN:67,(anonymous_5)
FN:73,(anonymous_6)
FN:74,(anonymous_7)
FN:86,(anonymous_8)
FN:90,(anonymous_9)
FN:99,(anonymous_10)
FN:103,(anonymous_11)
FNF:12
FNH:12
FNDA:152,RecipesProvider
FNDA:62,(anonymous_1)
FNDA:62,(anonymous_2)
FNDA:112,(anonymous_3)
FNDA:112,(anonymous_4)
FNDA:112,(anonymous_5)
FNDA:50,(anonymous_6)
FNDA:50,(anonymous_7)
FNDA:50,(anonymous_8)
FNDA:50,(anonymous_9)
FNDA:58,(anonymous_10)
FNDA:58,(anonymous_11)
DA:19,152
DA:23,152
DA:24,152
DA:25,152
DA:26,152
DA:27,152
DA:28,152
DA:29,152
DA:30,152
DA:31,152
DA:33,152
DA:35,152
DA:36,62
DA:38,62
DA:39,62
DA:40,62
DA:41,6
DA:42,3
DA:43,56
DA:44,5
DA:45,2
DA:47,51
DA:51,62
DA:54,152
DA:55,112
DA:56,112
DA:57,112
DA:58,1
DA:59,111
DA:60,1
DA:64,112
DA:67,152
DA:68,112
DA:69,1
DA:73,152
DA:74,50
DA:75,50
DA:76,18
DA:77,17
DA:78,16
DA:80,15
DA:81,15
DA:82,15
DA:83,15
DA:86,50
DA:87,50
DA:90,50
DA:91,50
DA:94,50
DA:95,50
DA:96,50
DA:99,152
DA:100,58
DA:101,58
DA:103,58
DA:104,58
DA:105,6
DA:106,0
DA:109,52
DA:110,0
DA:111,0
DA:114,52
DA:117,58
DA:120,152
DA:136,152
DA:143,11
LF:66
LH:63
BRDA:40,0,0,6
BRDA:40,0,1,56
BRDA:40,1,0,62
BRDA:40,1,1,7
BRDA:43,2,0,5
BRDA:43,2,1,51
BRDA:43,3,0,56
BRDA:43,3,1,55
BRDA:57,4,0,1
BRDA:57,4,1,111
BRDA:57,5,0,112
BRDA:57,5,1,111
BRDA:57,5,2,2
BRDA:59,6,0,1
BRDA:59,6,1,110
BRDA:59,7,0,111
BRDA:59,7,1,107
BRDA:59,7,2,107
BRDA:68,8,0,1
BRDA:68,8,1,111
BRDA:104,9,0,6
BRDA:104,9,1,52
BRDA:104,10,0,58
BRDA:104,10,1,8
BRDA:109,11,0,0
BRDA:109,11,1,52
BRDA:109,12,0,52
BRDA:109,12,1,50
BRF:28
BRH:27
end_of_record
TN:
SF:src/data/fetchDrinks.js
FN:5,(anonymous_0)
FN:16,(anonymous_1)
FN:20,(anonymous_2)
FN:21,(anonymous_3)
FN:22,(anonymous_4)
FN:27,(anonymous_5)
FN:29,(anonymous_6)
FN:30,(anonymous_7)
FN:31,(anonymous_8)
FN:36,(anonymous_9)
FN:38,(anonymous_10)
FN:39,(anonymous_11)
FN:40,(anonymous_12)
FN:45,(anonymous_13)
FN:47,(anonymous_14)
FN:48,(anonymous_15)
FN:49,(anonymous_16)
FNF:17
FNH:10
FNDA:23,(anonymous_0)
FNDA:23,(anonymous_1)
FNDA:19,(anonymous_2)
FNDA:19,(anonymous_3)
FNDA:0,(anonymous_4)
FNDA:16,(anonymous_5)
FNDA:15,(anonymous_6)
FNDA:15,(anonymous_7)
FNDA:0,(anonymous_8)
FNDA:0,(anonymous_9)
FNDA:0,(anonymous_10)
FNDA:0,(anonymous_11)
FNDA:0,(anonymous_12)
FNDA:11,(anonymous_13)
FNDA:7,(anonymous_14)
FNDA:7,(anonymous_15)
FNDA:0,(anonymous_16)
DA:1,11
DA:2,11
DA:3,11
DA:5,11
DA:6,23
DA:8,1
DA:10,1
DA:12,21
DA:16,11
DA:17,23
DA:20,19
DA:21,19
DA:22,0
DA:24,23
DA:27,11
DA:28,16
DA:29,15
DA:30,15
DA:31,0
DA:33,16
DA:36,11
DA:37,0
DA:38,0
DA:39,0
DA:40,0
DA:42,0
DA:45,11
DA:46,11
DA:47,7
DA:48,7
DA:49,0
DA:51,11
LF:32
LH:24
BRDA:6,0,0,1
BRDA:6,0,1,1
BRDA:6,0,2,21
BRDA:16,1,0,18
BRDA:16,2,0,18
BRF:5
BRH:5
end_of_record
TN:
SF:src/data/fetchFoods.js
FN:5,(anonymous_0)
FN:16,(anonymous_1)
FN:20,(anonymous_2)
FN:21,(anonymous_3)
FN:22,(anonymous_4)
FN:27,(anonymous_5)
FN:29,(anonymous_6)
FN:30,(anonymous_7)
FN:31,(anonymous_8)
FN:36,(anonymous_9)
FN:38,(anonymous_10)
FN:39,(anonymous_11)
FN:40,(anonymous_12)
FN:45,(anonymous_13)
FN:47,(anonymous_14)
FN:48,(anonymous_15)
FN:49,(anonymous_16)
FNF:17
FNH:11
FNDA:56,(anonymous_0)
FNDA:56,(anonymous_1)
FNDA:21,(anonymous_2)
FNDA:21,(anonymous_3)
FNDA:0,(anonymous_4)
FNDA:17,(anonymous_5)
FNDA:16,(anonymous_6)
FNDA:16,(anonymous_7)
FNDA:0,(anonymous_8)
FNDA:6,(anonymous_9)
FNDA:0,(anonymous_10)
FNDA:0,(anonymous_11)
FNDA:0,(anonymous_12)
FNDA:11,(anonymous_13)
FNDA:11,(anonymous_14)
FNDA:11,(anonymous_15)
FNDA:0,(anonymous_16)
DA:1,11
DA:2,11
DA:3,11
DA:5,11
DA:6,56
DA:8,1
DA:10,1
DA:12,54
DA:16,11
DA:17,56
DA:20,21
DA:21,21
DA:22,0
DA:24,56
DA:27,11
DA:28,17
DA:29,16
DA:30,16
DA:31,0
DA:33,17
DA:36,11
DA:37,6
DA:38,0
DA:39,0
DA:40,0
DA:42,6
DA:45,11
DA:46,11
DA:47,11
DA:48,11
DA:49,0
DA:51,11
LF:32
LH:26
BRDA:6,0,0,1
BRDA:6,0,1,1
BRDA:6,0,2,54
BRDA:16,1,0,50
BRDA:16,2,0,50
BRF:5
BRH:5
end_of_record
TN:
SF:src/data/index.js
FNF:0
FNH:0
LF:0
LH:0
BRF:0
BRH:0
end_of_record
TN:
SF:src/helpers/mockar.js
FNF:0
FNH:0
DA:1,1
LF:1
LH:1
BRF:0
BRH:0
end_of_record
TN:
SF:src/pages/DoneRecipes.js
FN:9,DoneRecipes
FN:15,(anonymous_1)
FN:20,(anonymous_2)
FN:23,(anonymous_3)
FN:29,(anonymous_4)
FN:36,(anonymous_5)
FN:45,(anonymous_6)
FN:59,(anonymous_7)
FN:67,(anonymous_8)
FN:75,(anonymous_9)
FN:79,(anonymous_10)
FN:81,(anonymous_11)
FN:97,(anonymous_12)
FN:106,(anonymous_13)
FNF:14
FNH:14
FNDA:23,DoneRecipes
FNDA:8,(anonymous_1)
FNDA:17,(anonymous_2)
FNDA:4,(anonymous_3)
FNDA:14,(anonymous_4)
FNDA:2,(anonymous_5)
FNDA:23,(anonymous_6)
FNDA:2,(anonymous_7)
FNDA:1,(anonymous_8)
FNDA:1,(anonymous_9)
FNDA:20,(anonymous_10)
FNDA:14,(anonymous_11)
FNDA:2,(anonymous_12)
FNDA:21,(anonymous_13)
DA:10,23
DA:11,23
DA:12,23
DA:13,23
DA:15,23
DA:16,8
DA:17,8
DA:20,23
DA:21,17
DA:22,2
DA:23,4
DA:25,2
DA:29,23
DA:30,14
DA:31,7
DA:33,7
DA:36,23
DA:37,2
DA:38,1
DA:40,1
DA:42,2
DA:45,23
DA:46,23
DA:47,19
DA:49,4
DA:52,23
DA:59,2
DA:67,1
DA:75,1
DA:80,20
DA:81,14
DA:97,2
DA:107,21
LF:33
LH:33
BRDA:21,0,0,2
BRDA:21,0,1,15
BRDA:30,1,0,7
BRDA:30,1,1,7
BRDA:37,2,0,1
BRDA:37,2,1,1
BRDA:46,3,0,19
BRDA:46,3,1,4
BRDA:90,4,0,10
BRDA:90,4,1,10
BRDA:104,5,0,20
BRDA:104,5,1,4
BRDA:105,6,0,20
BRDA:105,6,1,10
BRF:14
BRH:14
end_of_record
TN:
SF:src/pages/DrinkRecipe.js
FN:4,DrinkRecipe
FNF:1
FNH:1
FNDA:6,DrinkRecipe
DA:5,6
LF:1
LH:1
BRF:0
BRH:0
end_of_record
TN:
SF:src/pages/DrinkRecipeInProgress.js
FN:4,DrinkRecipeInProgress
FNF:1
FNH:1
FNDA:5,DrinkRecipeInProgress
DA:5,5
LF:1
LH:1
BRF:0
BRH:0
end_of_record
TN:
SF:src/pages/Drinks.js
FN:6,Drinks
FNF:1
FNH:1
FNDA:11,Drinks
DA:7,11
LF:1
LH:1
BRF:0
BRH:0
end_of_record
TN:
SF:src/pages/FavoriteRecipes.js
FN:13,FavoriteRecipes
FN:20,(anonymous_1)
FN:25,(anonymous_2)
FN:28,(anonymous_3)
FN:34,(anonymous_4)
FN:41,(anonymous_5)
FN:50,(anonymous_6)
FN:57,(anonymous_7)
FN:58,(anonymous_8)
FN:75,(anonymous_9)
FN:83,(anonymous_10)
FN:91,(anonymous_11)
FN:95,(anonymous_12)
FN:97,(anonymous_13)
FN:110,(anonymous_14)
FN:111,(anonymous_15)
FN:125,(anonymous_16)
FNF:17
FNH:17
FNDA:26,FavoriteRecipes
FNDA:9,(anonymous_1)
FNDA:9,(anonymous_2)
FNDA:4,(anonymous_3)
FNDA:18,(anonymous_4)
FNDA:2,(anonymous_5)
FNDA:26,(anonymous_6)
FNDA:2,(anonymous_7)
FNDA:3,(anonymous_8)
FNDA:3,(anonymous_9)
FNDA:1,(anonymous_10)
FNDA:1,(anonymous_11)
FNDA:26,(anonymous_12)
FNDA:18,(anonymous_13)
FNDA:2,(anonymous_14)
FNDA:38,(anonymous_15)
FNDA:2,(anonymous_16)
DA:14,26
DA:15,26
DA:16,26
DA:17,26
DA:18,26
DA:20,26
DA:21,9
DA:22,9
DA:25,26
DA:26,9
DA:27,2
DA:28,4
DA:30,2
DA:34,26
DA:35,18
DA:36,8
DA:38,10
DA:41,26
DA:42,2
DA:43,1
DA:45,1
DA:47,2
DA:50,26
DA:51,26
DA:52,22
DA:54,4
DA:57,26
DA:58,3
DA:59,2
DA:61,2
DA:62,1
DA:64,1
DA:68,26
DA:75,3
DA:83,1
DA:91,1
DA:96,26
DA:97,18
DA:110,2
DA:111,38
DA:125,2
LF:41
LH:41
BRDA:26,0,0,2
BRDA:26,0,1,7
BRDA:35,1,0,8
BRDA:35,1,1,10
BRDA:42,2,0,1
BRDA:42,2,1,1
BRDA:51,3,0,22
BRDA:51,3,1,4
BRDA:61,4,0,1
BRDA:61,4,1,1
BRDA:106,5,0,12
BRDA:106,5,1,14
BRDA:111,6,0,26
BRDA:111,6,1,0
BRDA:132,7,0,26
BRDA:132,7,1,4
BRF:16
BRH:15
end_of_record
TN:
SF:src/pages/FoodRecipe.js
FN:4,FoodRecipe
FNF:1
FNH:1
FNDA:6,FoodRecipe
DA:5,6
LF:1
LH:1
BRF:0
BRH:0
end_of_record
TN:
SF:src/pages/FoodRecipeInProgress.js
FN:4,FoodRecipeInProgress
FNF:1
FNH:1
FNDA:9,FoodRecipeInProgress
DA:5,9
LF:1
LH:1
BRF:0
BRH:0
end_of_record
TN:
SF:src/pages/Foods.js
FN:6,Foods
FNF:1
FNH:1
FNDA:21,Foods
DA:7,21
LF:1
LH:1
BRF:0
BRH:0
end_of_record
TN:
SF:src/pages/Login.js
FN:6,Login
FN:11,(anonymous_1)
FN:12,(anonymous_2)
FN:25,(anonymous_3)
FN:48,(anonymous_4)
FN:60,(anonymous_5)
FNF:6
FNH:6
FNDA:589,Login
FNDA:320,(anonymous_1)
FNDA:320,(anonymous_2)
FNDA:11,(anonymous_3)
FNDA:187,(anonymous_4)
FNDA:82,(anonymous_5)
DA:7,589
DA:8,589
DA:9,589
DA:11,589
DA:12,320
DA:13,320
DA:14,320
DA:16,320
DA:17,16
DA:19,304
DA:22,320
DA:25,589
DA:26,11
DA:27,11
DA:28,11
DA:31,589
DA:48,187
DA:60,82
DA:76,11
LF:19
LH:19
BRDA:16,0,0,16
BRDA:16,0,1,304
BRDA:16,1,0,320
BRDA:16,1,1,16
BRF:4
BRH:4
end_of_record
TN:
SF:src/pages/Profile.js
FN:10,Profile
FN:15,(anonymous_1)
FN:19,(anonymous_2)
FN:34,(anonymous_3)
FN:41,(anonymous_4)
FN:48,(anonymous_5)
FNF:6
FNH:6
FNDA:6,Profile
FNDA:5,(anonymous_1)
FNDA:3,(anonymous_2)
FNDA:1,(anonymous_3)
FNDA:1,(anonymous_4)
FNDA:1,(anonymous_5)
DA:11,6
DA:13,6
DA:15,6
DA:16,5
DA:19,6
DA:20,3
DA:21,1
DA:24,3
DA:27,6
DA:34,1
DA:41,1
DA:48,1
LF:12
LH:12
BRDA:20,0,0,1
BRDA:20,0,1,2
BRF:2
BRH:2
end_of_record
TN:
SF:src/services/recipesLocalStorage.js
FN:1,(anonymous_0)
FN:9,(anonymous_1)
FN:19,(anonymous_2)
FN:33,(anonymous_3)
FN:95,(anonymous_4)
FN:102,(anonymous_5)
FNF:6
FNH:6
FNDA:68,(anonymous_0)
FNDA:2,(anonymous_1)
FNDA:48,(anonymous_2)
FNDA:26,(anonymous_3)
FNDA:88,(anonymous_4)
FNDA:4,(anonymous_5)
DA:1,11
DA:2,68
DA:3,15
DA:6,68
DA:9,11
DA:10,2
DA:11,0
DA:13,2
DA:14,2
DA:15,2
DA:19,11
DA:20,48
DA:21,3
DA:30,48
DA:33,11
DA:34,26
DA:36,26
DA:40,26
DA:95,11
DA:96,88
DA:97,14
DA:99,88
DA:102,11
DA:103,4
DA:104,0
DA:106,4
DA:107,4
DA:108,4
LF:28
LH:26
BRDA:2,0,0,15
BRDA:2,0,1,53
BRDA:10,1,0,0
BRDA:10,1,1,2
BRDA:20,2,0,3
BRDA:20,2,1,45
BRDA:96,3,0,14
BRDA:96,3,1,74
BRDA:103,4,0,0
BRDA:103,4,1,4
BRF:10
BRH:8
end_of_record
TN:
SF:src/services/userLocalStorage.js
FN:1,(anonymous_0)
FN:9,(anonymous_1)
FN:15,(anonymous_2)
FNF:3
FNH:3
FNDA:5,(anonymous_0)
FNDA:11,(anonymous_1)
FNDA:1,(anonymous_2)
DA:1,11
DA:2,5
DA:3,1
DA:6,5
DA:9,11
DA:10,11
DA:11,11
DA:12,11
DA:15,11
DA:16,1
LF:10
LH:10
BRDA:2,0,0,1
BRDA:2,0,1,4
BRF:2
BRH:2
end_of_record
TN:
SF:src/test/renderWithRouter.jsx
FN:6,(anonymous_0)
FNF:1
FNH:1
FNDA:50,(anonymous_0)
DA:6,11
DA:7,50
DA:8,50
LF:3
LH:3
BRF:0
BRH:0
end_of_record
